|--- feature_0 <= -0.08
|   |--- feature_20 <= 0.11
|   |   |--- feature_4 <= -0.02
|   |   |   |--- feature_3 <= -0.28
|   |   |   |   |--- feature_36 <= 0.05
|   |   |   |   |   |--- feature_7 <= 0.13
|   |   |   |   |   |   |--- feature_28 <= -0.28
|   |   |   |   |   |   |   |--- class: 1.0
|   |   |   |   |   |   |--- feature_28 >  -0.28
|   |   |   |   |   |   |   |--- class: 0.0
|   |   |   |   |   |--- feature_7 >  0.13
|   |   |   |   |   |   |--- class: 1.0
|   |   |   |   |--- feature_36 >  0.05
|   |   |   |   |   |--- feature_17 <= 0.08
|   |   |   |   |   |   |--- class: 1.0
|   |   |   |   |   |--- feature_17 >  0.08
|   |   |   |   |   |   |--- feature_14 <= -0.16
|   |   |   |   |   |   |   |--- class: 1.0
|   |   |   |   |   |   |--- feature_14 >  -0.16
|   |   |   |   |   |   |   |--- class: 0.0
|   |   |   |--- feature_3 >  -0.28
|   |   |   |   |--- feature_37 <= -0.05
|   |   |   |   |   |--- feature_34 <= -0.13
|   |   |   |   |   |   |--- feature_17 <= -0.10
|   |   |   |   |   |   |   |--- feature_6 <= 0.17
|   |   |   |   |   |   |   |   |--- class: 1.0
|   |   |   |   |   |   |   |--- feature_6 >  0.17
|   |   |   |   |   |   |   |   |--- class: 0.0
|   |   |   |   |   |   |--- feature_17 >  -0.10
|   |   |   |   |   |   |   |--- class: 0.0
|   |   |   |   |   |--- feature_34 >  -0.13
|   |   |   |   |   |   |--- feature_23 <= 0.27
|   |   |   |   |   |   |   |--- feature_0 <= -0.08
|   |   |   |   |   |   |   |   |--- feature_36 <= 0.01
|   |   |   |   |   |   |   |   |   |--- class: 1.0
|   |   |   |   |   |   |   |   |--- feature_36 >  0.01
|   |   |   |   |   |   |   |   |   |--- feature_29 <= 0.25
|   |   |   |   |   |   |   |   |   |   |--- class: 1.0
|   |   |   |   |   |   |   |   |   |--- feature_29 >  0.25
|   |   |   |   |   |   |   |   |   |   |--- feature_27 <= -0.29
|   |   |   |   |   |   |   |   |   |   |   |--- class: 1.0
|   |   |   |   |   |   |   |   |   |   |--- feature_27 >  -0.29
|   |   |   |   |   |   |   |   |   |   |   |--- class: 0.0
|   |   |   |   |   |   |   |--- feature_0 >  -0.08
|   |   |   |   |   |   |   |   |--- class: 0.0
|   |   |   |   |   |   |--- feature_23 >  0.27
|   |   |   |   |   |   |   |--- feature_40 <= -0.09
|   |   |   |   |   |   |   |   |--- class: 1.0
|   |   |   |   |   |   |   |--- feature_40 >  -0.09
|   |   |   |   |   |   |   |   |--- class: 0.0
|   |   |   |   |--- feature_37 >  -0.05
|   |   |   |   |   |--- feature_37 <= -0.04
|   |   |   |   |   |   |--- class: 0.0
|   |   |   |   |   |--- feature_37 >  -0.04
|   |   |   |   |   |   |--- feature_30 <= -0.06
|   |   |   |   |   |   |   |--- feature_13 <= 0.22
|   |   |   |   |   |   |   |   |--- feature_30 <= -0.10
|   |   |   |   |   |   |   |   |   |--- feature_41 <= 0.25
|   |   |   |   |   |   |   |   |   |   |--- class: 1.0
|   |   |   |   |   |   |   |   |   |--- feature_41 >  0.25
|   |   |   |   |   |   |   |   |   |   |--- class: 0.0
|   |   |   |   |   |   |   |   |--- feature_30 >  -0.10
|   |   |   |   |   |   |   |   |   |--- feature_14 <= -0.02
|   |   |   |   |   |   |   |   |   |   |--- feature_31 <= -0.19
|   |   |   |   |   |   |   |   |   |   |   |--- class: 0.0
|   |   |   |   |   |   |   |   |   |   |--- feature_31 >  -0.19
|   |   |   |   |   |   |   |   |   |   |   |--- class: 1.0
|   |   |   |   |   |   |   |   |   |--- feature_14 >  -0.02
|   |   |   |   |   |   |   |   |   |   |--- class: 0.0
|   |   |   |   |   |   |   |--- feature_13 >  0.22
|   |   |   |   |   |   |   |   |--- feature_0 <= -0.09
|   |   |   |   |   |   |   |   |   |--- class: 0.0
|   |   |   |   |   |   |   |   |--- feature_0 >  -0.09
|   |   |   |   |   |   |   |   |   |--- class: 1.0
|   |   |   |   |   |   |--- feature_30 >  -0.06
|   |   |   |   |   |   |   |--- feature_14 <= 0.09
|   |   |   |   |   |   |   |   |--- feature_25 <= -0.01
|   |   |   |   |   |   |   |   |   |--- feature_39 <= -0.03
|   |   |   |   |   |   |   |   |   |   |--- class: 0.0
|   |   |   |   |   |   |   |   |   |--- feature_39 >  -0.03
|   |   |   |   |   |   |   |   |   |   |--- feature_5 <= 0.29
|   |   |   |   |   |   |   |   |   |   |   |--- class: 1.0
|   |   |   |   |   |   |   |   |   |   |--- feature_5 >  0.29
|   |   |   |   |   |   |   |   |   |   |   |--- truncated branch of depth 2
|   |   |   |   |   |   |   |   |--- feature_25 >  -0.01
|   |   |   |   |   |   |   |   |   |--- feature_41 <= 0.31
|   |   |   |   |   |   |   |   |   |   |--- feature_6 <= 0.20
|   |   |   |   |   |   |   |   |   |   |   |--- truncated branch of depth 3
|   |   |   |   |   |   |   |   |   |   |--- feature_6 >  0.20
|   |   |   |   |   |   |   |   |   |   |   |--- class: 0.0
|   |   |   |   |   |   |   |   |   |--- feature_41 >  0.31
|   |   |   |   |   |   |   |   |   |   |--- class: 0.0
|   |   |   |   |   |   |   |--- feature_14 >  0.09
|   |   |   |   |   |   |   |   |--- feature_31 <= 0.06
|   |   |   |   |   |   |   |   |   |--- feature_12 <= -0.15
|   |   |   |   |   |   |   |   |   |   |--- class: 1.0
|   |   |   |   |   |   |   |   |   |--- feature_12 >  -0.15
|   |   |   |   |   |   |   |   |   |   |--- class: 0.0
|   |   |   |   |   |   |   |   |--- feature_31 >  0.06
|   |   |   |   |   |   |   |   |   |--- class: 1.0
|   |   |--- feature_4 >  -0.02
|   |   |   |--- feature_40 <= -0.01
|   |   |   |   |--- feature_23 <= -0.29
|   |   |   |   |   |--- class: 1.0
|   |   |   |   |--- feature_23 >  -0.29
|   |   |   |   |   |--- feature_23 <= -0.11
|   |   |   |   |   |   |--- class: 0.0
|   |   |   |   |   |--- feature_23 >  -0.11
|   |   |   |   |   |   |--- feature_35 <= -0.18
|   |   |   |   |   |   |   |--- feature_25 <= 0.05
|   |   |   |   |   |   |   |   |--- class: 1.0
|   |   |   |   |   |   |   |--- feature_25 >  0.05
|   |   |   |   |   |   |   |   |--- feature_21 <= 0.08
|   |   |   |   |   |   |   |   |   |--- class: 0.0
|   |   |   |   |   |   |   |   |--- feature_21 >  0.08
|   |   |   |   |   |   |   |   |   |--- class: 1.0
|   |   |   |   |   |   |--- feature_35 >  -0.18
|   |   |   |   |   |   |   |--- feature_25 <= -0.11
|   |   |   |   |   |   |   |   |--- feature_40 <= -0.02
|   |   |   |   |   |   |   |   |   |--- class: 1.0
|   |   |   |   |   |   |   |   |--- feature_40 >  -0.02
|   |   |   |   |   |   |   |   |   |--- class: 0.0
|   |   |   |   |   |   |   |--- feature_25 >  -0.11
|   |   |   |   |   |   |   |   |--- feature_1 <= 0.02
|   |   |   |   |   |   |   |   |   |--- feature_14 <= -0.08
|   |   |   |   |   |   |   |   |   |   |--- feature_24 <= 0.16
|   |   |   |   |   |   |   |   |   |   |   |--- class: 1.0
|   |   |   |   |   |   |   |   |   |   |--- feature_24 >  0.16
|   |   |   |   |   |   |   |   |   |   |   |--- class: 0.0
|   |   |   |   |   |   |   |   |   |--- feature_14 >  -0.08
|   |   |   |   |   |   |   |   |   |   |--- feature_29 <= 0.16
|   |   |   |   |   |   |   |   |   |   |   |--- truncated branch of depth 2
|   |   |   |   |   |   |   |   |   |   |--- feature_29 >  0.16
|   |   |   |   |   |   |   |   |   |   |   |--- truncated branch of depth 3
|   |   |   |   |   |   |   |   |--- feature_1 >  0.02
|   |   |   |   |   |   |   |   |   |--- feature_14 <= -0.33
|   |   |   |   |   |   |   |   |   |   |--- class: 1.0
|   |   |   |   |   |   |   |   |   |--- feature_14 >  -0.33
|   |   |   |   |   |   |   |   |   |   |--- feature_0 <= -0.08
|   |   |   |   |   |   |   |   |   |   |   |--- class: 0.0
|   |   |   |   |   |   |   |   |   |   |--- feature_0 >  -0.08
|   |   |   |   |   |   |   |   |   |   |   |--- class: 1.0
|   |   |   |--- feature_40 >  -0.01
|   |   |   |   |--- feature_5 <= 0.24
|   |   |   |   |   |--- feature_32 <= -0.13
|   |   |   |   |   |   |--- feature_21 <= -0.14
|   |   |   |   |   |   |   |--- feature_8 <= 0.13
|   |   |   |   |   |   |   |   |--- class: 1.0
|   |   |   |   |   |   |   |--- feature_8 >  0.13
|   |   |   |   |   |   |   |   |--- class: 0.0
|   |   |   |   |   |   |--- feature_21 >  -0.14
|   |   |   |   |   |   |   |--- class: 1.0
|   |   |   |   |   |--- feature_32 >  -0.13
|   |   |   |   |   |   |--- feature_7 <= 0.06
|   |   |   |   |   |   |   |--- feature_9 <= 0.11
|   |   |   |   |   |   |   |   |--- feature_4 <= 0.01
|   |   |   |   |   |   |   |   |   |--- feature_3 <= 0.01
|   |   |   |   |   |   |   |   |   |   |--- feature_0 <= -0.09
|   |   |   |   |   |   |   |   |   |   |   |--- class: 1.0
|   |   |   |   |   |   |   |   |   |   |--- feature_0 >  -0.09
|   |   |   |   |   |   |   |   |   |   |   |--- class: 0.0
|   |   |   |   |   |   |   |   |   |--- feature_3 >  0.01
|   |   |   |   |   |   |   |   |   |   |--- class: 0.0
|   |   |   |   |   |   |   |   |--- feature_4 >  0.01
|   |   |   |   |   |   |   |   |   |--- feature_8 <= -0.06
|   |   |   |   |   |   |   |   |   |   |--- feature_24 <= -0.10
|   |   |   |   |   |   |   |   |   |   |   |--- class: 1.0
|   |   |   |   |   |   |   |   |   |   |--- feature_24 >  -0.10
|   |   |   |   |   |   |   |   |   |   |   |--- truncated branch of depth 4
|   |   |   |   |   |   |   |   |   |--- feature_8 >  -0.06
|   |   |   |   |   |   |   |   |   |   |--- class: 0.0
|   |   |   |   |   |   |   |--- feature_9 >  0.11
|   |   |   |   |   |   |   |   |--- class: 1.0
|   |   |   |   |   |   |--- feature_7 >  0.06
|   |   |   |   |   |   |   |--- feature_23 <= 0.13
|   |   |   |   |   |   |   |   |--- class: 1.0
|   |   |   |   |   |   |   |--- feature_23 >  0.13
|   |   |   |   |   |   |   |   |--- class: 0.0
|   |   |   |   |--- feature_5 >  0.24
|   |   |   |   |   |--- feature_10 <= 0.36
|   |   |   |   |   |   |--- feature_31 <= -0.10
|   |   |   |   |   |   |   |--- feature_7 <= -0.03
|   |   |   |   |   |   |   |   |--- feature_26 <= -0.19
|   |   |   |   |   |   |   |   |   |--- class: 0.0
|   |   |   |   |   |   |   |   |--- feature_26 >  -0.19
|   |   |   |   |   |   |   |   |   |--- class: 1.0
|   |   |   |   |   |   |   |--- feature_7 >  -0.03
|   |   |   |   |   |   |   |   |--- feature_16 <= -0.00
|   |   |   |   |   |   |   |   |   |--- class: 0.0
|   |   |   |   |   |   |   |   |--- feature_16 >  -0.00
|   |   |   |   |   |   |   |   |   |--- class: 1.0
|   |   |   |   |   |   |--- feature_31 >  -0.10
|   |   |   |   |   |   |   |--- feature_15 <= 0.38
|   |   |   |   |   |   |   |   |--- feature_9 <= -0.11
|   |   |   |   |   |   |   |   |   |--- feature_13 <= 0.31
|   |   |   |   |   |   |   |   |   |   |--- class: 1.0
|   |   |   |   |   |   |   |   |   |--- feature_13 >  0.31
|   |   |   |   |   |   |   |   |   |   |--- class: 0.0
|   |   |   |   |   |   |   |   |--- feature_9 >  -0.11
|   |   |   |   |   |   |   |   |   |--- class: 1.0
|   |   |   |   |   |   |   |--- feature_15 >  0.38
|   |   |   |   |   |   |   |   |--- class: 0.0
|   |   |   |   |   |--- feature_10 >  0.36
|   |   |   |   |   |   |--- class: 0.0
|   |--- feature_20 >  0.11
|   |   |--- feature_1 <= 0.12
|   |   |   |--- feature_40 <= -0.13
|   |   |   |   |--- feature_39 <= -0.44
|   |   |   |   |   |--- class: 1.0
|   |   |   |   |--- feature_39 >  -0.44
|   |   |   |   |   |--- feature_21 <= 0.23
|   |   |   |   |   |   |--- feature_26 <= -0.03
|   |   |   |   |   |   |   |--- class: 0.0
|   |   |   |   |   |   |--- feature_26 >  -0.03
|   |   |   |   |   |   |   |--- feature_8 <= -0.06
|   |   |   |   |   |   |   |   |--- class: 0.0
|   |   |   |   |   |   |   |--- feature_8 >  -0.06
|   |   |   |   |   |   |   |   |--- feature_39 <= -0.13
|   |   |   |   |   |   |   |   |   |--- class: 0.0
|   |   |   |   |   |   |   |   |--- feature_39 >  -0.13
|   |   |   |   |   |   |   |   |   |--- class: 1.0
|   |   |   |   |   |--- feature_21 >  0.23
|   |   |   |   |   |   |--- feature_14 <= -0.07
|   |   |   |   |   |   |   |--- class: 1.0
|   |   |   |   |   |   |--- feature_14 >  -0.07
|   |   |   |   |   |   |   |--- class: 0.0
|   |   |   |--- feature_40 >  -0.13
|   |   |   |   |--- feature_2 <= 0.36
|   |   |   |   |   |--- feature_8 <= 0.07
|   |   |   |   |   |   |--- feature_17 <= -0.14
|   |   |   |   |   |   |   |--- feature_23 <= 0.22
|   |   |   |   |   |   |   |   |--- feature_7 <= 0.04
|   |   |   |   |   |   |   |   |   |--- feature_8 <= 0.01
|   |   |   |   |   |   |   |   |   |   |--- feature_20 <= 0.12
|   |   |   |   |   |   |   |   |   |   |   |--- class: 0.0
|   |   |   |   |   |   |   |   |   |   |--- feature_20 >  0.12
|   |   |   |   |   |   |   |   |   |   |   |--- truncated branch of depth 3
|   |   |   |   |   |   |   |   |   |--- feature_8 >  0.01
|   |   |   |   |   |   |   |   |   |   |--- class: 0.0
|   |   |   |   |   |   |   |   |--- feature_7 >  0.04
|   |   |   |   |   |   |   |   |   |--- feature_5 <= 0.27
|   |   |   |   |   |   |   |   |   |   |--- feature_8 <= -0.08
|   |   |   |   |   |   |   |   |   |   |   |--- class: 0.0
|   |   |   |   |   |   |   |   |   |   |--- feature_8 >  -0.08
|   |   |   |   |   |   |   |   |   |   |   |--- class: 1.0
|   |   |   |   |   |   |   |   |   |--- feature_5 >  0.27
|   |   |   |   |   |   |   |   |   |   |--- class: 1.0
|   |   |   |   |   |   |   |--- feature_23 >  0.22
|   |   |   |   |   |   |   |   |--- class: 0.0
|   |   |   |   |   |   |--- feature_17 >  -0.14
|   |   |   |   |   |   |   |--- feature_35 <= 0.19
|   |   |   |   |   |   |   |   |--- feature_18 <= -0.06
|   |   |   |   |   |   |   |   |   |--- feature_2 <= -0.07
|   |   |   |   |   |   |   |   |   |   |--- feature_22 <= 0.29
|   |   |   |   |   |   |   |   |   |   |   |--- class: 1.0
|   |   |   |   |   |   |   |   |   |   |--- feature_22 >  0.29
|   |   |   |   |   |   |   |   |   |   |   |--- class: 0.0
|   |   |   |   |   |   |   |   |   |--- feature_2 >  -0.07
|   |   |   |   |   |   |   |   |   |   |--- feature_15 <= -0.16
|   |   |   |   |   |   |   |   |   |   |   |--- truncated branch of depth 2
|   |   |   |   |   |   |   |   |   |   |--- feature_15 >  -0.16
|   |   |   |   |   |   |   |   |   |   |   |--- truncated branch of depth 5
|   |   |   |   |   |   |   |   |--- feature_18 >  -0.06
|   |   |   |   |   |   |   |   |   |--- feature_21 <= -0.10
|   |   |   |   |   |   |   |   |   |   |--- feature_13 <= -0.10
|   |   |   |   |   |   |   |   |   |   |   |--- truncated branch of depth 2
|   |   |   |   |   |   |   |   |   |   |--- feature_13 >  -0.10
|   |   |   |   |   |   |   |   |   |   |   |--- truncated branch of depth 4
|   |   |   |   |   |   |   |   |   |--- feature_21 >  -0.10
|   |   |   |   |   |   |   |   |   |   |--- feature_26 <= -0.10
|   |   |   |   |   |   |   |   |   |   |   |--- truncated branch of depth 6
|   |   |   |   |   |   |   |   |   |   |--- feature_26 >  -0.10
|   |   |   |   |   |   |   |   |   |   |   |--- truncated branch of depth 9
|   |   |   |   |   |   |   |--- feature_35 >  0.19
|   |   |   |   |   |   |   |   |--- feature_22 <= 0.23
|   |   |   |   |   |   |   |   |   |--- class: 1.0
|   |   |   |   |   |   |   |   |--- feature_22 >  0.23
|   |   |   |   |   |   |   |   |   |--- class: 0.0
|   |   |   |   |   |--- feature_8 >  0.07
|   |   |   |   |   |   |--- feature_11 <= -0.03
|   |   |   |   |   |   |   |--- feature_4 <= 0.19
|   |   |   |   |   |   |   |   |--- feature_29 <= 0.55
|   |   |   |   |   |   |   |   |   |--- class: 0.0
|   |   |   |   |   |   |   |   |--- feature_29 >  0.55
|   |   |   |   |   |   |   |   |   |--- class: 1.0
|   |   |   |   |   |   |   |--- feature_4 >  0.19
|   |   |   |   |   |   |   |   |--- feature_17 <= -0.15
|   |   |   |   |   |   |   |   |   |--- class: 0.0
|   |   |   |   |   |   |   |   |--- feature_17 >  -0.15
|   |   |   |   |   |   |   |   |   |--- class: 1.0
|   |   |   |   |   |   |--- feature_11 >  -0.03
|   |   |   |   |   |   |   |--- feature_15 <= 0.34
|   |   |   |   |   |   |   |   |--- feature_41 <= -0.14
|   |   |   |   |   |   |   |   |   |--- class: 0.0
|   |   |   |   |   |   |   |   |--- feature_41 >  -0.14
|   |   |   |   |   |   |   |   |   |--- class: 1.0
|   |   |   |   |   |   |   |--- feature_15 >  0.34
|   |   |   |   |   |   |   |   |--- class: 0.0
|   |   |   |   |--- feature_2 >  0.36
|   |   |   |   |   |--- feature_22 <= 0.21
|   |   |   |   |   |   |--- class: 1.0
|   |   |   |   |   |--- feature_22 >  0.21
|   |   |   |   |   |   |--- class: 0.0
|   |   |--- feature_1 >  0.12
|   |   |   |--- feature_30 <= 0.05
|   |   |   |   |--- feature_7 <= 0.06
|   |   |   |   |   |--- feature_39 <= -0.21
|   |   |   |   |   |   |--- feature_3 <= 0.11
|   |   |   |   |   |   |   |--- class: 1.0
|   |   |   |   |   |   |--- feature_3 >  0.11
|   |   |   |   |   |   |   |--- class: 0.0
|   |   |   |   |   |--- feature_39 >  -0.21
|   |   |   |   |   |   |--- feature_8 <= -0.28
|   |   |   |   |   |   |   |--- class: 1.0
|   |   |   |   |   |   |--- feature_8 >  -0.28
|   |   |   |   |   |   |   |--- feature_38 <= -0.12
|   |   |   |   |   |   |   |   |--- feature_39 <= 0.09
|   |   |   |   |   |   |   |   |   |--- class: 0.0
|   |   |   |   |   |   |   |   |--- feature_39 >  0.09
|   |   |   |   |   |   |   |   |   |--- class: 1.0
|   |   |   |   |   |   |   |--- feature_38 >  -0.12
|   |   |   |   |   |   |   |   |--- feature_34 <= 0.21
|   |   |   |   |   |   |   |   |   |--- feature_41 <= -0.18
|   |   |   |   |   |   |   |   |   |   |--- class: 1.0
|   |   |   |   |   |   |   |   |   |--- feature_41 >  -0.18
|   |   |   |   |   |   |   |   |   |   |--- feature_1 <= 0.13
|   |   |   |   |   |   |   |   |   |   |   |--- class: 1.0
|   |   |   |   |   |   |   |   |   |   |--- feature_1 >  0.13
|   |   |   |   |   |   |   |   |   |   |   |--- truncated branch of depth 4
|   |   |   |   |   |   |   |   |--- feature_34 >  0.21
|   |   |   |   |   |   |   |   |   |--- class: 1.0
|   |   |   |   |--- feature_7 >  0.06
|   |   |   |   |   |--- feature_33 <= -0.02
|   |   |   |   |   |   |--- class: 0.0
|   |   |   |   |   |--- feature_33 >  -0.02
|   |   |   |   |   |   |--- class: 1.0
|   |   |   |--- feature_30 >  0.05
|   |   |   |   |--- feature_33 <= -0.05
|   |   |   |   |   |--- feature_22 <= 0.05
|   |   |   |   |   |   |--- class: 0.0
|   |   |   |   |   |--- feature_22 >  0.05
|   |   |   |   |   |   |--- feature_25 <= 0.24
|   |   |   |   |   |   |   |--- class: 1.0
|   |   |   |   |   |   |--- feature_25 >  0.24
|   |   |   |   |   |   |   |--- class: 0.0
|   |   |   |   |--- feature_33 >  -0.05
|   |   |   |   |   |--- class: 1.0
|--- feature_0 >  -0.08
|   |--- feature_23 <= -0.13
|   |   |--- feature_28 <= 0.34
|   |   |   |--- feature_34 <= -0.23
|   |   |   |   |--- feature_19 <= 0.02
|   |   |   |   |   |--- class: 1.0
|   |   |   |   |--- feature_19 >  0.02
|   |   |   |   |   |--- feature_6 <= 0.07
|   |   |   |   |   |   |--- class: 0.0
|   |   |   |   |   |--- feature_6 >  0.07
|   |   |   |   |   |   |--- class: 1.0
|   |   |   |--- feature_34 >  -0.23
|   |   |   |   |--- feature_39 <= 0.10
|   |   |   |   |   |--- feature_1 <= 0.01
|   |   |   |   |   |   |--- feature_4 <= -0.10
|   |   |   |   |   |   |   |--- feature_26 <= -0.31
|   |   |   |   |   |   |   |   |--- class: 0.0
|   |   |   |   |   |   |   |--- feature_26 >  -0.31
|   |   |   |   |   |   |   |   |--- feature_19 <= -0.12
|   |   |   |   |   |   |   |   |   |--- feature_9 <= -0.10
|   |   |   |   |   |   |   |   |   |   |--- class: 1.0
|   |   |   |   |   |   |   |   |   |--- feature_9 >  -0.10
|   |   |   |   |   |   |   |   |   |   |--- class: 0.0
|   |   |   |   |   |   |   |   |--- feature_19 >  -0.12
|   |   |   |   |   |   |   |   |   |--- class: 1.0
|   |   |   |   |   |   |--- feature_4 >  -0.10
|   |   |   |   |   |   |   |--- feature_33 <= 0.05
|   |   |   |   |   |   |   |   |--- feature_29 <= 0.12
|   |   |   |   |   |   |   |   |   |--- feature_21 <= -0.23
|   |   |   |   |   |   |   |   |   |   |--- feature_30 <= -0.09
|   |   |   |   |   |   |   |   |   |   |   |--- class: 0.0
|   |   |   |   |   |   |   |   |   |   |--- feature_30 >  -0.09
|   |   |   |   |   |   |   |   |   |   |   |--- class: 1.0
|   |   |   |   |   |   |   |   |   |--- feature_21 >  -0.23
|   |   |   |   |   |   |   |   |   |   |--- feature_31 <= 0.34
|   |   |   |   |   |   |   |   |   |   |   |--- class: 0.0
|   |   |   |   |   |   |   |   |   |   |--- feature_31 >  0.34
|   |   |   |   |   |   |   |   |   |   |   |--- class: 1.0
|   |   |   |   |   |   |   |   |--- feature_29 >  0.12
|   |   |   |   |   |   |   |   |   |--- feature_4 <= 0.13
|   |   |   |   |   |   |   |   |   |   |--- feature_27 <= -0.19
|   |   |   |   |   |   |   |   |   |   |   |--- truncated branch of depth 2
|   |   |   |   |   |   |   |   |   |   |--- feature_27 >  -0.19
|   |   |   |   |   |   |   |   |   |   |   |--- class: 1.0
|   |   |   |   |   |   |   |   |   |--- feature_4 >  0.13
|   |   |   |   |   |   |   |   |   |   |--- feature_0 <= 0.02
|   |   |   |   |   |   |   |   |   |   |   |--- class: 1.0
|   |   |   |   |   |   |   |   |   |   |--- feature_0 >  0.02
|   |   |   |   |   |   |   |   |   |   |   |--- class: 0.0
|   |   |   |   |   |   |   |--- feature_33 >  0.05
|   |   |   |   |   |   |   |   |--- feature_6 <= -0.10
|   |   |   |   |   |   |   |   |   |--- feature_36 <= 0.01
|   |   |   |   |   |   |   |   |   |   |--- class: 1.0
|   |   |   |   |   |   |   |   |   |--- feature_36 >  0.01
|   |   |   |   |   |   |   |   |   |   |--- class: 0.0
|   |   |   |   |   |   |   |   |--- feature_6 >  -0.10
|   |   |   |   |   |   |   |   |   |--- class: 1.0
|   |   |   |   |   |--- feature_1 >  0.01
|   |   |   |   |   |   |--- feature_8 <= -0.05
|   |   |   |   |   |   |   |--- feature_32 <= 0.11
|   |   |   |   |   |   |   |   |--- feature_34 <= 0.04
|   |   |   |   |   |   |   |   |   |--- feature_34 <= -0.14
|   |   |   |   |   |   |   |   |   |   |--- feature_35 <= -0.01
|   |   |   |   |   |   |   |   |   |   |   |--- class: 0.0
|   |   |   |   |   |   |   |   |   |   |--- feature_35 >  -0.01
|   |   |   |   |   |   |   |   |   |   |   |--- class: 1.0
|   |   |   |   |   |   |   |   |   |--- feature_34 >  -0.14
|   |   |   |   |   |   |   |   |   |   |--- class: 1.0
|   |   |   |   |   |   |   |   |--- feature_34 >  0.04
|   |   |   |   |   |   |   |   |   |--- feature_25 <= -0.11
|   |   |   |   |   |   |   |   |   |   |--- feature_36 <= -0.11
|   |   |   |   |   |   |   |   |   |   |   |--- class: 0.0
|   |   |   |   |   |   |   |   |   |   |--- feature_36 >  -0.11
|   |   |   |   |   |   |   |   |   |   |   |--- class: 1.0
|   |   |   |   |   |   |   |   |   |--- feature_25 >  -0.11
|   |   |   |   |   |   |   |   |   |   |--- feature_35 <= -0.01
|   |   |   |   |   |   |   |   |   |   |   |--- class: 0.0
|   |   |   |   |   |   |   |   |   |   |--- feature_35 >  -0.01
|   |   |   |   |   |   |   |   |   |   |   |--- truncated branch of depth 2
|   |   |   |   |   |   |   |--- feature_32 >  0.11
|   |   |   |   |   |   |   |   |--- class: 0.0
|   |   |   |   |   |   |--- feature_8 >  -0.05
|   |   |   |   |   |   |   |--- feature_13 <= 0.20
|   |   |   |   |   |   |   |   |--- feature_35 <= 0.04
|   |   |   |   |   |   |   |   |   |--- feature_2 <= 0.02
|   |   |   |   |   |   |   |   |   |   |--- feature_17 <= -0.03
|   |   |   |   |   |   |   |   |   |   |   |--- truncated branch of depth 2
|   |   |   |   |   |   |   |   |   |   |--- feature_17 >  -0.03
|   |   |   |   |   |   |   |   |   |   |   |--- class: 1.0
|   |   |   |   |   |   |   |   |   |--- feature_2 >  0.02
|   |   |   |   |   |   |   |   |   |   |--- feature_28 <= 0.24
|   |   |   |   |   |   |   |   |   |   |   |--- class: 1.0
|   |   |   |   |   |   |   |   |   |   |--- feature_28 >  0.24
|   |   |   |   |   |   |   |   |   |   |   |--- truncated branch of depth 2
|   |   |   |   |   |   |   |   |--- feature_35 >  0.04
|   |   |   |   |   |   |   |   |   |--- feature_20 <= 0.18
|   |   |   |   |   |   |   |   |   |   |--- class: 0.0
|   |   |   |   |   |   |   |   |   |--- feature_20 >  0.18
|   |   |   |   |   |   |   |   |   |   |--- class: 1.0
|   |   |   |   |   |   |   |--- feature_13 >  0.20
|   |   |   |   |   |   |   |   |--- feature_24 <= 0.05
|   |   |   |   |   |   |   |   |   |--- feature_4 <= 0.00
|   |   |   |   |   |   |   |   |   |   |--- class: 1.0
|   |   |   |   |   |   |   |   |   |--- feature_4 >  0.00
|   |   |   |   |   |   |   |   |   |   |--- feature_11 <= 0.13
|   |   |   |   |   |   |   |   |   |   |   |--- class: 0.0
|   |   |   |   |   |   |   |   |   |   |--- feature_11 >  0.13
|   |   |   |   |   |   |   |   |   |   |   |--- class: 1.0
|   |   |   |   |   |   |   |   |--- feature_24 >  0.05
|   |   |   |   |   |   |   |   |   |--- class: 0.0
|   |   |   |   |--- feature_39 >  0.10
|   |   |   |   |   |--- feature_16 <= -0.23
|   |   |   |   |   |   |--- class: 1.0
|   |   |   |   |   |--- feature_16 >  -0.23
|   |   |   |   |   |   |--- feature_6 <= -0.23
|   |   |   |   |   |   |   |--- feature_25 <= 0.24
|   |   |   |   |   |   |   |   |--- class: 1.0
|   |   |   |   |   |   |   |--- feature_25 >  0.24
|   |   |   |   |   |   |   |   |--- class: 0.0
|   |   |   |   |   |   |--- feature_6 >  -0.23
|   |   |   |   |   |   |   |--- feature_3 <= -0.31
|   |   |   |   |   |   |   |   |--- class: 1.0
|   |   |   |   |   |   |   |--- feature_3 >  -0.31
|   |   |   |   |   |   |   |   |--- feature_28 <= 0.24
|   |   |   |   |   |   |   |   |   |--- feature_1 <= -0.24
|   |   |   |   |   |   |   |   |   |   |--- feature_31 <= 0.05
|   |   |   |   |   |   |   |   |   |   |   |--- class: 1.0
|   |   |   |   |   |   |   |   |   |   |--- feature_31 >  0.05
|   |   |   |   |   |   |   |   |   |   |   |--- class: 0.0
|   |   |   |   |   |   |   |   |   |--- feature_1 >  -0.24
|   |   |   |   |   |   |   |   |   |   |--- class: 0.0
|   |   |   |   |   |   |   |   |--- feature_28 >  0.24
|   |   |   |   |   |   |   |   |   |--- class: 1.0
|   |   |--- feature_28 >  0.34
|   |   |   |--- feature_15 <= -0.31
|   |   |   |   |--- class: 1.0
|   |   |   |--- feature_15 >  -0.31
|   |   |   |   |--- feature_18 <= 0.01
|   |   |   |   |   |--- class: 0.0
|   |   |   |   |--- feature_18 >  0.01
|   |   |   |   |   |--- feature_17 <= 0.04
|   |   |   |   |   |   |--- feature_22 <= 0.28
|   |   |   |   |   |   |   |--- class: 0.0
|   |   |   |   |   |   |--- feature_22 >  0.28
|   |   |   |   |   |   |   |--- feature_41 <= -0.18
|   |   |   |   |   |   |   |   |--- class: 0.0
|   |   |   |   |   |   |   |--- feature_41 >  -0.18
|   |   |   |   |   |   |   |   |--- class: 1.0
|   |   |   |   |   |--- feature_17 >  0.04
|   |   |   |   |   |   |--- feature_33 <= 0.23
|   |   |   |   |   |   |   |--- class: 1.0
|   |   |   |   |   |   |--- feature_33 >  0.23
|   |   |   |   |   |   |   |--- class: 0.0
|   |--- feature_23 >  -0.13
|   |   |--- feature_19 <= 0.19
|   |   |   |--- feature_22 <= 0.03
|   |   |   |   |--- feature_24 <= -0.14
|   |   |   |   |   |--- feature_26 <= 0.05
|   |   |   |   |   |   |--- feature_27 <= -0.25
|   |   |   |   |   |   |   |--- class: 0.0
|   |   |   |   |   |   |--- feature_27 >  -0.25
|   |   |   |   |   |   |   |--- feature_36 <= -0.12
|   |   |   |   |   |   |   |   |--- feature_32 <= -0.57
|   |   |   |   |   |   |   |   |   |--- class: 1.0
|   |   |   |   |   |   |   |   |--- feature_32 >  -0.57
|   |   |   |   |   |   |   |   |   |--- class: 0.0
|   |   |   |   |   |   |   |--- feature_36 >  -0.12
|   |   |   |   |   |   |   |   |--- feature_40 <= 0.03
|   |   |   |   |   |   |   |   |   |--- feature_18 <= 0.01
|   |   |   |   |   |   |   |   |   |   |--- feature_9 <= 0.02
|   |   |   |   |   |   |   |   |   |   |   |--- class: 0.0
|   |   |   |   |   |   |   |   |   |   |--- feature_9 >  0.02
|   |   |   |   |   |   |   |   |   |   |   |--- class: 1.0
|   |   |   |   |   |   |   |   |   |--- feature_18 >  0.01
|   |   |   |   |   |   |   |   |   |   |--- feature_34 <= -0.11
|   |   |   |   |   |   |   |   |   |   |   |--- class: 0.0
|   |   |   |   |   |   |   |   |   |   |--- feature_34 >  -0.11
|   |   |   |   |   |   |   |   |   |   |   |--- class: 1.0
|   |   |   |   |   |   |   |   |--- feature_40 >  0.03
|   |   |   |   |   |   |   |   |   |--- feature_3 <= 0.16
|   |   |   |   |   |   |   |   |   |   |--- class: 1.0
|   |   |   |   |   |   |   |   |   |--- feature_3 >  0.16
|   |   |   |   |   |   |   |   |   |   |--- class: 0.0
|   |   |   |   |   |--- feature_26 >  0.05
|   |   |   |   |   |   |--- feature_12 <= 0.31
|   |   |   |   |   |   |   |--- feature_40 <= -0.38
|   |   |   |   |   |   |   |   |--- class: 0.0
|   |   |   |   |   |   |   |--- feature_40 >  -0.38
|   |   |   |   |   |   |   |   |--- class: 1.0
|   |   |   |   |   |   |--- feature_12 >  0.31
|   |   |   |   |   |   |   |--- feature_13 <= 0.26
|   |   |   |   |   |   |   |   |--- class: 0.0
|   |   |   |   |   |   |   |--- feature_13 >  0.26
|   |   |   |   |   |   |   |   |--- class: 1.0
|   |   |   |   |--- feature_24 >  -0.14
|   |   |   |   |   |--- feature_2 <= -0.13
|   |   |   |   |   |   |--- feature_15 <= 0.17
|   |   |   |   |   |   |   |--- feature_19 <= 0.15
|   |   |   |   |   |   |   |   |--- class: 1.0
|   |   |   |   |   |   |   |--- feature_19 >  0.15
|   |   |   |   |   |   |   |   |--- class: 0.0
|   |   |   |   |   |   |--- feature_15 >  0.17
|   |   |   |   |   |   |   |--- class: 0.0
|   |   |   |   |   |--- feature_2 >  -0.13
|   |   |   |   |   |   |--- feature_12 <= 0.02
|   |   |   |   |   |   |   |--- feature_23 <= 0.10
|   |   |   |   |   |   |   |   |--- feature_34 <= -0.06
|   |   |   |   |   |   |   |   |   |--- feature_12 <= -0.00
|   |   |   |   |   |   |   |   |   |   |--- feature_29 <= 0.23
|   |   |   |   |   |   |   |   |   |   |   |--- truncated branch of depth 6
|   |   |   |   |   |   |   |   |   |   |--- feature_29 >  0.23
|   |   |   |   |   |   |   |   |   |   |   |--- class: 0.0
|   |   |   |   |   |   |   |   |   |--- feature_12 >  -0.00
|   |   |   |   |   |   |   |   |   |   |--- class: 1.0
|   |   |   |   |   |   |   |   |--- feature_34 >  -0.06
|   |   |   |   |   |   |   |   |   |--- feature_29 <= 0.38
|   |   |   |   |   |   |   |   |   |   |--- feature_15 <= 0.17
|   |   |   |   |   |   |   |   |   |   |   |--- truncated branch of depth 9
|   |   |   |   |   |   |   |   |   |   |--- feature_15 >  0.17
|   |   |   |   |   |   |   |   |   |   |   |--- truncated branch of depth 2
|   |   |   |   |   |   |   |   |   |--- feature_29 >  0.38
|   |   |   |   |   |   |   |   |   |   |--- class: 1.0
|   |   |   |   |   |   |   |--- feature_23 >  0.10
|   |   |   |   |   |   |   |   |--- feature_26 <= 0.13
|   |   |   |   |   |   |   |   |   |--- feature_20 <= 0.22
|   |   |   |   |   |   |   |   |   |   |--- feature_9 <= -0.06
|   |   |   |   |   |   |   |   |   |   |   |--- class: 1.0
|   |   |   |   |   |   |   |   |   |   |--- feature_9 >  -0.06
|   |   |   |   |   |   |   |   |   |   |   |--- truncated branch of depth 4
|   |   |   |   |   |   |   |   |   |--- feature_20 >  0.22
|   |   |   |   |   |   |   |   |   |   |--- feature_1 <= 0.12
|   |   |   |   |   |   |   |   |   |   |   |--- truncated branch of depth 2
|   |   |   |   |   |   |   |   |   |   |--- feature_1 >  0.12
|   |   |   |   |   |   |   |   |   |   |   |--- class: 1.0
|   |   |   |   |   |   |   |   |--- feature_26 >  0.13
|   |   |   |   |   |   |   |   |   |--- feature_32 <= 0.17
|   |   |   |   |   |   |   |   |   |   |--- class: 0.0
|   |   |   |   |   |   |   |   |   |--- feature_32 >  0.17
|   |   |   |   |   |   |   |   |   |   |--- class: 1.0
|   |   |   |   |   |   |--- feature_12 >  0.02
|   |   |   |   |   |   |   |--- feature_38 <= 0.09
|   |   |   |   |   |   |   |   |--- feature_32 <= 0.00
|   |   |   |   |   |   |   |   |   |--- feature_32 <= -0.03
|   |   |   |   |   |   |   |   |   |   |--- feature_38 <= -0.06
|   |   |   |   |   |   |   |   |   |   |   |--- truncated branch of depth 5
|   |   |   |   |   |   |   |   |   |   |--- feature_38 >  -0.06
|   |   |   |   |   |   |   |   |   |   |   |--- truncated branch of depth 9
|   |   |   |   |   |   |   |   |   |--- feature_32 >  -0.03
|   |   |   |   |   |   |   |   |   |   |--- feature_3 <= -0.10
|   |   |   |   |   |   |   |   |   |   |   |--- truncated branch of depth 2
|   |   |   |   |   |   |   |   |   |   |--- feature_3 >  -0.10
|   |   |   |   |   |   |   |   |   |   |   |--- truncated branch of depth 4
|   |   |   |   |   |   |   |   |--- feature_32 >  0.00
|   |   |   |   |   |   |   |   |   |--- feature_0 <= -0.06
|   |   |   |   |   |   |   |   |   |   |--- class: 1.0
|   |   |   |   |   |   |   |   |   |--- feature_0 >  -0.06
|   |   |   |   |   |   |   |   |   |   |--- feature_13 <= 0.06
|   |   |   |   |   |   |   |   |   |   |   |--- truncated branch of depth 7
|   |   |   |   |   |   |   |   |   |   |--- feature_13 >  0.06
|   |   |   |   |   |   |   |   |   |   |   |--- truncated branch of depth 9
|   |   |   |   |   |   |   |--- feature_38 >  0.09
|   |   |   |   |   |   |   |   |--- feature_28 <= 0.10
|   |   |   |   |   |   |   |   |   |--- feature_41 <= 0.14
|   |   |   |   |   |   |   |   |   |   |--- feature_41 <= -0.00
|   |   |   |   |   |   |   |   |   |   |   |--- truncated branch of depth 4
|   |   |   |   |   |   |   |   |   |   |--- feature_41 >  -0.00
|   |   |   |   |   |   |   |   |   |   |   |--- truncated branch of depth 6
|   |   |   |   |   |   |   |   |   |--- feature_41 >  0.14
|   |   |   |   |   |   |   |   |   |   |--- class: 1.0
|   |   |   |   |   |   |   |   |--- feature_28 >  0.10
|   |   |   |   |   |   |   |   |   |--- feature_6 <= -0.28
|   |   |   |   |   |   |   |   |   |   |--- class: 1.0
|   |   |   |   |   |   |   |   |   |--- feature_6 >  -0.28
|   |   |   |   |   |   |   |   |   |   |--- feature_0 <= -0.07
|   |   |   |   |   |   |   |   |   |   |   |--- class: 1.0
|   |   |   |   |   |   |   |   |   |   |--- feature_0 >  -0.07
|   |   |   |   |   |   |   |   |   |   |   |--- truncated branch of depth 5
|   |   |   |--- feature_22 >  0.03
|   |   |   |   |--- feature_20 <= 0.00
|   |   |   |   |   |--- feature_13 <= 0.31
|   |   |   |   |   |   |--- feature_36 <= 0.04
|   |   |   |   |   |   |   |--- feature_12 <= 0.30
|   |   |   |   |   |   |   |   |--- feature_27 <= 0.12
|   |   |   |   |   |   |   |   |   |--- feature_23 <= -0.04
|   |   |   |   |   |   |   |   |   |   |--- feature_30 <= 0.04
|   |   |   |   |   |   |   |   |   |   |   |--- class: 0.0
|   |   |   |   |   |   |   |   |   |   |--- feature_30 >  0.04
|   |   |   |   |   |   |   |   |   |   |   |--- truncated branch of depth 3
|   |   |   |   |   |   |   |   |   |--- feature_23 >  -0.04
|   |   |   |   |   |   |   |   |   |   |--- feature_22 <= 0.07
|   |   |   |   |   |   |   |   |   |   |   |--- truncated branch of depth 6
|   |   |   |   |   |   |   |   |   |   |--- feature_22 >  0.07
|   |   |   |   |   |   |   |   |   |   |   |--- truncated branch of depth 7
|   |   |   |   |   |   |   |   |--- feature_27 >  0.12
|   |   |   |   |   |   |   |   |   |--- feature_41 <= 0.07
|   |   |   |   |   |   |   |   |   |   |--- feature_26 <= -0.02
|   |   |   |   |   |   |   |   |   |   |   |--- class: 1.0
|   |   |   |   |   |   |   |   |   |   |--- feature_26 >  -0.02
|   |   |   |   |   |   |   |   |   |   |   |--- truncated branch of depth 3
|   |   |   |   |   |   |   |   |   |--- feature_41 >  0.07
|   |   |   |   |   |   |   |   |   |   |--- feature_40 <= 0.07
|   |   |   |   |   |   |   |   |   |   |   |--- truncated branch of depth 3
|   |   |   |   |   |   |   |   |   |   |--- feature_40 >  0.07
|   |   |   |   |   |   |   |   |   |   |   |--- truncated branch of depth 3
|   |   |   |   |   |   |   |--- feature_12 >  0.30
|   |   |   |   |   |   |   |   |--- class: 1.0
|   |   |   |   |   |   |--- feature_36 >  0.04
|   |   |   |   |   |   |   |--- feature_23 <= -0.02
|   |   |   |   |   |   |   |   |--- feature_31 <= -0.03
|   |   |   |   |   |   |   |   |   |--- feature_7 <= -0.04
|   |   |   |   |   |   |   |   |   |   |--- feature_32 <= -0.15
|   |   |   |   |   |   |   |   |   |   |   |--- class: 0.0
|   |   |   |   |   |   |   |   |   |   |--- feature_32 >  -0.15
|   |   |   |   |   |   |   |   |   |   |   |--- class: 1.0
|   |   |   |   |   |   |   |   |   |--- feature_7 >  -0.04
|   |   |   |   |   |   |   |   |   |   |--- class: 0.0
|   |   |   |   |   |   |   |   |--- feature_31 >  -0.03
|   |   |   |   |   |   |   |   |   |--- class: 1.0
|   |   |   |   |   |   |   |--- feature_23 >  -0.02
|   |   |   |   |   |   |   |   |--- feature_26 <= 0.23
|   |   |   |   |   |   |   |   |   |--- feature_20 <= -0.16
|   |   |   |   |   |   |   |   |   |   |--- feature_27 <= -0.07
|   |   |   |   |   |   |   |   |   |   |   |--- class: 0.0
|   |   |   |   |   |   |   |   |   |   |--- feature_27 >  -0.07
|   |   |   |   |   |   |   |   |   |   |   |--- class: 1.0
|   |   |   |   |   |   |   |   |   |--- feature_20 >  -0.16
|   |   |   |   |   |   |   |   |   |   |--- feature_16 <= -0.14
|   |   |   |   |   |   |   |   |   |   |   |--- truncated branch of depth 2
|   |   |   |   |   |   |   |   |   |   |--- feature_16 >  -0.14
|   |   |   |   |   |   |   |   |   |   |   |--- truncated branch of depth 3
|   |   |   |   |   |   |   |   |--- feature_26 >  0.23
|   |   |   |   |   |   |   |   |   |--- class: 1.0
|   |   |   |   |   |--- feature_13 >  0.31
|   |   |   |   |   |   |--- feature_21 <= 0.08
|   |   |   |   |   |   |   |--- feature_31 <= 0.25
|   |   |   |   |   |   |   |   |--- feature_4 <= -0.09
|   |   |   |   |   |   |   |   |   |--- feature_30 <= -0.03
|   |   |   |   |   |   |   |   |   |   |--- class: 1.0
|   |   |   |   |   |   |   |   |   |--- feature_30 >  -0.03
|   |   |   |   |   |   |   |   |   |   |--- feature_9 <= 0.04
|   |   |   |   |   |   |   |   |   |   |   |--- class: 0.0
|   |   |   |   |   |   |   |   |   |   |--- feature_9 >  0.04
|   |   |   |   |   |   |   |   |   |   |   |--- class: 1.0
|   |   |   |   |   |   |   |   |--- feature_4 >  -0.09
|   |   |   |   |   |   |   |   |   |--- feature_26 <= 0.20
|   |   |   |   |   |   |   |   |   |   |--- class: 0.0
|   |   |   |   |   |   |   |   |   |--- feature_26 >  0.20
|   |   |   |   |   |   |   |   |   |   |--- feature_39 <= -0.21
|   |   |   |   |   |   |   |   |   |   |   |--- class: 0.0
|   |   |   |   |   |   |   |   |   |   |--- feature_39 >  -0.21
|   |   |   |   |   |   |   |   |   |   |   |--- class: 1.0
|   |   |   |   |   |   |   |--- feature_31 >  0.25
|   |   |   |   |   |   |   |   |--- feature_1 <= 0.04
|   |   |   |   |   |   |   |   |   |--- class: 1.0
|   |   |   |   |   |   |   |   |--- feature_1 >  0.04
|   |   |   |   |   |   |   |   |   |--- class: 0.0
|   |   |   |   |   |   |--- feature_21 >  0.08
|   |   |   |   |   |   |   |--- feature_21 <= 0.18
|   |   |   |   |   |   |   |   |--- feature_20 <= -0.12
|   |   |   |   |   |   |   |   |   |--- class: 0.0
|   |   |   |   |   |   |   |   |--- feature_20 >  -0.12
|   |   |   |   |   |   |   |   |   |--- class: 1.0
|   |   |   |   |   |   |   |--- feature_21 >  0.18
|   |   |   |   |   |   |   |   |--- class: 0.0
|   |   |   |   |--- feature_20 >  0.00
|   |   |   |   |   |--- feature_5 <= 0.33
|   |   |   |   |   |   |--- feature_13 <= 0.43
|   |   |   |   |   |   |   |--- feature_10 <= 0.06
|   |   |   |   |   |   |   |   |--- feature_6 <= 0.20
|   |   |   |   |   |   |   |   |   |--- feature_33 <= -0.00
|   |   |   |   |   |   |   |   |   |   |--- feature_41 <= -0.07
|   |   |   |   |   |   |   |   |   |   |   |--- class: 1.0
|   |   |   |   |   |   |   |   |   |   |--- feature_41 >  -0.07
|   |   |   |   |   |   |   |   |   |   |   |--- truncated branch of depth 16
|   |   |   |   |   |   |   |   |   |--- feature_33 >  -0.00
|   |   |   |   |   |   |   |   |   |   |--- feature_33 <= 0.01
|   |   |   |   |   |   |   |   |   |   |   |--- truncated branch of depth 9
|   |   |   |   |   |   |   |   |   |   |--- feature_33 >  0.01
|   |   |   |   |   |   |   |   |   |   |   |--- truncated branch of depth 18
|   |   |   |   |   |   |   |   |--- feature_6 >  0.20
|   |   |   |   |   |   |   |   |   |--- feature_36 <= 0.07
|   |   |   |   |   |   |   |   |   |   |--- feature_2 <= 0.15
|   |   |   |   |   |   |   |   |   |   |   |--- class: 1.0
|   |   |   |   |   |   |   |   |   |   |--- feature_2 >  0.15
|   |   |   |   |   |   |   |   |   |   |   |--- truncated branch of depth 2
|   |   |   |   |   |   |   |   |   |--- feature_36 >  0.07
|   |   |   |   |   |   |   |   |   |   |--- feature_35 <= 0.00
|   |   |   |   |   |   |   |   |   |   |   |--- truncated branch of depth 2
|   |   |   |   |   |   |   |   |   |   |--- feature_35 >  0.00
|   |   |   |   |   |   |   |   |   |   |   |--- class: 1.0
|   |   |   |   |   |   |   |--- feature_10 >  0.06
|   |   |   |   |   |   |   |   |--- feature_12 <= 0.38
|   |   |   |   |   |   |   |   |   |--- feature_14 <= -0.16
|   |   |   |   |   |   |   |   |   |   |--- feature_26 <= -0.01
|   |   |   |   |   |   |   |   |   |   |   |--- truncated branch of depth 8
|   |   |   |   |   |   |   |   |   |   |--- feature_26 >  -0.01
|   |   |   |   |   |   |   |   |   |   |   |--- truncated branch of depth 3
|   |   |   |   |   |   |   |   |   |--- feature_14 >  -0.16
|   |   |   |   |   |   |   |   |   |   |--- feature_17 <= -0.06
|   |   |   |   |   |   |   |   |   |   |   |--- truncated branch of depth 13
|   |   |   |   |   |   |   |   |   |   |--- feature_17 >  -0.06
|   |   |   |   |   |   |   |   |   |   |   |--- truncated branch of depth 18
|   |   |   |   |   |   |   |   |--- feature_12 >  0.38
|   |   |   |   |   |   |   |   |   |--- feature_35 <= 0.08
|   |   |   |   |   |   |   |   |   |   |--- feature_25 <= 0.40
|   |   |   |   |   |   |   |   |   |   |   |--- class: 1.0
|   |   |   |   |   |   |   |   |   |   |--- feature_25 >  0.40
|   |   |   |   |   |   |   |   |   |   |   |--- class: 0.0
|   |   |   |   |   |   |   |   |   |--- feature_35 >  0.08
|   |   |   |   |   |   |   |   |   |   |--- class: 0.0
|   |   |   |   |   |   |--- feature_13 >  0.43
|   |   |   |   |   |   |   |--- feature_26 <= 0.02
|   |   |   |   |   |   |   |   |--- feature_39 <= 0.03
|   |   |   |   |   |   |   |   |   |--- feature_6 <= 0.32
|   |   |   |   |   |   |   |   |   |   |--- feature_18 <= -0.07
|   |   |   |   |   |   |   |   |   |   |   |--- truncated branch of depth 3
|   |   |   |   |   |   |   |   |   |   |--- feature_18 >  -0.07
|   |   |   |   |   |   |   |   |   |   |   |--- truncated branch of depth 5
|   |   |   |   |   |   |   |   |   |--- feature_6 >  0.32
|   |   |   |   |   |   |   |   |   |   |--- class: 0.0
|   |   |   |   |   |   |   |   |--- feature_39 >  0.03
|   |   |   |   |   |   |   |   |   |--- feature_39 <= 0.14
|   |   |   |   |   |   |   |   |   |   |--- feature_3 <= 0.14
|   |   |   |   |   |   |   |   |   |   |   |--- truncated branch of depth 2
|   |   |   |   |   |   |   |   |   |   |--- feature_3 >  0.14
|   |   |   |   |   |   |   |   |   |   |   |--- class: 1.0
|   |   |   |   |   |   |   |   |   |--- feature_39 >  0.14
|   |   |   |   |   |   |   |   |   |   |--- feature_28 <= 0.41
|   |   |   |   |   |   |   |   |   |   |   |--- class: 1.0
|   |   |   |   |   |   |   |   |   |   |--- feature_28 >  0.41
|   |   |   |   |   |   |   |   |   |   |   |--- class: 0.0
|   |   |   |   |   |   |   |--- feature_26 >  0.02
|   |   |   |   |   |   |   |   |--- feature_4 <= 0.17
|   |   |   |   |   |   |   |   |   |--- class: 0.0
|   |   |   |   |   |   |   |   |--- feature_4 >  0.17
|   |   |   |   |   |   |   |   |   |--- class: 1.0
|   |   |   |   |   |--- feature_5 >  0.33
|   |   |   |   |   |   |--- feature_12 <= 0.28
|   |   |   |   |   |   |   |--- feature_13 <= 0.27
|   |   |   |   |   |   |   |   |--- feature_38 <= -0.09
|   |   |   |   |   |   |   |   |   |--- class: 0.0
|   |   |   |   |   |   |   |   |--- feature_38 >  -0.09
|   |   |   |   |   |   |   |   |   |--- feature_38 <= -0.00
|   |   |   |   |   |   |   |   |   |   |--- feature_15 <= -0.39
|   |   |   |   |   |   |   |   |   |   |   |--- class: 0.0
|   |   |   |   |   |   |   |   |   |   |--- feature_15 >  -0.39
|   |   |   |   |   |   |   |   |   |   |   |--- class: 1.0
|   |   |   |   |   |   |   |   |   |--- feature_38 >  -0.00
|   |   |   |   |   |   |   |   |   |   |--- feature_41 <= 0.06
|   |   |   |   |   |   |   |   |   |   |   |--- truncated branch of depth 4
|   |   |   |   |   |   |   |   |   |   |--- feature_41 >  0.06
|   |   |   |   |   |   |   |   |   |   |   |--- truncated branch of depth 8
|   |   |   |   |   |   |   |--- feature_13 >  0.27
|   |   |   |   |   |   |   |   |--- feature_26 <= 0.10
|   |   |   |   |   |   |   |   |   |--- feature_21 <= -0.10
|   |   |   |   |   |   |   |   |   |   |--- feature_26 <= -0.10
|   |   |   |   |   |   |   |   |   |   |   |--- truncated branch of depth 2
|   |   |   |   |   |   |   |   |   |   |--- feature_26 >  -0.10
|   |   |   |   |   |   |   |   |   |   |   |--- truncated branch of depth 2
|   |   |   |   |   |   |   |   |   |--- feature_21 >  -0.10
|   |   |   |   |   |   |   |   |   |   |--- feature_34 <= 0.11
|   |   |   |   |   |   |   |   |   |   |   |--- truncated branch of depth 4
|   |   |   |   |   |   |   |   |   |   |--- feature_34 >  0.11
|   |   |   |   |   |   |   |   |   |   |   |--- truncated branch of depth 5
|   |   |   |   |   |   |   |   |--- feature_26 >  0.10
|   |   |   |   |   |   |   |   |   |--- class: 0.0
|   |   |   |   |   |   |--- feature_12 >  0.28
|   |   |   |   |   |   |   |--- feature_0 <= -0.05
|   |   |   |   |   |   |   |   |--- class: 0.0
|   |   |   |   |   |   |   |--- feature_0 >  -0.05
|   |   |   |   |   |   |   |   |--- feature_36 <= 0.17
|   |   |   |   |   |   |   |   |   |--- feature_22 <= 0.09
|   |   |   |   |   |   |   |   |   |   |--- feature_5 <= 0.44
|   |   |   |   |   |   |   |   |   |   |   |--- class: 0.0
|   |   |   |   |   |   |   |   |   |   |--- feature_5 >  0.44
|   |   |   |   |   |   |   |   |   |   |   |--- class: 1.0
|   |   |   |   |   |   |   |   |   |--- feature_22 >  0.09
|   |   |   |   |   |   |   |   |   |   |--- class: 1.0
|   |   |   |   |   |   |   |   |--- feature_36 >  0.17
|   |   |   |   |   |   |   |   |   |--- feature_26 <= 0.01
|   |   |   |   |   |   |   |   |   |   |--- class: 1.0
|   |   |   |   |   |   |   |   |   |--- feature_26 >  0.01
|   |   |   |   |   |   |   |   |   |   |--- class: 0.0
|   |   |--- feature_19 >  0.19
|   |   |   |--- feature_12 <= 0.50
|   |   |   |   |--- feature_16 <= -0.08
|   |   |   |   |   |--- feature_33 <= 0.05
|   |   |   |   |   |   |--- feature_15 <= 0.05
|   |   |   |   |   |   |   |--- feature_34 <= -0.07
|   |   |   |   |   |   |   |   |--- feature_37 <= 0.06
|   |   |   |   |   |   |   |   |   |--- class: 1.0
|   |   |   |   |   |   |   |   |--- feature_37 >  0.06
|   |   |   |   |   |   |   |   |   |--- class: 0.0
|   |   |   |   |   |   |   |--- feature_34 >  -0.07
|   |   |   |   |   |   |   |   |--- feature_12 <= -0.19
|   |   |   |   |   |   |   |   |   |--- class: 1.0
|   |   |   |   |   |   |   |   |--- feature_12 >  -0.19
|   |   |   |   |   |   |   |   |   |--- feature_20 <= 0.17
|   |   |   |   |   |   |   |   |   |   |--- class: 0.0
|   |   |   |   |   |   |   |   |   |--- feature_20 >  0.17
|   |   |   |   |   |   |   |   |   |   |--- feature_31 <= -0.04
|   |   |   |   |   |   |   |   |   |   |   |--- class: 0.0
|   |   |   |   |   |   |   |   |   |   |--- feature_31 >  -0.04
|   |   |   |   |   |   |   |   |   |   |   |--- class: 1.0
|   |   |   |   |   |   |--- feature_15 >  0.05
|   |   |   |   |   |   |   |--- class: 1.0
|   |   |   |   |   |--- feature_33 >  0.05
|   |   |   |   |   |   |--- feature_8 <= 0.31
|   |   |   |   |   |   |   |--- feature_17 <= -0.31
|   |   |   |   |   |   |   |   |--- class: 0.0
|   |   |   |   |   |   |   |--- feature_17 >  -0.31
|   |   |   |   |   |   |   |   |--- feature_22 <= -0.07
|   |   |   |   |   |   |   |   |   |--- feature_5 <= 0.20
|   |   |   |   |   |   |   |   |   |   |--- class: 0.0
|   |   |   |   |   |   |   |   |   |--- feature_5 >  0.20
|   |   |   |   |   |   |   |   |   |   |--- class: 1.0
|   |   |   |   |   |   |   |   |--- feature_22 >  -0.07
|   |   |   |   |   |   |   |   |   |--- class: 1.0
|   |   |   |   |   |   |--- feature_8 >  0.31
|   |   |   |   |   |   |   |--- class: 0.0
|   |   |   |   |--- feature_16 >  -0.08
|   |   |   |   |   |--- feature_41 <= 0.17
|   |   |   |   |   |   |--- feature_17 <= -0.09
|   |   |   |   |   |   |   |--- feature_11 <= -0.02
|   |   |   |   |   |   |   |   |--- feature_26 <= -0.07
|   |   |   |   |   |   |   |   |   |--- feature_22 <= 0.15
|   |   |   |   |   |   |   |   |   |   |--- class: 0.0
|   |   |   |   |   |   |   |   |   |--- feature_22 >  0.15
|   |   |   |   |   |   |   |   |   |   |--- class: 1.0
|   |   |   |   |   |   |   |   |--- feature_26 >  -0.07
|   |   |   |   |   |   |   |   |   |--- feature_24 <= -0.02
|   |   |   |   |   |   |   |   |   |   |--- class: 0.0
|   |   |   |   |   |   |   |   |   |--- feature_24 >  -0.02
|   |   |   |   |   |   |   |   |   |   |--- class: 1.0
|   |   |   |   |   |   |   |--- feature_11 >  -0.02
|   |   |   |   |   |   |   |   |--- feature_33 <= 0.20
|   |   |   |   |   |   |   |   |   |--- feature_0 <= 0.19
|   |   |   |   |   |   |   |   |   |   |--- class: 0.0
|   |   |   |   |   |   |   |   |   |--- feature_0 >  0.19
|   |   |   |   |   |   |   |   |   |   |--- feature_5 <= 0.24
|   |   |   |   |   |   |   |   |   |   |   |--- class: 1.0
|   |   |   |   |   |   |   |   |   |   |--- feature_5 >  0.24
|   |   |   |   |   |   |   |   |   |   |   |--- class: 0.0
|   |   |   |   |   |   |   |   |--- feature_33 >  0.20
|   |   |   |   |   |   |   |   |   |--- class: 1.0
|   |   |   |   |   |   |--- feature_17 >  -0.09
|   |   |   |   |   |   |   |--- feature_1 <= 0.18
|   |   |   |   |   |   |   |   |--- feature_40 <= -0.03
|   |   |   |   |   |   |   |   |   |--- feature_6 <= 0.09
|   |   |   |   |   |   |   |   |   |   |--- class: 1.0
|   |   |   |   |   |   |   |   |   |--- feature_6 >  0.09
|   |   |   |   |   |   |   |   |   |   |--- feature_21 <= -0.13
|   |   |   |   |   |   |   |   |   |   |   |--- class: 1.0
|   |   |   |   |   |   |   |   |   |   |--- feature_21 >  -0.13
|   |   |   |   |   |   |   |   |   |   |   |--- truncated branch of depth 3
|   |   |   |   |   |   |   |   |--- feature_40 >  -0.03
|   |   |   |   |   |   |   |   |   |--- feature_13 <= 0.22
|   |   |   |   |   |   |   |   |   |   |--- feature_12 <= 0.32
|   |   |   |   |   |   |   |   |   |   |   |--- truncated branch of depth 4
|   |   |   |   |   |   |   |   |   |   |--- feature_12 >  0.32
|   |   |   |   |   |   |   |   |   |   |   |--- class: 1.0
|   |   |   |   |   |   |   |   |   |--- feature_13 >  0.22
|   |   |   |   |   |   |   |   |   |   |--- feature_10 <= -0.06
|   |   |   |   |   |   |   |   |   |   |   |--- class: 1.0
|   |   |   |   |   |   |   |   |   |   |--- feature_10 >  -0.06
|   |   |   |   |   |   |   |   |   |   |   |--- class: 0.0
|   |   |   |   |   |   |   |--- feature_1 >  0.18
|   |   |   |   |   |   |   |   |--- feature_39 <= -0.27
|   |   |   |   |   |   |   |   |   |--- class: 0.0
|   |   |   |   |   |   |   |   |--- feature_39 >  -0.27
|   |   |   |   |   |   |   |   |   |--- class: 1.0
|   |   |   |   |   |--- feature_41 >  0.17
|   |   |   |   |   |   |--- feature_21 <= 0.21
|   |   |   |   |   |   |   |--- feature_6 <= -0.19
|   |   |   |   |   |   |   |   |--- class: 1.0
|   |   |   |   |   |   |   |--- feature_6 >  -0.19
|   |   |   |   |   |   |   |   |--- feature_13 <= -0.55
|   |   |   |   |   |   |   |   |   |--- class: 1.0
|   |   |   |   |   |   |   |   |--- feature_13 >  -0.55
|   |   |   |   |   |   |   |   |   |--- feature_7 <= -0.16
|   |   |   |   |   |   |   |   |   |   |--- feature_18 <= -0.09
|   |   |   |   |   |   |   |   |   |   |   |--- class: 0.0
|   |   |   |   |   |   |   |   |   |   |--- feature_18 >  -0.09
|   |   |   |   |   |   |   |   |   |   |   |--- class: 1.0
|   |   |   |   |   |   |   |   |   |--- feature_7 >  -0.16
|   |   |   |   |   |   |   |   |   |   |--- class: 0.0
|   |   |   |   |   |   |--- feature_21 >  0.21
|   |   |   |   |   |   |   |--- feature_22 <= 0.28
|   |   |   |   |   |   |   |   |--- feature_35 <= -0.24
|   |   |   |   |   |   |   |   |   |--- class: 1.0
|   |   |   |   |   |   |   |   |--- feature_35 >  -0.24
|   |   |   |   |   |   |   |   |   |--- class: 0.0
|   |   |   |   |   |   |   |--- feature_22 >  0.28
|   |   |   |   |   |   |   |   |--- class: 1.0
|   |   |   |--- feature_12 >  0.50
|   |   |   |   |--- class: 0.0
