|--- feature_18 <= 1.50
|   |--- feature_10 <= 45.50
|   |   |--- feature_20 <= 0.50
|   |   |   |--- feature_9 <= 42.50
|   |   |   |   |--- feature_19 <= 0.50
|   |   |   |   |   |--- feature_10 <= 34.50
|   |   |   |   |   |   |--- feature_11 <= 51.50
|   |   |   |   |   |   |   |--- feature_21 <= 5.50
|   |   |   |   |   |   |   |   |--- feature_22 <= 5.50
|   |   |   |   |   |   |   |   |   |--- feature_10 <= 29.50
|   |   |   |   |   |   |   |   |   |   |--- feature_11 <= 50.50
|   |   |   |   |   |   |   |   |   |   |   |--- truncated branch of depth 19
|   |   |   |   |   |   |   |   |   |   |--- feature_11 >  50.50
|   |   |   |   |   |   |   |   |   |   |   |--- truncated branch of depth 2
|   |   |   |   |   |   |   |   |   |--- feature_10 >  29.50
|   |   |   |   |   |   |   |   |   |   |--- feature_22 <= 3.50
|   |   |   |   |   |   |   |   |   |   |   |--- truncated branch of depth 10
|   |   |   |   |   |   |   |   |   |   |--- feature_22 >  3.50
|   |   |   |   |   |   |   |   |   |   |   |--- truncated branch of depth 5
|   |   |   |   |   |   |   |   |--- feature_22 >  5.50
|   |   |   |   |   |   |   |   |   |--- feature_25 <= 2.50
|   |   |   |   |   |   |   |   |   |   |--- class: 1.0
|   |   |   |   |   |   |   |   |   |--- feature_25 >  2.50
|   |   |   |   |   |   |   |   |   |   |--- feature_6 <= 50.50
|   |   |   |   |   |   |   |   |   |   |   |--- class: 0.0
|   |   |   |   |   |   |   |   |   |   |--- feature_6 >  50.50
|   |   |   |   |   |   |   |   |   |   |   |--- truncated branch of depth 2
|   |   |   |   |   |   |   |--- feature_21 >  5.50
|   |   |   |   |   |   |   |   |--- feature_15 <= 51.50
|   |   |   |   |   |   |   |   |   |--- feature_8 <= 38.50
|   |   |   |   |   |   |   |   |   |   |--- feature_25 <= 1.50
|   |   |   |   |   |   |   |   |   |   |   |--- truncated branch of depth 2
|   |   |   |   |   |   |   |   |   |   |--- feature_25 >  1.50
|   |   |   |   |   |   |   |   |   |   |   |--- class: 0.0
|   |   |   |   |   |   |   |   |   |--- feature_8 >  38.50
|   |   |   |   |   |   |   |   |   |   |--- feature_17 <= 4.10
|   |   |   |   |   |   |   |   |   |   |   |--- class: 0.0
|   |   |   |   |   |   |   |   |   |   |--- feature_17 >  4.10
|   |   |   |   |   |   |   |   |   |   |   |--- truncated branch of depth 3
|   |   |   |   |   |   |   |   |--- feature_15 >  51.50
|   |   |   |   |   |   |   |   |   |--- class: 1.0
|   |   |   |   |   |   |--- feature_11 >  51.50
|   |   |   |   |   |   |   |--- feature_9 <= 33.00
|   |   |   |   |   |   |   |   |--- feature_3 <= 52.00
|   |   |   |   |   |   |   |   |   |--- class: 0.0
|   |   |   |   |   |   |   |   |--- feature_3 >  52.00
|   |   |   |   |   |   |   |   |   |--- feature_17 <= 4.00
|   |   |   |   |   |   |   |   |   |   |--- class: 1.0
|   |   |   |   |   |   |   |   |   |--- feature_17 >  4.00
|   |   |   |   |   |   |   |   |   |   |--- class: 0.0
|   |   |   |   |   |   |   |--- feature_9 >  33.00
|   |   |   |   |   |   |   |   |--- feature_2 <= 51.50
|   |   |   |   |   |   |   |   |   |--- feature_17 <= 4.70
|   |   |   |   |   |   |   |   |   |   |--- class: 1.0
|   |   |   |   |   |   |   |   |   |--- feature_17 >  4.70
|   |   |   |   |   |   |   |   |   |   |--- feature_13 <= 50.50
|   |   |   |   |   |   |   |   |   |   |   |--- class: 1.0
|   |   |   |   |   |   |   |   |   |   |--- feature_13 >  50.50
|   |   |   |   |   |   |   |   |   |   |   |--- class: 0.0
|   |   |   |   |   |   |   |   |--- feature_2 >  51.50
|   |   |   |   |   |   |   |   |   |--- class: 0.0
|   |   |   |   |   |--- feature_10 >  34.50
|   |   |   |   |   |   |--- feature_24 <= 3.50
|   |   |   |   |   |   |   |--- feature_3 <= 56.50
|   |   |   |   |   |   |   |   |--- feature_11 <= 57.50
|   |   |   |   |   |   |   |   |   |--- feature_4 <= 50.50
|   |   |   |   |   |   |   |   |   |   |--- feature_21 <= 2.50
|   |   |   |   |   |   |   |   |   |   |   |--- truncated branch of depth 7
|   |   |   |   |   |   |   |   |   |   |--- feature_21 >  2.50
|   |   |   |   |   |   |   |   |   |   |   |--- truncated branch of depth 5
|   |   |   |   |   |   |   |   |   |--- feature_4 >  50.50
|   |   |   |   |   |   |   |   |   |   |--- feature_21 <= 7.50
|   |   |   |   |   |   |   |   |   |   |   |--- truncated branch of depth 7
|   |   |   |   |   |   |   |   |   |   |--- feature_21 >  7.50
|   |   |   |   |   |   |   |   |   |   |   |--- class: 1.0
|   |   |   |   |   |   |   |   |--- feature_11 >  57.50
|   |   |   |   |   |   |   |   |   |--- feature_4 <= 51.50
|   |   |   |   |   |   |   |   |   |   |--- class: 1.0
|   |   |   |   |   |   |   |   |   |--- feature_4 >  51.50
|   |   |   |   |   |   |   |   |   |   |--- feature_22 <= 4.00
|   |   |   |   |   |   |   |   |   |   |   |--- class: 0.0
|   |   |   |   |   |   |   |   |   |   |--- feature_22 >  4.00
|   |   |   |   |   |   |   |   |   |   |   |--- class: 1.0
|   |   |   |   |   |   |   |--- feature_3 >  56.50
|   |   |   |   |   |   |   |   |--- feature_4 <= 50.50
|   |   |   |   |   |   |   |   |   |--- class: 1.0
|   |   |   |   |   |   |   |   |--- feature_4 >  50.50
|   |   |   |   |   |   |   |   |   |--- feature_21 <= 1.00
|   |   |   |   |   |   |   |   |   |   |--- feature_3 <= 60.00
|   |   |   |   |   |   |   |   |   |   |   |--- class: 1.0
|   |   |   |   |   |   |   |   |   |   |--- feature_3 >  60.00
|   |   |   |   |   |   |   |   |   |   |   |--- class: 0.0
|   |   |   |   |   |   |   |   |   |--- feature_21 >  1.00
|   |   |   |   |   |   |   |   |   |   |--- class: 0.0
|   |   |   |   |   |   |--- feature_24 >  3.50
|   |   |   |   |   |   |   |--- feature_15 <= 56.50
|   |   |   |   |   |   |   |   |--- feature_3 <= 68.50
|   |   |   |   |   |   |   |   |   |--- feature_10 <= 42.50
|   |   |   |   |   |   |   |   |   |   |--- feature_3 <= 54.50
|   |   |   |   |   |   |   |   |   |   |   |--- truncated branch of depth 14
|   |   |   |   |   |   |   |   |   |   |--- feature_3 >  54.50
|   |   |   |   |   |   |   |   |   |   |   |--- truncated branch of depth 5
|   |   |   |   |   |   |   |   |   |--- feature_10 >  42.50
|   |   |   |   |   |   |   |   |   |   |--- feature_12 <= 65.00
|   |   |   |   |   |   |   |   |   |   |   |--- truncated branch of depth 8
|   |   |   |   |   |   |   |   |   |   |--- feature_12 >  65.00
|   |   |   |   |   |   |   |   |   |   |   |--- truncated branch of depth 2
|   |   |   |   |   |   |   |   |--- feature_3 >  68.50
|   |   |   |   |   |   |   |   |   |--- class: 1.0
|   |   |   |   |   |   |   |--- feature_15 >  56.50
|   |   |   |   |   |   |   |   |--- class: 1.0
|   |   |   |   |--- feature_19 >  0.50
|   |   |   |   |   |--- feature_21 <= 3.50
|   |   |   |   |   |   |--- feature_24 <= 1.83
|   |   |   |   |   |   |   |--- feature_21 <= 2.50
|   |   |   |   |   |   |   |   |--- feature_8 <= 31.00
|   |   |   |   |   |   |   |   |   |--- feature_17 <= 4.10
|   |   |   |   |   |   |   |   |   |   |--- class: 1.0
|   |   |   |   |   |   |   |   |   |--- feature_17 >  4.10
|   |   |   |   |   |   |   |   |   |   |--- class: 0.0
|   |   |   |   |   |   |   |   |--- feature_8 >  31.00
|   |   |   |   |   |   |   |   |   |--- class: 1.0
|   |   |   |   |   |   |   |--- feature_21 >  2.50
|   |   |   |   |   |   |   |   |--- class: 0.0
|   |   |   |   |   |   |--- feature_24 >  1.83
|   |   |   |   |   |   |   |--- feature_17 <= 2.90
|   |   |   |   |   |   |   |   |--- class: 1.0
|   |   |   |   |   |   |   |--- feature_17 >  2.90
|   |   |   |   |   |   |   |   |--- feature_10 <= 31.50
|   |   |   |   |   |   |   |   |   |--- feature_9 <= 31.00
|   |   |   |   |   |   |   |   |   |   |--- feature_17 <= 3.90
|   |   |   |   |   |   |   |   |   |   |   |--- class: 1.0
|   |   |   |   |   |   |   |   |   |   |--- feature_17 >  3.90
|   |   |   |   |   |   |   |   |   |   |   |--- truncated branch of depth 3
|   |   |   |   |   |   |   |   |   |--- feature_9 >  31.00
|   |   |   |   |   |   |   |   |   |   |--- class: 0.0
|   |   |   |   |   |   |   |   |--- feature_10 >  31.50
|   |   |   |   |   |   |   |   |   |--- feature_8 <= 39.50
|   |   |   |   |   |   |   |   |   |   |--- class: 1.0
|   |   |   |   |   |   |   |   |   |--- feature_8 >  39.50
|   |   |   |   |   |   |   |   |   |   |--- feature_22 <= 0.50
|   |   |   |   |   |   |   |   |   |   |   |--- class: 0.0
|   |   |   |   |   |   |   |   |   |   |--- feature_22 >  0.50
|   |   |   |   |   |   |   |   |   |   |   |--- truncated branch of depth 7
|   |   |   |   |   |--- feature_21 >  3.50
|   |   |   |   |   |   |--- feature_4 <= 50.50
|   |   |   |   |   |   |   |--- feature_21 <= 4.50
|   |   |   |   |   |   |   |   |--- feature_24 <= 2.00
|   |   |   |   |   |   |   |   |   |--- class: 0.0
|   |   |   |   |   |   |   |   |--- feature_24 >  2.00
|   |   |   |   |   |   |   |   |   |--- class: 1.0
|   |   |   |   |   |   |   |--- feature_21 >  4.50
|   |   |   |   |   |   |   |   |--- feature_22 <= 3.50
|   |   |   |   |   |   |   |   |   |--- feature_6 <= 51.50
|   |   |   |   |   |   |   |   |   |   |--- feature_8 <= 33.00
|   |   |   |   |   |   |   |   |   |   |   |--- truncated branch of depth 2
|   |   |   |   |   |   |   |   |   |   |--- feature_8 >  33.00
|   |   |   |   |   |   |   |   |   |   |   |--- class: 0.0
|   |   |   |   |   |   |   |   |   |--- feature_6 >  51.50
|   |   |   |   |   |   |   |   |   |   |--- class: 1.0
|   |   |   |   |   |   |   |   |--- feature_22 >  3.50
|   |   |   |   |   |   |   |   |   |--- feature_21 <= 6.50
|   |   |   |   |   |   |   |   |   |   |--- class: 1.0
|   |   |   |   |   |   |   |   |   |--- feature_21 >  6.50
|   |   |   |   |   |   |   |   |   |   |--- feature_24 <= 4.83
|   |   |   |   |   |   |   |   |   |   |   |--- class: 0.0
|   |   |   |   |   |   |   |   |   |   |--- feature_24 >  4.83
|   |   |   |   |   |   |   |   |   |   |   |--- class: 1.0
|   |   |   |   |   |   |--- feature_4 >  50.50
|   |   |   |   |   |   |   |--- class: 0.0
|   |   |   |--- feature_9 >  42.50
|   |   |   |   |--- feature_19 <= 0.50
|   |   |   |   |   |--- feature_25 <= 2.50
|   |   |   |   |   |   |--- feature_5 <= 52.50
|   |   |   |   |   |   |   |--- feature_21 <= 4.50
|   |   |   |   |   |   |   |   |--- feature_3 <= 50.50
|   |   |   |   |   |   |   |   |   |--- feature_9 <= 51.00
|   |   |   |   |   |   |   |   |   |   |--- feature_22 <= 3.50
|   |   |   |   |   |   |   |   |   |   |   |--- class: 0.0
|   |   |   |   |   |   |   |   |   |   |--- feature_22 >  3.50
|   |   |   |   |   |   |   |   |   |   |   |--- truncated branch of depth 2
|   |   |   |   |   |   |   |   |   |--- feature_9 >  51.00
|   |   |   |   |   |   |   |   |   |   |--- feature_10 <= 41.00
|   |   |   |   |   |   |   |   |   |   |   |--- class: 0.0
|   |   |   |   |   |   |   |   |   |   |--- feature_10 >  41.00
|   |   |   |   |   |   |   |   |   |   |   |--- class: 1.0
|   |   |   |   |   |   |   |   |--- feature_3 >  50.50
|   |   |   |   |   |   |   |   |   |--- feature_17 <= 4.90
|   |   |   |   |   |   |   |   |   |   |--- feature_6 <= 52.00
|   |   |   |   |   |   |   |   |   |   |   |--- truncated branch of depth 3
|   |   |   |   |   |   |   |   |   |   |--- feature_6 >  52.00
|   |   |   |   |   |   |   |   |   |   |   |--- truncated branch of depth 3
|   |   |   |   |   |   |   |   |   |--- feature_17 >  4.90
|   |   |   |   |   |   |   |   |   |   |--- feature_24 <= 3.67
|   |   |   |   |   |   |   |   |   |   |   |--- class: 1.0
|   |   |   |   |   |   |   |   |   |   |--- feature_24 >  3.67
|   |   |   |   |   |   |   |   |   |   |   |--- class: 0.0
|   |   |   |   |   |   |   |--- feature_21 >  4.50
|   |   |   |   |   |   |   |   |--- feature_8 <= 47.00
|   |   |   |   |   |   |   |   |   |--- feature_8 <= 43.50
|   |   |   |   |   |   |   |   |   |   |--- feature_25 <= 1.50
|   |   |   |   |   |   |   |   |   |   |   |--- class: 1.0
|   |   |   |   |   |   |   |   |   |   |--- feature_25 >  1.50
|   |   |   |   |   |   |   |   |   |   |   |--- truncated branch of depth 3
|   |   |   |   |   |   |   |   |   |--- feature_8 >  43.50
|   |   |   |   |   |   |   |   |   |   |--- class: 1.0
|   |   |   |   |   |   |   |   |--- feature_8 >  47.00
|   |   |   |   |   |   |   |   |   |--- class: 0.0
|   |   |   |   |   |   |--- feature_5 >  52.50
|   |   |   |   |   |   |   |--- feature_22 <= 4.50
|   |   |   |   |   |   |   |   |--- feature_4 <= 50.50
|   |   |   |   |   |   |   |   |   |--- feature_3 <= 50.50
|   |   |   |   |   |   |   |   |   |   |--- feature_8 <= 50.00
|   |   |   |   |   |   |   |   |   |   |   |--- class: 1.0
|   |   |   |   |   |   |   |   |   |   |--- feature_8 >  50.00
|   |   |   |   |   |   |   |   |   |   |   |--- class: 0.0
|   |   |   |   |   |   |   |   |   |--- feature_3 >  50.50
|   |   |   |   |   |   |   |   |   |   |--- feature_9 <= 49.50
|   |   |   |   |   |   |   |   |   |   |   |--- class: 1.0
|   |   |   |   |   |   |   |   |   |   |--- feature_9 >  49.50
|   |   |   |   |   |   |   |   |   |   |   |--- class: 0.0
|   |   |   |   |   |   |   |   |--- feature_4 >  50.50
|   |   |   |   |   |   |   |   |   |--- class: 1.0
|   |   |   |   |   |   |   |--- feature_22 >  4.50
|   |   |   |   |   |   |   |   |--- class: 0.0
|   |   |   |   |   |--- feature_25 >  2.50
|   |   |   |   |   |   |--- feature_22 <= 1.56
|   |   |   |   |   |   |   |--- feature_8 <= 51.50
|   |   |   |   |   |   |   |   |--- feature_9 <= 43.50
|   |   |   |   |   |   |   |   |   |--- feature_25 <= 3.50
|   |   |   |   |   |   |   |   |   |   |--- feature_7 <= 50.50
|   |   |   |   |   |   |   |   |   |   |   |--- class: 1.0
|   |   |   |   |   |   |   |   |   |   |--- feature_7 >  50.50
|   |   |   |   |   |   |   |   |   |   |   |--- class: 0.0
|   |   |   |   |   |   |   |   |   |--- feature_25 >  3.50
|   |   |   |   |   |   |   |   |   |   |--- feature_21 <= 2.50
|   |   |   |   |   |   |   |   |   |   |   |--- class: 0.0
|   |   |   |   |   |   |   |   |   |   |--- feature_21 >  2.50
|   |   |   |   |   |   |   |   |   |   |   |--- class: 1.0
|   |   |   |   |   |   |   |   |--- feature_9 >  43.50
|   |   |   |   |   |   |   |   |   |--- feature_3 <= 54.50
|   |   |   |   |   |   |   |   |   |   |--- feature_21 <= 6.50
|   |   |   |   |   |   |   |   |   |   |   |--- truncated branch of depth 12
|   |   |   |   |   |   |   |   |   |   |--- feature_21 >  6.50
|   |   |   |   |   |   |   |   |   |   |   |--- truncated branch of depth 2
|   |   |   |   |   |   |   |   |   |--- feature_3 >  54.50
|   |   |   |   |   |   |   |   |   |   |--- feature_3 <= 56.50
|   |   |   |   |   |   |   |   |   |   |   |--- truncated branch of depth 2
|   |   |   |   |   |   |   |   |   |   |--- feature_3 >  56.50
|   |   |   |   |   |   |   |   |   |   |   |--- truncated branch of depth 2
|   |   |   |   |   |   |   |--- feature_8 >  51.50
|   |   |   |   |   |   |   |   |--- feature_5 <= 51.50
|   |   |   |   |   |   |   |   |   |--- feature_24 <= 3.83
|   |   |   |   |   |   |   |   |   |   |--- feature_13 <= 50.50
|   |   |   |   |   |   |   |   |   |   |   |--- truncated branch of depth 2
|   |   |   |   |   |   |   |   |   |   |--- feature_13 >  50.50
|   |   |   |   |   |   |   |   |   |   |   |--- class: 1.0
|   |   |   |   |   |   |   |   |   |--- feature_24 >  3.83
|   |   |   |   |   |   |   |   |   |   |--- class: 0.0
|   |   |   |   |   |   |   |   |--- feature_5 >  51.50
|   |   |   |   |   |   |   |   |   |--- feature_7 <= 51.50
|   |   |   |   |   |   |   |   |   |   |--- class: 1.0
|   |   |   |   |   |   |   |   |   |--- feature_7 >  51.50
|   |   |   |   |   |   |   |   |   |   |--- class: 0.0
|   |   |   |   |   |   |--- feature_22 >  1.56
|   |   |   |   |   |   |   |--- feature_10 <= 40.50
|   |   |   |   |   |   |   |   |--- feature_22 <= 5.50
|   |   |   |   |   |   |   |   |   |--- feature_14 <= 51.50
|   |   |   |   |   |   |   |   |   |   |--- feature_24 <= 1.50
|   |   |   |   |   |   |   |   |   |   |   |--- truncated branch of depth 2
|   |   |   |   |   |   |   |   |   |   |--- feature_24 >  1.50
|   |   |   |   |   |   |   |   |   |   |   |--- truncated branch of depth 12
|   |   |   |   |   |   |   |   |   |--- feature_14 >  51.50
|   |   |   |   |   |   |   |   |   |   |--- feature_24 <= 3.33
|   |   |   |   |   |   |   |   |   |   |   |--- class: 1.0
|   |   |   |   |   |   |   |   |   |   |--- feature_24 >  3.33
|   |   |   |   |   |   |   |   |   |   |   |--- truncated branch of depth 5
|   |   |   |   |   |   |   |   |--- feature_22 >  5.50
|   |   |   |   |   |   |   |   |   |--- feature_8 <= 32.00
|   |   |   |   |   |   |   |   |   |   |--- class: 0.0
|   |   |   |   |   |   |   |   |   |--- feature_8 >  32.00
|   |   |   |   |   |   |   |   |   |   |--- feature_8 <= 42.50
|   |   |   |   |   |   |   |   |   |   |   |--- truncated branch of depth 2
|   |   |   |   |   |   |   |   |   |   |--- feature_8 >  42.50
|   |   |   |   |   |   |   |   |   |   |   |--- class: 0.0
|   |   |   |   |   |   |   |--- feature_10 >  40.50
|   |   |   |   |   |   |   |   |--- feature_15 <= 51.50
|   |   |   |   |   |   |   |   |   |--- feature_5 <= 57.00
|   |   |   |   |   |   |   |   |   |   |--- feature_9 <= 44.50
|   |   |   |   |   |   |   |   |   |   |   |--- truncated branch of depth 3
|   |   |   |   |   |   |   |   |   |   |--- feature_9 >  44.50
|   |   |   |   |   |   |   |   |   |   |   |--- truncated branch of depth 11
|   |   |   |   |   |   |   |   |   |--- feature_5 >  57.00
|   |   |   |   |   |   |   |   |   |   |--- feature_10 <= 44.50
|   |   |   |   |   |   |   |   |   |   |   |--- class: 0.0
|   |   |   |   |   |   |   |   |   |   |--- feature_10 >  44.50
|   |   |   |   |   |   |   |   |   |   |   |--- class: 1.0
|   |   |   |   |   |   |   |   |--- feature_15 >  51.50
|   |   |   |   |   |   |   |   |   |--- feature_13 <= 59.50
|   |   |   |   |   |   |   |   |   |   |--- feature_21 <= 2.50
|   |   |   |   |   |   |   |   |   |   |   |--- truncated branch of depth 12
|   |   |   |   |   |   |   |   |   |   |--- feature_21 >  2.50
|   |   |   |   |   |   |   |   |   |   |   |--- truncated branch of depth 10
|   |   |   |   |   |   |   |   |   |--- feature_13 >  59.50
|   |   |   |   |   |   |   |   |   |   |--- class: 1.0
|   |   |   |   |--- feature_19 >  0.50
|   |   |   |   |   |--- feature_22 <= 2.50
|   |   |   |   |   |   |--- feature_25 <= 4.50
|   |   |   |   |   |   |   |--- feature_15 <= 53.00
|   |   |   |   |   |   |   |   |--- feature_15 <= 50.50
|   |   |   |   |   |   |   |   |   |--- feature_13 <= 50.50
|   |   |   |   |   |   |   |   |   |   |--- feature_3 <= 53.00
|   |   |   |   |   |   |   |   |   |   |   |--- class: 1.0
|   |   |   |   |   |   |   |   |   |   |--- feature_3 >  53.00
|   |   |   |   |   |   |   |   |   |   |   |--- class: 0.0
|   |   |   |   |   |   |   |   |   |--- feature_13 >  50.50
|   |   |   |   |   |   |   |   |   |   |--- class: 0.0
|   |   |   |   |   |   |   |   |--- feature_15 >  50.50
|   |   |   |   |   |   |   |   |   |--- class: 0.0
|   |   |   |   |   |   |   |--- feature_15 >  53.00
|   |   |   |   |   |   |   |   |--- feature_17 <= 4.30
|   |   |   |   |   |   |   |   |   |--- class: 1.0
|   |   |   |   |   |   |   |   |--- feature_17 >  4.30
|   |   |   |   |   |   |   |   |   |--- feature_13 <= 50.50
|   |   |   |   |   |   |   |   |   |   |--- class: 0.0
|   |   |   |   |   |   |   |   |   |--- feature_13 >  50.50
|   |   |   |   |   |   |   |   |   |   |--- class: 1.0
|   |   |   |   |   |   |--- feature_25 >  4.50
|   |   |   |   |   |   |   |--- feature_24 <= 3.50
|   |   |   |   |   |   |   |   |--- feature_10 <= 33.00
|   |   |   |   |   |   |   |   |   |--- class: 0.0
|   |   |   |   |   |   |   |   |--- feature_10 >  33.00
|   |   |   |   |   |   |   |   |   |--- class: 1.0
|   |   |   |   |   |   |   |--- feature_24 >  3.50
|   |   |   |   |   |   |   |   |--- feature_17 <= 4.30
|   |   |   |   |   |   |   |   |   |--- feature_23 <= 0.50
|   |   |   |   |   |   |   |   |   |   |--- class: 1.0
|   |   |   |   |   |   |   |   |   |--- feature_23 >  0.50
|   |   |   |   |   |   |   |   |   |   |--- class: 0.0
|   |   |   |   |   |   |   |   |--- feature_17 >  4.30
|   |   |   |   |   |   |   |   |   |--- feature_23 <= 0.50
|   |   |   |   |   |   |   |   |   |   |--- feature_9 <= 45.50
|   |   |   |   |   |   |   |   |   |   |   |--- truncated branch of depth 2
|   |   |   |   |   |   |   |   |   |   |--- feature_9 >  45.50
|   |   |   |   |   |   |   |   |   |   |   |--- class: 0.0
|   |   |   |   |   |   |   |   |   |--- feature_23 >  0.50
|   |   |   |   |   |   |   |   |   |   |--- class: 1.0
|   |   |   |   |   |--- feature_22 >  2.50
|   |   |   |   |   |   |--- feature_5 <= 53.50
|   |   |   |   |   |   |   |--- feature_0 <= 52.50
|   |   |   |   |   |   |   |   |--- feature_13 <= 54.50
|   |   |   |   |   |   |   |   |   |--- feature_12 <= 51.50
|   |   |   |   |   |   |   |   |   |   |--- feature_1 <= 50.50
|   |   |   |   |   |   |   |   |   |   |   |--- truncated branch of depth 4
|   |   |   |   |   |   |   |   |   |   |--- feature_1 >  50.50
|   |   |   |   |   |   |   |   |   |   |   |--- class: 1.0
|   |   |   |   |   |   |   |   |   |--- feature_12 >  51.50
|   |   |   |   |   |   |   |   |   |   |--- feature_25 <= 3.50
|   |   |   |   |   |   |   |   |   |   |   |--- class: 0.0
|   |   |   |   |   |   |   |   |   |   |--- feature_25 >  3.50
|   |   |   |   |   |   |   |   |   |   |   |--- class: 1.0
|   |   |   |   |   |   |   |   |--- feature_13 >  54.50
|   |   |   |   |   |   |   |   |   |--- class: 0.0
|   |   |   |   |   |   |   |--- feature_0 >  52.50
|   |   |   |   |   |   |   |   |--- feature_0 <= 53.50
|   |   |   |   |   |   |   |   |   |--- class: 0.0
|   |   |   |   |   |   |   |   |--- feature_0 >  53.50
|   |   |   |   |   |   |   |   |   |--- class: 1.0
|   |   |   |   |   |   |--- feature_5 >  53.50
|   |   |   |   |   |   |   |--- feature_9 <= 54.50
|   |   |   |   |   |   |   |   |--- feature_3 <= 56.50
|   |   |   |   |   |   |   |   |   |--- feature_1 <= 57.00
|   |   |   |   |   |   |   |   |   |   |--- class: 0.0
|   |   |   |   |   |   |   |   |   |--- feature_1 >  57.00
|   |   |   |   |   |   |   |   |   |   |--- class: 1.0
|   |   |   |   |   |   |   |   |--- feature_3 >  56.50
|   |   |   |   |   |   |   |   |   |--- class: 1.0
|   |   |   |   |   |   |   |--- feature_9 >  54.50
|   |   |   |   |   |   |   |   |--- class: 1.0
|   |   |--- feature_20 >  0.50
|   |   |   |--- feature_9 <= 46.50
|   |   |   |   |--- feature_21 <= 1.50
|   |   |   |   |   |--- feature_10 <= 41.50
|   |   |   |   |   |   |--- feature_7 <= 53.50
|   |   |   |   |   |   |   |--- feature_24 <= 4.50
|   |   |   |   |   |   |   |   |--- feature_9 <= 36.00
|   |   |   |   |   |   |   |   |   |--- class: 0.0
|   |   |   |   |   |   |   |   |--- feature_9 >  36.00
|   |   |   |   |   |   |   |   |   |--- feature_11 <= 51.50
|   |   |   |   |   |   |   |   |   |   |--- feature_9 <= 39.50
|   |   |   |   |   |   |   |   |   |   |   |--- truncated branch of depth 3
|   |   |   |   |   |   |   |   |   |   |--- feature_9 >  39.50
|   |   |   |   |   |   |   |   |   |   |   |--- truncated branch of depth 2
|   |   |   |   |   |   |   |   |   |--- feature_11 >  51.50
|   |   |   |   |   |   |   |   |   |   |--- class: 1.0
|   |   |   |   |   |   |   |--- feature_24 >  4.50
|   |   |   |   |   |   |   |   |--- feature_9 <= 45.50
|   |   |   |   |   |   |   |   |   |--- feature_10 <= 25.50
|   |   |   |   |   |   |   |   |   |   |--- feature_8 <= 31.00
|   |   |   |   |   |   |   |   |   |   |   |--- class: 0.0
|   |   |   |   |   |   |   |   |   |   |--- feature_8 >  31.00
|   |   |   |   |   |   |   |   |   |   |   |--- class: 1.0
|   |   |   |   |   |   |   |   |   |--- feature_10 >  25.50
|   |   |   |   |   |   |   |   |   |   |--- feature_17 <= 4.10
|   |   |   |   |   |   |   |   |   |   |   |--- truncated branch of depth 4
|   |   |   |   |   |   |   |   |   |   |--- feature_17 >  4.10
|   |   |   |   |   |   |   |   |   |   |   |--- truncated branch of depth 5
|   |   |   |   |   |   |   |   |--- feature_9 >  45.50
|   |   |   |   |   |   |   |   |   |--- class: 1.0
|   |   |   |   |   |   |--- feature_7 >  53.50
|   |   |   |   |   |   |   |--- class: 1.0
|   |   |   |   |   |--- feature_10 >  41.50
|   |   |   |   |   |   |--- feature_4 <= 56.00
|   |   |   |   |   |   |   |--- feature_19 <= 0.50
|   |   |   |   |   |   |   |   |--- feature_22 <= 2.50
|   |   |   |   |   |   |   |   |   |--- feature_9 <= 36.00
|   |   |   |   |   |   |   |   |   |   |--- class: 1.0
|   |   |   |   |   |   |   |   |   |--- feature_9 >  36.00
|   |   |   |   |   |   |   |   |   |   |--- class: 0.0
|   |   |   |   |   |   |   |   |--- feature_22 >  2.50
|   |   |   |   |   |   |   |   |   |--- feature_2 <= 60.00
|   |   |   |   |   |   |   |   |   |   |--- feature_25 <= 3.50
|   |   |   |   |   |   |   |   |   |   |   |--- class: 0.0
|   |   |   |   |   |   |   |   |   |   |--- feature_25 >  3.50
|   |   |   |   |   |   |   |   |   |   |   |--- class: 1.0
|   |   |   |   |   |   |   |   |   |--- feature_2 >  60.00
|   |   |   |   |   |   |   |   |   |   |--- class: 0.0
|   |   |   |   |   |   |   |--- feature_19 >  0.50
|   |   |   |   |   |   |   |   |--- feature_5 <= 51.50
|   |   |   |   |   |   |   |   |   |--- class: 1.0
|   |   |   |   |   |   |   |   |--- feature_5 >  51.50
|   |   |   |   |   |   |   |   |   |--- class: 0.0
|   |   |   |   |   |   |--- feature_4 >  56.00
|   |   |   |   |   |   |   |--- class: 1.0
|   |   |   |   |--- feature_21 >  1.50
|   |   |   |   |   |--- feature_23 <= 0.50
|   |   |   |   |   |   |--- feature_0 <= 54.00
|   |   |   |   |   |   |   |--- feature_24 <= 2.83
|   |   |   |   |   |   |   |   |--- feature_17 <= 3.40
|   |   |   |   |   |   |   |   |   |--- class: 0.0
|   |   |   |   |   |   |   |   |--- feature_17 >  3.40
|   |   |   |   |   |   |   |   |   |--- class: 1.0
|   |   |   |   |   |   |   |--- feature_24 >  2.83
|   |   |   |   |   |   |   |   |--- feature_7 <= 52.00
|   |   |   |   |   |   |   |   |   |--- feature_14 <= 51.50
|   |   |   |   |   |   |   |   |   |   |--- feature_13 <= 53.00
|   |   |   |   |   |   |   |   |   |   |   |--- truncated branch of depth 8
|   |   |   |   |   |   |   |   |   |   |--- feature_13 >  53.00
|   |   |   |   |   |   |   |   |   |   |   |--- class: 0.0
|   |   |   |   |   |   |   |   |   |--- feature_14 >  51.50
|   |   |   |   |   |   |   |   |   |   |--- class: 0.0
|   |   |   |   |   |   |   |   |--- feature_7 >  52.00
|   |   |   |   |   |   |   |   |   |--- class: 1.0
|   |   |   |   |   |   |--- feature_0 >  54.00
|   |   |   |   |   |   |   |--- class: 1.0
|   |   |   |   |   |--- feature_23 >  0.50
|   |   |   |   |   |   |--- feature_6 <= 57.00
|   |   |   |   |   |   |   |--- feature_13 <= 59.50
|   |   |   |   |   |   |   |   |--- class: 1.0
|   |   |   |   |   |   |   |--- feature_13 >  59.50
|   |   |   |   |   |   |   |   |--- feature_17 <= 4.80
|   |   |   |   |   |   |   |   |   |--- class: 0.0
|   |   |   |   |   |   |   |   |--- feature_17 >  4.80
|   |   |   |   |   |   |   |   |   |--- class: 1.0
|   |   |   |   |   |   |--- feature_6 >  57.00
|   |   |   |   |   |   |   |--- class: 0.0
|   |   |   |--- feature_9 >  46.50
|   |   |   |   |--- feature_3 <= 58.50
|   |   |   |   |   |--- feature_0 <= 55.50
|   |   |   |   |   |   |--- feature_11 <= 50.50
|   |   |   |   |   |   |   |--- feature_5 <= 53.50
|   |   |   |   |   |   |   |   |--- feature_21 <= 6.50
|   |   |   |   |   |   |   |   |   |--- feature_13 <= 56.00
|   |   |   |   |   |   |   |   |   |   |--- feature_17 <= 4.50
|   |   |   |   |   |   |   |   |   |   |   |--- class: 1.0
|   |   |   |   |   |   |   |   |   |   |--- feature_17 >  4.50
|   |   |   |   |   |   |   |   |   |   |   |--- truncated branch of depth 4
|   |   |   |   |   |   |   |   |   |--- feature_13 >  56.00
|   |   |   |   |   |   |   |   |   |   |--- class: 0.0
|   |   |   |   |   |   |   |   |--- feature_21 >  6.50
|   |   |   |   |   |   |   |   |   |--- class: 0.0
|   |   |   |   |   |   |   |--- feature_5 >  53.50
|   |   |   |   |   |   |   |   |--- feature_8 <= 37.00
|   |   |   |   |   |   |   |   |   |--- class: 1.0
|   |   |   |   |   |   |   |   |--- feature_8 >  37.00
|   |   |   |   |   |   |   |   |   |--- feature_13 <= 54.50
|   |   |   |   |   |   |   |   |   |   |--- class: 0.0
|   |   |   |   |   |   |   |   |   |--- feature_13 >  54.50
|   |   |   |   |   |   |   |   |   |   |--- class: 1.0
|   |   |   |   |   |   |--- feature_11 >  50.50
|   |   |   |   |   |   |   |--- feature_21 <= 0.50
|   |   |   |   |   |   |   |   |--- feature_6 <= 55.00
|   |   |   |   |   |   |   |   |   |--- class: 0.0
|   |   |   |   |   |   |   |   |--- feature_6 >  55.00
|   |   |   |   |   |   |   |   |   |--- class: 1.0
|   |   |   |   |   |   |   |--- feature_21 >  0.50
|   |   |   |   |   |   |   |   |--- feature_6 <= 58.50
|   |   |   |   |   |   |   |   |   |--- class: 1.0
|   |   |   |   |   |   |   |   |--- feature_6 >  58.50
|   |   |   |   |   |   |   |   |   |--- feature_21 <= 2.50
|   |   |   |   |   |   |   |   |   |   |--- class: 1.0
|   |   |   |   |   |   |   |   |   |--- feature_21 >  2.50
|   |   |   |   |   |   |   |   |   |   |--- class: 0.0
|   |   |   |   |   |--- feature_0 >  55.50
|   |   |   |   |   |   |--- class: 0.0
|   |   |   |   |--- feature_3 >  58.50
|   |   |   |   |   |--- class: 0.0
|   |--- feature_10 >  45.50
|   |   |--- feature_10 <= 53.50
|   |   |   |--- feature_19 <= 0.50
|   |   |   |   |--- feature_23 <= 0.50
|   |   |   |   |   |--- feature_20 <= 0.50
|   |   |   |   |   |   |--- feature_21 <= 4.50
|   |   |   |   |   |   |   |--- feature_16 <= 50.50
|   |   |   |   |   |   |   |   |--- feature_1 <= 53.50
|   |   |   |   |   |   |   |   |   |--- feature_11 <= 68.50
|   |   |   |   |   |   |   |   |   |   |--- feature_15 <= 53.00
|   |   |   |   |   |   |   |   |   |   |   |--- truncated branch of depth 9
|   |   |   |   |   |   |   |   |   |   |--- feature_15 >  53.00
|   |   |   |   |   |   |   |   |   |   |   |--- truncated branch of depth 11
|   |   |   |   |   |   |   |   |   |--- feature_11 >  68.50
|   |   |   |   |   |   |   |   |   |   |--- class: 1.0
|   |   |   |   |   |   |   |   |--- feature_1 >  53.50
|   |   |   |   |   |   |   |   |   |--- feature_9 <= 57.50
|   |   |   |   |   |   |   |   |   |   |--- feature_11 <= 55.50
|   |   |   |   |   |   |   |   |   |   |   |--- truncated branch of depth 6
|   |   |   |   |   |   |   |   |   |   |--- feature_11 >  55.50
|   |   |   |   |   |   |   |   |   |   |   |--- truncated branch of depth 5
|   |   |   |   |   |   |   |   |   |--- feature_9 >  57.50
|   |   |   |   |   |   |   |   |   |   |--- class: 1.0
|   |   |   |   |   |   |   |--- feature_16 >  50.50
|   |   |   |   |   |   |   |   |--- feature_17 <= 3.50
|   |   |   |   |   |   |   |   |   |--- feature_4 <= 54.50
|   |   |   |   |   |   |   |   |   |   |--- feature_5 <= 57.00
|   |   |   |   |   |   |   |   |   |   |   |--- class: 0.0
|   |   |   |   |   |   |   |   |   |   |--- feature_5 >  57.00
|   |   |   |   |   |   |   |   |   |   |   |--- truncated branch of depth 2
|   |   |   |   |   |   |   |   |   |--- feature_4 >  54.50
|   |   |   |   |   |   |   |   |   |   |--- class: 1.0
|   |   |   |   |   |   |   |   |--- feature_17 >  3.50
|   |   |   |   |   |   |   |   |   |--- feature_5 <= 50.50
|   |   |   |   |   |   |   |   |   |   |--- class: 0.0
|   |   |   |   |   |   |   |   |   |--- feature_5 >  50.50
|   |   |   |   |   |   |   |   |   |   |--- feature_3 <= 66.50
|   |   |   |   |   |   |   |   |   |   |   |--- truncated branch of depth 13
|   |   |   |   |   |   |   |   |   |   |--- feature_3 >  66.50
|   |   |   |   |   |   |   |   |   |   |   |--- class: 1.0
|   |   |   |   |   |   |--- feature_21 >  4.50
|   |   |   |   |   |   |   |--- feature_14 <= 59.50
|   |   |   |   |   |   |   |   |--- feature_7 <= 56.50
|   |   |   |   |   |   |   |   |   |--- feature_22 <= 4.50
|   |   |   |   |   |   |   |   |   |   |--- feature_2 <= 55.00
|   |   |   |   |   |   |   |   |   |   |   |--- truncated branch of depth 3
|   |   |   |   |   |   |   |   |   |   |--- feature_2 >  55.00
|   |   |   |   |   |   |   |   |   |   |   |--- truncated branch of depth 4
|   |   |   |   |   |   |   |   |   |--- feature_22 >  4.50
|   |   |   |   |   |   |   |   |   |   |--- feature_13 <= 70.50
|   |   |   |   |   |   |   |   |   |   |   |--- truncated branch of depth 3
|   |   |   |   |   |   |   |   |   |   |--- feature_13 >  70.50
|   |   |   |   |   |   |   |   |   |   |   |--- class: 0.0
|   |   |   |   |   |   |   |   |--- feature_7 >  56.50
|   |   |   |   |   |   |   |   |   |--- class: 0.0
|   |   |   |   |   |   |   |--- feature_14 >  59.50
|   |   |   |   |   |   |   |   |--- feature_7 <= 58.00
|   |   |   |   |   |   |   |   |   |--- class: 0.0
|   |   |   |   |   |   |   |   |--- feature_7 >  58.00
|   |   |   |   |   |   |   |   |   |--- class: 1.0
|   |   |   |   |   |--- feature_20 >  0.50
|   |   |   |   |   |   |--- feature_17 <= 4.90
|   |   |   |   |   |   |   |--- feature_2 <= 55.00
|   |   |   |   |   |   |   |   |--- feature_8 <= 57.00
|   |   |   |   |   |   |   |   |   |--- feature_15 <= 53.50
|   |   |   |   |   |   |   |   |   |   |--- feature_24 <= 4.00
|   |   |   |   |   |   |   |   |   |   |   |--- class: 1.0
|   |   |   |   |   |   |   |   |   |   |--- feature_24 >  4.00
|   |   |   |   |   |   |   |   |   |   |   |--- truncated branch of depth 5
|   |   |   |   |   |   |   |   |   |--- feature_15 >  53.50
|   |   |   |   |   |   |   |   |   |   |--- feature_7 <= 55.50
|   |   |   |   |   |   |   |   |   |   |   |--- class: 0.0
|   |   |   |   |   |   |   |   |   |   |--- feature_7 >  55.50
|   |   |   |   |   |   |   |   |   |   |   |--- truncated branch of depth 2
|   |   |   |   |   |   |   |   |--- feature_8 >  57.00
|   |   |   |   |   |   |   |   |   |--- class: 0.0
|   |   |   |   |   |   |   |--- feature_2 >  55.00
|   |   |   |   |   |   |   |   |--- feature_11 <= 68.50
|   |   |   |   |   |   |   |   |   |--- feature_5 <= 50.50
|   |   |   |   |   |   |   |   |   |   |--- feature_8 <= 53.50
|   |   |   |   |   |   |   |   |   |   |   |--- class: 0.0
|   |   |   |   |   |   |   |   |   |   |--- feature_8 >  53.50
|   |   |   |   |   |   |   |   |   |   |   |--- truncated branch of depth 2
|   |   |   |   |   |   |   |   |   |--- feature_5 >  50.50
|   |   |   |   |   |   |   |   |   |   |--- feature_1 <= 52.00
|   |   |   |   |   |   |   |   |   |   |   |--- class: 1.0
|   |   |   |   |   |   |   |   |   |   |--- feature_1 >  52.00
|   |   |   |   |   |   |   |   |   |   |   |--- truncated branch of depth 3
|   |   |   |   |   |   |   |   |--- feature_11 >  68.50
|   |   |   |   |   |   |   |   |   |--- class: 0.0
|   |   |   |   |   |   |--- feature_17 >  4.90
|   |   |   |   |   |   |   |--- feature_0 <= 57.00
|   |   |   |   |   |   |   |   |--- class: 0.0
|   |   |   |   |   |   |   |--- feature_0 >  57.00
|   |   |   |   |   |   |   |   |--- class: 1.0
|   |   |   |   |--- feature_23 >  0.50
|   |   |   |   |   |--- feature_21 <= 0.50
|   |   |   |   |   |   |--- feature_8 <= 50.50
|   |   |   |   |   |   |   |--- feature_8 <= 48.50
|   |   |   |   |   |   |   |   |--- class: 0.0
|   |   |   |   |   |   |   |--- feature_8 >  48.50
|   |   |   |   |   |   |   |   |--- class: 1.0
|   |   |   |   |   |   |--- feature_8 >  50.50
|   |   |   |   |   |   |   |--- feature_10 <= 52.50
|   |   |   |   |   |   |   |   |--- feature_12 <= 58.00
|   |   |   |   |   |   |   |   |   |--- class: 0.0
|   |   |   |   |   |   |   |   |--- feature_12 >  58.00
|   |   |   |   |   |   |   |   |   |--- feature_5 <= 54.50
|   |   |   |   |   |   |   |   |   |   |--- feature_12 <= 66.50
|   |   |   |   |   |   |   |   |   |   |   |--- class: 1.0
|   |   |   |   |   |   |   |   |   |   |--- feature_12 >  66.50
|   |   |   |   |   |   |   |   |   |   |   |--- class: 0.0
|   |   |   |   |   |   |   |   |   |--- feature_5 >  54.50
|   |   |   |   |   |   |   |   |   |   |--- class: 0.0
|   |   |   |   |   |   |   |--- feature_10 >  52.50
|   |   |   |   |   |   |   |   |--- class: 1.0
|   |   |   |   |   |--- feature_21 >  0.50
|   |   |   |   |   |   |--- feature_24 <= 3.17
|   |   |   |   |   |   |   |--- feature_0 <= 55.50
|   |   |   |   |   |   |   |   |--- feature_11 <= 66.00
|   |   |   |   |   |   |   |   |   |--- feature_4 <= 56.50
|   |   |   |   |   |   |   |   |   |   |--- feature_22 <= 1.00
|   |   |   |   |   |   |   |   |   |   |   |--- truncated branch of depth 2
|   |   |   |   |   |   |   |   |   |   |--- feature_22 >  1.00
|   |   |   |   |   |   |   |   |   |   |   |--- class: 1.0
|   |   |   |   |   |   |   |   |   |--- feature_4 >  56.50
|   |   |   |   |   |   |   |   |   |   |--- feature_24 <= 1.50
|   |   |   |   |   |   |   |   |   |   |   |--- truncated branch of depth 2
|   |   |   |   |   |   |   |   |   |   |--- feature_24 >  1.50
|   |   |   |   |   |   |   |   |   |   |   |--- truncated branch of depth 4
|   |   |   |   |   |   |   |   |--- feature_11 >  66.00
|   |   |   |   |   |   |   |   |   |--- class: 0.0
|   |   |   |   |   |   |   |--- feature_0 >  55.50
|   |   |   |   |   |   |   |   |--- feature_21 <= 3.50
|   |   |   |   |   |   |   |   |   |--- feature_2 <= 55.00
|   |   |   |   |   |   |   |   |   |   |--- class: 1.0
|   |   |   |   |   |   |   |   |   |--- feature_2 >  55.00
|   |   |   |   |   |   |   |   |   |   |--- feature_2 <= 65.00
|   |   |   |   |   |   |   |   |   |   |   |--- class: 0.0
|   |   |   |   |   |   |   |   |   |   |--- feature_2 >  65.00
|   |   |   |   |   |   |   |   |   |   |   |--- class: 1.0
|   |   |   |   |   |   |   |   |--- feature_21 >  3.50
|   |   |   |   |   |   |   |   |   |--- class: 0.0
|   |   |   |   |   |   |--- feature_24 >  3.17
|   |   |   |   |   |   |   |--- feature_14 <= 52.50
|   |   |   |   |   |   |   |   |--- feature_6 <= 51.50
|   |   |   |   |   |   |   |   |   |--- feature_12 <= 56.00
|   |   |   |   |   |   |   |   |   |   |--- feature_8 <= 58.50
|   |   |   |   |   |   |   |   |   |   |   |--- class: 0.0
|   |   |   |   |   |   |   |   |   |   |--- feature_8 >  58.50
|   |   |   |   |   |   |   |   |   |   |   |--- truncated branch of depth 2
|   |   |   |   |   |   |   |   |   |--- feature_12 >  56.00
|   |   |   |   |   |   |   |   |   |   |--- feature_10 <= 51.50
|   |   |   |   |   |   |   |   |   |   |   |--- class: 1.0
|   |   |   |   |   |   |   |   |   |   |--- feature_10 >  51.50
|   |   |   |   |   |   |   |   |   |   |   |--- class: 0.0
|   |   |   |   |   |   |   |   |--- feature_6 >  51.50
|   |   |   |   |   |   |   |   |   |--- feature_6 <= 58.50
|   |   |   |   |   |   |   |   |   |   |--- feature_25 <= 3.50
|   |   |   |   |   |   |   |   |   |   |   |--- truncated branch of depth 3
|   |   |   |   |   |   |   |   |   |   |--- feature_25 >  3.50
|   |   |   |   |   |   |   |   |   |   |   |--- truncated branch of depth 4
|   |   |   |   |   |   |   |   |   |--- feature_6 >  58.50
|   |   |   |   |   |   |   |   |   |   |--- feature_7 <= 52.00
|   |   |   |   |   |   |   |   |   |   |   |--- truncated branch of depth 2
|   |   |   |   |   |   |   |   |   |   |--- feature_7 >  52.00
|   |   |   |   |   |   |   |   |   |   |   |--- class: 0.0
|   |   |   |   |   |   |   |--- feature_14 >  52.50
|   |   |   |   |   |   |   |   |--- feature_22 <= 2.50
|   |   |   |   |   |   |   |   |   |--- feature_22 <= 1.50
|   |   |   |   |   |   |   |   |   |   |--- feature_3 <= 52.50
|   |   |   |   |   |   |   |   |   |   |   |--- class: 1.0
|   |   |   |   |   |   |   |   |   |   |--- feature_3 >  52.50
|   |   |   |   |   |   |   |   |   |   |   |--- truncated branch of depth 3
|   |   |   |   |   |   |   |   |   |--- feature_22 >  1.50
|   |   |   |   |   |   |   |   |   |   |--- feature_10 <= 47.50
|   |   |   |   |   |   |   |   |   |   |   |--- class: 1.0
|   |   |   |   |   |   |   |   |   |   |--- feature_10 >  47.50
|   |   |   |   |   |   |   |   |   |   |   |--- class: 0.0
|   |   |   |   |   |   |   |   |--- feature_22 >  2.50
|   |   |   |   |   |   |   |   |   |--- feature_8 <= 46.50
|   |   |   |   |   |   |   |   |   |   |--- class: 0.0
|   |   |   |   |   |   |   |   |   |--- feature_8 >  46.50
|   |   |   |   |   |   |   |   |   |   |--- feature_14 <= 63.00
|   |   |   |   |   |   |   |   |   |   |   |--- truncated branch of depth 2
|   |   |   |   |   |   |   |   |   |   |--- feature_14 >  63.00
|   |   |   |   |   |   |   |   |   |   |   |--- class: 0.0
|   |   |   |--- feature_19 >  0.50
|   |   |   |   |--- feature_9 <= 50.50
|   |   |   |   |   |--- feature_6 <= 57.50
|   |   |   |   |   |   |--- feature_3 <= 60.00
|   |   |   |   |   |   |   |--- feature_3 <= 50.50
|   |   |   |   |   |   |   |   |--- feature_15 <= 50.50
|   |   |   |   |   |   |   |   |   |--- class: 0.0
|   |   |   |   |   |   |   |   |--- feature_15 >  50.50
|   |   |   |   |   |   |   |   |   |--- feature_5 <= 57.00
|   |   |   |   |   |   |   |   |   |   |--- class: 1.0
|   |   |   |   |   |   |   |   |   |--- feature_5 >  57.00
|   |   |   |   |   |   |   |   |   |   |--- class: 0.0
|   |   |   |   |   |   |   |--- feature_3 >  50.50
|   |   |   |   |   |   |   |   |--- feature_10 <= 46.50
|   |   |   |   |   |   |   |   |   |--- feature_22 <= 3.50
|   |   |   |   |   |   |   |   |   |   |--- class: 1.0
|   |   |   |   |   |   |   |   |   |--- feature_22 >  3.50
|   |   |   |   |   |   |   |   |   |   |--- class: 0.0
|   |   |   |   |   |   |   |   |--- feature_10 >  46.50
|   |   |   |   |   |   |   |   |   |--- feature_12 <= 51.50
|   |   |   |   |   |   |   |   |   |   |--- class: 0.0
|   |   |   |   |   |   |   |   |   |--- feature_12 >  51.50
|   |   |   |   |   |   |   |   |   |   |--- feature_22 <= 3.50
|   |   |   |   |   |   |   |   |   |   |   |--- truncated branch of depth 5
|   |   |   |   |   |   |   |   |   |   |--- feature_22 >  3.50
|   |   |   |   |   |   |   |   |   |   |   |--- truncated branch of depth 4
|   |   |   |   |   |   |--- feature_3 >  60.00
|   |   |   |   |   |   |   |--- feature_14 <= 58.50
|   |   |   |   |   |   |   |   |--- feature_9 <= 49.00
|   |   |   |   |   |   |   |   |   |--- class: 1.0
|   |   |   |   |   |   |   |   |--- feature_9 >  49.00
|   |   |   |   |   |   |   |   |   |--- feature_25 <= 4.50
|   |   |   |   |   |   |   |   |   |   |--- class: 1.0
|   |   |   |   |   |   |   |   |   |--- feature_25 >  4.50
|   |   |   |   |   |   |   |   |   |   |--- class: 0.0
|   |   |   |   |   |   |   |--- feature_14 >  58.50
|   |   |   |   |   |   |   |   |--- class: 0.0
|   |   |   |   |   |--- feature_6 >  57.50
|   |   |   |   |   |   |--- feature_22 <= 0.50
|   |   |   |   |   |   |   |--- class: 1.0
|   |   |   |   |   |   |--- feature_22 >  0.50
|   |   |   |   |   |   |   |--- class: 0.0
|   |   |   |   |--- feature_9 >  50.50
|   |   |   |   |   |--- feature_15 <= 54.50
|   |   |   |   |   |   |--- feature_13 <= 66.50
|   |   |   |   |   |   |   |--- feature_7 <= 72.00
|   |   |   |   |   |   |   |   |--- feature_5 <= 51.50
|   |   |   |   |   |   |   |   |   |--- feature_25 <= 4.00
|   |   |   |   |   |   |   |   |   |   |--- class: 1.0
|   |   |   |   |   |   |   |   |   |--- feature_25 >  4.00
|   |   |   |   |   |   |   |   |   |   |--- class: 0.0
|   |   |   |   |   |   |   |   |--- feature_5 >  51.50
|   |   |   |   |   |   |   |   |   |--- class: 1.0
|   |   |   |   |   |   |   |--- feature_7 >  72.00
|   |   |   |   |   |   |   |   |--- class: 0.0
|   |   |   |   |   |   |--- feature_13 >  66.50
|   |   |   |   |   |   |   |--- class: 0.0
|   |   |   |   |   |--- feature_15 >  54.50
|   |   |   |   |   |   |--- feature_12 <= 55.50
|   |   |   |   |   |   |   |--- feature_15 <= 57.00
|   |   |   |   |   |   |   |   |--- feature_14 <= 53.50
|   |   |   |   |   |   |   |   |   |--- class: 0.0
|   |   |   |   |   |   |   |   |--- feature_14 >  53.50
|   |   |   |   |   |   |   |   |   |--- feature_9 <= 54.50
|   |   |   |   |   |   |   |   |   |   |--- class: 1.0
|   |   |   |   |   |   |   |   |   |--- feature_9 >  54.50
|   |   |   |   |   |   |   |   |   |   |--- feature_8 <= 47.00
|   |   |   |   |   |   |   |   |   |   |   |--- class: 1.0
|   |   |   |   |   |   |   |   |   |   |--- feature_8 >  47.00
|   |   |   |   |   |   |   |   |   |   |   |--- class: 0.0
|   |   |   |   |   |   |   |--- feature_15 >  57.00
|   |   |   |   |   |   |   |   |--- feature_8 <= 39.50
|   |   |   |   |   |   |   |   |   |--- class: 0.0
|   |   |   |   |   |   |   |   |--- feature_8 >  39.50
|   |   |   |   |   |   |   |   |   |--- feature_22 <= 2.50
|   |   |   |   |   |   |   |   |   |   |--- feature_4 <= 53.00
|   |   |   |   |   |   |   |   |   |   |   |--- class: 0.0
|   |   |   |   |   |   |   |   |   |   |--- feature_4 >  53.00
|   |   |   |   |   |   |   |   |   |   |   |--- class: 1.0
|   |   |   |   |   |   |   |   |   |--- feature_22 >  2.50
|   |   |   |   |   |   |   |   |   |   |--- class: 1.0
|   |   |   |   |   |   |--- feature_12 >  55.50
|   |   |   |   |   |   |   |--- feature_20 <= 0.50
|   |   |   |   |   |   |   |   |--- feature_0 <= 61.50
|   |   |   |   |   |   |   |   |   |--- feature_3 <= 60.00
|   |   |   |   |   |   |   |   |   |   |--- class: 0.0
|   |   |   |   |   |   |   |   |   |--- feature_3 >  60.00
|   |   |   |   |   |   |   |   |   |   |--- feature_25 <= 4.00
|   |   |   |   |   |   |   |   |   |   |   |--- class: 1.0
|   |   |   |   |   |   |   |   |   |   |--- feature_25 >  4.00
|   |   |   |   |   |   |   |   |   |   |   |--- class: 0.0
|   |   |   |   |   |   |   |   |--- feature_0 >  61.50
|   |   |   |   |   |   |   |   |   |--- class: 1.0
|   |   |   |   |   |   |   |--- feature_20 >  0.50
|   |   |   |   |   |   |   |   |--- class: 1.0
|   |   |--- feature_10 >  53.50
|   |   |   |--- feature_19 <= 0.50
|   |   |   |   |--- feature_22 <= 1.50
|   |   |   |   |   |--- feature_16 <= 50.50
|   |   |   |   |   |   |--- class: 0.0
|   |   |   |   |   |--- feature_16 >  50.50
|   |   |   |   |   |   |--- feature_20 <= 0.50
|   |   |   |   |   |   |   |--- feature_4 <= 67.00
|   |   |   |   |   |   |   |   |--- feature_1 <= 57.50
|   |   |   |   |   |   |   |   |   |--- feature_10 <= 57.50
|   |   |   |   |   |   |   |   |   |   |--- class: 0.0
|   |   |   |   |   |   |   |   |   |--- feature_10 >  57.50
|   |   |   |   |   |   |   |   |   |   |--- feature_21 <= 1.50
|   |   |   |   |   |   |   |   |   |   |   |--- class: 1.0
|   |   |   |   |   |   |   |   |   |   |--- feature_21 >  1.50
|   |   |   |   |   |   |   |   |   |   |   |--- class: 0.0
|   |   |   |   |   |   |   |   |--- feature_1 >  57.50
|   |   |   |   |   |   |   |   |   |--- feature_11 <= 64.00
|   |   |   |   |   |   |   |   |   |   |--- feature_21 <= 1.50
|   |   |   |   |   |   |   |   |   |   |   |--- truncated branch of depth 2
|   |   |   |   |   |   |   |   |   |   |--- feature_21 >  1.50
|   |   |   |   |   |   |   |   |   |   |   |--- class: 1.0
|   |   |   |   |   |   |   |   |   |--- feature_11 >  64.00
|   |   |   |   |   |   |   |   |   |   |--- feature_14 <= 59.00
|   |   |   |   |   |   |   |   |   |   |   |--- truncated branch of depth 2
|   |   |   |   |   |   |   |   |   |   |--- feature_14 >  59.00
|   |   |   |   |   |   |   |   |   |   |   |--- class: 0.0
|   |   |   |   |   |   |   |--- feature_4 >  67.00
|   |   |   |   |   |   |   |   |--- feature_9 <= 48.50
|   |   |   |   |   |   |   |   |   |--- class: 0.0
|   |   |   |   |   |   |   |   |--- feature_9 >  48.50
|   |   |   |   |   |   |   |   |   |--- feature_2 <= 55.50
|   |   |   |   |   |   |   |   |   |   |--- feature_21 <= 1.00
|   |   |   |   |   |   |   |   |   |   |   |--- class: 0.0
|   |   |   |   |   |   |   |   |   |   |--- feature_21 >  1.00
|   |   |   |   |   |   |   |   |   |   |   |--- class: 1.0
|   |   |   |   |   |   |   |   |   |--- feature_2 >  55.50
|   |   |   |   |   |   |   |   |   |   |--- class: 1.0
|   |   |   |   |   |   |--- feature_20 >  0.50
|   |   |   |   |   |   |   |--- feature_15 <= 61.50
|   |   |   |   |   |   |   |   |--- class: 1.0
|   |   |   |   |   |   |   |--- feature_15 >  61.50
|   |   |   |   |   |   |   |   |--- feature_7 <= 54.50
|   |   |   |   |   |   |   |   |   |--- class: 0.0
|   |   |   |   |   |   |   |   |--- feature_7 >  54.50
|   |   |   |   |   |   |   |   |   |--- class: 1.0
|   |   |   |   |--- feature_22 >  1.50
|   |   |   |   |   |--- feature_6 <= 50.50
|   |   |   |   |   |   |--- feature_9 <= 57.50
|   |   |   |   |   |   |   |--- feature_2 <= 74.00
|   |   |   |   |   |   |   |   |--- feature_12 <= 59.50
|   |   |   |   |   |   |   |   |   |--- feature_23 <= 0.50
|   |   |   |   |   |   |   |   |   |   |--- feature_22 <= 5.00
|   |   |   |   |   |   |   |   |   |   |   |--- class: 0.0
|   |   |   |   |   |   |   |   |   |   |--- feature_22 >  5.00
|   |   |   |   |   |   |   |   |   |   |   |--- class: 1.0
|   |   |   |   |   |   |   |   |   |--- feature_23 >  0.50
|   |   |   |   |   |   |   |   |   |   |--- class: 1.0
|   |   |   |   |   |   |   |   |--- feature_12 >  59.50
|   |   |   |   |   |   |   |   |   |--- feature_24 <= 2.33
|   |   |   |   |   |   |   |   |   |   |--- class: 1.0
|   |   |   |   |   |   |   |   |   |--- feature_24 >  2.33
|   |   |   |   |   |   |   |   |   |   |--- feature_9 <= 45.50
|   |   |   |   |   |   |   |   |   |   |   |--- truncated branch of depth 2
|   |   |   |   |   |   |   |   |   |   |--- feature_9 >  45.50
|   |   |   |   |   |   |   |   |   |   |   |--- class: 0.0
|   |   |   |   |   |   |   |--- feature_2 >  74.00
|   |   |   |   |   |   |   |   |--- class: 1.0
|   |   |   |   |   |   |--- feature_9 >  57.50
|   |   |   |   |   |   |   |--- feature_24 <= 2.67
|   |   |   |   |   |   |   |   |--- class: 0.0
|   |   |   |   |   |   |   |--- feature_24 >  2.67
|   |   |   |   |   |   |   |   |--- feature_17 <= 4.90
|   |   |   |   |   |   |   |   |   |--- class: 1.0
|   |   |   |   |   |   |   |   |--- feature_17 >  4.90
|   |   |   |   |   |   |   |   |   |--- class: 0.0
|   |   |   |   |   |--- feature_6 >  50.50
|   |   |   |   |   |   |--- feature_20 <= 0.50
|   |   |   |   |   |   |   |--- feature_0 <= 60.50
|   |   |   |   |   |   |   |   |--- feature_6 <= 72.50
|   |   |   |   |   |   |   |   |   |--- feature_1 <= 58.50
|   |   |   |   |   |   |   |   |   |   |--- feature_16 <= 57.50
|   |   |   |   |   |   |   |   |   |   |   |--- truncated branch of depth 6
|   |   |   |   |   |   |   |   |   |   |--- feature_16 >  57.50
|   |   |   |   |   |   |   |   |   |   |   |--- truncated branch of depth 6
|   |   |   |   |   |   |   |   |   |--- feature_1 >  58.50
|   |   |   |   |   |   |   |   |   |   |--- feature_4 <= 51.50
|   |   |   |   |   |   |   |   |   |   |   |--- truncated branch of depth 2
|   |   |   |   |   |   |   |   |   |   |--- feature_4 >  51.50
|   |   |   |   |   |   |   |   |   |   |   |--- truncated branch of depth 3
|   |   |   |   |   |   |   |   |--- feature_6 >  72.50
|   |   |   |   |   |   |   |   |   |--- feature_14 <= 69.00
|   |   |   |   |   |   |   |   |   |   |--- class: 0.0
|   |   |   |   |   |   |   |   |   |--- feature_14 >  69.00
|   |   |   |   |   |   |   |   |   |   |--- class: 1.0
|   |   |   |   |   |   |   |--- feature_0 >  60.50
|   |   |   |   |   |   |   |   |--- feature_2 <= 56.50
|   |   |   |   |   |   |   |   |   |--- feature_22 <= 5.50
|   |   |   |   |   |   |   |   |   |   |--- feature_15 <= 60.00
|   |   |   |   |   |   |   |   |   |   |   |--- truncated branch of depth 4
|   |   |   |   |   |   |   |   |   |   |--- feature_15 >  60.00
|   |   |   |   |   |   |   |   |   |   |   |--- truncated branch of depth 3
|   |   |   |   |   |   |   |   |   |--- feature_22 >  5.50
|   |   |   |   |   |   |   |   |   |   |--- feature_5 <= 56.50
|   |   |   |   |   |   |   |   |   |   |   |--- class: 0.0
|   |   |   |   |   |   |   |   |   |   |--- feature_5 >  56.50
|   |   |   |   |   |   |   |   |   |   |   |--- class: 1.0
|   |   |   |   |   |   |   |   |--- feature_2 >  56.50
|   |   |   |   |   |   |   |   |   |--- feature_10 <= 56.50
|   |   |   |   |   |   |   |   |   |   |--- feature_22 <= 2.50
|   |   |   |   |   |   |   |   |   |   |   |--- class: 1.0
|   |   |   |   |   |   |   |   |   |   |--- feature_22 >  2.50
|   |   |   |   |   |   |   |   |   |   |   |--- truncated branch of depth 3
|   |   |   |   |   |   |   |   |   |--- feature_10 >  56.50
|   |   |   |   |   |   |   |   |   |   |--- feature_16 <= 52.00
|   |   |   |   |   |   |   |   |   |   |   |--- class: 1.0
|   |   |   |   |   |   |   |   |   |   |--- feature_16 >  52.00
|   |   |   |   |   |   |   |   |   |   |   |--- truncated branch of depth 9
|   |   |   |   |   |   |--- feature_20 >  0.50
|   |   |   |   |   |   |   |--- feature_12 <= 75.00
|   |   |   |   |   |   |   |   |--- feature_11 <= 57.50
|   |   |   |   |   |   |   |   |   |--- feature_12 <= 58.50
|   |   |   |   |   |   |   |   |   |   |--- class: 1.0
|   |   |   |   |   |   |   |   |   |--- feature_12 >  58.50
|   |   |   |   |   |   |   |   |   |   |--- class: 0.0
|   |   |   |   |   |   |   |   |--- feature_11 >  57.50
|   |   |   |   |   |   |   |   |   |--- feature_16 <= 50.50
|   |   |   |   |   |   |   |   |   |   |--- feature_6 <= 57.00
|   |   |   |   |   |   |   |   |   |   |   |--- class: 0.0
|   |   |   |   |   |   |   |   |   |   |--- feature_6 >  57.00
|   |   |   |   |   |   |   |   |   |   |   |--- class: 1.0
|   |   |   |   |   |   |   |   |   |--- feature_16 >  50.50
|   |   |   |   |   |   |   |   |   |   |--- class: 1.0
|   |   |   |   |   |   |   |--- feature_12 >  75.00
|   |   |   |   |   |   |   |   |--- feature_22 <= 3.50
|   |   |   |   |   |   |   |   |   |--- class: 0.0
|   |   |   |   |   |   |   |   |--- feature_22 >  3.50
|   |   |   |   |   |   |   |   |   |--- feature_10 <= 63.50
|   |   |   |   |   |   |   |   |   |   |--- class: 0.0
|   |   |   |   |   |   |   |   |   |--- feature_10 >  63.50
|   |   |   |   |   |   |   |   |   |   |--- class: 1.0
|   |   |   |--- feature_19 >  0.50
|   |   |   |   |--- feature_2 <= 62.50
|   |   |   |   |   |--- feature_24 <= 4.50
|   |   |   |   |   |   |--- feature_0 <= 52.50
|   |   |   |   |   |   |   |--- feature_23 <= 0.50
|   |   |   |   |   |   |   |   |--- class: 1.0
|   |   |   |   |   |   |   |--- feature_23 >  0.50
|   |   |   |   |   |   |   |   |--- class: 0.0
|   |   |   |   |   |   |--- feature_0 >  52.50
|   |   |   |   |   |   |   |--- feature_2 <= 50.50
|   |   |   |   |   |   |   |   |--- class: 0.0
|   |   |   |   |   |   |   |--- feature_2 >  50.50
|   |   |   |   |   |   |   |   |--- feature_22 <= 1.50
|   |   |   |   |   |   |   |   |   |--- feature_7 <= 50.50
|   |   |   |   |   |   |   |   |   |   |--- class: 0.0
|   |   |   |   |   |   |   |   |   |--- feature_7 >  50.50
|   |   |   |   |   |   |   |   |   |   |--- feature_22 <= 0.50
|   |   |   |   |   |   |   |   |   |   |   |--- truncated branch of depth 3
|   |   |   |   |   |   |   |   |   |   |--- feature_22 >  0.50
|   |   |   |   |   |   |   |   |   |   |   |--- class: 1.0
|   |   |   |   |   |   |   |   |--- feature_22 >  1.50
|   |   |   |   |   |   |   |   |   |--- feature_4 <= 50.50
|   |   |   |   |   |   |   |   |   |   |--- class: 0.0
|   |   |   |   |   |   |   |   |   |--- feature_4 >  50.50
|   |   |   |   |   |   |   |   |   |   |--- feature_21 <= 6.50
|   |   |   |   |   |   |   |   |   |   |   |--- truncated branch of depth 3
|   |   |   |   |   |   |   |   |   |   |--- feature_21 >  6.50
|   |   |   |   |   |   |   |   |   |   |   |--- truncated branch of depth 2
|   |   |   |   |   |--- feature_24 >  4.50
|   |   |   |   |   |   |--- feature_11 <= 64.00
|   |   |   |   |   |   |   |--- feature_7 <= 60.50
|   |   |   |   |   |   |   |   |--- class: 1.0
|   |   |   |   |   |   |   |--- feature_7 >  60.50
|   |   |   |   |   |   |   |   |--- class: 0.0
|   |   |   |   |   |   |--- feature_11 >  64.00
|   |   |   |   |   |   |   |--- class: 0.0
|   |   |   |   |--- feature_2 >  62.50
|   |   |   |   |   |--- feature_21 <= 8.00
|   |   |   |   |   |   |--- feature_4 <= 90.00
|   |   |   |   |   |   |   |--- feature_24 <= 3.17
|   |   |   |   |   |   |   |   |--- feature_24 <= 2.83
|   |   |   |   |   |   |   |   |   |--- feature_13 <= 59.50
|   |   |   |   |   |   |   |   |   |   |--- feature_2 <= 66.50
|   |   |   |   |   |   |   |   |   |   |   |--- class: 0.0
|   |   |   |   |   |   |   |   |   |   |--- feature_2 >  66.50
|   |   |   |   |   |   |   |   |   |   |   |--- class: 1.0
|   |   |   |   |   |   |   |   |   |--- feature_13 >  59.50
|   |   |   |   |   |   |   |   |   |   |--- class: 1.0
|   |   |   |   |   |   |   |   |--- feature_24 >  2.83
|   |   |   |   |   |   |   |   |   |--- feature_13 <= 64.00
|   |   |   |   |   |   |   |   |   |   |--- feature_21 <= 0.50
|   |   |   |   |   |   |   |   |   |   |   |--- class: 1.0
|   |   |   |   |   |   |   |   |   |   |--- feature_21 >  0.50
|   |   |   |   |   |   |   |   |   |   |   |--- class: 0.0
|   |   |   |   |   |   |   |   |   |--- feature_13 >  64.00
|   |   |   |   |   |   |   |   |   |   |--- class: 1.0
|   |   |   |   |   |   |   |--- feature_24 >  3.17
|   |   |   |   |   |   |   |   |--- class: 1.0
|   |   |   |   |   |   |--- feature_4 >  90.00
|   |   |   |   |   |   |   |--- class: 0.0
|   |   |   |   |   |--- feature_21 >  8.00
|   |   |   |   |   |   |--- class: 0.0
|--- feature_18 >  1.50
|   |--- feature_10 <= 44.50
|   |   |--- feature_20 <= 0.50
|   |   |   |--- feature_9 <= 45.50
|   |   |   |   |--- feature_17 <= 4.30
|   |   |   |   |   |--- feature_25 <= 3.50
|   |   |   |   |   |   |--- feature_4 <= 55.00
|   |   |   |   |   |   |   |--- feature_8 <= 33.00
|   |   |   |   |   |   |   |   |--- feature_3 <= 50.50
|   |   |   |   |   |   |   |   |   |--- class: 0.0
|   |   |   |   |   |   |   |   |--- feature_3 >  50.50
|   |   |   |   |   |   |   |   |   |--- class: 1.0
|   |   |   |   |   |   |   |--- feature_8 >  33.00
|   |   |   |   |   |   |   |   |--- feature_21 <= 0.50
|   |   |   |   |   |   |   |   |   |--- feature_9 <= 40.00
|   |   |   |   |   |   |   |   |   |   |--- class: 0.0
|   |   |   |   |   |   |   |   |   |--- feature_9 >  40.00
|   |   |   |   |   |   |   |   |   |   |--- class: 1.0
|   |   |   |   |   |   |   |   |--- feature_21 >  0.50
|   |   |   |   |   |   |   |   |   |--- class: 1.0
|   |   |   |   |   |   |--- feature_4 >  55.00
|   |   |   |   |   |   |   |--- class: 0.0
|   |   |   |   |   |--- feature_25 >  3.50
|   |   |   |   |   |   |--- feature_2 <= 53.00
|   |   |   |   |   |   |   |--- feature_22 <= 0.50
|   |   |   |   |   |   |   |   |--- class: 1.0
|   |   |   |   |   |   |   |--- feature_22 >  0.50
|   |   |   |   |   |   |   |   |--- feature_22 <= 3.50
|   |   |   |   |   |   |   |   |   |--- feature_24 <= 3.17
|   |   |   |   |   |   |   |   |   |   |--- feature_15 <= 50.50
|   |   |   |   |   |   |   |   |   |   |   |--- class: 0.0
|   |   |   |   |   |   |   |   |   |   |--- feature_15 >  50.50
|   |   |   |   |   |   |   |   |   |   |   |--- class: 1.0
|   |   |   |   |   |   |   |   |   |--- feature_24 >  3.17
|   |   |   |   |   |   |   |   |   |   |--- feature_10 <= 26.50
|   |   |   |   |   |   |   |   |   |   |   |--- truncated branch of depth 2
|   |   |   |   |   |   |   |   |   |   |--- feature_10 >  26.50
|   |   |   |   |   |   |   |   |   |   |   |--- truncated branch of depth 3
|   |   |   |   |   |   |   |   |--- feature_22 >  3.50
|   |   |   |   |   |   |   |   |   |--- feature_24 <= 3.83
|   |   |   |   |   |   |   |   |   |   |--- feature_3 <= 50.50
|   |   |   |   |   |   |   |   |   |   |   |--- class: 0.0
|   |   |   |   |   |   |   |   |   |   |--- feature_3 >  50.50
|   |   |   |   |   |   |   |   |   |   |   |--- class: 1.0
|   |   |   |   |   |   |   |   |   |--- feature_24 >  3.83
|   |   |   |   |   |   |   |   |   |   |--- feature_1 <= 50.50
|   |   |   |   |   |   |   |   |   |   |   |--- class: 1.0
|   |   |   |   |   |   |   |   |   |   |--- feature_1 >  50.50
|   |   |   |   |   |   |   |   |   |   |   |--- truncated branch of depth 2
|   |   |   |   |   |   |--- feature_2 >  53.00
|   |   |   |   |   |   |   |--- feature_21 <= 2.50
|   |   |   |   |   |   |   |   |--- feature_12 <= 50.50
|   |   |   |   |   |   |   |   |   |--- class: 1.0
|   |   |   |   |   |   |   |   |--- feature_12 >  50.50
|   |   |   |   |   |   |   |   |   |--- feature_11 <= 52.50
|   |   |   |   |   |   |   |   |   |   |--- feature_12 <= 54.50
|   |   |   |   |   |   |   |   |   |   |   |--- class: 0.0
|   |   |   |   |   |   |   |   |   |   |--- feature_12 >  54.50
|   |   |   |   |   |   |   |   |   |   |   |--- class: 1.0
|   |   |   |   |   |   |   |   |   |--- feature_11 >  52.50
|   |   |   |   |   |   |   |   |   |   |--- class: 1.0
|   |   |   |   |   |   |   |--- feature_21 >  2.50
|   |   |   |   |   |   |   |   |--- feature_9 <= 33.00
|   |   |   |   |   |   |   |   |   |--- class: 0.0
|   |   |   |   |   |   |   |   |--- feature_9 >  33.00
|   |   |   |   |   |   |   |   |   |--- class: 1.0
|   |   |   |   |--- feature_17 >  4.30
|   |   |   |   |   |--- feature_23 <= 0.50
|   |   |   |   |   |   |--- feature_13 <= 55.50
|   |   |   |   |   |   |   |--- feature_25 <= 4.50
|   |   |   |   |   |   |   |   |--- feature_6 <= 51.50
|   |   |   |   |   |   |   |   |   |--- feature_22 <= 0.50
|   |   |   |   |   |   |   |   |   |   |--- feature_21 <= 1.50
|   |   |   |   |   |   |   |   |   |   |   |--- class: 0.0
|   |   |   |   |   |   |   |   |   |   |--- feature_21 >  1.50
|   |   |   |   |   |   |   |   |   |   |   |--- class: 1.0
|   |   |   |   |   |   |   |   |   |--- feature_22 >  0.50
|   |   |   |   |   |   |   |   |   |   |--- feature_21 <= 4.50
|   |   |   |   |   |   |   |   |   |   |   |--- truncated branch of depth 6
|   |   |   |   |   |   |   |   |   |   |--- feature_21 >  4.50
|   |   |   |   |   |   |   |   |   |   |   |--- truncated branch of depth 2
|   |   |   |   |   |   |   |   |--- feature_6 >  51.50
|   |   |   |   |   |   |   |   |   |--- feature_22 <= 1.50
|   |   |   |   |   |   |   |   |   |   |--- class: 0.0
|   |   |   |   |   |   |   |   |   |--- feature_22 >  1.50
|   |   |   |   |   |   |   |   |   |   |--- class: 1.0
|   |   |   |   |   |   |   |--- feature_25 >  4.50
|   |   |   |   |   |   |   |   |--- feature_22 <= 4.50
|   |   |   |   |   |   |   |   |   |--- feature_2 <= 56.50
|   |   |   |   |   |   |   |   |   |   |--- feature_8 <= 36.50
|   |   |   |   |   |   |   |   |   |   |   |--- truncated branch of depth 5
|   |   |   |   |   |   |   |   |   |   |--- feature_8 >  36.50
|   |   |   |   |   |   |   |   |   |   |   |--- truncated branch of depth 7
|   |   |   |   |   |   |   |   |   |--- feature_2 >  56.50
|   |   |   |   |   |   |   |   |   |   |--- class: 1.0
|   |   |   |   |   |   |   |   |--- feature_22 >  4.50
|   |   |   |   |   |   |   |   |   |--- class: 1.0
|   |   |   |   |   |   |--- feature_13 >  55.50
|   |   |   |   |   |   |   |--- feature_22 <= 1.50
|   |   |   |   |   |   |   |   |--- feature_8 <= 45.50
|   |   |   |   |   |   |   |   |   |--- class: 1.0
|   |   |   |   |   |   |   |   |--- feature_8 >  45.50
|   |   |   |   |   |   |   |   |   |--- class: 0.0
|   |   |   |   |   |   |   |--- feature_22 >  1.50
|   |   |   |   |   |   |   |   |--- class: 1.0
|   |   |   |   |   |--- feature_23 >  0.50
|   |   |   |   |   |   |--- feature_8 <= 41.50
|   |   |   |   |   |   |   |--- class: 0.0
|   |   |   |   |   |   |--- feature_8 >  41.50
|   |   |   |   |   |   |   |--- feature_14 <= 51.50
|   |   |   |   |   |   |   |   |--- feature_11 <= 56.50
|   |   |   |   |   |   |   |   |   |--- class: 1.0
|   |   |   |   |   |   |   |   |--- feature_11 >  56.50
|   |   |   |   |   |   |   |   |   |--- feature_3 <= 50.50
|   |   |   |   |   |   |   |   |   |   |--- class: 1.0
|   |   |   |   |   |   |   |   |   |--- feature_3 >  50.50
|   |   |   |   |   |   |   |   |   |   |--- class: 0.0
|   |   |   |   |   |   |   |--- feature_14 >  51.50
|   |   |   |   |   |   |   |   |--- feature_2 <= 52.50
|   |   |   |   |   |   |   |   |   |--- class: 1.0
|   |   |   |   |   |   |   |   |--- feature_2 >  52.50
|   |   |   |   |   |   |   |   |   |--- class: 0.0
|   |   |   |--- feature_9 >  45.50
|   |   |   |   |--- feature_22 <= 1.50
|   |   |   |   |   |--- feature_10 <= 38.50
|   |   |   |   |   |   |--- feature_9 <= 47.00
|   |   |   |   |   |   |   |--- class: 1.0
|   |   |   |   |   |   |--- feature_9 >  47.00
|   |   |   |   |   |   |   |--- class: 0.0
|   |   |   |   |   |--- feature_10 >  38.50
|   |   |   |   |   |   |--- feature_17 <= 3.60
|   |   |   |   |   |   |   |--- class: 0.0
|   |   |   |   |   |   |--- feature_17 >  3.60
|   |   |   |   |   |   |   |--- feature_0 <= 52.50
|   |   |   |   |   |   |   |   |--- class: 1.0
|   |   |   |   |   |   |   |--- feature_0 >  52.50
|   |   |   |   |   |   |   |   |--- class: 0.0
|   |   |   |   |--- feature_22 >  1.50
|   |   |   |   |   |--- feature_5 <= 59.00
|   |   |   |   |   |   |--- feature_1 <= 60.00
|   |   |   |   |   |   |   |--- feature_12 <= 58.00
|   |   |   |   |   |   |   |   |--- feature_13 <= 50.50
|   |   |   |   |   |   |   |   |   |--- feature_9 <= 46.50
|   |   |   |   |   |   |   |   |   |   |--- feature_17 <= 3.70
|   |   |   |   |   |   |   |   |   |   |   |--- class: 0.0
|   |   |   |   |   |   |   |   |   |   |--- feature_17 >  3.70
|   |   |   |   |   |   |   |   |   |   |   |--- truncated branch of depth 4
|   |   |   |   |   |   |   |   |   |--- feature_9 >  46.50
|   |   |   |   |   |   |   |   |   |   |--- feature_17 <= 4.90
|   |   |   |   |   |   |   |   |   |   |   |--- truncated branch of depth 4
|   |   |   |   |   |   |   |   |   |   |--- feature_17 >  4.90
|   |   |   |   |   |   |   |   |   |   |   |--- truncated branch of depth 2
|   |   |   |   |   |   |   |   |--- feature_13 >  50.50
|   |   |   |   |   |   |   |   |   |--- feature_4 <= 52.50
|   |   |   |   |   |   |   |   |   |   |--- class: 1.0
|   |   |   |   |   |   |   |   |   |--- feature_4 >  52.50
|   |   |   |   |   |   |   |   |   |   |--- feature_22 <= 4.00
|   |   |   |   |   |   |   |   |   |   |   |--- class: 0.0
|   |   |   |   |   |   |   |   |   |   |--- feature_22 >  4.00
|   |   |   |   |   |   |   |   |   |   |   |--- class: 1.0
|   |   |   |   |   |   |   |--- feature_12 >  58.00
|   |   |   |   |   |   |   |   |--- class: 0.0
|   |   |   |   |   |   |--- feature_1 >  60.00
|   |   |   |   |   |   |   |--- feature_10 <= 42.00
|   |   |   |   |   |   |   |   |--- class: 1.0
|   |   |   |   |   |   |   |--- feature_10 >  42.00
|   |   |   |   |   |   |   |   |--- class: 0.0
|   |   |   |   |   |--- feature_5 >  59.00
|   |   |   |   |   |   |--- feature_25 <= 3.50
|   |   |   |   |   |   |   |--- class: 1.0
|   |   |   |   |   |   |--- feature_25 >  3.50
|   |   |   |   |   |   |   |--- class: 0.0
|   |   |--- feature_20 >  0.50
|   |   |   |--- feature_2 <= 50.50
|   |   |   |   |--- feature_10 <= 30.00
|   |   |   |   |   |--- feature_6 <= 50.50
|   |   |   |   |   |   |--- class: 1.0
|   |   |   |   |   |--- feature_6 >  50.50
|   |   |   |   |   |   |--- class: 0.0
|   |   |   |   |--- feature_10 >  30.00
|   |   |   |   |   |--- class: 1.0
|   |   |   |--- feature_2 >  50.50
|   |   |   |   |--- feature_9 <= 52.50
|   |   |   |   |   |--- feature_9 <= 33.00
|   |   |   |   |   |   |--- feature_25 <= 3.50
|   |   |   |   |   |   |   |--- class: 1.0
|   |   |   |   |   |   |--- feature_25 >  3.50
|   |   |   |   |   |   |   |--- feature_21 <= 1.00
|   |   |   |   |   |   |   |   |--- feature_14 <= 50.50
|   |   |   |   |   |   |   |   |   |--- class: 1.0
|   |   |   |   |   |   |   |   |--- feature_14 >  50.50
|   |   |   |   |   |   |   |   |   |--- class: 0.0
|   |   |   |   |   |   |   |--- feature_21 >  1.00
|   |   |   |   |   |   |   |   |--- class: 0.0
|   |   |   |   |   |--- feature_9 >  33.00
|   |   |   |   |   |   |--- feature_22 <= 8.50
|   |   |   |   |   |   |   |--- feature_0 <= 57.00
|   |   |   |   |   |   |   |   |--- feature_21 <= 4.50
|   |   |   |   |   |   |   |   |   |--- feature_17 <= 4.50
|   |   |   |   |   |   |   |   |   |   |--- class: 1.0
|   |   |   |   |   |   |   |   |   |--- feature_17 >  4.50
|   |   |   |   |   |   |   |   |   |   |--- feature_2 <= 58.50
|   |   |   |   |   |   |   |   |   |   |   |--- truncated branch of depth 4
|   |   |   |   |   |   |   |   |   |   |--- feature_2 >  58.50
|   |   |   |   |   |   |   |   |   |   |   |--- class: 0.0
|   |   |   |   |   |   |   |   |--- feature_21 >  4.50
|   |   |   |   |   |   |   |   |   |--- feature_1 <= 50.50
|   |   |   |   |   |   |   |   |   |   |--- feature_0 <= 54.00
|   |   |   |   |   |   |   |   |   |   |   |--- class: 1.0
|   |   |   |   |   |   |   |   |   |   |--- feature_0 >  54.00
|   |   |   |   |   |   |   |   |   |   |   |--- class: 0.0
|   |   |   |   |   |   |   |   |   |--- feature_1 >  50.50
|   |   |   |   |   |   |   |   |   |   |--- class: 0.0
|   |   |   |   |   |   |   |--- feature_0 >  57.00
|   |   |   |   |   |   |   |   |--- class: 0.0
|   |   |   |   |   |   |--- feature_22 >  8.50
|   |   |   |   |   |   |   |--- class: 0.0
|   |   |   |   |--- feature_9 >  52.50
|   |   |   |   |   |--- feature_25 <= 4.00
|   |   |   |   |   |   |--- class: 0.0
|   |   |   |   |   |--- feature_25 >  4.00
|   |   |   |   |   |   |--- class: 1.0
|   |--- feature_10 >  44.50
|   |   |--- feature_22 <= 3.50
|   |   |   |--- feature_3 <= 51.50
|   |   |   |   |--- feature_12 <= 68.50
|   |   |   |   |   |--- feature_4 <= 68.50
|   |   |   |   |   |   |--- feature_17 <= 4.10
|   |   |   |   |   |   |   |--- feature_14 <= 51.50
|   |   |   |   |   |   |   |   |--- feature_7 <= 52.00
|   |   |   |   |   |   |   |   |   |--- feature_21 <= 1.00
|   |   |   |   |   |   |   |   |   |   |--- class: 0.0
|   |   |   |   |   |   |   |   |   |--- feature_21 >  1.00
|   |   |   |   |   |   |   |   |   |   |--- class: 1.0
|   |   |   |   |   |   |   |   |--- feature_7 >  52.00
|   |   |   |   |   |   |   |   |   |--- class: 0.0
|   |   |   |   |   |   |   |--- feature_14 >  51.50
|   |   |   |   |   |   |   |   |--- class: 1.0
|   |   |   |   |   |   |--- feature_17 >  4.10
|   |   |   |   |   |   |   |--- feature_7 <= 54.50
|   |   |   |   |   |   |   |   |--- feature_14 <= 59.50
|   |   |   |   |   |   |   |   |   |--- feature_20 <= 0.50
|   |   |   |   |   |   |   |   |   |   |--- feature_6 <= 53.50
|   |   |   |   |   |   |   |   |   |   |   |--- truncated branch of depth 5
|   |   |   |   |   |   |   |   |   |   |--- feature_6 >  53.50
|   |   |   |   |   |   |   |   |   |   |   |--- truncated branch of depth 4
|   |   |   |   |   |   |   |   |   |--- feature_20 >  0.50
|   |   |   |   |   |   |   |   |   |   |--- feature_6 <= 50.50
|   |   |   |   |   |   |   |   |   |   |   |--- truncated branch of depth 4
|   |   |   |   |   |   |   |   |   |   |--- feature_6 >  50.50
|   |   |   |   |   |   |   |   |   |   |   |--- class: 1.0
|   |   |   |   |   |   |   |   |--- feature_14 >  59.50
|   |   |   |   |   |   |   |   |   |--- class: 1.0
|   |   |   |   |   |   |   |--- feature_7 >  54.50
|   |   |   |   |   |   |   |   |--- class: 1.0
|   |   |   |   |   |--- feature_4 >  68.50
|   |   |   |   |   |   |--- feature_7 <= 54.50
|   |   |   |   |   |   |   |--- class: 1.0
|   |   |   |   |   |   |--- feature_7 >  54.50
|   |   |   |   |   |   |   |--- class: 0.0
|   |   |   |   |--- feature_12 >  68.50
|   |   |   |   |   |--- class: 0.0
|   |   |   |--- feature_3 >  51.50
|   |   |   |   |--- feature_10 <= 45.50
|   |   |   |   |   |--- feature_7 <= 50.50
|   |   |   |   |   |   |--- feature_9 <= 45.50
|   |   |   |   |   |   |   |--- class: 1.0
|   |   |   |   |   |   |--- feature_9 >  45.50
|   |   |   |   |   |   |   |--- class: 0.0
|   |   |   |   |   |--- feature_7 >  50.50
|   |   |   |   |   |   |--- class: 1.0
|   |   |   |   |--- feature_10 >  45.50
|   |   |   |   |   |--- feature_21 <= 1.50
|   |   |   |   |   |   |--- feature_4 <= 54.50
|   |   |   |   |   |   |   |--- feature_8 <= 56.50
|   |   |   |   |   |   |   |   |--- class: 1.0
|   |   |   |   |   |   |   |--- feature_8 >  56.50
|   |   |   |   |   |   |   |   |--- feature_7 <= 50.50
|   |   |   |   |   |   |   |   |   |--- class: 1.0
|   |   |   |   |   |   |   |   |--- feature_7 >  50.50
|   |   |   |   |   |   |   |   |   |--- feature_13 <= 52.50
|   |   |   |   |   |   |   |   |   |   |--- feature_23 <= 0.50
|   |   |   |   |   |   |   |   |   |   |   |--- class: 1.0
|   |   |   |   |   |   |   |   |   |   |--- feature_23 >  0.50
|   |   |   |   |   |   |   |   |   |   |   |--- class: 0.0
|   |   |   |   |   |   |   |   |   |--- feature_13 >  52.50
|   |   |   |   |   |   |   |   |   |   |--- class: 0.0
|   |   |   |   |   |   |--- feature_4 >  54.50
|   |   |   |   |   |   |   |--- feature_9 <= 40.00
|   |   |   |   |   |   |   |   |--- class: 0.0
|   |   |   |   |   |   |   |--- feature_9 >  40.00
|   |   |   |   |   |   |   |   |--- feature_14 <= 79.00
|   |   |   |   |   |   |   |   |   |--- feature_12 <= 50.50
|   |   |   |   |   |   |   |   |   |   |--- feature_22 <= 1.50
|   |   |   |   |   |   |   |   |   |   |   |--- class: 0.0
|   |   |   |   |   |   |   |   |   |   |--- feature_22 >  1.50
|   |   |   |   |   |   |   |   |   |   |   |--- class: 1.0
|   |   |   |   |   |   |   |   |   |--- feature_12 >  50.50
|   |   |   |   |   |   |   |   |   |   |--- class: 1.0
|   |   |   |   |   |   |   |   |--- feature_14 >  79.00
|   |   |   |   |   |   |   |   |   |--- feature_23 <= 0.50
|   |   |   |   |   |   |   |   |   |   |--- class: 0.0
|   |   |   |   |   |   |   |   |   |--- feature_23 >  0.50
|   |   |   |   |   |   |   |   |   |   |--- class: 1.0
|   |   |   |   |   |--- feature_21 >  1.50
|   |   |   |   |   |   |--- feature_25 <= 1.50
|   |   |   |   |   |   |   |--- feature_3 <= 63.50
|   |   |   |   |   |   |   |   |--- class: 1.0
|   |   |   |   |   |   |   |--- feature_3 >  63.50
|   |   |   |   |   |   |   |   |--- feature_11 <= 55.00
|   |   |   |   |   |   |   |   |   |--- class: 1.0
|   |   |   |   |   |   |   |   |--- feature_11 >  55.00
|   |   |   |   |   |   |   |   |   |--- class: 0.0
|   |   |   |   |   |   |--- feature_25 >  1.50
|   |   |   |   |   |   |   |--- class: 1.0
|   |   |--- feature_22 >  3.50
|   |   |   |--- feature_10 <= 47.50
|   |   |   |   |--- feature_9 <= 61.50
|   |   |   |   |   |--- feature_13 <= 58.50
|   |   |   |   |   |   |--- feature_15 <= 54.50
|   |   |   |   |   |   |   |--- class: 1.0
|   |   |   |   |   |   |--- feature_15 >  54.50
|   |   |   |   |   |   |   |--- feature_2 <= 56.00
|   |   |   |   |   |   |   |   |--- feature_14 <= 59.00
|   |   |   |   |   |   |   |   |   |--- class: 1.0
|   |   |   |   |   |   |   |   |--- feature_14 >  59.00
|   |   |   |   |   |   |   |   |   |--- feature_25 <= 4.50
|   |   |   |   |   |   |   |   |   |   |--- class: 1.0
|   |   |   |   |   |   |   |   |   |--- feature_25 >  4.50
|   |   |   |   |   |   |   |   |   |   |--- class: 0.0
|   |   |   |   |   |   |   |--- feature_2 >  56.00
|   |   |   |   |   |   |   |   |--- feature_24 <= 3.33
|   |   |   |   |   |   |   |   |   |--- class: 1.0
|   |   |   |   |   |   |   |   |--- feature_24 >  3.33
|   |   |   |   |   |   |   |   |   |--- class: 0.0
|   |   |   |   |   |--- feature_13 >  58.50
|   |   |   |   |   |   |--- feature_17 <= 3.90
|   |   |   |   |   |   |   |--- class: 1.0
|   |   |   |   |   |   |--- feature_17 >  3.90
|   |   |   |   |   |   |   |--- class: 0.0
|   |   |   |   |--- feature_9 >  61.50
|   |   |   |   |   |--- class: 0.0
|   |   |   |--- feature_10 >  47.50
|   |   |   |   |--- feature_9 <= 51.00
|   |   |   |   |   |--- feature_3 <= 60.00
|   |   |   |   |   |   |--- feature_15 <= 56.50
|   |   |   |   |   |   |   |--- class: 1.0
|   |   |   |   |   |   |--- feature_15 >  56.50
|   |   |   |   |   |   |   |--- feature_12 <= 50.50
|   |   |   |   |   |   |   |   |--- class: 0.0
|   |   |   |   |   |   |   |--- feature_12 >  50.50
|   |   |   |   |   |   |   |   |--- class: 1.0
|   |   |   |   |   |--- feature_3 >  60.00
|   |   |   |   |   |   |--- feature_23 <= 0.50
|   |   |   |   |   |   |   |--- feature_12 <= 65.00
|   |   |   |   |   |   |   |   |--- class: 0.0
|   |   |   |   |   |   |   |--- feature_12 >  65.00
|   |   |   |   |   |   |   |   |--- class: 1.0
|   |   |   |   |   |   |--- feature_23 >  0.50
|   |   |   |   |   |   |   |--- class: 1.0
|   |   |   |   |--- feature_9 >  51.00
|   |   |   |   |   |--- feature_12 <= 77.50
|   |   |   |   |   |   |--- feature_14 <= 50.50
|   |   |   |   |   |   |   |--- feature_6 <= 65.50
|   |   |   |   |   |   |   |   |--- class: 1.0
|   |   |   |   |   |   |   |--- feature_6 >  65.50
|   |   |   |   |   |   |   |   |--- feature_13 <= 58.00
|   |   |   |   |   |   |   |   |   |--- class: 0.0
|   |   |   |   |   |   |   |   |--- feature_13 >  58.00
|   |   |   |   |   |   |   |   |   |--- class: 1.0
|   |   |   |   |   |   |--- feature_14 >  50.50
|   |   |   |   |   |   |   |--- feature_5 <= 52.50
|   |   |   |   |   |   |   |   |--- feature_11 <= 62.50
|   |   |   |   |   |   |   |   |   |--- class: 1.0
|   |   |   |   |   |   |   |   |--- feature_11 >  62.50
|   |   |   |   |   |   |   |   |   |--- class: 0.0
|   |   |   |   |   |   |   |--- feature_5 >  52.50
|   |   |   |   |   |   |   |   |--- feature_4 <= 52.50
|   |   |   |   |   |   |   |   |   |--- feature_15 <= 69.00
|   |   |   |   |   |   |   |   |   |   |--- feature_21 <= 5.50
|   |   |   |   |   |   |   |   |   |   |   |--- class: 1.0
|   |   |   |   |   |   |   |   |   |   |--- feature_21 >  5.50
|   |   |   |   |   |   |   |   |   |   |   |--- truncated branch of depth 2
|   |   |   |   |   |   |   |   |   |--- feature_15 >  69.00
|   |   |   |   |   |   |   |   |   |   |--- class: 0.0
|   |   |   |   |   |   |   |   |--- feature_4 >  52.50
|   |   |   |   |   |   |   |   |   |--- feature_5 <= 54.50
|   |   |   |   |   |   |   |   |   |   |--- feature_11 <= 54.00
|   |   |   |   |   |   |   |   |   |   |   |--- truncated branch of depth 2
|   |   |   |   |   |   |   |   |   |   |--- feature_11 >  54.00
|   |   |   |   |   |   |   |   |   |   |   |--- class: 1.0
|   |   |   |   |   |   |   |   |   |--- feature_5 >  54.50
|   |   |   |   |   |   |   |   |   |   |--- feature_8 <= 68.50
|   |   |   |   |   |   |   |   |   |   |   |--- class: 1.0
|   |   |   |   |   |   |   |   |   |   |--- feature_8 >  68.50
|   |   |   |   |   |   |   |   |   |   |   |--- truncated branch of depth 3
|   |   |   |   |   |--- feature_12 >  77.50
|   |   |   |   |   |   |--- feature_16 <= 71.00
|   |   |   |   |   |   |   |--- class: 0.0
|   |   |   |   |   |   |--- feature_16 >  71.00
|   |   |   |   |   |   |   |--- class: 1.0
