|--- feature_11 <= 1.50
|   |--- feature_0 <= 39.50
|   |   |--- feature_14 <= 4.09
|   |   |   |--- feature_13 <= 3.50
|   |   |   |   |--- feature_1 <= 50.50
|   |   |   |   |   |--- feature_0 <= 21.50
|   |   |   |   |   |   |--- class: 0.0
|   |   |   |   |   |--- feature_0 >  21.50
|   |   |   |   |   |   |--- feature_6 <= 28.50
|   |   |   |   |   |   |   |--- feature_10 <= 4.40
|   |   |   |   |   |   |   |   |--- feature_14 <= 3.75
|   |   |   |   |   |   |   |   |   |--- class: 1.0
|   |   |   |   |   |   |   |   |--- feature_14 >  3.75
|   |   |   |   |   |   |   |   |   |--- feature_4 <= 32.00
|   |   |   |   |   |   |   |   |   |   |--- class: 0.0
|   |   |   |   |   |   |   |   |   |--- feature_4 >  32.00
|   |   |   |   |   |   |   |   |   |   |--- class: 1.0
|   |   |   |   |   |   |   |--- feature_10 >  4.40
|   |   |   |   |   |   |   |   |--- class: 1.0
|   |   |   |   |   |   |--- feature_6 >  28.50
|   |   |   |   |   |   |   |--- feature_0 <= 28.50
|   |   |   |   |   |   |   |   |--- feature_4 <= 39.00
|   |   |   |   |   |   |   |   |   |--- class: 0.0
|   |   |   |   |   |   |   |   |--- feature_4 >  39.00
|   |   |   |   |   |   |   |   |   |--- feature_4 <= 41.50
|   |   |   |   |   |   |   |   |   |   |--- class: 1.0
|   |   |   |   |   |   |   |   |   |--- feature_4 >  41.50
|   |   |   |   |   |   |   |   |   |   |--- class: 0.0
|   |   |   |   |   |   |   |--- feature_0 >  28.50
|   |   |   |   |   |   |   |   |--- feature_4 <= 33.00
|   |   |   |   |   |   |   |   |   |--- class: 0.0
|   |   |   |   |   |   |   |   |--- feature_4 >  33.00
|   |   |   |   |   |   |   |   |   |--- feature_2 <= 61.50
|   |   |   |   |   |   |   |   |   |   |--- feature_8 <= 53.50
|   |   |   |   |   |   |   |   |   |   |   |--- truncated branch of depth 8
|   |   |   |   |   |   |   |   |   |   |--- feature_8 >  53.50
|   |   |   |   |   |   |   |   |   |   |   |--- class: 0.0
|   |   |   |   |   |   |   |   |   |--- feature_2 >  61.50
|   |   |   |   |   |   |   |   |   |   |--- class: 0.0
|   |   |   |   |--- feature_1 >  50.50
|   |   |   |   |   |--- feature_6 <= 47.50
|   |   |   |   |   |   |--- feature_6 <= 30.00
|   |   |   |   |   |   |   |--- class: 1.0
|   |   |   |   |   |   |--- feature_6 >  30.00
|   |   |   |   |   |   |   |--- feature_5 <= 35.00
|   |   |   |   |   |   |   |   |--- feature_13 <= 0.50
|   |   |   |   |   |   |   |   |   |--- class: 1.0
|   |   |   |   |   |   |   |   |--- feature_13 >  0.50
|   |   |   |   |   |   |   |   |   |--- class: 0.0
|   |   |   |   |   |   |   |--- feature_5 >  35.00
|   |   |   |   |   |   |   |   |--- class: 0.0
|   |   |   |   |   |--- feature_6 >  47.50
|   |   |   |   |   |   |--- feature_5 <= 51.50
|   |   |   |   |   |   |   |--- feature_14 <= 3.84
|   |   |   |   |   |   |   |   |--- class: 1.0
|   |   |   |   |   |   |   |--- feature_14 >  3.84
|   |   |   |   |   |   |   |   |--- class: 0.0
|   |   |   |   |   |   |--- feature_5 >  51.50
|   |   |   |   |   |   |   |--- feature_7 <= 69.50
|   |   |   |   |   |   |   |   |--- feature_1 <= 62.50
|   |   |   |   |   |   |   |   |   |--- feature_8 <= 57.50
|   |   |   |   |   |   |   |   |   |   |--- feature_14 <= 3.91
|   |   |   |   |   |   |   |   |   |   |   |--- class: 0.0
|   |   |   |   |   |   |   |   |   |   |--- feature_14 >  3.91
|   |   |   |   |   |   |   |   |   |   |   |--- truncated branch of depth 2
|   |   |   |   |   |   |   |   |   |--- feature_8 >  57.50
|   |   |   |   |   |   |   |   |   |   |--- feature_10 <= 3.90
|   |   |   |   |   |   |   |   |   |   |   |--- truncated branch of depth 2
|   |   |   |   |   |   |   |   |   |   |--- feature_10 >  3.90
|   |   |   |   |   |   |   |   |   |   |   |--- class: 1.0
|   |   |   |   |   |   |   |   |--- feature_1 >  62.50
|   |   |   |   |   |   |   |   |   |--- class: 0.0
|   |   |   |   |   |   |   |--- feature_7 >  69.50
|   |   |   |   |   |   |   |   |--- class: 1.0
|   |   |   |--- feature_13 >  3.50
|   |   |   |   |--- feature_13 <= 6.50
|   |   |   |   |   |--- feature_0 <= 30.50
|   |   |   |   |   |   |--- feature_14 <= 3.09
|   |   |   |   |   |   |   |--- feature_14 <= 2.91
|   |   |   |   |   |   |   |   |--- class: 0.0
|   |   |   |   |   |   |   |--- feature_14 >  2.91
|   |   |   |   |   |   |   |   |--- feature_13 <= 4.50
|   |   |   |   |   |   |   |   |   |--- class: 1.0
|   |   |   |   |   |   |   |   |--- feature_13 >  4.50
|   |   |   |   |   |   |   |   |   |--- class: 0.0
|   |   |   |   |   |   |--- feature_14 >  3.09
|   |   |   |   |   |   |   |--- class: 0.0
|   |   |   |   |   |--- feature_0 >  30.50
|   |   |   |   |   |   |--- feature_0 <= 33.50
|   |   |   |   |   |   |   |--- class: 1.0
|   |   |   |   |   |   |--- feature_0 >  33.50
|   |   |   |   |   |   |   |--- feature_6 <= 32.00
|   |   |   |   |   |   |   |   |--- class: 1.0
|   |   |   |   |   |   |   |--- feature_6 >  32.00
|   |   |   |   |   |   |   |   |--- feature_9 <= 62.00
|   |   |   |   |   |   |   |   |   |--- feature_10 <= 4.30
|   |   |   |   |   |   |   |   |   |   |--- feature_10 <= 4.10
|   |   |   |   |   |   |   |   |   |   |   |--- class: 0.0
|   |   |   |   |   |   |   |   |   |   |--- feature_10 >  4.10
|   |   |   |   |   |   |   |   |   |   |   |--- class: 1.0
|   |   |   |   |   |   |   |   |   |--- feature_10 >  4.30
|   |   |   |   |   |   |   |   |   |   |--- class: 0.0
|   |   |   |   |   |   |   |   |--- feature_9 >  62.00
|   |   |   |   |   |   |   |   |   |--- feature_3 <= 68.00
|   |   |   |   |   |   |   |   |   |   |--- class: 1.0
|   |   |   |   |   |   |   |   |   |--- feature_3 >  68.00
|   |   |   |   |   |   |   |   |   |   |--- class: 0.0
|   |   |   |   |--- feature_13 >  6.50
|   |   |   |   |   |--- feature_10 <= 4.30
|   |   |   |   |   |   |--- class: 0.0
|   |   |   |   |   |--- feature_10 >  4.30
|   |   |   |   |   |   |--- class: 1.0
|   |   |--- feature_14 >  4.09
|   |   |   |--- feature_10 <= 4.10
|   |   |   |   |--- feature_5 <= 42.50
|   |   |   |   |   |--- feature_14 <= 4.25
|   |   |   |   |   |   |--- class: 0.0
|   |   |   |   |   |--- feature_14 >  4.25
|   |   |   |   |   |   |--- feature_6 <= 33.00
|   |   |   |   |   |   |   |--- feature_5 <= 31.00
|   |   |   |   |   |   |   |   |--- class: 0.0
|   |   |   |   |   |   |   |--- feature_5 >  31.00
|   |   |   |   |   |   |   |   |--- feature_5 <= 36.00
|   |   |   |   |   |   |   |   |   |--- class: 1.0
|   |   |   |   |   |   |   |   |--- feature_5 >  36.00
|   |   |   |   |   |   |   |   |   |--- feature_10 <= 3.40
|   |   |   |   |   |   |   |   |   |   |--- feature_5 <= 40.00
|   |   |   |   |   |   |   |   |   |   |   |--- class: 0.0
|   |   |   |   |   |   |   |   |   |   |--- feature_5 >  40.00
|   |   |   |   |   |   |   |   |   |   |   |--- class: 1.0
|   |   |   |   |   |   |   |   |   |--- feature_10 >  3.40
|   |   |   |   |   |   |   |   |   |   |--- class: 1.0
|   |   |   |   |   |   |--- feature_6 >  33.00
|   |   |   |   |   |   |   |--- feature_13 <= 3.50
|   |   |   |   |   |   |   |   |--- feature_6 <= 34.50
|   |   |   |   |   |   |   |   |   |--- feature_10 <= 3.90
|   |   |   |   |   |   |   |   |   |   |--- class: 0.0
|   |   |   |   |   |   |   |   |   |--- feature_10 >  3.90
|   |   |   |   |   |   |   |   |   |   |--- class: 1.0
|   |   |   |   |   |   |   |   |--- feature_6 >  34.50
|   |   |   |   |   |   |   |   |   |--- feature_0 <= 29.50
|   |   |   |   |   |   |   |   |   |   |--- feature_7 <= 50.50
|   |   |   |   |   |   |   |   |   |   |   |--- class: 1.0
|   |   |   |   |   |   |   |   |   |   |--- feature_7 >  50.50
|   |   |   |   |   |   |   |   |   |   |   |--- class: 0.0
|   |   |   |   |   |   |   |   |   |--- feature_0 >  29.50
|   |   |   |   |   |   |   |   |   |   |--- class: 1.0
|   |   |   |   |   |   |   |--- feature_13 >  3.50
|   |   |   |   |   |   |   |   |--- class: 0.0
|   |   |   |   |--- feature_5 >  42.50
|   |   |   |   |   |--- feature_10 <= 3.30
|   |   |   |   |   |   |--- feature_9 <= 54.50
|   |   |   |   |   |   |   |--- class: 0.0
|   |   |   |   |   |   |--- feature_9 >  54.50
|   |   |   |   |   |   |   |--- class: 1.0
|   |   |   |   |   |--- feature_10 >  3.30
|   |   |   |   |   |   |--- feature_13 <= 7.00
|   |   |   |   |   |   |   |--- feature_9 <= 51.50
|   |   |   |   |   |   |   |   |--- feature_4 <= 45.50
|   |   |   |   |   |   |   |   |   |--- class: 0.0
|   |   |   |   |   |   |   |   |--- feature_4 >  45.50
|   |   |   |   |   |   |   |   |   |--- feature_1 <= 58.00
|   |   |   |   |   |   |   |   |   |   |--- class: 1.0
|   |   |   |   |   |   |   |   |   |--- feature_1 >  58.00
|   |   |   |   |   |   |   |   |   |   |--- class: 0.0
|   |   |   |   |   |   |   |--- feature_9 >  51.50
|   |   |   |   |   |   |   |   |--- class: 0.0
|   |   |   |   |   |   |--- feature_13 >  7.00
|   |   |   |   |   |   |   |--- class: 1.0
|   |   |   |--- feature_10 >  4.10
|   |   |   |   |--- feature_13 <= 6.50
|   |   |   |   |   |--- feature_0 <= 30.50
|   |   |   |   |   |   |--- feature_5 <= 49.00
|   |   |   |   |   |   |   |--- feature_0 <= 24.50
|   |   |   |   |   |   |   |   |--- feature_10 <= 4.30
|   |   |   |   |   |   |   |   |   |--- class: 1.0
|   |   |   |   |   |   |   |   |--- feature_10 >  4.30
|   |   |   |   |   |   |   |   |   |--- feature_13 <= 1.50
|   |   |   |   |   |   |   |   |   |   |--- class: 1.0
|   |   |   |   |   |   |   |   |   |--- feature_13 >  1.50
|   |   |   |   |   |   |   |   |   |   |--- feature_4 <= 31.00
|   |   |   |   |   |   |   |   |   |   |   |--- truncated branch of depth 2
|   |   |   |   |   |   |   |   |   |   |--- feature_4 >  31.00
|   |   |   |   |   |   |   |   |   |   |   |--- class: 0.0
|   |   |   |   |   |   |   |--- feature_0 >  24.50
|   |   |   |   |   |   |   |   |--- feature_13 <= 1.50
|   |   |   |   |   |   |   |   |   |--- feature_14 <= 4.91
|   |   |   |   |   |   |   |   |   |   |--- feature_6 <= 34.50
|   |   |   |   |   |   |   |   |   |   |   |--- class: 1.0
|   |   |   |   |   |   |   |   |   |   |--- feature_6 >  34.50
|   |   |   |   |   |   |   |   |   |   |   |--- truncated branch of depth 2
|   |   |   |   |   |   |   |   |   |--- feature_14 >  4.91
|   |   |   |   |   |   |   |   |   |   |--- class: 0.0
|   |   |   |   |   |   |   |   |--- feature_13 >  1.50
|   |   |   |   |   |   |   |   |   |--- feature_8 <= 51.50
|   |   |   |   |   |   |   |   |   |   |--- feature_0 <= 28.50
|   |   |   |   |   |   |   |   |   |   |   |--- truncated branch of depth 6
|   |   |   |   |   |   |   |   |   |   |--- feature_0 >  28.50
|   |   |   |   |   |   |   |   |   |   |   |--- class: 1.0
|   |   |   |   |   |   |   |   |   |--- feature_8 >  51.50
|   |   |   |   |   |   |   |   |   |   |--- feature_8 <= 53.00
|   |   |   |   |   |   |   |   |   |   |   |--- class: 0.0
|   |   |   |   |   |   |   |   |   |   |--- feature_8 >  53.00
|   |   |   |   |   |   |   |   |   |   |   |--- class: 1.0
|   |   |   |   |   |   |--- feature_5 >  49.00
|   |   |   |   |   |   |   |--- feature_14 <= 4.25
|   |   |   |   |   |   |   |   |--- feature_13 <= 2.50
|   |   |   |   |   |   |   |   |   |--- class: 0.0
|   |   |   |   |   |   |   |   |--- feature_13 >  2.50
|   |   |   |   |   |   |   |   |   |--- class: 1.0
|   |   |   |   |   |   |   |--- feature_14 >  4.25
|   |   |   |   |   |   |   |   |--- class: 0.0
|   |   |   |   |   |--- feature_0 >  30.50
|   |   |   |   |   |   |--- feature_4 <= 55.50
|   |   |   |   |   |   |   |--- feature_2 <= 52.50
|   |   |   |   |   |   |   |   |--- feature_6 <= 28.50
|   |   |   |   |   |   |   |   |   |--- feature_0 <= 34.50
|   |   |   |   |   |   |   |   |   |   |--- class: 1.0
|   |   |   |   |   |   |   |   |   |--- feature_0 >  34.50
|   |   |   |   |   |   |   |   |   |   |--- class: 0.0
|   |   |   |   |   |   |   |   |--- feature_6 >  28.50
|   |   |   |   |   |   |   |   |   |--- feature_8 <= 58.50
|   |   |   |   |   |   |   |   |   |   |--- feature_0 <= 35.00
|   |   |   |   |   |   |   |   |   |   |   |--- truncated branch of depth 6
|   |   |   |   |   |   |   |   |   |   |--- feature_0 >  35.00
|   |   |   |   |   |   |   |   |   |   |   |--- truncated branch of depth 3
|   |   |   |   |   |   |   |   |   |--- feature_8 >  58.50
|   |   |   |   |   |   |   |   |   |   |--- class: 0.0
|   |   |   |   |   |   |   |--- feature_2 >  52.50
|   |   |   |   |   |   |   |   |--- feature_14 <= 4.91
|   |   |   |   |   |   |   |   |   |--- feature_7 <= 56.00
|   |   |   |   |   |   |   |   |   |   |--- feature_7 <= 50.50
|   |   |   |   |   |   |   |   |   |   |   |--- class: 0.0
|   |   |   |   |   |   |   |   |   |   |--- feature_7 >  50.50
|   |   |   |   |   |   |   |   |   |   |   |--- class: 1.0
|   |   |   |   |   |   |   |   |   |--- feature_7 >  56.00
|   |   |   |   |   |   |   |   |   |   |--- class: 0.0
|   |   |   |   |   |   |   |   |--- feature_14 >  4.91
|   |   |   |   |   |   |   |   |   |--- class: 1.0
|   |   |   |   |   |   |--- feature_4 >  55.50
|   |   |   |   |   |   |   |--- class: 1.0
|   |   |   |   |--- feature_13 >  6.50
|   |   |   |   |   |--- class: 0.0
|   |--- feature_0 >  39.50
|   |   |--- feature_0 <= 54.00
|   |   |   |--- feature_12 <= 0.50
|   |   |   |   |--- feature_8 <= 51.50
|   |   |   |   |   |--- feature_13 <= 3.50
|   |   |   |   |   |   |--- feature_2 <= 50.50
|   |   |   |   |   |   |   |--- feature_1 <= 50.50
|   |   |   |   |   |   |   |   |--- feature_10 <= 2.90
|   |   |   |   |   |   |   |   |   |--- class: 0.0
|   |   |   |   |   |   |   |   |--- feature_10 >  2.90
|   |   |   |   |   |   |   |   |   |--- feature_14 <= 2.84
|   |   |   |   |   |   |   |   |   |   |--- class: 0.0
|   |   |   |   |   |   |   |   |   |--- feature_14 >  2.84
|   |   |   |   |   |   |   |   |   |   |--- feature_10 <= 4.70
|   |   |   |   |   |   |   |   |   |   |   |--- truncated branch of depth 9
|   |   |   |   |   |   |   |   |   |   |--- feature_10 >  4.70
|   |   |   |   |   |   |   |   |   |   |   |--- truncated branch of depth 8
|   |   |   |   |   |   |   |--- feature_1 >  50.50
|   |   |   |   |   |   |   |   |--- feature_4 <= 44.50
|   |   |   |   |   |   |   |   |   |--- feature_14 <= 4.41
|   |   |   |   |   |   |   |   |   |   |--- feature_10 <= 4.50
|   |   |   |   |   |   |   |   |   |   |   |--- truncated branch of depth 3
|   |   |   |   |   |   |   |   |   |   |--- feature_10 >  4.50
|   |   |   |   |   |   |   |   |   |   |   |--- truncated branch of depth 3
|   |   |   |   |   |   |   |   |   |--- feature_14 >  4.41
|   |   |   |   |   |   |   |   |   |   |--- feature_7 <= 53.00
|   |   |   |   |   |   |   |   |   |   |   |--- class: 1.0
|   |   |   |   |   |   |   |   |   |   |--- feature_7 >  53.00
|   |   |   |   |   |   |   |   |   |   |   |--- class: 0.0
|   |   |   |   |   |   |   |   |--- feature_4 >  44.50
|   |   |   |   |   |   |   |   |   |--- feature_9 <= 51.50
|   |   |   |   |   |   |   |   |   |   |--- feature_14 <= 3.75
|   |   |   |   |   |   |   |   |   |   |   |--- truncated branch of depth 2
|   |   |   |   |   |   |   |   |   |   |--- feature_14 >  3.75
|   |   |   |   |   |   |   |   |   |   |   |--- class: 1.0
|   |   |   |   |   |   |   |   |   |--- feature_9 >  51.50
|   |   |   |   |   |   |   |   |   |   |--- feature_6 <= 39.50
|   |   |   |   |   |   |   |   |   |   |   |--- class: 0.0
|   |   |   |   |   |   |   |   |   |   |--- feature_6 >  39.50
|   |   |   |   |   |   |   |   |   |   |   |--- truncated branch of depth 4
|   |   |   |   |   |   |--- feature_2 >  50.50
|   |   |   |   |   |   |   |--- feature_10 <= 3.50
|   |   |   |   |   |   |   |   |--- feature_0 <= 45.50
|   |   |   |   |   |   |   |   |   |--- class: 1.0
|   |   |   |   |   |   |   |   |--- feature_0 >  45.50
|   |   |   |   |   |   |   |   |   |--- class: 0.0
|   |   |   |   |   |   |   |--- feature_10 >  3.50
|   |   |   |   |   |   |   |   |--- feature_14 <= 3.25
|   |   |   |   |   |   |   |   |   |--- class: 1.0
|   |   |   |   |   |   |   |   |--- feature_14 >  3.25
|   |   |   |   |   |   |   |   |   |--- feature_6 <= 33.00
|   |   |   |   |   |   |   |   |   |   |--- feature_0 <= 48.50
|   |   |   |   |   |   |   |   |   |   |   |--- class: 1.0
|   |   |   |   |   |   |   |   |   |   |--- feature_0 >  48.50
|   |   |   |   |   |   |   |   |   |   |   |--- class: 0.0
|   |   |   |   |   |   |   |   |   |--- feature_6 >  33.00
|   |   |   |   |   |   |   |   |   |   |--- feature_4 <= 51.50
|   |   |   |   |   |   |   |   |   |   |   |--- truncated branch of depth 11
|   |   |   |   |   |   |   |   |   |   |--- feature_4 >  51.50
|   |   |   |   |   |   |   |   |   |   |   |--- truncated branch of depth 5
|   |   |   |   |   |--- feature_13 >  3.50
|   |   |   |   |   |   |--- feature_14 <= 4.75
|   |   |   |   |   |   |   |--- feature_9 <= 50.50
|   |   |   |   |   |   |   |   |--- feature_10 <= 4.10
|   |   |   |   |   |   |   |   |   |--- class: 0.0
|   |   |   |   |   |   |   |   |--- feature_10 >  4.10
|   |   |   |   |   |   |   |   |   |--- feature_0 <= 48.50
|   |   |   |   |   |   |   |   |   |   |--- feature_4 <= 32.00
|   |   |   |   |   |   |   |   |   |   |   |--- class: 1.0
|   |   |   |   |   |   |   |   |   |   |--- feature_4 >  32.00
|   |   |   |   |   |   |   |   |   |   |   |--- truncated branch of depth 3
|   |   |   |   |   |   |   |   |   |--- feature_0 >  48.50
|   |   |   |   |   |   |   |   |   |   |--- feature_10 <= 4.30
|   |   |   |   |   |   |   |   |   |   |   |--- truncated branch of depth 2
|   |   |   |   |   |   |   |   |   |   |--- feature_10 >  4.30
|   |   |   |   |   |   |   |   |   |   |   |--- class: 1.0
|   |   |   |   |   |   |   |--- feature_9 >  50.50
|   |   |   |   |   |   |   |   |--- feature_5 <= 39.50
|   |   |   |   |   |   |   |   |   |--- class: 1.0
|   |   |   |   |   |   |   |   |--- feature_5 >  39.50
|   |   |   |   |   |   |   |   |   |--- feature_3 <= 51.50
|   |   |   |   |   |   |   |   |   |   |--- feature_0 <= 45.50
|   |   |   |   |   |   |   |   |   |   |   |--- class: 1.0
|   |   |   |   |   |   |   |   |   |   |--- feature_0 >  45.50
|   |   |   |   |   |   |   |   |   |   |   |--- truncated branch of depth 6
|   |   |   |   |   |   |   |   |   |--- feature_3 >  51.50
|   |   |   |   |   |   |   |   |   |   |--- feature_9 <= 51.50
|   |   |   |   |   |   |   |   |   |   |   |--- class: 1.0
|   |   |   |   |   |   |   |   |   |   |--- feature_9 >  51.50
|   |   |   |   |   |   |   |   |   |   |   |--- truncated branch of depth 6
|   |   |   |   |   |   |--- feature_14 >  4.75
|   |   |   |   |   |   |   |--- feature_6 <= 30.00
|   |   |   |   |   |   |   |   |--- class: 0.0
|   |   |   |   |   |   |   |--- feature_6 >  30.00
|   |   |   |   |   |   |   |   |--- feature_1 <= 50.50
|   |   |   |   |   |   |   |   |   |--- feature_4 <= 47.00
|   |   |   |   |   |   |   |   |   |   |--- class: 1.0
|   |   |   |   |   |   |   |   |   |--- feature_4 >  47.00
|   |   |   |   |   |   |   |   |   |   |--- feature_2 <= 55.00
|   |   |   |   |   |   |   |   |   |   |   |--- class: 0.0
|   |   |   |   |   |   |   |   |   |   |--- feature_2 >  55.00
|   |   |   |   |   |   |   |   |   |   |   |--- class: 1.0
|   |   |   |   |   |   |   |   |--- feature_1 >  50.50
|   |   |   |   |   |   |   |   |   |--- class: 1.0
|   |   |   |   |--- feature_8 >  51.50
|   |   |   |   |   |--- feature_1 <= 50.50
|   |   |   |   |   |   |--- feature_4 <= 53.50
|   |   |   |   |   |   |   |--- feature_10 <= 4.70
|   |   |   |   |   |   |   |   |--- feature_7 <= 51.50
|   |   |   |   |   |   |   |   |   |--- class: 0.0
|   |   |   |   |   |   |   |   |--- feature_7 >  51.50
|   |   |   |   |   |   |   |   |   |--- feature_2 <= 50.50
|   |   |   |   |   |   |   |   |   |   |--- class: 0.0
|   |   |   |   |   |   |   |   |   |--- feature_2 >  50.50
|   |   |   |   |   |   |   |   |   |   |--- class: 1.0
|   |   |   |   |   |   |   |--- feature_10 >  4.70
|   |   |   |   |   |   |   |   |--- class: 1.0
|   |   |   |   |   |   |--- feature_4 >  53.50
|   |   |   |   |   |   |   |--- class: 0.0
|   |   |   |   |   |--- feature_1 >  50.50
|   |   |   |   |   |   |--- feature_10 <= 4.70
|   |   |   |   |   |   |   |--- feature_14 <= 3.75
|   |   |   |   |   |   |   |   |--- feature_4 <= 55.50
|   |   |   |   |   |   |   |   |   |--- feature_13 <= 4.50
|   |   |   |   |   |   |   |   |   |   |--- class: 0.0
|   |   |   |   |   |   |   |   |   |--- feature_13 >  4.50
|   |   |   |   |   |   |   |   |   |   |--- class: 1.0
|   |   |   |   |   |   |   |   |--- feature_4 >  55.50
|   |   |   |   |   |   |   |   |   |--- feature_1 <= 63.50
|   |   |   |   |   |   |   |   |   |   |--- feature_3 <= 51.50
|   |   |   |   |   |   |   |   |   |   |   |--- truncated branch of depth 2
|   |   |   |   |   |   |   |   |   |   |--- feature_3 >  51.50
|   |   |   |   |   |   |   |   |   |   |   |--- truncated branch of depth 3
|   |   |   |   |   |   |   |   |   |--- feature_1 >  63.50
|   |   |   |   |   |   |   |   |   |   |--- feature_3 <= 66.00
|   |   |   |   |   |   |   |   |   |   |   |--- class: 0.0
|   |   |   |   |   |   |   |   |   |   |--- feature_3 >  66.00
|   |   |   |   |   |   |   |   |   |   |   |--- class: 1.0
|   |   |   |   |   |   |   |--- feature_14 >  3.75
|   |   |   |   |   |   |   |   |--- feature_7 <= 58.50
|   |   |   |   |   |   |   |   |   |--- feature_13 <= 0.50
|   |   |   |   |   |   |   |   |   |   |--- feature_9 <= 50.50
|   |   |   |   |   |   |   |   |   |   |   |--- truncated branch of depth 3
|   |   |   |   |   |   |   |   |   |   |--- feature_9 >  50.50
|   |   |   |   |   |   |   |   |   |   |   |--- truncated branch of depth 3
|   |   |   |   |   |   |   |   |   |--- feature_13 >  0.50
|   |   |   |   |   |   |   |   |   |   |--- feature_3 <= 52.50
|   |   |   |   |   |   |   |   |   |   |   |--- truncated branch of depth 6
|   |   |   |   |   |   |   |   |   |   |--- feature_3 >  52.50
|   |   |   |   |   |   |   |   |   |   |   |--- truncated branch of depth 3
|   |   |   |   |   |   |   |   |--- feature_7 >  58.50
|   |   |   |   |   |   |   |   |   |--- feature_14 <= 4.25
|   |   |   |   |   |   |   |   |   |   |--- feature_4 <= 69.50
|   |   |   |   |   |   |   |   |   |   |   |--- truncated branch of depth 4
|   |   |   |   |   |   |   |   |   |   |--- feature_4 >  69.50
|   |   |   |   |   |   |   |   |   |   |   |--- truncated branch of depth 2
|   |   |   |   |   |   |   |   |   |--- feature_14 >  4.25
|   |   |   |   |   |   |   |   |   |   |--- feature_7 <= 66.00
|   |   |   |   |   |   |   |   |   |   |   |--- truncated branch of depth 4
|   |   |   |   |   |   |   |   |   |   |--- feature_7 >  66.00
|   |   |   |   |   |   |   |   |   |   |   |--- truncated branch of depth 2
|   |   |   |   |   |   |--- feature_10 >  4.70
|   |   |   |   |   |   |   |--- feature_0 <= 47.00
|   |   |   |   |   |   |   |   |--- feature_6 <= 40.00
|   |   |   |   |   |   |   |   |   |--- class: 0.0
|   |   |   |   |   |   |   |   |--- feature_6 >  40.00
|   |   |   |   |   |   |   |   |   |--- feature_5 <= 58.00
|   |   |   |   |   |   |   |   |   |   |--- feature_14 <= 4.75
|   |   |   |   |   |   |   |   |   |   |   |--- truncated branch of depth 3
|   |   |   |   |   |   |   |   |   |   |--- feature_14 >  4.75
|   |   |   |   |   |   |   |   |   |   |   |--- class: 0.0
|   |   |   |   |   |   |   |   |   |--- feature_5 >  58.00
|   |   |   |   |   |   |   |   |   |   |--- class: 0.0
|   |   |   |   |   |   |   |--- feature_0 >  47.00
|   |   |   |   |   |   |   |   |--- feature_9 <= 71.50
|   |   |   |   |   |   |   |   |   |--- feature_1 <= 52.00
|   |   |   |   |   |   |   |   |   |   |--- feature_4 <= 53.50
|   |   |   |   |   |   |   |   |   |   |   |--- class: 1.0
|   |   |   |   |   |   |   |   |   |   |--- feature_4 >  53.50
|   |   |   |   |   |   |   |   |   |   |   |--- truncated branch of depth 2
|   |   |   |   |   |   |   |   |   |--- feature_1 >  52.00
|   |   |   |   |   |   |   |   |   |   |--- class: 1.0
|   |   |   |   |   |   |   |   |--- feature_9 >  71.50
|   |   |   |   |   |   |   |   |   |--- class: 0.0
|   |   |   |--- feature_12 >  0.50
|   |   |   |   |--- feature_10 <= 4.10
|   |   |   |   |   |--- feature_7 <= 69.50
|   |   |   |   |   |   |--- feature_3 <= 52.50
|   |   |   |   |   |   |   |--- feature_5 <= 44.00
|   |   |   |   |   |   |   |   |--- feature_9 <= 51.50
|   |   |   |   |   |   |   |   |   |--- class: 0.0
|   |   |   |   |   |   |   |   |--- feature_9 >  51.50
|   |   |   |   |   |   |   |   |   |--- class: 1.0
|   |   |   |   |   |   |   |--- feature_5 >  44.00
|   |   |   |   |   |   |   |   |--- feature_13 <= 3.00
|   |   |   |   |   |   |   |   |   |--- class: 1.0
|   |   |   |   |   |   |   |   |--- feature_13 >  3.00
|   |   |   |   |   |   |   |   |   |--- feature_14 <= 3.34
|   |   |   |   |   |   |   |   |   |   |--- class: 1.0
|   |   |   |   |   |   |   |   |   |--- feature_14 >  3.34
|   |   |   |   |   |   |   |   |   |   |--- class: 0.0
|   |   |   |   |   |   |--- feature_3 >  52.50
|   |   |   |   |   |   |   |--- class: 0.0
|   |   |   |   |   |--- feature_7 >  69.50
|   |   |   |   |   |   |--- class: 1.0
|   |   |   |   |--- feature_10 >  4.10
|   |   |   |   |   |--- feature_14 <= 3.59
|   |   |   |   |   |   |--- feature_2 <= 52.50
|   |   |   |   |   |   |   |--- feature_9 <= 50.50
|   |   |   |   |   |   |   |   |--- class: 0.0
|   |   |   |   |   |   |   |--- feature_9 >  50.50
|   |   |   |   |   |   |   |   |--- class: 1.0
|   |   |   |   |   |   |--- feature_2 >  52.50
|   |   |   |   |   |   |   |--- feature_0 <= 44.00
|   |   |   |   |   |   |   |   |--- class: 1.0
|   |   |   |   |   |   |   |--- feature_0 >  44.00
|   |   |   |   |   |   |   |   |--- class: 0.0
|   |   |   |   |   |--- feature_14 >  3.59
|   |   |   |   |   |   |--- feature_7 <= 60.00
|   |   |   |   |   |   |   |--- feature_13 <= 3.50
|   |   |   |   |   |   |   |   |--- feature_6 <= 47.50
|   |   |   |   |   |   |   |   |   |--- feature_9 <= 51.50
|   |   |   |   |   |   |   |   |   |   |--- feature_4 <= 33.00
|   |   |   |   |   |   |   |   |   |   |   |--- class: 0.0
|   |   |   |   |   |   |   |   |   |   |--- feature_4 >  33.00
|   |   |   |   |   |   |   |   |   |   |   |--- truncated branch of depth 6
|   |   |   |   |   |   |   |   |   |--- feature_9 >  51.50
|   |   |   |   |   |   |   |   |   |   |--- feature_7 <= 50.50
|   |   |   |   |   |   |   |   |   |   |   |--- truncated branch of depth 2
|   |   |   |   |   |   |   |   |   |   |--- feature_7 >  50.50
|   |   |   |   |   |   |   |   |   |   |   |--- class: 0.0
|   |   |   |   |   |   |   |   |--- feature_6 >  47.50
|   |   |   |   |   |   |   |   |   |--- class: 1.0
|   |   |   |   |   |   |   |--- feature_13 >  3.50
|   |   |   |   |   |   |   |   |--- feature_6 <= 42.50
|   |   |   |   |   |   |   |   |   |--- feature_10 <= 4.30
|   |   |   |   |   |   |   |   |   |   |--- feature_9 <= 51.50
|   |   |   |   |   |   |   |   |   |   |   |--- class: 0.0
|   |   |   |   |   |   |   |   |   |   |--- feature_9 >  51.50
|   |   |   |   |   |   |   |   |   |   |   |--- class: 1.0
|   |   |   |   |   |   |   |   |   |--- feature_10 >  4.30
|   |   |   |   |   |   |   |   |   |   |--- class: 1.0
|   |   |   |   |   |   |   |   |--- feature_6 >  42.50
|   |   |   |   |   |   |   |   |   |--- feature_14 <= 4.75
|   |   |   |   |   |   |   |   |   |   |--- class: 0.0
|   |   |   |   |   |   |   |   |   |--- feature_14 >  4.75
|   |   |   |   |   |   |   |   |   |   |--- class: 1.0
|   |   |   |   |   |   |--- feature_7 >  60.00
|   |   |   |   |   |   |   |--- feature_8 <= 75.00
|   |   |   |   |   |   |   |   |--- class: 1.0
|   |   |   |   |   |   |   |--- feature_8 >  75.00
|   |   |   |   |   |   |   |   |--- class: 0.0
|   |   |--- feature_0 >  54.00
|   |   |   |--- feature_10 <= 3.70
|   |   |   |   |--- feature_13 <= 3.50
|   |   |   |   |   |--- feature_14 <= 3.17
|   |   |   |   |   |   |--- class: 0.0
|   |   |   |   |   |--- feature_14 >  3.17
|   |   |   |   |   |   |--- feature_9 <= 62.00
|   |   |   |   |   |   |   |--- feature_0 <= 56.50
|   |   |   |   |   |   |   |   |--- feature_6 <= 40.50
|   |   |   |   |   |   |   |   |   |--- class: 0.0
|   |   |   |   |   |   |   |   |--- feature_6 >  40.50
|   |   |   |   |   |   |   |   |   |--- class: 1.0
|   |   |   |   |   |   |   |--- feature_0 >  56.50
|   |   |   |   |   |   |   |   |--- feature_4 <= 33.00
|   |   |   |   |   |   |   |   |   |--- feature_13 <= 0.50
|   |   |   |   |   |   |   |   |   |   |--- class: 1.0
|   |   |   |   |   |   |   |   |   |--- feature_13 >  0.50
|   |   |   |   |   |   |   |   |   |   |--- class: 0.0
|   |   |   |   |   |   |   |   |--- feature_4 >  33.00
|   |   |   |   |   |   |   |   |   |--- class: 1.0
|   |   |   |   |   |   |--- feature_9 >  62.00
|   |   |   |   |   |   |   |--- class: 0.0
|   |   |   |   |--- feature_13 >  3.50
|   |   |   |   |   |--- feature_5 <= 42.00
|   |   |   |   |   |   |--- class: 1.0
|   |   |   |   |   |--- feature_5 >  42.00
|   |   |   |   |   |   |--- feature_5 <= 61.50
|   |   |   |   |   |   |   |--- feature_9 <= 51.50
|   |   |   |   |   |   |   |   |--- feature_6 <= 43.00
|   |   |   |   |   |   |   |   |   |--- class: 1.0
|   |   |   |   |   |   |   |   |--- feature_6 >  43.00
|   |   |   |   |   |   |   |   |   |--- class: 0.0
|   |   |   |   |   |   |   |--- feature_9 >  51.50
|   |   |   |   |   |   |   |   |--- class: 0.0
|   |   |   |   |   |   |--- feature_5 >  61.50
|   |   |   |   |   |   |   |--- feature_13 <= 6.50
|   |   |   |   |   |   |   |   |--- class: 0.0
|   |   |   |   |   |   |   |--- feature_13 >  6.50
|   |   |   |   |   |   |   |   |--- class: 1.0
|   |   |   |--- feature_10 >  3.70
|   |   |   |   |--- feature_14 <= 4.41
|   |   |   |   |   |--- feature_1 <= 53.50
|   |   |   |   |   |   |--- feature_2 <= 52.50
|   |   |   |   |   |   |   |--- feature_3 <= 50.50
|   |   |   |   |   |   |   |   |--- feature_6 <= 38.50
|   |   |   |   |   |   |   |   |   |--- feature_0 <= 58.00
|   |   |   |   |   |   |   |   |   |   |--- feature_14 <= 3.41
|   |   |   |   |   |   |   |   |   |   |   |--- class: 1.0
|   |   |   |   |   |   |   |   |   |   |--- feature_14 >  3.41
|   |   |   |   |   |   |   |   |   |   |   |--- truncated branch of depth 9
|   |   |   |   |   |   |   |   |   |--- feature_0 >  58.00
|   |   |   |   |   |   |   |   |   |   |--- feature_9 <= 51.50
|   |   |   |   |   |   |   |   |   |   |   |--- truncated branch of depth 6
|   |   |   |   |   |   |   |   |   |   |--- feature_9 >  51.50
|   |   |   |   |   |   |   |   |   |   |   |--- truncated branch of depth 2
|   |   |   |   |   |   |   |   |--- feature_6 >  38.50
|   |   |   |   |   |   |   |   |   |--- feature_7 <= 57.00
|   |   |   |   |   |   |   |   |   |   |--- class: 1.0
|   |   |   |   |   |   |   |   |   |--- feature_7 >  57.00
|   |   |   |   |   |   |   |   |   |   |--- class: 0.0
|   |   |   |   |   |   |   |--- feature_3 >  50.50
|   |   |   |   |   |   |   |   |--- feature_6 <= 36.50
|   |   |   |   |   |   |   |   |   |--- class: 1.0
|   |   |   |   |   |   |   |   |--- feature_6 >  36.50
|   |   |   |   |   |   |   |   |   |--- feature_10 <= 3.90
|   |   |   |   |   |   |   |   |   |   |--- feature_7 <= 50.50
|   |   |   |   |   |   |   |   |   |   |   |--- class: 0.0
|   |   |   |   |   |   |   |   |   |   |--- feature_7 >  50.50
|   |   |   |   |   |   |   |   |   |   |   |--- class: 1.0
|   |   |   |   |   |   |   |   |   |--- feature_10 >  3.90
|   |   |   |   |   |   |   |   |   |   |--- feature_9 <= 50.50
|   |   |   |   |   |   |   |   |   |   |   |--- truncated branch of depth 2
|   |   |   |   |   |   |   |   |   |   |--- feature_9 >  50.50
|   |   |   |   |   |   |   |   |   |   |   |--- truncated branch of depth 7
|   |   |   |   |   |   |--- feature_2 >  52.50
|   |   |   |   |   |   |   |--- feature_2 <= 62.50
|   |   |   |   |   |   |   |   |--- feature_9 <= 56.50
|   |   |   |   |   |   |   |   |   |--- feature_5 <= 57.50
|   |   |   |   |   |   |   |   |   |   |--- feature_0 <= 56.50
|   |   |   |   |   |   |   |   |   |   |   |--- truncated branch of depth 2
|   |   |   |   |   |   |   |   |   |   |--- feature_0 >  56.50
|   |   |   |   |   |   |   |   |   |   |   |--- class: 1.0
|   |   |   |   |   |   |   |   |   |--- feature_5 >  57.50
|   |   |   |   |   |   |   |   |   |   |--- feature_8 <= 50.50
|   |   |   |   |   |   |   |   |   |   |   |--- class: 0.0
|   |   |   |   |   |   |   |   |   |   |--- feature_8 >  50.50
|   |   |   |   |   |   |   |   |   |   |   |--- class: 1.0
|   |   |   |   |   |   |   |   |--- feature_9 >  56.50
|   |   |   |   |   |   |   |   |   |--- feature_4 <= 47.00
|   |   |   |   |   |   |   |   |   |   |--- class: 0.0
|   |   |   |   |   |   |   |   |   |--- feature_4 >  47.00
|   |   |   |   |   |   |   |   |   |   |--- feature_6 <= 54.50
|   |   |   |   |   |   |   |   |   |   |   |--- class: 1.0
|   |   |   |   |   |   |   |   |   |   |--- feature_6 >  54.50
|   |   |   |   |   |   |   |   |   |   |   |--- class: 0.0
|   |   |   |   |   |   |   |--- feature_2 >  62.50
|   |   |   |   |   |   |   |   |--- feature_5 <= 51.50
|   |   |   |   |   |   |   |   |   |--- class: 0.0
|   |   |   |   |   |   |   |   |--- feature_5 >  51.50
|   |   |   |   |   |   |   |   |   |--- class: 1.0
|   |   |   |   |   |--- feature_1 >  53.50
|   |   |   |   |   |   |--- feature_13 <= 3.50
|   |   |   |   |   |   |   |--- feature_10 <= 4.50
|   |   |   |   |   |   |   |   |--- feature_1 <= 58.50
|   |   |   |   |   |   |   |   |   |--- feature_4 <= 54.50
|   |   |   |   |   |   |   |   |   |   |--- class: 0.0
|   |   |   |   |   |   |   |   |   |--- feature_4 >  54.50
|   |   |   |   |   |   |   |   |   |   |--- class: 1.0
|   |   |   |   |   |   |   |   |--- feature_1 >  58.50
|   |   |   |   |   |   |   |   |   |--- class: 1.0
|   |   |   |   |   |   |   |--- feature_10 >  4.50
|   |   |   |   |   |   |   |   |--- feature_8 <= 55.50
|   |   |   |   |   |   |   |   |   |--- class: 1.0
|   |   |   |   |   |   |   |   |--- feature_8 >  55.50
|   |   |   |   |   |   |   |   |   |--- feature_7 <= 51.50
|   |   |   |   |   |   |   |   |   |   |--- class: 0.0
|   |   |   |   |   |   |   |   |   |--- feature_7 >  51.50
|   |   |   |   |   |   |   |   |   |   |--- feature_2 <= 50.50
|   |   |   |   |   |   |   |   |   |   |   |--- class: 0.0
|   |   |   |   |   |   |   |   |   |   |--- feature_2 >  50.50
|   |   |   |   |   |   |   |   |   |   |   |--- class: 1.0
|   |   |   |   |   |   |--- feature_13 >  3.50
|   |   |   |   |   |   |   |--- feature_0 <= 58.00
|   |   |   |   |   |   |   |   |--- class: 0.0
|   |   |   |   |   |   |   |--- feature_0 >  58.00
|   |   |   |   |   |   |   |   |--- feature_14 <= 3.75
|   |   |   |   |   |   |   |   |   |--- class: 0.0
|   |   |   |   |   |   |   |   |--- feature_14 >  3.75
|   |   |   |   |   |   |   |   |   |--- class: 1.0
|   |   |   |   |--- feature_14 >  4.41
|   |   |   |   |   |--- feature_12 <= 0.50
|   |   |   |   |   |   |--- feature_5 <= 70.00
|   |   |   |   |   |   |   |--- feature_4 <= 47.00
|   |   |   |   |   |   |   |   |--- feature_6 <= 44.50
|   |   |   |   |   |   |   |   |   |--- feature_8 <= 54.50
|   |   |   |   |   |   |   |   |   |   |--- feature_1 <= 56.00
|   |   |   |   |   |   |   |   |   |   |   |--- truncated branch of depth 8
|   |   |   |   |   |   |   |   |   |   |--- feature_1 >  56.00
|   |   |   |   |   |   |   |   |   |   |   |--- class: 0.0
|   |   |   |   |   |   |   |   |   |--- feature_8 >  54.50
|   |   |   |   |   |   |   |   |   |   |--- class: 0.0
|   |   |   |   |   |   |   |   |--- feature_6 >  44.50
|   |   |   |   |   |   |   |   |   |--- feature_4 <= 41.50
|   |   |   |   |   |   |   |   |   |   |--- class: 1.0
|   |   |   |   |   |   |   |   |   |--- feature_4 >  41.50
|   |   |   |   |   |   |   |   |   |   |--- class: 0.0
|   |   |   |   |   |   |   |--- feature_4 >  47.00
|   |   |   |   |   |   |   |   |--- feature_2 <= 57.50
|   |   |   |   |   |   |   |   |   |--- feature_7 <= 59.50
|   |   |   |   |   |   |   |   |   |   |--- class: 1.0
|   |   |   |   |   |   |   |   |   |--- feature_7 >  59.50
|   |   |   |   |   |   |   |   |   |   |--- feature_4 <= 50.50
|   |   |   |   |   |   |   |   |   |   |   |--- class: 0.0
|   |   |   |   |   |   |   |   |   |   |--- feature_4 >  50.50
|   |   |   |   |   |   |   |   |   |   |   |--- class: 1.0
|   |   |   |   |   |   |   |   |--- feature_2 >  57.50
|   |   |   |   |   |   |   |   |   |--- feature_6 <= 48.00
|   |   |   |   |   |   |   |   |   |   |--- class: 0.0
|   |   |   |   |   |   |   |   |   |--- feature_6 >  48.00
|   |   |   |   |   |   |   |   |   |   |--- feature_2 <= 58.50
|   |   |   |   |   |   |   |   |   |   |   |--- class: 0.0
|   |   |   |   |   |   |   |   |   |   |--- feature_2 >  58.50
|   |   |   |   |   |   |   |   |   |   |   |--- class: 1.0
|   |   |   |   |   |   |--- feature_5 >  70.00
|   |   |   |   |   |   |   |--- class: 0.0
|   |   |   |   |   |--- feature_12 >  0.50
|   |   |   |   |   |   |--- feature_9 <= 53.00
|   |   |   |   |   |   |   |--- feature_5 <= 39.50
|   |   |   |   |   |   |   |   |--- class: 1.0
|   |   |   |   |   |   |   |--- feature_5 >  39.50
|   |   |   |   |   |   |   |   |--- feature_0 <= 58.00
|   |   |   |   |   |   |   |   |   |--- class: 0.0
|   |   |   |   |   |   |   |   |--- feature_0 >  58.00
|   |   |   |   |   |   |   |   |   |--- feature_5 <= 48.50
|   |   |   |   |   |   |   |   |   |   |--- feature_8 <= 50.50
|   |   |   |   |   |   |   |   |   |   |   |--- class: 1.0
|   |   |   |   |   |   |   |   |   |   |--- feature_8 >  50.50
|   |   |   |   |   |   |   |   |   |   |   |--- truncated branch of depth 2
|   |   |   |   |   |   |   |   |   |--- feature_5 >  48.50
|   |   |   |   |   |   |   |   |   |   |--- class: 0.0
|   |   |   |   |   |   |--- feature_9 >  53.00
|   |   |   |   |   |   |   |--- class: 1.0
|--- feature_11 >  1.50
|   |--- feature_10 <= 4.70
|   |   |--- feature_10 <= 4.10
|   |   |   |--- feature_1 <= 50.50
|   |   |   |   |--- feature_12 <= 0.50
|   |   |   |   |   |--- feature_5 <= 41.50
|   |   |   |   |   |   |--- class: 0.0
|   |   |   |   |   |--- feature_5 >  41.50
|   |   |   |   |   |   |--- feature_4 <= 53.50
|   |   |   |   |   |   |   |--- feature_6 <= 50.00
|   |   |   |   |   |   |   |   |--- feature_0 <= 47.00
|   |   |   |   |   |   |   |   |   |--- feature_0 <= 40.00
|   |   |   |   |   |   |   |   |   |   |--- feature_6 <= 38.50
|   |   |   |   |   |   |   |   |   |   |   |--- class: 1.0
|   |   |   |   |   |   |   |   |   |   |--- feature_6 >  38.50
|   |   |   |   |   |   |   |   |   |   |   |--- class: 0.0
|   |   |   |   |   |   |   |   |   |--- feature_0 >  40.00
|   |   |   |   |   |   |   |   |   |   |--- feature_5 <= 56.00
|   |   |   |   |   |   |   |   |   |   |   |--- truncated branch of depth 2
|   |   |   |   |   |   |   |   |   |   |--- feature_5 >  56.00
|   |   |   |   |   |   |   |   |   |   |   |--- class: 0.0
|   |   |   |   |   |   |   |   |--- feature_0 >  47.00
|   |   |   |   |   |   |   |   |   |--- feature_3 <= 60.00
|   |   |   |   |   |   |   |   |   |   |--- feature_7 <= 59.00
|   |   |   |   |   |   |   |   |   |   |   |--- class: 0.0
|   |   |   |   |   |   |   |   |   |   |--- feature_7 >  59.00
|   |   |   |   |   |   |   |   |   |   |   |--- class: 1.0
|   |   |   |   |   |   |   |   |   |--- feature_3 >  60.00
|   |   |   |   |   |   |   |   |   |   |--- class: 1.0
|   |   |   |   |   |   |   |--- feature_6 >  50.00
|   |   |   |   |   |   |   |   |--- class: 1.0
|   |   |   |   |   |   |--- feature_4 >  53.50
|   |   |   |   |   |   |   |--- class: 0.0
|   |   |   |   |--- feature_12 >  0.50
|   |   |   |   |   |--- feature_10 <= 3.30
|   |   |   |   |   |   |--- feature_6 <= 36.50
|   |   |   |   |   |   |   |--- class: 1.0
|   |   |   |   |   |   |--- feature_6 >  36.50
|   |   |   |   |   |   |   |--- class: 0.0
|   |   |   |   |   |--- feature_10 >  3.30
|   |   |   |   |   |   |--- class: 0.0
|   |   |   |--- feature_1 >  50.50
|   |   |   |   |--- feature_14 <= 4.41
|   |   |   |   |   |--- feature_3 <= 50.50
|   |   |   |   |   |   |--- feature_10 <= 3.90
|   |   |   |   |   |   |   |--- class: 0.0
|   |   |   |   |   |   |--- feature_10 >  3.90
|   |   |   |   |   |   |   |--- feature_4 <= 59.00
|   |   |   |   |   |   |   |   |--- class: 1.0
|   |   |   |   |   |   |   |--- feature_4 >  59.00
|   |   |   |   |   |   |   |   |--- class: 0.0
|   |   |   |   |   |--- feature_3 >  50.50
|   |   |   |   |   |   |--- class: 0.0
|   |   |   |   |--- feature_14 >  4.41
|   |   |   |   |   |--- feature_3 <= 57.00
|   |   |   |   |   |   |--- feature_9 <= 56.50
|   |   |   |   |   |   |   |--- feature_14 <= 4.59
|   |   |   |   |   |   |   |   |--- class: 1.0
|   |   |   |   |   |   |   |--- feature_14 >  4.59
|   |   |   |   |   |   |   |   |--- feature_8 <= 62.50
|   |   |   |   |   |   |   |   |   |--- class: 0.0
|   |   |   |   |   |   |   |   |--- feature_8 >  62.50
|   |   |   |   |   |   |   |   |   |--- feature_13 <= 5.50
|   |   |   |   |   |   |   |   |   |   |--- class: 1.0
|   |   |   |   |   |   |   |   |   |--- feature_13 >  5.50
|   |   |   |   |   |   |   |   |   |   |--- class: 0.0
|   |   |   |   |   |   |--- feature_9 >  56.50
|   |   |   |   |   |   |   |--- class: 1.0
|   |   |   |   |   |--- feature_3 >  57.00
|   |   |   |   |   |   |--- class: 0.0
|   |   |--- feature_10 >  4.10
|   |   |   |--- feature_9 <= 51.50
|   |   |   |   |--- feature_3 <= 53.50
|   |   |   |   |   |--- feature_13 <= 1.50
|   |   |   |   |   |   |--- feature_5 <= 50.00
|   |   |   |   |   |   |   |--- feature_14 <= 4.59
|   |   |   |   |   |   |   |   |--- feature_7 <= 51.50
|   |   |   |   |   |   |   |   |   |--- feature_0 <= 56.50
|   |   |   |   |   |   |   |   |   |   |--- feature_10 <= 4.30
|   |   |   |   |   |   |   |   |   |   |   |--- truncated branch of depth 3
|   |   |   |   |   |   |   |   |   |   |--- feature_10 >  4.30
|   |   |   |   |   |   |   |   |   |   |   |--- class: 1.0
|   |   |   |   |   |   |   |   |   |--- feature_0 >  56.50
|   |   |   |   |   |   |   |   |   |   |--- class: 0.0
|   |   |   |   |   |   |   |   |--- feature_7 >  51.50
|   |   |   |   |   |   |   |   |   |--- class: 0.0
|   |   |   |   |   |   |   |--- feature_14 >  4.59
|   |   |   |   |   |   |   |   |--- feature_14 <= 4.91
|   |   |   |   |   |   |   |   |   |--- feature_12 <= 0.50
|   |   |   |   |   |   |   |   |   |   |--- class: 1.0
|   |   |   |   |   |   |   |   |   |--- feature_12 >  0.50
|   |   |   |   |   |   |   |   |   |   |--- feature_0 <= 45.50
|   |   |   |   |   |   |   |   |   |   |   |--- class: 1.0
|   |   |   |   |   |   |   |   |   |   |--- feature_0 >  45.50
|   |   |   |   |   |   |   |   |   |   |   |--- class: 0.0
|   |   |   |   |   |   |   |   |--- feature_14 >  4.91
|   |   |   |   |   |   |   |   |   |--- class: 0.0
|   |   |   |   |   |   |--- feature_5 >  50.00
|   |   |   |   |   |   |   |--- class: 1.0
|   |   |   |   |   |--- feature_13 >  1.50
|   |   |   |   |   |   |--- feature_7 <= 54.00
|   |   |   |   |   |   |   |--- feature_14 <= 4.75
|   |   |   |   |   |   |   |   |--- feature_8 <= 56.00
|   |   |   |   |   |   |   |   |   |--- feature_8 <= 50.50
|   |   |   |   |   |   |   |   |   |   |--- feature_6 <= 40.00
|   |   |   |   |   |   |   |   |   |   |   |--- truncated branch of depth 4
|   |   |   |   |   |   |   |   |   |   |--- feature_6 >  40.00
|   |   |   |   |   |   |   |   |   |   |   |--- truncated branch of depth 2
|   |   |   |   |   |   |   |   |   |--- feature_8 >  50.50
|   |   |   |   |   |   |   |   |   |   |--- class: 0.0
|   |   |   |   |   |   |   |   |--- feature_8 >  56.00
|   |   |   |   |   |   |   |   |   |--- feature_4 <= 53.00
|   |   |   |   |   |   |   |   |   |   |--- class: 1.0
|   |   |   |   |   |   |   |   |   |--- feature_4 >  53.00
|   |   |   |   |   |   |   |   |   |   |--- class: 0.0
|   |   |   |   |   |   |   |--- feature_14 >  4.75
|   |   |   |   |   |   |   |   |--- feature_7 <= 51.50
|   |   |   |   |   |   |   |   |   |--- feature_0 <= 45.00
|   |   |   |   |   |   |   |   |   |   |--- class: 1.0
|   |   |   |   |   |   |   |   |   |--- feature_0 >  45.00
|   |   |   |   |   |   |   |   |   |   |--- class: 0.0
|   |   |   |   |   |   |   |   |--- feature_7 >  51.50
|   |   |   |   |   |   |   |   |   |--- class: 1.0
|   |   |   |   |   |   |--- feature_7 >  54.00
|   |   |   |   |   |   |   |--- feature_7 <= 65.00
|   |   |   |   |   |   |   |   |--- class: 0.0
|   |   |   |   |   |   |   |--- feature_7 >  65.00
|   |   |   |   |   |   |   |   |--- class: 1.0
|   |   |   |   |--- feature_3 >  53.50
|   |   |   |   |   |--- feature_5 <= 54.50
|   |   |   |   |   |   |--- feature_6 <= 49.50
|   |   |   |   |   |   |   |--- class: 1.0
|   |   |   |   |   |   |--- feature_6 >  49.50
|   |   |   |   |   |   |   |--- feature_12 <= 0.50
|   |   |   |   |   |   |   |   |--- class: 0.0
|   |   |   |   |   |   |   |--- feature_12 >  0.50
|   |   |   |   |   |   |   |   |--- class: 1.0
|   |   |   |   |   |--- feature_5 >  54.50
|   |   |   |   |   |   |--- class: 0.0
|   |   |   |--- feature_9 >  51.50
|   |   |   |   |--- feature_3 <= 55.50
|   |   |   |   |   |--- feature_5 <= 53.50
|   |   |   |   |   |   |--- class: 0.0
|   |   |   |   |   |--- feature_5 >  53.50
|   |   |   |   |   |   |--- feature_0 <= 42.00
|   |   |   |   |   |   |   |--- feature_4 <= 63.50
|   |   |   |   |   |   |   |   |--- class: 1.0
|   |   |   |   |   |   |   |--- feature_4 >  63.50
|   |   |   |   |   |   |   |   |--- class: 0.0
|   |   |   |   |   |   |--- feature_0 >  42.00
|   |   |   |   |   |   |   |--- class: 0.0
|   |   |   |   |--- feature_3 >  55.50
|   |   |   |   |   |--- feature_9 <= 54.50
|   |   |   |   |   |   |--- feature_0 <= 47.00
|   |   |   |   |   |   |   |--- feature_2 <= 50.50
|   |   |   |   |   |   |   |   |--- class: 1.0
|   |   |   |   |   |   |   |--- feature_2 >  50.50
|   |   |   |   |   |   |   |   |--- class: 0.0
|   |   |   |   |   |   |--- feature_0 >  47.00
|   |   |   |   |   |   |   |--- feature_4 <= 44.50
|   |   |   |   |   |   |   |   |--- class: 0.0
|   |   |   |   |   |   |   |--- feature_4 >  44.50
|   |   |   |   |   |   |   |   |--- feature_12 <= 0.50
|   |   |   |   |   |   |   |   |   |--- class: 1.0
|   |   |   |   |   |   |   |   |--- feature_12 >  0.50
|   |   |   |   |   |   |   |   |   |--- feature_1 <= 56.00
|   |   |   |   |   |   |   |   |   |   |--- class: 0.0
|   |   |   |   |   |   |   |   |   |--- feature_1 >  56.00
|   |   |   |   |   |   |   |   |   |   |--- class: 1.0
|   |   |   |   |   |--- feature_9 >  54.50
|   |   |   |   |   |   |--- feature_4 <= 39.00
|   |   |   |   |   |   |   |--- class: 1.0
|   |   |   |   |   |   |--- feature_4 >  39.00
|   |   |   |   |   |   |   |--- feature_14 <= 4.91
|   |   |   |   |   |   |   |   |--- feature_4 <= 58.50
|   |   |   |   |   |   |   |   |   |--- class: 0.0
|   |   |   |   |   |   |   |   |--- feature_4 >  58.50
|   |   |   |   |   |   |   |   |   |--- feature_7 <= 53.00
|   |   |   |   |   |   |   |   |   |   |--- class: 1.0
|   |   |   |   |   |   |   |   |   |--- feature_7 >  53.00
|   |   |   |   |   |   |   |   |   |   |--- feature_5 <= 64.50
|   |   |   |   |   |   |   |   |   |   |   |--- truncated branch of depth 5
|   |   |   |   |   |   |   |   |   |   |--- feature_5 >  64.50
|   |   |   |   |   |   |   |   |   |   |   |--- class: 0.0
|   |   |   |   |   |   |   |--- feature_14 >  4.91
|   |   |   |   |   |   |   |   |--- feature_0 <= 50.00
|   |   |   |   |   |   |   |   |   |--- class: 0.0
|   |   |   |   |   |   |   |   |--- feature_0 >  50.00
|   |   |   |   |   |   |   |   |   |--- class: 1.0
|   |--- feature_10 >  4.70
|   |   |--- feature_0 <= 51.50
|   |   |   |--- feature_8 <= 51.50
|   |   |   |   |--- feature_12 <= 0.50
|   |   |   |   |   |--- feature_13 <= 5.50
|   |   |   |   |   |   |--- feature_3 <= 59.00
|   |   |   |   |   |   |   |--- feature_14 <= 3.59
|   |   |   |   |   |   |   |   |--- class: 0.0
|   |   |   |   |   |   |   |--- feature_14 >  3.59
|   |   |   |   |   |   |   |   |--- feature_6 <= 36.50
|   |   |   |   |   |   |   |   |   |--- class: 1.0
|   |   |   |   |   |   |   |   |--- feature_6 >  36.50
|   |   |   |   |   |   |   |   |   |--- feature_4 <= 50.50
|   |   |   |   |   |   |   |   |   |   |--- feature_0 <= 45.50
|   |   |   |   |   |   |   |   |   |   |   |--- truncated branch of depth 2
|   |   |   |   |   |   |   |   |   |   |--- feature_0 >  45.50
|   |   |   |   |   |   |   |   |   |   |   |--- class: 0.0
|   |   |   |   |   |   |   |   |   |--- feature_4 >  50.50
|   |   |   |   |   |   |   |   |   |   |--- class: 1.0
|   |   |   |   |   |   |--- feature_3 >  59.00
|   |   |   |   |   |   |   |--- class: 1.0
|   |   |   |   |   |--- feature_13 >  5.50
|   |   |   |   |   |   |--- class: 0.0
|   |   |   |   |--- feature_12 >  0.50
|   |   |   |   |   |--- feature_2 <= 71.50
|   |   |   |   |   |   |--- feature_13 <= 5.50
|   |   |   |   |   |   |   |--- feature_3 <= 59.00
|   |   |   |   |   |   |   |   |--- class: 0.0
|   |   |   |   |   |   |   |--- feature_3 >  59.00
|   |   |   |   |   |   |   |   |--- feature_6 <= 53.00
|   |   |   |   |   |   |   |   |   |--- class: 0.0
|   |   |   |   |   |   |   |   |--- feature_6 >  53.00
|   |   |   |   |   |   |   |   |   |--- class: 0.0
|   |   |   |   |   |   |--- feature_13 >  5.50
|   |   |   |   |   |   |   |--- feature_6 <= 50.00
|   |   |   |   |   |   |   |   |--- class: 1.0
|   |   |   |   |   |   |   |--- feature_6 >  50.00
|   |   |   |   |   |   |   |   |--- class: 0.0
|   |   |   |   |   |--- feature_2 >  71.50
|   |   |   |   |   |   |--- class: 1.0
|   |   |   |--- feature_8 >  51.50
|   |   |   |   |--- feature_0 <= 48.50
|   |   |   |   |   |--- feature_14 <= 2.00
|   |   |   |   |   |   |--- class: 1.0
|   |   |   |   |   |--- feature_14 >  2.00
|   |   |   |   |   |   |--- feature_7 <= 81.50
|   |   |   |   |   |   |   |--- feature_14 <= 3.75
|   |   |   |   |   |   |   |   |--- class: 0.0
|   |   |   |   |   |   |   |--- feature_14 >  3.75
|   |   |   |   |   |   |   |   |--- feature_14 <= 4.25
|   |   |   |   |   |   |   |   |   |--- feature_4 <= 55.00
|   |   |   |   |   |   |   |   |   |   |--- class: 0.0
|   |   |   |   |   |   |   |   |   |--- feature_4 >  55.00
|   |   |   |   |   |   |   |   |   |   |--- feature_4 <= 58.50
|   |   |   |   |   |   |   |   |   |   |   |--- class: 1.0
|   |   |   |   |   |   |   |   |   |   |--- feature_4 >  58.50
|   |   |   |   |   |   |   |   |   |   |   |--- class: 0.0
|   |   |   |   |   |   |   |   |--- feature_14 >  4.25
|   |   |   |   |   |   |   |   |   |--- class: 0.0
|   |   |   |   |   |   |--- feature_7 >  81.50
|   |   |   |   |   |   |   |--- class: 1.0
|   |   |   |   |--- feature_0 >  48.50
|   |   |   |   |   |--- feature_7 <= 59.00
|   |   |   |   |   |   |--- feature_4 <= 57.00
|   |   |   |   |   |   |   |--- feature_14 <= 3.91
|   |   |   |   |   |   |   |   |--- class: 0.0
|   |   |   |   |   |   |   |--- feature_14 >  3.91
|   |   |   |   |   |   |   |   |--- class: 1.0
|   |   |   |   |   |   |--- feature_4 >  57.00
|   |   |   |   |   |   |   |--- class: 0.0
|   |   |   |   |   |--- feature_7 >  59.00
|   |   |   |   |   |   |--- class: 1.0
|   |   |--- feature_0 >  51.50
|   |   |   |--- feature_12 <= 0.50
|   |   |   |   |--- feature_9 <= 51.50
|   |   |   |   |   |--- feature_8 <= 51.50
|   |   |   |   |   |   |--- feature_4 <= 56.00
|   |   |   |   |   |   |   |--- feature_13 <= 3.50
|   |   |   |   |   |   |   |   |--- feature_14 <= 3.66
|   |   |   |   |   |   |   |   |   |--- feature_5 <= 41.50
|   |   |   |   |   |   |   |   |   |   |--- class: 0.0
|   |   |   |   |   |   |   |   |   |--- feature_5 >  41.50
|   |   |   |   |   |   |   |   |   |   |--- class: 1.0
|   |   |   |   |   |   |   |   |--- feature_14 >  3.66
|   |   |   |   |   |   |   |   |   |--- class: 1.0
|   |   |   |   |   |   |   |--- feature_13 >  3.50
|   |   |   |   |   |   |   |   |--- class: 0.0
|   |   |   |   |   |   |--- feature_4 >  56.00
|   |   |   |   |   |   |   |--- class: 0.0
|   |   |   |   |   |--- feature_8 >  51.50
|   |   |   |   |   |   |--- class: 0.0
|   |   |   |   |--- feature_9 >  51.50
|   |   |   |   |   |--- feature_13 <= 0.50
|   |   |   |   |   |   |--- feature_1 <= 51.50
|   |   |   |   |   |   |   |--- class: 1.0
|   |   |   |   |   |   |--- feature_1 >  51.50
|   |   |   |   |   |   |   |--- class: 0.0
|   |   |   |   |   |--- feature_13 >  0.50
|   |   |   |   |   |   |--- feature_2 <= 70.00
|   |   |   |   |   |   |   |--- class: 1.0
|   |   |   |   |   |   |--- feature_2 >  70.00
|   |   |   |   |   |   |   |--- class: 0.0
|   |   |   |--- feature_12 >  0.50
|   |   |   |   |--- feature_13 <= 3.00
|   |   |   |   |   |--- feature_2 <= 61.00
|   |   |   |   |   |   |--- class: 1.0
|   |   |   |   |   |--- feature_2 >  61.00
|   |   |   |   |   |   |--- class: 0.0
|   |   |   |   |--- feature_13 >  3.00
|   |   |   |   |   |--- feature_5 <= 63.00
|   |   |   |   |   |   |--- class: 0.0
|   |   |   |   |   |--- feature_5 >  63.00
|   |   |   |   |   |   |--- class: 1.0
