|--- feature_10 <= 4.50
|   |--- feature_10 <= 3.70
|   |   |--- feature_5 <= 53.50
|   |   |   |--- feature_10 <= 3.50
|   |   |   |   |--- feature_3 <= 57.00
|   |   |   |   |   |--- feature_7 <= 72.00
|   |   |   |   |   |   |--- feature_6 <= 51.50
|   |   |   |   |   |   |   |--- feature_1 <= 60.50
|   |   |   |   |   |   |   |   |--- feature_0 <= 47.00
|   |   |   |   |   |   |   |   |   |--- feature_5 <= 39.50
|   |   |   |   |   |   |   |   |   |   |--- feature_10 <= 3.10
|   |   |   |   |   |   |   |   |   |   |   |--- truncated branch of depth 3
|   |   |   |   |   |   |   |   |   |   |--- feature_10 >  3.10
|   |   |   |   |   |   |   |   |   |   |   |--- truncated branch of depth 3
|   |   |   |   |   |   |   |   |   |--- feature_5 >  39.50
|   |   |   |   |   |   |   |   |   |   |--- feature_9 <= 50.50
|   |   |   |   |   |   |   |   |   |   |   |--- truncated branch of depth 3
|   |   |   |   |   |   |   |   |   |   |--- feature_9 >  50.50
|   |   |   |   |   |   |   |   |   |   |   |--- truncated branch of depth 6
|   |   |   |   |   |   |   |   |--- feature_0 >  47.00
|   |   |   |   |   |   |   |   |   |--- feature_7 <= 59.50
|   |   |   |   |   |   |   |   |   |   |--- feature_14 <= 3.59
|   |   |   |   |   |   |   |   |   |   |   |--- truncated branch of depth 4
|   |   |   |   |   |   |   |   |   |   |--- feature_14 >  3.59
|   |   |   |   |   |   |   |   |   |   |   |--- truncated branch of depth 6
|   |   |   |   |   |   |   |   |   |--- feature_7 >  59.50
|   |   |   |   |   |   |   |   |   |   |--- class: 1.0
|   |   |   |   |   |   |   |--- feature_1 >  60.50
|   |   |   |   |   |   |   |   |--- class: 1.0
|   |   |   |   |   |   |--- feature_6 >  51.50
|   |   |   |   |   |   |   |--- class: 0.0
|   |   |   |   |   |--- feature_7 >  72.00
|   |   |   |   |   |   |--- class: 1.0
|   |   |   |   |--- feature_3 >  57.00
|   |   |   |   |   |--- feature_14 <= 4.84
|   |   |   |   |   |   |--- feature_0 <= 44.00
|   |   |   |   |   |   |   |--- class: 0.0
|   |   |   |   |   |   |--- feature_0 >  44.00
|   |   |   |   |   |   |   |--- feature_10 <= 2.60
|   |   |   |   |   |   |   |   |--- class: 0.0
|   |   |   |   |   |   |   |--- feature_10 >  2.60
|   |   |   |   |   |   |   |   |--- class: 1.0
|   |   |   |   |   |--- feature_14 >  4.84
|   |   |   |   |   |   |--- class: 1.0
|   |   |   |--- feature_10 >  3.50
|   |   |   |   |--- feature_0 <= 32.00
|   |   |   |   |   |--- feature_9 <= 50.50
|   |   |   |   |   |   |--- feature_4 <= 38.50
|   |   |   |   |   |   |   |--- class: 1.0
|   |   |   |   |   |   |--- feature_4 >  38.50
|   |   |   |   |   |   |   |--- class: 0.0
|   |   |   |   |   |--- feature_9 >  50.50
|   |   |   |   |   |   |--- class: 1.0
|   |   |   |   |--- feature_0 >  32.00
|   |   |   |   |   |--- feature_14 <= 4.59
|   |   |   |   |   |   |--- feature_6 <= 35.50
|   |   |   |   |   |   |   |--- feature_6 <= 25.50
|   |   |   |   |   |   |   |   |--- class: 1.0
|   |   |   |   |   |   |   |--- feature_6 >  25.50
|   |   |   |   |   |   |   |   |--- feature_12 <= 0.50
|   |   |   |   |   |   |   |   |   |--- class: 0.0
|   |   |   |   |   |   |   |   |--- feature_12 >  0.50
|   |   |   |   |   |   |   |   |   |--- feature_5 <= 31.00
|   |   |   |   |   |   |   |   |   |   |--- class: 0.0
|   |   |   |   |   |   |   |   |   |--- feature_5 >  31.00
|   |   |   |   |   |   |   |   |   |   |--- class: 1.0
|   |   |   |   |   |   |--- feature_6 >  35.50
|   |   |   |   |   |   |   |--- feature_6 <= 42.50
|   |   |   |   |   |   |   |   |--- feature_7 <= 56.00
|   |   |   |   |   |   |   |   |   |--- feature_0 <= 44.00
|   |   |   |   |   |   |   |   |   |   |--- feature_4 <= 49.00
|   |   |   |   |   |   |   |   |   |   |   |--- class: 0.0
|   |   |   |   |   |   |   |   |   |   |--- feature_4 >  49.00
|   |   |   |   |   |   |   |   |   |   |   |--- class: 1.0
|   |   |   |   |   |   |   |   |   |--- feature_0 >  44.00
|   |   |   |   |   |   |   |   |   |   |--- class: 1.0
|   |   |   |   |   |   |   |   |--- feature_7 >  56.00
|   |   |   |   |   |   |   |   |   |--- class: 0.0
|   |   |   |   |   |   |   |--- feature_6 >  42.50
|   |   |   |   |   |   |   |   |--- feature_8 <= 61.00
|   |   |   |   |   |   |   |   |   |--- feature_14 <= 3.25
|   |   |   |   |   |   |   |   |   |   |--- feature_7 <= 53.50
|   |   |   |   |   |   |   |   |   |   |   |--- class: 0.0
|   |   |   |   |   |   |   |   |   |   |--- feature_7 >  53.50
|   |   |   |   |   |   |   |   |   |   |   |--- class: 1.0
|   |   |   |   |   |   |   |   |   |--- feature_14 >  3.25
|   |   |   |   |   |   |   |   |   |   |--- feature_13 <= 6.50
|   |   |   |   |   |   |   |   |   |   |   |--- truncated branch of depth 4
|   |   |   |   |   |   |   |   |   |   |--- feature_13 >  6.50
|   |   |   |   |   |   |   |   |   |   |   |--- class: 1.0
|   |   |   |   |   |   |   |   |--- feature_8 >  61.00
|   |   |   |   |   |   |   |   |   |--- feature_3 <= 51.50
|   |   |   |   |   |   |   |   |   |   |--- class: 0.0
|   |   |   |   |   |   |   |   |   |--- feature_3 >  51.50
|   |   |   |   |   |   |   |   |   |   |--- feature_7 <= 53.50
|   |   |   |   |   |   |   |   |   |   |   |--- class: 0.0
|   |   |   |   |   |   |   |   |   |   |--- feature_7 >  53.50
|   |   |   |   |   |   |   |   |   |   |   |--- class: 1.0
|   |   |   |   |   |--- feature_14 >  4.59
|   |   |   |   |   |   |--- feature_13 <= 1.50
|   |   |   |   |   |   |   |--- feature_3 <= 52.50
|   |   |   |   |   |   |   |   |--- feature_0 <= 55.00
|   |   |   |   |   |   |   |   |   |--- class: 0.0
|   |   |   |   |   |   |   |   |--- feature_0 >  55.00
|   |   |   |   |   |   |   |   |   |--- feature_6 <= 38.50
|   |   |   |   |   |   |   |   |   |   |--- class: 1.0
|   |   |   |   |   |   |   |   |   |--- feature_6 >  38.50
|   |   |   |   |   |   |   |   |   |   |--- feature_6 <= 40.50
|   |   |   |   |   |   |   |   |   |   |   |--- class: 0.0
|   |   |   |   |   |   |   |   |   |   |--- feature_6 >  40.50
|   |   |   |   |   |   |   |   |   |   |   |--- class: 1.0
|   |   |   |   |   |   |   |--- feature_3 >  52.50
|   |   |   |   |   |   |   |   |--- class: 1.0
|   |   |   |   |   |   |--- feature_13 >  1.50
|   |   |   |   |   |   |   |--- class: 0.0
|   |   |--- feature_5 >  53.50
|   |   |   |--- feature_6 <= 63.00
|   |   |   |   |--- feature_8 <= 67.50
|   |   |   |   |   |--- feature_10 <= 2.50
|   |   |   |   |   |   |--- feature_0 <= 51.50
|   |   |   |   |   |   |   |--- class: 0.0
|   |   |   |   |   |   |--- feature_0 >  51.50
|   |   |   |   |   |   |   |--- class: 1.0
|   |   |   |   |   |--- feature_10 >  2.50
|   |   |   |   |   |   |--- feature_5 <= 63.50
|   |   |   |   |   |   |   |--- class: 0.0
|   |   |   |   |   |   |--- feature_5 >  63.50
|   |   |   |   |   |   |   |--- feature_9 <= 65.00
|   |   |   |   |   |   |   |   |--- class: 0.0
|   |   |   |   |   |   |   |--- feature_9 >  65.00
|   |   |   |   |   |   |   |   |--- class: 1.0
|   |   |   |   |--- feature_8 >  67.50
|   |   |   |   |   |--- feature_1 <= 56.00
|   |   |   |   |   |   |--- class: 1.0
|   |   |   |   |   |--- feature_1 >  56.00
|   |   |   |   |   |   |--- class: 0.0
|   |   |   |--- feature_6 >  63.00
|   |   |   |   |--- feature_4 <= 68.50
|   |   |   |   |   |--- class: 1.0
|   |   |   |   |--- feature_4 >  68.50
|   |   |   |   |   |--- feature_14 <= 3.16
|   |   |   |   |   |   |--- feature_2 <= 66.00
|   |   |   |   |   |   |   |--- class: 0.0
|   |   |   |   |   |   |--- feature_2 >  66.00
|   |   |   |   |   |   |   |--- class: 1.0
|   |   |   |   |   |--- feature_14 >  3.16
|   |   |   |   |   |   |--- class: 0.0
|   |--- feature_10 >  3.70
|   |   |--- feature_10 <= 4.10
|   |   |   |--- feature_7 <= 50.50
|   |   |   |   |--- feature_3 <= 51.50
|   |   |   |   |   |--- feature_5 <= 33.00
|   |   |   |   |   |   |--- feature_2 <= 52.50
|   |   |   |   |   |   |   |--- feature_0 <= 25.50
|   |   |   |   |   |   |   |   |--- feature_14 <= 4.09
|   |   |   |   |   |   |   |   |   |--- class: 0.0
|   |   |   |   |   |   |   |   |--- feature_14 >  4.09
|   |   |   |   |   |   |   |   |   |--- class: 1.0
|   |   |   |   |   |   |   |--- feature_0 >  25.50
|   |   |   |   |   |   |   |   |--- feature_1 <= 54.50
|   |   |   |   |   |   |   |   |   |--- feature_4 <= 31.00
|   |   |   |   |   |   |   |   |   |   |--- feature_0 <= 37.50
|   |   |   |   |   |   |   |   |   |   |   |--- truncated branch of depth 2
|   |   |   |   |   |   |   |   |   |   |--- feature_0 >  37.50
|   |   |   |   |   |   |   |   |   |   |   |--- class: 0.0
|   |   |   |   |   |   |   |   |   |--- feature_4 >  31.00
|   |   |   |   |   |   |   |   |   |   |--- class: 0.0
|   |   |   |   |   |   |   |   |--- feature_1 >  54.50
|   |   |   |   |   |   |   |   |   |--- feature_0 <= 47.50
|   |   |   |   |   |   |   |   |   |   |--- class: 0.0
|   |   |   |   |   |   |   |   |   |--- feature_0 >  47.50
|   |   |   |   |   |   |   |   |   |   |--- class: 1.0
|   |   |   |   |   |   |--- feature_2 >  52.50
|   |   |   |   |   |   |   |--- class: 1.0
|   |   |   |   |   |--- feature_5 >  33.00
|   |   |   |   |   |   |--- feature_14 <= 3.09
|   |   |   |   |   |   |   |--- class: 1.0
|   |   |   |   |   |   |--- feature_14 >  3.09
|   |   |   |   |   |   |   |--- feature_14 <= 3.59
|   |   |   |   |   |   |   |   |--- class: 0.0
|   |   |   |   |   |   |   |--- feature_14 >  3.59
|   |   |   |   |   |   |   |   |--- feature_13 <= 1.50
|   |   |   |   |   |   |   |   |   |--- feature_9 <= 50.50
|   |   |   |   |   |   |   |   |   |   |--- feature_6 <= 28.50
|   |   |   |   |   |   |   |   |   |   |   |--- truncated branch of depth 2
|   |   |   |   |   |   |   |   |   |   |--- feature_6 >  28.50
|   |   |   |   |   |   |   |   |   |   |   |--- truncated branch of depth 4
|   |   |   |   |   |   |   |   |   |--- feature_9 >  50.50
|   |   |   |   |   |   |   |   |   |   |--- feature_2 <= 50.50
|   |   |   |   |   |   |   |   |   |   |   |--- class: 0.0
|   |   |   |   |   |   |   |   |   |   |--- feature_2 >  50.50
|   |   |   |   |   |   |   |   |   |   |   |--- class: 1.0
|   |   |   |   |   |   |   |   |--- feature_13 >  1.50
|   |   |   |   |   |   |   |   |   |--- feature_13 <= 4.50
|   |   |   |   |   |   |   |   |   |   |--- feature_13 <= 2.50
|   |   |   |   |   |   |   |   |   |   |   |--- truncated branch of depth 4
|   |   |   |   |   |   |   |   |   |   |--- feature_13 >  2.50
|   |   |   |   |   |   |   |   |   |   |   |--- truncated branch of depth 3
|   |   |   |   |   |   |   |   |   |--- feature_13 >  4.50
|   |   |   |   |   |   |   |   |   |   |--- class: 0.0
|   |   |   |   |--- feature_3 >  51.50
|   |   |   |   |   |--- feature_13 <= 0.50
|   |   |   |   |   |   |--- feature_10 <= 3.90
|   |   |   |   |   |   |   |--- class: 1.0
|   |   |   |   |   |   |--- feature_10 >  3.90
|   |   |   |   |   |   |   |--- class: 0.0
|   |   |   |   |   |--- feature_13 >  0.50
|   |   |   |   |   |   |--- feature_13 <= 7.50
|   |   |   |   |   |   |   |--- feature_11 <= 1.50
|   |   |   |   |   |   |   |   |--- class: 0.0
|   |   |   |   |   |   |   |--- feature_11 >  1.50
|   |   |   |   |   |   |   |   |--- feature_4 <= 44.00
|   |   |   |   |   |   |   |   |   |--- feature_10 <= 3.90
|   |   |   |   |   |   |   |   |   |   |--- class: 1.0
|   |   |   |   |   |   |   |   |   |--- feature_10 >  3.90
|   |   |   |   |   |   |   |   |   |   |--- class: 0.0
|   |   |   |   |   |   |   |   |--- feature_4 >  44.00
|   |   |   |   |   |   |   |   |   |--- class: 0.0
|   |   |   |   |   |   |--- feature_13 >  7.50
|   |   |   |   |   |   |   |--- class: 1.0
|   |   |   |--- feature_7 >  50.50
|   |   |   |   |--- feature_0 <= 29.50
|   |   |   |   |   |--- feature_8 <= 63.50
|   |   |   |   |   |   |--- class: 1.0
|   |   |   |   |   |--- feature_8 >  63.50
|   |   |   |   |   |   |--- class: 0.0
|   |   |   |   |--- feature_0 >  29.50
|   |   |   |   |   |--- feature_4 <= 57.50
|   |   |   |   |   |   |--- feature_10 <= 3.90
|   |   |   |   |   |   |   |--- feature_14 <= 4.41
|   |   |   |   |   |   |   |   |--- feature_9 <= 53.50
|   |   |   |   |   |   |   |   |   |--- feature_4 <= 37.50
|   |   |   |   |   |   |   |   |   |   |--- feature_7 <= 51.50
|   |   |   |   |   |   |   |   |   |   |   |--- class: 0.0
|   |   |   |   |   |   |   |   |   |   |--- feature_7 >  51.50
|   |   |   |   |   |   |   |   |   |   |   |--- class: 1.0
|   |   |   |   |   |   |   |   |   |--- feature_4 >  37.50
|   |   |   |   |   |   |   |   |   |   |--- class: 0.0
|   |   |   |   |   |   |   |   |--- feature_9 >  53.50
|   |   |   |   |   |   |   |   |   |--- feature_0 <= 47.00
|   |   |   |   |   |   |   |   |   |   |--- class: 1.0
|   |   |   |   |   |   |   |   |   |--- feature_0 >  47.00
|   |   |   |   |   |   |   |   |   |   |--- feature_3 <= 59.50
|   |   |   |   |   |   |   |   |   |   |   |--- class: 0.0
|   |   |   |   |   |   |   |   |   |   |--- feature_3 >  59.50
|   |   |   |   |   |   |   |   |   |   |   |--- truncated branch of depth 2
|   |   |   |   |   |   |   |--- feature_14 >  4.41
|   |   |   |   |   |   |   |   |--- feature_3 <= 52.50
|   |   |   |   |   |   |   |   |   |--- feature_12 <= 0.50
|   |   |   |   |   |   |   |   |   |   |--- class: 1.0
|   |   |   |   |   |   |   |   |   |--- feature_12 >  0.50
|   |   |   |   |   |   |   |   |   |   |--- class: 0.0
|   |   |   |   |   |   |   |   |--- feature_3 >  52.50
|   |   |   |   |   |   |   |   |   |--- feature_1 <= 50.50
|   |   |   |   |   |   |   |   |   |   |--- class: 0.0
|   |   |   |   |   |   |   |   |   |--- feature_1 >  50.50
|   |   |   |   |   |   |   |   |   |   |--- feature_8 <= 54.50
|   |   |   |   |   |   |   |   |   |   |   |--- class: 1.0
|   |   |   |   |   |   |   |   |   |   |--- feature_8 >  54.50
|   |   |   |   |   |   |   |   |   |   |   |--- class: 0.0
|   |   |   |   |   |   |--- feature_10 >  3.90
|   |   |   |   |   |   |   |--- feature_13 <= 0.50
|   |   |   |   |   |   |   |   |--- feature_5 <= 48.50
|   |   |   |   |   |   |   |   |   |--- feature_14 <= 3.34
|   |   |   |   |   |   |   |   |   |   |--- class: 0.0
|   |   |   |   |   |   |   |   |   |--- feature_14 >  3.34
|   |   |   |   |   |   |   |   |   |   |--- class: 1.0
|   |   |   |   |   |   |   |   |--- feature_5 >  48.50
|   |   |   |   |   |   |   |   |   |--- class: 0.0
|   |   |   |   |   |   |   |--- feature_13 >  0.50
|   |   |   |   |   |   |   |   |--- feature_14 <= 4.09
|   |   |   |   |   |   |   |   |   |--- feature_0 <= 47.00
|   |   |   |   |   |   |   |   |   |   |--- feature_9 <= 51.00
|   |   |   |   |   |   |   |   |   |   |   |--- class: 1.0
|   |   |   |   |   |   |   |   |   |   |--- feature_9 >  51.00
|   |   |   |   |   |   |   |   |   |   |   |--- truncated branch of depth 4
|   |   |   |   |   |   |   |   |   |--- feature_0 >  47.00
|   |   |   |   |   |   |   |   |   |   |--- feature_2 <= 50.50
|   |   |   |   |   |   |   |   |   |   |   |--- truncated branch of depth 2
|   |   |   |   |   |   |   |   |   |   |--- feature_2 >  50.50
|   |   |   |   |   |   |   |   |   |   |   |--- truncated branch of depth 4
|   |   |   |   |   |   |   |   |--- feature_14 >  4.09
|   |   |   |   |   |   |   |   |   |--- feature_5 <= 49.00
|   |   |   |   |   |   |   |   |   |   |--- feature_4 <= 40.50
|   |   |   |   |   |   |   |   |   |   |   |--- truncated branch of depth 3
|   |   |   |   |   |   |   |   |   |   |--- feature_4 >  40.50
|   |   |   |   |   |   |   |   |   |   |   |--- truncated branch of depth 4
|   |   |   |   |   |   |   |   |   |--- feature_5 >  49.00
|   |   |   |   |   |   |   |   |   |   |--- feature_9 <= 57.00
|   |   |   |   |   |   |   |   |   |   |   |--- class: 1.0
|   |   |   |   |   |   |   |   |   |   |--- feature_9 >  57.00
|   |   |   |   |   |   |   |   |   |   |   |--- class: 0.0
|   |   |   |   |   |--- feature_4 >  57.50
|   |   |   |   |   |   |--- feature_2 <= 57.50
|   |   |   |   |   |   |   |--- feature_3 <= 55.00
|   |   |   |   |   |   |   |   |--- feature_1 <= 60.50
|   |   |   |   |   |   |   |   |   |--- feature_6 <= 51.00
|   |   |   |   |   |   |   |   |   |   |--- class: 0.0
|   |   |   |   |   |   |   |   |   |--- feature_6 >  51.00
|   |   |   |   |   |   |   |   |   |   |--- feature_7 <= 64.00
|   |   |   |   |   |   |   |   |   |   |   |--- truncated branch of depth 2
|   |   |   |   |   |   |   |   |   |   |--- feature_7 >  64.00
|   |   |   |   |   |   |   |   |   |   |   |--- class: 0.0
|   |   |   |   |   |   |   |   |--- feature_1 >  60.50
|   |   |   |   |   |   |   |   |   |--- class: 1.0
|   |   |   |   |   |   |   |--- feature_3 >  55.00
|   |   |   |   |   |   |   |   |--- feature_7 <= 67.50
|   |   |   |   |   |   |   |   |   |--- class: 1.0
|   |   |   |   |   |   |   |   |--- feature_7 >  67.50
|   |   |   |   |   |   |   |   |   |--- class: 0.0
|   |   |   |   |   |   |--- feature_2 >  57.50
|   |   |   |   |   |   |   |--- feature_2 <= 76.00
|   |   |   |   |   |   |   |   |--- feature_12 <= 0.50
|   |   |   |   |   |   |   |   |   |--- feature_7 <= 62.50
|   |   |   |   |   |   |   |   |   |   |--- feature_14 <= 3.41
|   |   |   |   |   |   |   |   |   |   |   |--- truncated branch of depth 2
|   |   |   |   |   |   |   |   |   |   |--- feature_14 >  3.41
|   |   |   |   |   |   |   |   |   |   |   |--- class: 0.0
|   |   |   |   |   |   |   |   |   |--- feature_7 >  62.50
|   |   |   |   |   |   |   |   |   |   |--- feature_13 <= 2.50
|   |   |   |   |   |   |   |   |   |   |   |--- class: 1.0
|   |   |   |   |   |   |   |   |   |   |--- feature_13 >  2.50
|   |   |   |   |   |   |   |   |   |   |   |--- truncated branch of depth 3
|   |   |   |   |   |   |   |   |--- feature_12 >  0.50
|   |   |   |   |   |   |   |   |   |--- class: 0.0
|   |   |   |   |   |   |   |--- feature_2 >  76.00
|   |   |   |   |   |   |   |   |--- class: 1.0
|   |   |--- feature_10 >  4.10
|   |   |   |--- feature_4 <= 57.50
|   |   |   |   |--- feature_0 <= 45.50
|   |   |   |   |   |--- feature_8 <= 62.50
|   |   |   |   |   |   |--- feature_2 <= 57.50
|   |   |   |   |   |   |   |--- feature_10 <= 4.30
|   |   |   |   |   |   |   |   |--- feature_2 <= 50.50
|   |   |   |   |   |   |   |   |   |--- feature_14 <= 3.75
|   |   |   |   |   |   |   |   |   |   |--- class: 0.0
|   |   |   |   |   |   |   |   |   |--- feature_14 >  3.75
|   |   |   |   |   |   |   |   |   |   |--- feature_11 <= 1.50
|   |   |   |   |   |   |   |   |   |   |   |--- truncated branch of depth 4
|   |   |   |   |   |   |   |   |   |   |--- feature_11 >  1.50
|   |   |   |   |   |   |   |   |   |   |   |--- class: 0.0
|   |   |   |   |   |   |   |   |--- feature_2 >  50.50
|   |   |   |   |   |   |   |   |   |--- feature_6 <= 46.50
|   |   |   |   |   |   |   |   |   |   |--- feature_14 <= 4.91
|   |   |   |   |   |   |   |   |   |   |   |--- truncated branch of depth 3
|   |   |   |   |   |   |   |   |   |   |--- feature_14 >  4.91
|   |   |   |   |   |   |   |   |   |   |   |--- class: 0.0
|   |   |   |   |   |   |   |   |   |--- feature_6 >  46.50
|   |   |   |   |   |   |   |   |   |   |--- feature_13 <= 3.50
|   |   |   |   |   |   |   |   |   |   |   |--- truncated branch of depth 2
|   |   |   |   |   |   |   |   |   |   |--- feature_13 >  3.50
|   |   |   |   |   |   |   |   |   |   |   |--- class: 0.0
|   |   |   |   |   |   |   |--- feature_10 >  4.30
|   |   |   |   |   |   |   |   |--- feature_1 <= 59.00
|   |   |   |   |   |   |   |   |   |--- feature_11 <= 2.50
|   |   |   |   |   |   |   |   |   |   |--- feature_4 <= 47.00
|   |   |   |   |   |   |   |   |   |   |   |--- truncated branch of depth 7
|   |   |   |   |   |   |   |   |   |   |--- feature_4 >  47.00
|   |   |   |   |   |   |   |   |   |   |   |--- class: 0.0
|   |   |   |   |   |   |   |   |   |--- feature_11 >  2.50
|   |   |   |   |   |   |   |   |   |   |--- class: 1.0
|   |   |   |   |   |   |   |   |--- feature_1 >  59.00
|   |   |   |   |   |   |   |   |   |--- class: 1.0
|   |   |   |   |   |   |--- feature_2 >  57.50
|   |   |   |   |   |   |   |--- feature_6 <= 52.50
|   |   |   |   |   |   |   |   |--- class: 0.0
|   |   |   |   |   |   |   |--- feature_6 >  52.50
|   |   |   |   |   |   |   |   |--- feature_6 <= 54.00
|   |   |   |   |   |   |   |   |   |--- feature_12 <= 0.50
|   |   |   |   |   |   |   |   |   |   |--- class: 1.0
|   |   |   |   |   |   |   |   |   |--- feature_12 >  0.50
|   |   |   |   |   |   |   |   |   |   |--- class: 0.0
|   |   |   |   |   |   |   |   |--- feature_6 >  54.00
|   |   |   |   |   |   |   |   |   |--- class: 0.0
|   |   |   |   |   |--- feature_8 >  62.50
|   |   |   |   |   |   |--- class: 1.0
|   |   |   |   |--- feature_0 >  45.50
|   |   |   |   |   |--- feature_9 <= 55.50
|   |   |   |   |   |   |--- feature_4 <= 56.50
|   |   |   |   |   |   |   |--- feature_4 <= 50.50
|   |   |   |   |   |   |   |   |--- feature_6 <= 44.50
|   |   |   |   |   |   |   |   |   |--- feature_1 <= 55.50
|   |   |   |   |   |   |   |   |   |   |--- feature_7 <= 50.50
|   |   |   |   |   |   |   |   |   |   |   |--- truncated branch of depth 10
|   |   |   |   |   |   |   |   |   |   |--- feature_7 >  50.50
|   |   |   |   |   |   |   |   |   |   |   |--- truncated branch of depth 8
|   |   |   |   |   |   |   |   |   |--- feature_1 >  55.50
|   |   |   |   |   |   |   |   |   |   |--- class: 1.0
|   |   |   |   |   |   |   |   |--- feature_6 >  44.50
|   |   |   |   |   |   |   |   |   |--- feature_8 <= 52.50
|   |   |   |   |   |   |   |   |   |   |--- feature_4 <= 42.50
|   |   |   |   |   |   |   |   |   |   |   |--- class: 0.0
|   |   |   |   |   |   |   |   |   |   |--- feature_4 >  42.50
|   |   |   |   |   |   |   |   |   |   |   |--- truncated branch of depth 3
|   |   |   |   |   |   |   |   |   |--- feature_8 >  52.50
|   |   |   |   |   |   |   |   |   |   |--- feature_14 <= 4.59
|   |   |   |   |   |   |   |   |   |   |   |--- class: 0.0
|   |   |   |   |   |   |   |   |   |   |--- feature_14 >  4.59
|   |   |   |   |   |   |   |   |   |   |   |--- class: 1.0
|   |   |   |   |   |   |   |--- feature_4 >  50.50
|   |   |   |   |   |   |   |   |--- feature_8 <= 50.50
|   |   |   |   |   |   |   |   |   |--- feature_0 <= 59.50
|   |   |   |   |   |   |   |   |   |   |--- class: 0.0
|   |   |   |   |   |   |   |   |   |--- feature_0 >  59.50
|   |   |   |   |   |   |   |   |   |   |--- class: 1.0
|   |   |   |   |   |   |   |   |--- feature_8 >  50.50
|   |   |   |   |   |   |   |   |   |--- feature_7 <= 51.50
|   |   |   |   |   |   |   |   |   |   |--- feature_13 <= 1.50
|   |   |   |   |   |   |   |   |   |   |   |--- truncated branch of depth 2
|   |   |   |   |   |   |   |   |   |   |--- feature_13 >  1.50
|   |   |   |   |   |   |   |   |   |   |   |--- class: 0.0
|   |   |   |   |   |   |   |   |   |--- feature_7 >  51.50
|   |   |   |   |   |   |   |   |   |   |--- feature_14 <= 3.91
|   |   |   |   |   |   |   |   |   |   |   |--- truncated branch of depth 4
|   |   |   |   |   |   |   |   |   |   |--- feature_14 >  3.91
|   |   |   |   |   |   |   |   |   |   |   |--- truncated branch of depth 6
|   |   |   |   |   |   |--- feature_4 >  56.50
|   |   |   |   |   |   |   |--- class: 1.0
|   |   |   |   |   |--- feature_9 >  55.50
|   |   |   |   |   |   |--- feature_5 <= 62.50
|   |   |   |   |   |   |   |--- feature_5 <= 50.50
|   |   |   |   |   |   |   |   |--- feature_2 <= 53.00
|   |   |   |   |   |   |   |   |   |--- feature_0 <= 50.50
|   |   |   |   |   |   |   |   |   |   |--- class: 0.0
|   |   |   |   |   |   |   |   |   |--- feature_0 >  50.50
|   |   |   |   |   |   |   |   |   |   |--- class: 1.0
|   |   |   |   |   |   |   |   |--- feature_2 >  53.00
|   |   |   |   |   |   |   |   |   |--- class: 1.0
|   |   |   |   |   |   |   |--- feature_5 >  50.50
|   |   |   |   |   |   |   |   |--- feature_8 <= 52.50
|   |   |   |   |   |   |   |   |   |--- class: 0.0
|   |   |   |   |   |   |   |   |--- feature_8 >  52.50
|   |   |   |   |   |   |   |   |   |--- feature_5 <= 53.50
|   |   |   |   |   |   |   |   |   |   |--- class: 0.0
|   |   |   |   |   |   |   |   |   |--- feature_5 >  53.50
|   |   |   |   |   |   |   |   |   |   |--- feature_10 <= 4.30
|   |   |   |   |   |   |   |   |   |   |   |--- class: 1.0
|   |   |   |   |   |   |   |   |   |   |--- feature_10 >  4.30
|   |   |   |   |   |   |   |   |   |   |   |--- class: 0.0
|   |   |   |   |   |   |--- feature_5 >  62.50
|   |   |   |   |   |   |   |--- class: 1.0
|   |   |   |--- feature_4 >  57.50
|   |   |   |   |--- feature_2 <= 59.50
|   |   |   |   |   |--- feature_3 <= 71.50
|   |   |   |   |   |   |--- feature_9 <= 69.50
|   |   |   |   |   |   |   |--- feature_6 <= 49.50
|   |   |   |   |   |   |   |   |--- feature_8 <= 53.50
|   |   |   |   |   |   |   |   |   |--- class: 1.0
|   |   |   |   |   |   |   |   |--- feature_8 >  53.50
|   |   |   |   |   |   |   |   |   |--- class: 0.0
|   |   |   |   |   |   |   |--- feature_6 >  49.50
|   |   |   |   |   |   |   |   |--- feature_2 <= 51.50
|   |   |   |   |   |   |   |   |   |--- feature_1 <= 54.00
|   |   |   |   |   |   |   |   |   |   |--- class: 0.0
|   |   |   |   |   |   |   |   |   |--- feature_1 >  54.00
|   |   |   |   |   |   |   |   |   |   |--- class: 1.0
|   |   |   |   |   |   |   |   |--- feature_2 >  51.50
|   |   |   |   |   |   |   |   |   |--- class: 1.0
|   |   |   |   |   |   |--- feature_9 >  69.50
|   |   |   |   |   |   |   |--- class: 0.0
|   |   |   |   |   |--- feature_3 >  71.50
|   |   |   |   |   |   |--- class: 0.0
|   |   |   |   |--- feature_2 >  59.50
|   |   |   |   |   |--- feature_0 <= 37.00
|   |   |   |   |   |   |--- class: 0.0
|   |   |   |   |   |--- feature_0 >  37.00
|   |   |   |   |   |   |--- feature_4 <= 75.00
|   |   |   |   |   |   |   |--- feature_3 <= 67.50
|   |   |   |   |   |   |   |   |--- feature_2 <= 69.50
|   |   |   |   |   |   |   |   |   |--- feature_10 <= 4.30
|   |   |   |   |   |   |   |   |   |   |--- feature_8 <= 69.00
|   |   |   |   |   |   |   |   |   |   |   |--- truncated branch of depth 3
|   |   |   |   |   |   |   |   |   |   |--- feature_8 >  69.00
|   |   |   |   |   |   |   |   |   |   |   |--- class: 1.0
|   |   |   |   |   |   |   |   |   |--- feature_10 >  4.30
|   |   |   |   |   |   |   |   |   |   |--- feature_3 <= 51.50
|   |   |   |   |   |   |   |   |   |   |   |--- class: 0.0
|   |   |   |   |   |   |   |   |   |   |--- feature_3 >  51.50
|   |   |   |   |   |   |   |   |   |   |   |--- truncated branch of depth 6
|   |   |   |   |   |   |   |   |--- feature_2 >  69.50
|   |   |   |   |   |   |   |   |   |--- feature_9 <= 55.00
|   |   |   |   |   |   |   |   |   |   |--- feature_4 <= 63.00
|   |   |   |   |   |   |   |   |   |   |   |--- class: 0.0
|   |   |   |   |   |   |   |   |   |   |--- feature_4 >  63.00
|   |   |   |   |   |   |   |   |   |   |   |--- class: 1.0
|   |   |   |   |   |   |   |   |   |--- feature_9 >  55.00
|   |   |   |   |   |   |   |   |   |   |--- class: 1.0
|   |   |   |   |   |   |   |--- feature_3 >  67.50
|   |   |   |   |   |   |   |   |--- class: 0.0
|   |   |   |   |   |   |--- feature_4 >  75.00
|   |   |   |   |   |   |   |--- class: 1.0
|--- feature_10 >  4.50
|   |--- feature_10 <= 4.70
|   |   |--- feature_8 <= 52.50
|   |   |   |--- feature_14 <= 4.41
|   |   |   |   |--- feature_11 <= 1.50
|   |   |   |   |   |--- feature_0 <= 33.00
|   |   |   |   |   |   |--- feature_14 <= 3.75
|   |   |   |   |   |   |   |--- class: 1.0
|   |   |   |   |   |   |--- feature_14 >  3.75
|   |   |   |   |   |   |   |--- class: 0.0
|   |   |   |   |   |--- feature_0 >  33.00
|   |   |   |   |   |   |--- feature_5 <= 60.50
|   |   |   |   |   |   |   |--- feature_4 <= 47.00
|   |   |   |   |   |   |   |   |--- feature_5 <= 51.00
|   |   |   |   |   |   |   |   |   |--- feature_9 <= 51.50
|   |   |   |   |   |   |   |   |   |   |--- feature_2 <= 51.50
|   |   |   |   |   |   |   |   |   |   |   |--- truncated branch of depth 7
|   |   |   |   |   |   |   |   |   |   |--- feature_2 >  51.50
|   |   |   |   |   |   |   |   |   |   |   |--- truncated branch of depth 4
|   |   |   |   |   |   |   |   |   |--- feature_9 >  51.50
|   |   |   |   |   |   |   |   |   |   |--- class: 1.0
|   |   |   |   |   |   |   |   |--- feature_5 >  51.00
|   |   |   |   |   |   |   |   |   |--- class: 0.0
|   |   |   |   |   |   |   |--- feature_4 >  47.00
|   |   |   |   |   |   |   |   |--- feature_2 <= 53.50
|   |   |   |   |   |   |   |   |   |--- feature_3 <= 61.00
|   |   |   |   |   |   |   |   |   |   |--- feature_0 <= 59.50
|   |   |   |   |   |   |   |   |   |   |   |--- class: 1.0
|   |   |   |   |   |   |   |   |   |   |--- feature_0 >  59.50
|   |   |   |   |   |   |   |   |   |   |   |--- truncated branch of depth 2
|   |   |   |   |   |   |   |   |   |--- feature_3 >  61.00
|   |   |   |   |   |   |   |   |   |   |--- feature_0 <= 50.50
|   |   |   |   |   |   |   |   |   |   |   |--- class: 0.0
|   |   |   |   |   |   |   |   |   |   |--- feature_0 >  50.50
|   |   |   |   |   |   |   |   |   |   |   |--- class: 1.0
|   |   |   |   |   |   |   |   |--- feature_2 >  53.50
|   |   |   |   |   |   |   |   |   |--- feature_3 <= 54.50
|   |   |   |   |   |   |   |   |   |   |--- feature_4 <= 50.00
|   |   |   |   |   |   |   |   |   |   |   |--- class: 1.0
|   |   |   |   |   |   |   |   |   |   |--- feature_4 >  50.00
|   |   |   |   |   |   |   |   |   |   |   |--- truncated branch of depth 4
|   |   |   |   |   |   |   |   |   |--- feature_3 >  54.50
|   |   |   |   |   |   |   |   |   |   |--- class: 1.0
|   |   |   |   |   |   |--- feature_5 >  60.50
|   |   |   |   |   |   |   |--- class: 0.0
|   |   |   |   |--- feature_11 >  1.50
|   |   |   |   |   |--- feature_7 <= 50.50
|   |   |   |   |   |   |--- feature_0 <= 37.00
|   |   |   |   |   |   |   |--- class: 1.0
|   |   |   |   |   |   |--- feature_0 >  37.00
|   |   |   |   |   |   |   |--- class: 0.0
|   |   |   |   |   |--- feature_7 >  50.50
|   |   |   |   |   |   |--- feature_0 <= 58.50
|   |   |   |   |   |   |   |--- feature_8 <= 50.50
|   |   |   |   |   |   |   |   |--- feature_6 <= 38.50
|   |   |   |   |   |   |   |   |   |--- feature_0 <= 51.50
|   |   |   |   |   |   |   |   |   |   |--- class: 0.0
|   |   |   |   |   |   |   |   |   |--- feature_0 >  51.50
|   |   |   |   |   |   |   |   |   |   |--- class: 1.0
|   |   |   |   |   |   |   |   |--- feature_6 >  38.50
|   |   |   |   |   |   |   |   |   |--- class: 1.0
|   |   |   |   |   |   |   |--- feature_8 >  50.50
|   |   |   |   |   |   |   |   |--- feature_6 <= 44.50
|   |   |   |   |   |   |   |   |   |--- class: 0.0
|   |   |   |   |   |   |   |   |--- feature_6 >  44.50
|   |   |   |   |   |   |   |   |   |--- class: 1.0
|   |   |   |   |   |   |--- feature_0 >  58.50
|   |   |   |   |   |   |   |--- class: 0.0
|   |   |   |--- feature_14 >  4.41
|   |   |   |   |--- feature_4 <= 54.50
|   |   |   |   |   |--- feature_5 <= 31.00
|   |   |   |   |   |   |--- feature_14 <= 4.84
|   |   |   |   |   |   |   |--- class: 1.0
|   |   |   |   |   |   |--- feature_14 >  4.84
|   |   |   |   |   |   |   |--- class: 0.0
|   |   |   |   |   |--- feature_5 >  31.00
|   |   |   |   |   |   |--- feature_6 <= 34.50
|   |   |   |   |   |   |   |--- feature_12 <= 0.50
|   |   |   |   |   |   |   |   |--- class: 1.0
|   |   |   |   |   |   |   |--- feature_12 >  0.50
|   |   |   |   |   |   |   |   |--- feature_4 <= 39.00
|   |   |   |   |   |   |   |   |   |--- class: 1.0
|   |   |   |   |   |   |   |   |--- feature_4 >  39.00
|   |   |   |   |   |   |   |   |   |--- class: 0.0
|   |   |   |   |   |   |--- feature_6 >  34.50
|   |   |   |   |   |   |   |--- feature_14 <= 4.91
|   |   |   |   |   |   |   |   |--- feature_4 <= 48.50
|   |   |   |   |   |   |   |   |   |--- feature_5 <= 47.50
|   |   |   |   |   |   |   |   |   |   |--- feature_1 <= 52.00
|   |   |   |   |   |   |   |   |   |   |   |--- truncated branch of depth 5
|   |   |   |   |   |   |   |   |   |   |--- feature_1 >  52.00
|   |   |   |   |   |   |   |   |   |   |   |--- class: 1.0
|   |   |   |   |   |   |   |   |   |--- feature_5 >  47.50
|   |   |   |   |   |   |   |   |   |   |--- feature_9 <= 53.50
|   |   |   |   |   |   |   |   |   |   |   |--- class: 0.0
|   |   |   |   |   |   |   |   |   |   |--- feature_9 >  53.50
|   |   |   |   |   |   |   |   |   |   |   |--- truncated branch of depth 2
|   |   |   |   |   |   |   |   |--- feature_4 >  48.50
|   |   |   |   |   |   |   |   |   |--- feature_2 <= 62.50
|   |   |   |   |   |   |   |   |   |   |--- class: 1.0
|   |   |   |   |   |   |   |   |   |--- feature_2 >  62.50
|   |   |   |   |   |   |   |   |   |   |--- feature_5 <= 56.50
|   |   |   |   |   |   |   |   |   |   |   |--- class: 0.0
|   |   |   |   |   |   |   |   |   |   |--- feature_5 >  56.50
|   |   |   |   |   |   |   |   |   |   |   |--- class: 1.0
|   |   |   |   |   |   |   |--- feature_14 >  4.91
|   |   |   |   |   |   |   |   |--- feature_5 <= 37.50
|   |   |   |   |   |   |   |   |   |--- feature_0 <= 52.50
|   |   |   |   |   |   |   |   |   |   |--- class: 0.0
|   |   |   |   |   |   |   |   |   |--- feature_0 >  52.50
|   |   |   |   |   |   |   |   |   |   |--- class: 1.0
|   |   |   |   |   |   |   |   |--- feature_5 >  37.50
|   |   |   |   |   |   |   |   |   |--- feature_2 <= 55.50
|   |   |   |   |   |   |   |   |   |   |--- class: 1.0
|   |   |   |   |   |   |   |   |   |--- feature_2 >  55.50
|   |   |   |   |   |   |   |   |   |   |--- feature_9 <= 51.00
|   |   |   |   |   |   |   |   |   |   |   |--- class: 0.0
|   |   |   |   |   |   |   |   |   |   |--- feature_9 >  51.00
|   |   |   |   |   |   |   |   |   |   |   |--- class: 1.0
|   |   |   |   |--- feature_4 >  54.50
|   |   |   |   |   |--- feature_5 <= 47.00
|   |   |   |   |   |   |--- class: 0.0
|   |   |   |   |   |--- feature_5 >  47.00
|   |   |   |   |   |   |--- feature_13 <= 5.50
|   |   |   |   |   |   |   |--- class: 1.0
|   |   |   |   |   |   |--- feature_13 >  5.50
|   |   |   |   |   |   |   |--- class: 0.0
|   |   |--- feature_8 >  52.50
|   |   |   |--- feature_4 <= 49.50
|   |   |   |   |--- feature_0 <= 45.50
|   |   |   |   |   |--- class: 0.0
|   |   |   |   |--- feature_0 >  45.50
|   |   |   |   |   |--- feature_8 <= 53.50
|   |   |   |   |   |   |--- class: 0.0
|   |   |   |   |   |--- feature_8 >  53.50
|   |   |   |   |   |   |--- feature_6 <= 44.50
|   |   |   |   |   |   |   |--- feature_4 <= 42.50
|   |   |   |   |   |   |   |   |--- feature_7 <= 50.50
|   |   |   |   |   |   |   |   |   |--- class: 0.0
|   |   |   |   |   |   |   |   |--- feature_7 >  50.50
|   |   |   |   |   |   |   |   |   |--- class: 1.0
|   |   |   |   |   |   |   |--- feature_4 >  42.50
|   |   |   |   |   |   |   |   |--- class: 1.0
|   |   |   |   |   |   |--- feature_6 >  44.50
|   |   |   |   |   |   |   |--- class: 0.0
|   |   |   |--- feature_4 >  49.50
|   |   |   |   |--- feature_2 <= 75.00
|   |   |   |   |   |--- feature_6 <= 64.50
|   |   |   |   |   |   |--- feature_7 <= 56.50
|   |   |   |   |   |   |   |--- feature_0 <= 59.50
|   |   |   |   |   |   |   |   |--- feature_6 <= 52.50
|   |   |   |   |   |   |   |   |   |--- feature_2 <= 62.50
|   |   |   |   |   |   |   |   |   |   |--- feature_14 <= 3.91
|   |   |   |   |   |   |   |   |   |   |   |--- truncated branch of depth 4
|   |   |   |   |   |   |   |   |   |   |--- feature_14 >  3.91
|   |   |   |   |   |   |   |   |   |   |   |--- class: 1.0
|   |   |   |   |   |   |   |   |   |--- feature_2 >  62.50
|   |   |   |   |   |   |   |   |   |   |--- class: 0.0
|   |   |   |   |   |   |   |   |--- feature_6 >  52.50
|   |   |   |   |   |   |   |   |   |--- class: 0.0
|   |   |   |   |   |   |   |--- feature_0 >  59.50
|   |   |   |   |   |   |   |   |--- class: 0.0
|   |   |   |   |   |   |--- feature_7 >  56.50
|   |   |   |   |   |   |   |--- feature_13 <= 4.50
|   |   |   |   |   |   |   |   |--- feature_5 <= 46.50
|   |   |   |   |   |   |   |   |   |--- feature_6 <= 50.50
|   |   |   |   |   |   |   |   |   |   |--- feature_4 <= 54.00
|   |   |   |   |   |   |   |   |   |   |   |--- class: 1.0
|   |   |   |   |   |   |   |   |   |   |--- feature_4 >  54.00
|   |   |   |   |   |   |   |   |   |   |   |--- class: 0.0
|   |   |   |   |   |   |   |   |   |--- feature_6 >  50.50
|   |   |   |   |   |   |   |   |   |   |--- class: 1.0
|   |   |   |   |   |   |   |   |--- feature_5 >  46.50
|   |   |   |   |   |   |   |   |   |--- feature_11 <= 1.50
|   |   |   |   |   |   |   |   |   |   |--- feature_3 <= 53.50
|   |   |   |   |   |   |   |   |   |   |   |--- class: 1.0
|   |   |   |   |   |   |   |   |   |   |--- feature_3 >  53.50
|   |   |   |   |   |   |   |   |   |   |   |--- truncated branch of depth 5
|   |   |   |   |   |   |   |   |   |--- feature_11 >  1.50
|   |   |   |   |   |   |   |   |   |   |--- class: 1.0
|   |   |   |   |   |   |   |--- feature_13 >  4.50
|   |   |   |   |   |   |   |   |--- feature_2 <= 61.50
|   |   |   |   |   |   |   |   |   |--- feature_4 <= 64.50
|   |   |   |   |   |   |   |   |   |   |--- feature_7 <= 63.50
|   |   |   |   |   |   |   |   |   |   |   |--- truncated branch of depth 3
|   |   |   |   |   |   |   |   |   |   |--- feature_7 >  63.50
|   |   |   |   |   |   |   |   |   |   |   |--- class: 0.0
|   |   |   |   |   |   |   |   |   |--- feature_4 >  64.50
|   |   |   |   |   |   |   |   |   |   |--- class: 1.0
|   |   |   |   |   |   |   |   |--- feature_2 >  61.50
|   |   |   |   |   |   |   |   |   |--- class: 0.0
|   |   |   |   |   |--- feature_6 >  64.50
|   |   |   |   |   |   |--- class: 1.0
|   |   |   |   |--- feature_2 >  75.00
|   |   |   |   |   |--- class: 0.0
|   |--- feature_10 >  4.70
|   |   |--- feature_1 <= 58.50
|   |   |   |--- feature_9 <= 53.00
|   |   |   |   |--- feature_0 <= 25.50
|   |   |   |   |   |--- feature_13 <= 2.50
|   |   |   |   |   |   |--- class: 0.0
|   |   |   |   |   |--- feature_13 >  2.50
|   |   |   |   |   |   |--- feature_4 <= 38.50
|   |   |   |   |   |   |   |--- class: 1.0
|   |   |   |   |   |   |--- feature_4 >  38.50
|   |   |   |   |   |   |   |--- class: 0.0
|   |   |   |   |--- feature_0 >  25.50
|   |   |   |   |   |--- feature_1 <= 50.50
|   |   |   |   |   |   |--- feature_5 <= 52.50
|   |   |   |   |   |   |   |--- feature_3 <= 54.50
|   |   |   |   |   |   |   |   |--- feature_9 <= 50.50
|   |   |   |   |   |   |   |   |   |--- feature_5 <= 39.50
|   |   |   |   |   |   |   |   |   |   |--- feature_6 <= 35.50
|   |   |   |   |   |   |   |   |   |   |   |--- truncated branch of depth 9
|   |   |   |   |   |   |   |   |   |   |--- feature_6 >  35.50
|   |   |   |   |   |   |   |   |   |   |   |--- truncated branch of depth 4
|   |   |   |   |   |   |   |   |   |--- feature_5 >  39.50
|   |   |   |   |   |   |   |   |   |   |--- class: 1.0
|   |   |   |   |   |   |   |   |--- feature_9 >  50.50
|   |   |   |   |   |   |   |   |   |--- feature_5 <= 35.00
|   |   |   |   |   |   |   |   |   |   |--- feature_13 <= 0.50
|   |   |   |   |   |   |   |   |   |   |   |--- class: 1.0
|   |   |   |   |   |   |   |   |   |   |--- feature_13 >  0.50
|   |   |   |   |   |   |   |   |   |   |   |--- class: 0.0
|   |   |   |   |   |   |   |   |   |--- feature_5 >  35.00
|   |   |   |   |   |   |   |   |   |   |--- feature_7 <= 61.50
|   |   |   |   |   |   |   |   |   |   |   |--- truncated branch of depth 9
|   |   |   |   |   |   |   |   |   |   |--- feature_7 >  61.50
|   |   |   |   |   |   |   |   |   |   |   |--- class: 0.0
|   |   |   |   |   |   |   |--- feature_3 >  54.50
|   |   |   |   |   |   |   |   |--- feature_14 <= 4.91
|   |   |   |   |   |   |   |   |   |--- feature_13 <= 4.50
|   |   |   |   |   |   |   |   |   |   |--- feature_6 <= 41.00
|   |   |   |   |   |   |   |   |   |   |   |--- truncated branch of depth 2
|   |   |   |   |   |   |   |   |   |   |--- feature_6 >  41.00
|   |   |   |   |   |   |   |   |   |   |   |--- class: 1.0
|   |   |   |   |   |   |   |   |   |--- feature_13 >  4.50
|   |   |   |   |   |   |   |   |   |   |--- class: 0.0
|   |   |   |   |   |   |   |   |--- feature_14 >  4.91
|   |   |   |   |   |   |   |   |   |--- class: 0.0
|   |   |   |   |   |   |--- feature_5 >  52.50
|   |   |   |   |   |   |   |--- feature_14 <= 3.66
|   |   |   |   |   |   |   |   |--- class: 1.0
|   |   |   |   |   |   |   |--- feature_14 >  3.66
|   |   |   |   |   |   |   |   |--- feature_7 <= 58.50
|   |   |   |   |   |   |   |   |   |--- feature_13 <= 1.50
|   |   |   |   |   |   |   |   |   |   |--- feature_10 <= 4.90
|   |   |   |   |   |   |   |   |   |   |   |--- class: 0.0
|   |   |   |   |   |   |   |   |   |   |--- feature_10 >  4.90
|   |   |   |   |   |   |   |   |   |   |   |--- class: 1.0
|   |   |   |   |   |   |   |   |   |--- feature_13 >  1.50
|   |   |   |   |   |   |   |   |   |   |--- class: 0.0
|   |   |   |   |   |   |   |   |--- feature_7 >  58.50
|   |   |   |   |   |   |   |   |   |--- class: 1.0
|   |   |   |   |   |--- feature_1 >  50.50
|   |   |   |   |   |   |--- feature_4 <= 42.00
|   |   |   |   |   |   |   |--- feature_14 <= 4.59
|   |   |   |   |   |   |   |   |--- feature_6 <= 33.00
|   |   |   |   |   |   |   |   |   |--- feature_5 <= 35.00
|   |   |   |   |   |   |   |   |   |   |--- feature_0 <= 49.00
|   |   |   |   |   |   |   |   |   |   |   |--- class: 0.0
|   |   |   |   |   |   |   |   |   |   |--- feature_0 >  49.00
|   |   |   |   |   |   |   |   |   |   |   |--- truncated branch of depth 2
|   |   |   |   |   |   |   |   |   |--- feature_5 >  35.00
|   |   |   |   |   |   |   |   |   |   |--- feature_5 <= 42.50
|   |   |   |   |   |   |   |   |   |   |   |--- class: 1.0
|   |   |   |   |   |   |   |   |   |   |--- feature_5 >  42.50
|   |   |   |   |   |   |   |   |   |   |   |--- class: 0.0
|   |   |   |   |   |   |   |   |--- feature_6 >  33.00
|   |   |   |   |   |   |   |   |   |--- class: 0.0
|   |   |   |   |   |   |   |--- feature_14 >  4.59
|   |   |   |   |   |   |   |   |--- class: 1.0
|   |   |   |   |   |   |--- feature_4 >  42.00
|   |   |   |   |   |   |   |--- feature_13 <= 2.50
|   |   |   |   |   |   |   |   |--- feature_3 <= 50.50
|   |   |   |   |   |   |   |   |   |--- feature_4 <= 56.50
|   |   |   |   |   |   |   |   |   |   |--- feature_6 <= 49.50
|   |   |   |   |   |   |   |   |   |   |   |--- truncated branch of depth 8
|   |   |   |   |   |   |   |   |   |   |--- feature_6 >  49.50
|   |   |   |   |   |   |   |   |   |   |   |--- class: 0.0
|   |   |   |   |   |   |   |   |   |--- feature_4 >  56.50
|   |   |   |   |   |   |   |   |   |   |--- class: 0.0
|   |   |   |   |   |   |   |   |--- feature_3 >  50.50
|   |   |   |   |   |   |   |   |   |--- feature_9 <= 50.50
|   |   |   |   |   |   |   |   |   |   |--- feature_7 <= 56.00
|   |   |   |   |   |   |   |   |   |   |   |--- class: 1.0
|   |   |   |   |   |   |   |   |   |   |--- feature_7 >  56.00
|   |   |   |   |   |   |   |   |   |   |   |--- truncated branch of depth 2
|   |   |   |   |   |   |   |   |   |--- feature_9 >  50.50
|   |   |   |   |   |   |   |   |   |   |--- class: 1.0
|   |   |   |   |   |   |   |--- feature_13 >  2.50
|   |   |   |   |   |   |   |   |--- feature_7 <= 52.50
|   |   |   |   |   |   |   |   |   |--- feature_7 <= 51.50
|   |   |   |   |   |   |   |   |   |   |--- feature_5 <= 40.00
|   |   |   |   |   |   |   |   |   |   |   |--- truncated branch of depth 2
|   |   |   |   |   |   |   |   |   |   |--- feature_5 >  40.00
|   |   |   |   |   |   |   |   |   |   |   |--- truncated branch of depth 3
|   |   |   |   |   |   |   |   |   |--- feature_7 >  51.50
|   |   |   |   |   |   |   |   |   |   |--- feature_5 <= 45.50
|   |   |   |   |   |   |   |   |   |   |   |--- truncated branch of depth 2
|   |   |   |   |   |   |   |   |   |   |--- feature_5 >  45.50
|   |   |   |   |   |   |   |   |   |   |   |--- truncated branch of depth 3
|   |   |   |   |   |   |   |   |--- feature_7 >  52.50
|   |   |   |   |   |   |   |   |   |--- feature_3 <= 50.50
|   |   |   |   |   |   |   |   |   |   |--- feature_9 <= 50.50
|   |   |   |   |   |   |   |   |   |   |   |--- class: 1.0
|   |   |   |   |   |   |   |   |   |   |--- feature_9 >  50.50
|   |   |   |   |   |   |   |   |   |   |   |--- class: 0.0
|   |   |   |   |   |   |   |   |   |--- feature_3 >  50.50
|   |   |   |   |   |   |   |   |   |   |--- feature_14 <= 2.92
|   |   |   |   |   |   |   |   |   |   |   |--- class: 0.0
|   |   |   |   |   |   |   |   |   |   |--- feature_14 >  2.92
|   |   |   |   |   |   |   |   |   |   |   |--- truncated branch of depth 3
|   |   |   |--- feature_9 >  53.00
|   |   |   |   |--- feature_6 <= 36.50
|   |   |   |   |   |--- class: 0.0
|   |   |   |   |--- feature_6 >  36.50
|   |   |   |   |   |--- feature_4 <= 63.50
|   |   |   |   |   |   |--- feature_11 <= 2.50
|   |   |   |   |   |   |   |--- feature_0 <= 58.00
|   |   |   |   |   |   |   |   |--- feature_6 <= 57.50
|   |   |   |   |   |   |   |   |   |--- feature_9 <= 62.50
|   |   |   |   |   |   |   |   |   |   |--- feature_0 <= 35.00
|   |   |   |   |   |   |   |   |   |   |   |--- class: 1.0
|   |   |   |   |   |   |   |   |   |   |--- feature_0 >  35.00
|   |   |   |   |   |   |   |   |   |   |   |--- truncated branch of depth 10
|   |   |   |   |   |   |   |   |   |--- feature_9 >  62.50
|   |   |   |   |   |   |   |   |   |   |--- feature_0 <= 36.00
|   |   |   |   |   |   |   |   |   |   |   |--- truncated branch of depth 2
|   |   |   |   |   |   |   |   |   |   |--- feature_0 >  36.00
|   |   |   |   |   |   |   |   |   |   |   |--- class: 0.0
|   |   |   |   |   |   |   |   |--- feature_6 >  57.50
|   |   |   |   |   |   |   |   |   |--- class: 1.0
|   |   |   |   |   |   |   |--- feature_0 >  58.00
|   |   |   |   |   |   |   |   |--- feature_6 <= 40.00
|   |   |   |   |   |   |   |   |   |--- class: 0.0
|   |   |   |   |   |   |   |   |--- feature_6 >  40.00
|   |   |   |   |   |   |   |   |   |--- class: 1.0
|   |   |   |   |   |   |--- feature_11 >  2.50
|   |   |   |   |   |   |   |--- class: 0.0
|   |   |   |   |   |--- feature_4 >  63.50
|   |   |   |   |   |   |--- feature_9 <= 62.00
|   |   |   |   |   |   |   |--- class: 0.0
|   |   |   |   |   |   |--- feature_9 >  62.00
|   |   |   |   |   |   |   |--- feature_9 <= 67.00
|   |   |   |   |   |   |   |   |--- class: 1.0
|   |   |   |   |   |   |   |--- feature_9 >  67.00
|   |   |   |   |   |   |   |   |--- class: 0.0
|   |   |--- feature_1 >  58.50
|   |   |   |--- feature_11 <= 2.50
|   |   |   |   |--- feature_4 <= 82.00
|   |   |   |   |   |--- feature_13 <= 1.50
|   |   |   |   |   |   |--- feature_7 <= 63.50
|   |   |   |   |   |   |   |--- class: 1.0
|   |   |   |   |   |   |--- feature_7 >  63.50
|   |   |   |   |   |   |   |--- feature_12 <= 0.50
|   |   |   |   |   |   |   |   |--- class: 0.0
|   |   |   |   |   |   |   |--- feature_12 >  0.50
|   |   |   |   |   |   |   |   |--- class: 1.0
|   |   |   |   |   |--- feature_13 >  1.50
|   |   |   |   |   |   |--- feature_8 <= 52.00
|   |   |   |   |   |   |   |--- feature_11 <= 1.50
|   |   |   |   |   |   |   |   |--- class: 1.0
|   |   |   |   |   |   |   |--- feature_11 >  1.50
|   |   |   |   |   |   |   |   |--- class: 0.0
|   |   |   |   |   |   |--- feature_8 >  52.00
|   |   |   |   |   |   |   |--- class: 1.0
|   |   |   |   |--- feature_4 >  82.00
|   |   |   |   |   |--- class: 0.0
|   |   |   |--- feature_11 >  2.50
|   |   |   |   |--- class: 0.0
