|--- feature_18 <= 1.50
|   |--- feature_17 <= 4.10
|   |   |--- feature_22 <= 2.50
|   |   |   |--- feature_19 <= 0.50
|   |   |   |   |--- feature_17 <= 2.90
|   |   |   |   |   |--- feature_4 <= 52.00
|   |   |   |   |   |   |--- class: 0.0
|   |   |   |   |   |--- feature_4 >  52.00
|   |   |   |   |   |   |--- class: 1.0
|   |   |   |   |--- feature_17 >  2.90
|   |   |   |   |   |--- feature_21 <= 5.50
|   |   |   |   |   |   |--- feature_21 <= 1.50
|   |   |   |   |   |   |   |--- feature_13 <= 61.50
|   |   |   |   |   |   |   |   |--- feature_10 <= 44.50
|   |   |   |   |   |   |   |   |   |--- feature_10 <= 31.50
|   |   |   |   |   |   |   |   |   |   |--- feature_24 <= 4.67
|   |   |   |   |   |   |   |   |   |   |   |--- class: 1.0
|   |   |   |   |   |   |   |   |   |   |--- feature_24 >  4.67
|   |   |   |   |   |   |   |   |   |   |   |--- truncated branch of depth 2
|   |   |   |   |   |   |   |   |   |--- feature_10 >  31.50
|   |   |   |   |   |   |   |   |   |   |--- feature_6 <= 53.00
|   |   |   |   |   |   |   |   |   |   |   |--- truncated branch of depth 7
|   |   |   |   |   |   |   |   |   |   |--- feature_6 >  53.00
|   |   |   |   |   |   |   |   |   |   |   |--- class: 1.0
|   |   |   |   |   |   |   |   |--- feature_10 >  44.50
|   |   |   |   |   |   |   |   |   |--- class: 1.0
|   |   |   |   |   |   |   |--- feature_13 >  61.50
|   |   |   |   |   |   |   |   |--- feature_12 <= 61.50
|   |   |   |   |   |   |   |   |   |--- class: 0.0
|   |   |   |   |   |   |   |   |--- feature_12 >  61.50
|   |   |   |   |   |   |   |   |   |--- class: 1.0
|   |   |   |   |   |   |--- feature_21 >  1.50
|   |   |   |   |   |   |   |--- feature_15 <= 56.50
|   |   |   |   |   |   |   |   |--- feature_7 <= 52.00
|   |   |   |   |   |   |   |   |   |--- feature_4 <= 58.00
|   |   |   |   |   |   |   |   |   |   |--- feature_2 <= 62.50
|   |   |   |   |   |   |   |   |   |   |   |--- truncated branch of depth 11
|   |   |   |   |   |   |   |   |   |   |--- feature_2 >  62.50
|   |   |   |   |   |   |   |   |   |   |   |--- class: 1.0
|   |   |   |   |   |   |   |   |   |--- feature_4 >  58.00
|   |   |   |   |   |   |   |   |   |   |--- class: 0.0
|   |   |   |   |   |   |   |   |--- feature_7 >  52.00
|   |   |   |   |   |   |   |   |   |--- feature_10 <= 41.00
|   |   |   |   |   |   |   |   |   |   |--- class: 0.0
|   |   |   |   |   |   |   |   |   |--- feature_10 >  41.00
|   |   |   |   |   |   |   |   |   |   |--- class: 1.0
|   |   |   |   |   |   |   |--- feature_15 >  56.50
|   |   |   |   |   |   |   |   |--- class: 0.0
|   |   |   |   |   |--- feature_21 >  5.50
|   |   |   |   |   |   |--- feature_15 <= 56.50
|   |   |   |   |   |   |   |--- feature_10 <= 28.50
|   |   |   |   |   |   |   |   |--- feature_10 <= 25.50
|   |   |   |   |   |   |   |   |   |--- class: 1.0
|   |   |   |   |   |   |   |   |--- feature_10 >  25.50
|   |   |   |   |   |   |   |   |   |--- class: 0.0
|   |   |   |   |   |   |   |--- feature_10 >  28.50
|   |   |   |   |   |   |   |   |--- class: 1.0
|   |   |   |   |   |   |--- feature_15 >  56.50
|   |   |   |   |   |   |   |--- class: 0.0
|   |   |   |--- feature_19 >  0.50
|   |   |   |   |--- feature_20 <= 0.50
|   |   |   |   |   |--- feature_11 <= 50.50
|   |   |   |   |   |   |--- feature_21 <= 3.50
|   |   |   |   |   |   |   |--- class: 0.0
|   |   |   |   |   |   |--- feature_21 >  3.50
|   |   |   |   |   |   |   |--- class: 1.0
|   |   |   |   |   |--- feature_11 >  50.50
|   |   |   |   |   |   |--- feature_24 <= 3.17
|   |   |   |   |   |   |   |--- class: 0.0
|   |   |   |   |   |   |--- feature_24 >  3.17
|   |   |   |   |   |   |   |--- class: 1.0
|   |   |   |   |--- feature_20 >  0.50
|   |   |   |   |   |--- feature_21 <= 4.50
|   |   |   |   |   |   |--- class: 0.0
|   |   |   |   |   |--- feature_21 >  4.50
|   |   |   |   |   |   |--- class: 1.0
|   |   |--- feature_22 >  2.50
|   |   |   |--- feature_1 <= 68.00
|   |   |   |   |--- feature_2 <= 56.50
|   |   |   |   |   |--- feature_5 <= 52.50
|   |   |   |   |   |   |--- feature_12 <= 50.50
|   |   |   |   |   |   |   |--- feature_6 <= 55.50
|   |   |   |   |   |   |   |   |--- feature_22 <= 4.50
|   |   |   |   |   |   |   |   |   |--- feature_21 <= 0.50
|   |   |   |   |   |   |   |   |   |   |--- feature_24 <= 3.67
|   |   |   |   |   |   |   |   |   |   |   |--- class: 1.0
|   |   |   |   |   |   |   |   |   |   |--- feature_24 >  3.67
|   |   |   |   |   |   |   |   |   |   |   |--- class: 0.0
|   |   |   |   |   |   |   |   |   |--- feature_21 >  0.50
|   |   |   |   |   |   |   |   |   |   |--- feature_17 <= 3.50
|   |   |   |   |   |   |   |   |   |   |   |--- class: 0.0
|   |   |   |   |   |   |   |   |   |   |--- feature_17 >  3.50
|   |   |   |   |   |   |   |   |   |   |   |--- truncated branch of depth 6
|   |   |   |   |   |   |   |   |--- feature_22 >  4.50
|   |   |   |   |   |   |   |   |   |--- class: 0.0
|   |   |   |   |   |   |   |--- feature_6 >  55.50
|   |   |   |   |   |   |   |   |--- feature_10 <= 38.00
|   |   |   |   |   |   |   |   |   |--- class: 0.0
|   |   |   |   |   |   |   |   |--- feature_10 >  38.00
|   |   |   |   |   |   |   |   |   |--- class: 1.0
|   |   |   |   |   |   |--- feature_12 >  50.50
|   |   |   |   |   |   |   |--- feature_4 <= 52.50
|   |   |   |   |   |   |   |   |--- feature_8 <= 48.50
|   |   |   |   |   |   |   |   |   |--- class: 1.0
|   |   |   |   |   |   |   |   |--- feature_8 >  48.50
|   |   |   |   |   |   |   |   |   |--- feature_8 <= 52.50
|   |   |   |   |   |   |   |   |   |   |--- class: 0.0
|   |   |   |   |   |   |   |   |   |--- feature_8 >  52.50
|   |   |   |   |   |   |   |   |   |   |--- class: 1.0
|   |   |   |   |   |   |   |--- feature_4 >  52.50
|   |   |   |   |   |   |   |   |--- feature_1 <= 50.50
|   |   |   |   |   |   |   |   |   |--- class: 0.0
|   |   |   |   |   |   |   |   |--- feature_1 >  50.50
|   |   |   |   |   |   |   |   |   |--- feature_5 <= 51.50
|   |   |   |   |   |   |   |   |   |   |--- class: 1.0
|   |   |   |   |   |   |   |   |   |--- feature_5 >  51.50
|   |   |   |   |   |   |   |   |   |   |--- feature_3 <= 50.50
|   |   |   |   |   |   |   |   |   |   |   |--- class: 1.0
|   |   |   |   |   |   |   |   |   |   |--- feature_3 >  50.50
|   |   |   |   |   |   |   |   |   |   |   |--- class: 0.0
|   |   |   |   |   |--- feature_5 >  52.50
|   |   |   |   |   |   |--- feature_16 <= 68.00
|   |   |   |   |   |   |   |--- feature_0 <= 64.50
|   |   |   |   |   |   |   |   |--- feature_22 <= 4.50
|   |   |   |   |   |   |   |   |   |--- feature_15 <= 55.50
|   |   |   |   |   |   |   |   |   |   |--- feature_4 <= 55.50
|   |   |   |   |   |   |   |   |   |   |   |--- truncated branch of depth 3
|   |   |   |   |   |   |   |   |   |   |--- feature_4 >  55.50
|   |   |   |   |   |   |   |   |   |   |   |--- class: 1.0
|   |   |   |   |   |   |   |   |   |--- feature_15 >  55.50
|   |   |   |   |   |   |   |   |   |   |--- class: 0.0
|   |   |   |   |   |   |   |   |--- feature_22 >  4.50
|   |   |   |   |   |   |   |   |   |--- class: 0.0
|   |   |   |   |   |   |   |--- feature_0 >  64.50
|   |   |   |   |   |   |   |   |--- class: 1.0
|   |   |   |   |   |   |--- feature_16 >  68.00
|   |   |   |   |   |   |   |--- class: 1.0
|   |   |   |   |--- feature_2 >  56.50
|   |   |   |   |   |--- feature_21 <= 1.50
|   |   |   |   |   |   |--- feature_4 <= 53.50
|   |   |   |   |   |   |   |--- class: 0.0
|   |   |   |   |   |   |--- feature_4 >  53.50
|   |   |   |   |   |   |   |--- feature_16 <= 54.00
|   |   |   |   |   |   |   |   |--- feature_14 <= 57.00
|   |   |   |   |   |   |   |   |   |--- feature_24 <= 3.17
|   |   |   |   |   |   |   |   |   |   |--- class: 1.0
|   |   |   |   |   |   |   |   |   |--- feature_24 >  3.17
|   |   |   |   |   |   |   |   |   |   |--- class: 0.0
|   |   |   |   |   |   |   |   |--- feature_14 >  57.00
|   |   |   |   |   |   |   |   |   |--- class: 1.0
|   |   |   |   |   |   |   |--- feature_16 >  54.00
|   |   |   |   |   |   |   |   |--- class: 0.0
|   |   |   |   |   |--- feature_21 >  1.50
|   |   |   |   |   |   |--- feature_4 <= 54.50
|   |   |   |   |   |   |   |--- feature_14 <= 58.00
|   |   |   |   |   |   |   |   |--- feature_8 <= 51.50
|   |   |   |   |   |   |   |   |   |--- feature_17 <= 3.50
|   |   |   |   |   |   |   |   |   |   |--- class: 0.0
|   |   |   |   |   |   |   |   |   |--- feature_17 >  3.50
|   |   |   |   |   |   |   |   |   |   |--- class: 1.0
|   |   |   |   |   |   |   |   |--- feature_8 >  51.50
|   |   |   |   |   |   |   |   |   |--- class: 1.0
|   |   |   |   |   |   |   |--- feature_14 >  58.00
|   |   |   |   |   |   |   |   |--- class: 0.0
|   |   |   |   |   |   |--- feature_4 >  54.50
|   |   |   |   |   |   |   |--- feature_6 <= 59.50
|   |   |   |   |   |   |   |   |--- feature_8 <= 55.00
|   |   |   |   |   |   |   |   |   |--- class: 1.0
|   |   |   |   |   |   |   |   |--- feature_8 >  55.00
|   |   |   |   |   |   |   |   |   |--- feature_16 <= 50.50
|   |   |   |   |   |   |   |   |   |   |--- feature_3 <= 56.00
|   |   |   |   |   |   |   |   |   |   |   |--- class: 0.0
|   |   |   |   |   |   |   |   |   |   |--- feature_3 >  56.00
|   |   |   |   |   |   |   |   |   |   |   |--- class: 1.0
|   |   |   |   |   |   |   |   |   |--- feature_16 >  50.50
|   |   |   |   |   |   |   |   |   |   |--- class: 0.0
|   |   |   |   |   |   |   |--- feature_6 >  59.50
|   |   |   |   |   |   |   |   |--- feature_9 <= 54.50
|   |   |   |   |   |   |   |   |   |--- class: 0.0
|   |   |   |   |   |   |   |   |--- feature_9 >  54.50
|   |   |   |   |   |   |   |   |   |--- class: 1.0
|   |   |   |--- feature_1 >  68.00
|   |   |   |   |--- class: 0.0
|   |--- feature_17 >  4.10
|   |   |--- feature_1 <= 50.50
|   |   |   |--- feature_22 <= 3.19
|   |   |   |   |--- feature_20 <= 0.50
|   |   |   |   |   |--- feature_0 <= 58.50
|   |   |   |   |   |   |--- feature_10 <= 29.50
|   |   |   |   |   |   |   |--- feature_25 <= 1.50
|   |   |   |   |   |   |   |   |--- feature_12 <= 51.50
|   |   |   |   |   |   |   |   |   |--- class: 0.0
|   |   |   |   |   |   |   |   |--- feature_12 >  51.50
|   |   |   |   |   |   |   |   |   |--- class: 1.0
|   |   |   |   |   |   |   |--- feature_25 >  1.50
|   |   |   |   |   |   |   |   |--- feature_10 <= 26.50
|   |   |   |   |   |   |   |   |   |--- feature_24 <= 4.17
|   |   |   |   |   |   |   |   |   |   |--- feature_17 <= 4.30
|   |   |   |   |   |   |   |   |   |   |   |--- truncated branch of depth 2
|   |   |   |   |   |   |   |   |   |   |--- feature_17 >  4.30
|   |   |   |   |   |   |   |   |   |   |   |--- truncated branch of depth 8
|   |   |   |   |   |   |   |   |   |--- feature_24 >  4.17
|   |   |   |   |   |   |   |   |   |   |--- feature_25 <= 4.50
|   |   |   |   |   |   |   |   |   |   |   |--- class: 1.0
|   |   |   |   |   |   |   |   |   |   |--- feature_25 >  4.50
|   |   |   |   |   |   |   |   |   |   |   |--- truncated branch of depth 10
|   |   |   |   |   |   |   |   |--- feature_10 >  26.50
|   |   |   |   |   |   |   |   |   |--- feature_17 <= 4.50
|   |   |   |   |   |   |   |   |   |   |--- feature_2 <= 50.50
|   |   |   |   |   |   |   |   |   |   |   |--- class: 1.0
|   |   |   |   |   |   |   |   |   |   |--- feature_2 >  50.50
|   |   |   |   |   |   |   |   |   |   |   |--- truncated branch of depth 3
|   |   |   |   |   |   |   |   |   |--- feature_17 >  4.50
|   |   |   |   |   |   |   |   |   |   |--- feature_17 <= 4.70
|   |   |   |   |   |   |   |   |   |   |   |--- truncated branch of depth 3
|   |   |   |   |   |   |   |   |   |   |--- feature_17 >  4.70
|   |   |   |   |   |   |   |   |   |   |   |--- truncated branch of depth 5
|   |   |   |   |   |   |--- feature_10 >  29.50
|   |   |   |   |   |   |   |--- feature_16 <= 52.00
|   |   |   |   |   |   |   |   |--- feature_13 <= 56.00
|   |   |   |   |   |   |   |   |   |--- feature_10 <= 45.50
|   |   |   |   |   |   |   |   |   |   |--- feature_11 <= 58.50
|   |   |   |   |   |   |   |   |   |   |   |--- truncated branch of depth 14
|   |   |   |   |   |   |   |   |   |   |--- feature_11 >  58.50
|   |   |   |   |   |   |   |   |   |   |   |--- class: 0.0
|   |   |   |   |   |   |   |   |   |--- feature_10 >  45.50
|   |   |   |   |   |   |   |   |   |   |--- class: 1.0
|   |   |   |   |   |   |   |   |--- feature_13 >  56.00
|   |   |   |   |   |   |   |   |   |--- feature_15 <= 50.50
|   |   |   |   |   |   |   |   |   |   |--- class: 1.0
|   |   |   |   |   |   |   |   |   |--- feature_15 >  50.50
|   |   |   |   |   |   |   |   |   |   |--- class: 0.0
|   |   |   |   |   |   |   |--- feature_16 >  52.00
|   |   |   |   |   |   |   |   |--- feature_6 <= 50.50
|   |   |   |   |   |   |   |   |   |--- feature_4 <= 51.50
|   |   |   |   |   |   |   |   |   |   |--- feature_3 <= 50.50
|   |   |   |   |   |   |   |   |   |   |   |--- class: 1.0
|   |   |   |   |   |   |   |   |   |   |--- feature_3 >  50.50
|   |   |   |   |   |   |   |   |   |   |   |--- class: 0.0
|   |   |   |   |   |   |   |   |   |--- feature_4 >  51.50
|   |   |   |   |   |   |   |   |   |   |--- feature_8 <= 44.00
|   |   |   |   |   |   |   |   |   |   |   |--- class: 0.0
|   |   |   |   |   |   |   |   |   |   |--- feature_8 >  44.00
|   |   |   |   |   |   |   |   |   |   |   |--- class: 1.0
|   |   |   |   |   |   |   |   |--- feature_6 >  50.50
|   |   |   |   |   |   |   |   |   |--- feature_25 <= 4.50
|   |   |   |   |   |   |   |   |   |   |--- feature_15 <= 53.00
|   |   |   |   |   |   |   |   |   |   |   |--- truncated branch of depth 2
|   |   |   |   |   |   |   |   |   |   |--- feature_15 >  53.00
|   |   |   |   |   |   |   |   |   |   |   |--- class: 0.0
|   |   |   |   |   |   |   |   |   |--- feature_25 >  4.50
|   |   |   |   |   |   |   |   |   |   |--- class: 1.0
|   |   |   |   |   |--- feature_0 >  58.50
|   |   |   |   |   |   |--- feature_14 <= 58.50
|   |   |   |   |   |   |   |--- feature_13 <= 56.50
|   |   |   |   |   |   |   |   |--- class: 0.0
|   |   |   |   |   |   |   |--- feature_13 >  56.50
|   |   |   |   |   |   |   |   |--- class: 1.0
|   |   |   |   |   |   |--- feature_14 >  58.50
|   |   |   |   |   |   |   |--- class: 1.0
|   |   |   |   |--- feature_20 >  0.50
|   |   |   |   |   |--- feature_8 <= 50.00
|   |   |   |   |   |   |--- feature_24 <= 4.50
|   |   |   |   |   |   |   |--- feature_8 <= 47.00
|   |   |   |   |   |   |   |   |--- feature_8 <= 41.00
|   |   |   |   |   |   |   |   |   |--- feature_13 <= 50.50
|   |   |   |   |   |   |   |   |   |   |--- feature_11 <= 50.50
|   |   |   |   |   |   |   |   |   |   |   |--- truncated branch of depth 3
|   |   |   |   |   |   |   |   |   |   |--- feature_11 >  50.50
|   |   |   |   |   |   |   |   |   |   |   |--- class: 0.0
|   |   |   |   |   |   |   |   |   |--- feature_13 >  50.50
|   |   |   |   |   |   |   |   |   |   |--- class: 0.0
|   |   |   |   |   |   |   |   |--- feature_8 >  41.00
|   |   |   |   |   |   |   |   |   |--- class: 1.0
|   |   |   |   |   |   |   |--- feature_8 >  47.00
|   |   |   |   |   |   |   |   |--- class: 0.0
|   |   |   |   |   |   |--- feature_24 >  4.50
|   |   |   |   |   |   |   |--- feature_22 <= 0.50
|   |   |   |   |   |   |   |   |--- feature_25 <= 4.00
|   |   |   |   |   |   |   |   |   |--- class: 1.0
|   |   |   |   |   |   |   |   |--- feature_25 >  4.00
|   |   |   |   |   |   |   |   |   |--- feature_8 <= 33.00
|   |   |   |   |   |   |   |   |   |   |--- class: 1.0
|   |   |   |   |   |   |   |   |   |--- feature_8 >  33.00
|   |   |   |   |   |   |   |   |   |   |--- class: 0.0
|   |   |   |   |   |   |   |--- feature_22 >  0.50
|   |   |   |   |   |   |   |   |--- class: 0.0
|   |   |   |   |   |--- feature_8 >  50.00
|   |   |   |   |   |   |--- class: 1.0
|   |   |   |--- feature_22 >  3.19
|   |   |   |   |--- feature_25 <= 2.50
|   |   |   |   |   |--- feature_8 <= 41.50
|   |   |   |   |   |   |--- class: 0.0
|   |   |   |   |   |--- feature_8 >  41.50
|   |   |   |   |   |   |--- class: 1.0
|   |   |   |   |--- feature_25 >  2.50
|   |   |   |   |   |--- feature_13 <= 52.50
|   |   |   |   |   |   |--- feature_5 <= 58.50
|   |   |   |   |   |   |   |--- feature_6 <= 60.50
|   |   |   |   |   |   |   |   |--- feature_24 <= 1.50
|   |   |   |   |   |   |   |   |   |--- class: 0.0
|   |   |   |   |   |   |   |   |--- feature_24 >  1.50
|   |   |   |   |   |   |   |   |   |--- feature_10 <= 48.50
|   |   |   |   |   |   |   |   |   |   |--- feature_12 <= 56.00
|   |   |   |   |   |   |   |   |   |   |   |--- truncated branch of depth 10
|   |   |   |   |   |   |   |   |   |   |--- feature_12 >  56.00
|   |   |   |   |   |   |   |   |   |   |   |--- class: 0.0
|   |   |   |   |   |   |   |   |   |--- feature_10 >  48.50
|   |   |   |   |   |   |   |   |   |   |--- feature_14 <= 50.50
|   |   |   |   |   |   |   |   |   |   |   |--- class: 0.0
|   |   |   |   |   |   |   |   |   |   |--- feature_14 >  50.50
|   |   |   |   |   |   |   |   |   |   |   |--- class: 1.0
|   |   |   |   |   |   |   |--- feature_6 >  60.50
|   |   |   |   |   |   |   |   |--- class: 0.0
|   |   |   |   |   |   |--- feature_5 >  58.50
|   |   |   |   |   |   |   |--- class: 1.0
|   |   |   |   |   |--- feature_13 >  52.50
|   |   |   |   |   |   |--- feature_19 <= 0.50
|   |   |   |   |   |   |   |--- class: 0.0
|   |   |   |   |   |   |--- feature_19 >  0.50
|   |   |   |   |   |   |   |--- class: 1.0
|   |   |--- feature_1 >  50.50
|   |   |   |--- feature_25 <= 4.50
|   |   |   |   |--- feature_9 <= 71.50
|   |   |   |   |   |--- feature_9 <= 65.50
|   |   |   |   |   |   |--- feature_17 <= 4.50
|   |   |   |   |   |   |   |--- feature_9 <= 39.50
|   |   |   |   |   |   |   |   |--- feature_10 <= 29.50
|   |   |   |   |   |   |   |   |   |--- feature_17 <= 4.30
|   |   |   |   |   |   |   |   |   |   |--- class: 0.0
|   |   |   |   |   |   |   |   |   |--- feature_17 >  4.30
|   |   |   |   |   |   |   |   |   |   |--- class: 1.0
|   |   |   |   |   |   |   |   |--- feature_10 >  29.50
|   |   |   |   |   |   |   |   |   |--- feature_2 <= 52.50
|   |   |   |   |   |   |   |   |   |   |--- class: 0.0
|   |   |   |   |   |   |   |   |   |--- feature_2 >  52.50
|   |   |   |   |   |   |   |   |   |   |--- class: 1.0
|   |   |   |   |   |   |   |--- feature_9 >  39.50
|   |   |   |   |   |   |   |   |--- feature_24 <= 2.17
|   |   |   |   |   |   |   |   |   |--- feature_0 <= 52.50
|   |   |   |   |   |   |   |   |   |   |--- feature_10 <= 43.00
|   |   |   |   |   |   |   |   |   |   |   |--- truncated branch of depth 2
|   |   |   |   |   |   |   |   |   |   |--- feature_10 >  43.00
|   |   |   |   |   |   |   |   |   |   |   |--- class: 0.0
|   |   |   |   |   |   |   |   |   |--- feature_0 >  52.50
|   |   |   |   |   |   |   |   |   |   |--- class: 1.0
|   |   |   |   |   |   |   |   |--- feature_24 >  2.17
|   |   |   |   |   |   |   |   |   |--- feature_4 <= 69.00
|   |   |   |   |   |   |   |   |   |   |--- feature_0 <= 51.50
|   |   |   |   |   |   |   |   |   |   |   |--- truncated branch of depth 6
|   |   |   |   |   |   |   |   |   |   |--- feature_0 >  51.50
|   |   |   |   |   |   |   |   |   |   |   |--- truncated branch of depth 9
|   |   |   |   |   |   |   |   |   |--- feature_4 >  69.00
|   |   |   |   |   |   |   |   |   |   |--- class: 1.0
|   |   |   |   |   |   |--- feature_17 >  4.50
|   |   |   |   |   |   |   |--- feature_13 <= 58.50
|   |   |   |   |   |   |   |   |--- feature_8 <= 37.50
|   |   |   |   |   |   |   |   |   |--- feature_22 <= 4.50
|   |   |   |   |   |   |   |   |   |   |--- class: 0.0
|   |   |   |   |   |   |   |   |   |--- feature_22 >  4.50
|   |   |   |   |   |   |   |   |   |   |--- class: 1.0
|   |   |   |   |   |   |   |   |--- feature_8 >  37.50
|   |   |   |   |   |   |   |   |   |--- feature_13 <= 54.50
|   |   |   |   |   |   |   |   |   |   |--- feature_8 <= 48.50
|   |   |   |   |   |   |   |   |   |   |   |--- truncated branch of depth 10
|   |   |   |   |   |   |   |   |   |   |--- feature_8 >  48.50
|   |   |   |   |   |   |   |   |   |   |   |--- truncated branch of depth 11
|   |   |   |   |   |   |   |   |   |--- feature_13 >  54.50
|   |   |   |   |   |   |   |   |   |   |--- feature_9 <= 45.50
|   |   |   |   |   |   |   |   |   |   |   |--- truncated branch of depth 2
|   |   |   |   |   |   |   |   |   |   |--- feature_9 >  45.50
|   |   |   |   |   |   |   |   |   |   |   |--- truncated branch of depth 2
|   |   |   |   |   |   |   |--- feature_13 >  58.50
|   |   |   |   |   |   |   |   |--- feature_17 <= 4.90
|   |   |   |   |   |   |   |   |   |--- feature_10 <= 47.50
|   |   |   |   |   |   |   |   |   |   |--- feature_4 <= 50.50
|   |   |   |   |   |   |   |   |   |   |   |--- truncated branch of depth 2
|   |   |   |   |   |   |   |   |   |   |--- feature_4 >  50.50
|   |   |   |   |   |   |   |   |   |   |   |--- class: 0.0
|   |   |   |   |   |   |   |   |   |--- feature_10 >  47.50
|   |   |   |   |   |   |   |   |   |   |--- feature_15 <= 55.50
|   |   |   |   |   |   |   |   |   |   |   |--- truncated branch of depth 3
|   |   |   |   |   |   |   |   |   |   |--- feature_15 >  55.50
|   |   |   |   |   |   |   |   |   |   |   |--- truncated branch of depth 3
|   |   |   |   |   |   |   |   |--- feature_17 >  4.90
|   |   |   |   |   |   |   |   |   |--- class: 0.0
|   |   |   |   |   |--- feature_9 >  65.50
|   |   |   |   |   |   |--- feature_21 <= 4.00
|   |   |   |   |   |   |   |--- class: 1.0
|   |   |   |   |   |   |--- feature_21 >  4.00
|   |   |   |   |   |   |   |--- class: 0.0
|   |   |   |   |--- feature_9 >  71.50
|   |   |   |   |   |--- class: 0.0
|   |   |   |--- feature_25 >  4.50
|   |   |   |   |--- feature_5 <= 61.50
|   |   |   |   |   |--- feature_22 <= 4.75
|   |   |   |   |   |   |--- feature_2 <= 52.50
|   |   |   |   |   |   |   |--- feature_24 <= 3.50
|   |   |   |   |   |   |   |   |--- feature_12 <= 50.50
|   |   |   |   |   |   |   |   |   |--- feature_1 <= 56.50
|   |   |   |   |   |   |   |   |   |   |--- class: 1.0
|   |   |   |   |   |   |   |   |   |--- feature_1 >  56.50
|   |   |   |   |   |   |   |   |   |   |--- class: 0.0
|   |   |   |   |   |   |   |   |--- feature_12 >  50.50
|   |   |   |   |   |   |   |   |   |--- feature_15 <= 50.50
|   |   |   |   |   |   |   |   |   |   |--- feature_3 <= 50.50
|   |   |   |   |   |   |   |   |   |   |   |--- class: 0.0
|   |   |   |   |   |   |   |   |   |   |--- feature_3 >  50.50
|   |   |   |   |   |   |   |   |   |   |   |--- class: 1.0
|   |   |   |   |   |   |   |   |   |--- feature_15 >  50.50
|   |   |   |   |   |   |   |   |   |   |--- class: 0.0
|   |   |   |   |   |   |   |--- feature_24 >  3.50
|   |   |   |   |   |   |   |   |--- feature_3 <= 58.00
|   |   |   |   |   |   |   |   |   |--- feature_5 <= 57.00
|   |   |   |   |   |   |   |   |   |   |--- feature_11 <= 50.50
|   |   |   |   |   |   |   |   |   |   |   |--- truncated branch of depth 6
|   |   |   |   |   |   |   |   |   |   |--- feature_11 >  50.50
|   |   |   |   |   |   |   |   |   |   |   |--- truncated branch of depth 7
|   |   |   |   |   |   |   |   |   |--- feature_5 >  57.00
|   |   |   |   |   |   |   |   |   |   |--- feature_2 <= 51.50
|   |   |   |   |   |   |   |   |   |   |   |--- class: 1.0
|   |   |   |   |   |   |   |   |   |   |--- feature_2 >  51.50
|   |   |   |   |   |   |   |   |   |   |   |--- class: 0.0
|   |   |   |   |   |   |   |   |--- feature_3 >  58.00
|   |   |   |   |   |   |   |   |   |--- class: 0.0
|   |   |   |   |   |   |--- feature_2 >  52.50
|   |   |   |   |   |   |   |--- feature_9 <= 60.50
|   |   |   |   |   |   |   |   |--- feature_9 <= 46.50
|   |   |   |   |   |   |   |   |   |--- feature_4 <= 60.00
|   |   |   |   |   |   |   |   |   |   |--- feature_15 <= 51.50
|   |   |   |   |   |   |   |   |   |   |   |--- truncated branch of depth 5
|   |   |   |   |   |   |   |   |   |   |--- feature_15 >  51.50
|   |   |   |   |   |   |   |   |   |   |   |--- truncated branch of depth 3
|   |   |   |   |   |   |   |   |   |--- feature_4 >  60.00
|   |   |   |   |   |   |   |   |   |   |--- class: 0.0
|   |   |   |   |   |   |   |   |--- feature_9 >  46.50
|   |   |   |   |   |   |   |   |   |--- feature_14 <= 50.50
|   |   |   |   |   |   |   |   |   |   |--- feature_9 <= 48.50
|   |   |   |   |   |   |   |   |   |   |   |--- class: 1.0
|   |   |   |   |   |   |   |   |   |   |--- feature_9 >  48.50
|   |   |   |   |   |   |   |   |   |   |   |--- truncated branch of depth 2
|   |   |   |   |   |   |   |   |   |--- feature_14 >  50.50
|   |   |   |   |   |   |   |   |   |   |--- class: 1.0
|   |   |   |   |   |   |   |--- feature_9 >  60.50
|   |   |   |   |   |   |   |   |--- class: 0.0
|   |   |   |   |   |--- feature_22 >  4.75
|   |   |   |   |   |   |--- feature_5 <= 51.50
|   |   |   |   |   |   |   |--- feature_16 <= 51.50
|   |   |   |   |   |   |   |   |--- class: 1.0
|   |   |   |   |   |   |   |--- feature_16 >  51.50
|   |   |   |   |   |   |   |   |--- feature_17 <= 4.80
|   |   |   |   |   |   |   |   |   |--- class: 0.0
|   |   |   |   |   |   |   |   |--- feature_17 >  4.80
|   |   |   |   |   |   |   |   |   |--- class: 1.0
|   |   |   |   |   |   |--- feature_5 >  51.50
|   |   |   |   |   |   |   |--- feature_6 <= 59.50
|   |   |   |   |   |   |   |   |--- feature_12 <= 50.50
|   |   |   |   |   |   |   |   |   |--- class: 1.0
|   |   |   |   |   |   |   |   |--- feature_12 >  50.50
|   |   |   |   |   |   |   |   |   |--- feature_7 <= 64.50
|   |   |   |   |   |   |   |   |   |   |--- class: 0.0
|   |   |   |   |   |   |   |   |   |--- feature_7 >  64.50
|   |   |   |   |   |   |   |   |   |   |--- class: 1.0
|   |   |   |   |   |   |   |--- feature_6 >  59.50
|   |   |   |   |   |   |   |   |--- class: 1.0
|   |   |   |   |--- feature_5 >  61.50
|   |   |   |   |   |--- feature_22 <= 2.50
|   |   |   |   |   |   |--- class: 0.0
|   |   |   |   |   |--- feature_22 >  2.50
|   |   |   |   |   |   |--- feature_21 <= 0.50
|   |   |   |   |   |   |   |--- feature_5 <= 72.00
|   |   |   |   |   |   |   |   |--- class: 0.0
|   |   |   |   |   |   |   |--- feature_5 >  72.00
|   |   |   |   |   |   |   |   |--- class: 1.0
|   |   |   |   |   |   |--- feature_21 >  0.50
|   |   |   |   |   |   |   |--- feature_21 <= 2.50
|   |   |   |   |   |   |   |   |--- class: 1.0
|   |   |   |   |   |   |   |--- feature_21 >  2.50
|   |   |   |   |   |   |   |   |--- feature_11 <= 56.50
|   |   |   |   |   |   |   |   |   |--- class: 1.0
|   |   |   |   |   |   |   |   |--- feature_11 >  56.50
|   |   |   |   |   |   |   |   |   |--- class: 0.0
|--- feature_18 >  1.50
|   |--- feature_20 <= 0.50
|   |   |--- feature_10 <= 31.50
|   |   |   |--- feature_9 <= 35.00
|   |   |   |   |--- feature_25 <= 4.50
|   |   |   |   |   |--- class: 0.0
|   |   |   |   |--- feature_25 >  4.50
|   |   |   |   |   |--- feature_10 <= 25.50
|   |   |   |   |   |   |--- class: 0.0
|   |   |   |   |   |--- feature_10 >  25.50
|   |   |   |   |   |   |--- class: 1.0
|   |   |   |--- feature_9 >  35.00
|   |   |   |   |--- class: 1.0
|   |   |--- feature_10 >  31.50
|   |   |   |--- feature_2 <= 81.00
|   |   |   |   |--- feature_11 <= 54.00
|   |   |   |   |   |--- feature_13 <= 56.00
|   |   |   |   |   |   |--- feature_8 <= 56.50
|   |   |   |   |   |   |   |--- feature_4 <= 62.00
|   |   |   |   |   |   |   |   |--- feature_1 <= 50.50
|   |   |   |   |   |   |   |   |   |--- feature_9 <= 45.50
|   |   |   |   |   |   |   |   |   |   |--- feature_17 <= 3.90
|   |   |   |   |   |   |   |   |   |   |   |--- truncated branch of depth 3
|   |   |   |   |   |   |   |   |   |   |--- feature_17 >  3.90
|   |   |   |   |   |   |   |   |   |   |   |--- truncated branch of depth 7
|   |   |   |   |   |   |   |   |   |--- feature_9 >  45.50
|   |   |   |   |   |   |   |   |   |   |--- feature_17 <= 4.10
|   |   |   |   |   |   |   |   |   |   |   |--- truncated branch of depth 3
|   |   |   |   |   |   |   |   |   |   |--- feature_17 >  4.10
|   |   |   |   |   |   |   |   |   |   |   |--- truncated branch of depth 5
|   |   |   |   |   |   |   |   |--- feature_1 >  50.50
|   |   |   |   |   |   |   |   |   |--- feature_22 <= 2.50
|   |   |   |   |   |   |   |   |   |   |--- feature_1 <= 57.50
|   |   |   |   |   |   |   |   |   |   |   |--- class: 0.0
|   |   |   |   |   |   |   |   |   |   |--- feature_1 >  57.50
|   |   |   |   |   |   |   |   |   |   |   |--- truncated branch of depth 2
|   |   |   |   |   |   |   |   |   |--- feature_22 >  2.50
|   |   |   |   |   |   |   |   |   |   |--- feature_2 <= 52.50
|   |   |   |   |   |   |   |   |   |   |   |--- truncated branch of depth 5
|   |   |   |   |   |   |   |   |   |   |--- feature_2 >  52.50
|   |   |   |   |   |   |   |   |   |   |   |--- truncated branch of depth 6
|   |   |   |   |   |   |   |--- feature_4 >  62.00
|   |   |   |   |   |   |   |   |--- feature_16 <= 63.00
|   |   |   |   |   |   |   |   |   |--- class: 1.0
|   |   |   |   |   |   |   |   |--- feature_16 >  63.00
|   |   |   |   |   |   |   |   |   |--- class: 0.0
|   |   |   |   |   |   |--- feature_8 >  56.50
|   |   |   |   |   |   |   |--- class: 1.0
|   |   |   |   |   |--- feature_13 >  56.00
|   |   |   |   |   |   |--- feature_5 <= 55.50
|   |   |   |   |   |   |   |--- feature_0 <= 54.00
|   |   |   |   |   |   |   |   |--- feature_10 <= 36.50
|   |   |   |   |   |   |   |   |   |--- class: 0.0
|   |   |   |   |   |   |   |   |--- feature_10 >  36.50
|   |   |   |   |   |   |   |   |   |--- class: 1.0
|   |   |   |   |   |   |   |--- feature_0 >  54.00
|   |   |   |   |   |   |   |   |--- feature_8 <= 56.50
|   |   |   |   |   |   |   |   |   |--- class: 0.0
|   |   |   |   |   |   |   |   |--- feature_8 >  56.50
|   |   |   |   |   |   |   |   |   |--- class: 1.0
|   |   |   |   |   |   |--- feature_5 >  55.50
|   |   |   |   |   |   |   |--- feature_8 <= 60.50
|   |   |   |   |   |   |   |   |--- class: 0.0
|   |   |   |   |   |   |   |--- feature_8 >  60.50
|   |   |   |   |   |   |   |   |--- class: 1.0
|   |   |   |   |--- feature_11 >  54.00
|   |   |   |   |   |--- feature_7 <= 59.00
|   |   |   |   |   |   |--- feature_9 <= 35.00
|   |   |   |   |   |   |   |--- feature_1 <= 50.50
|   |   |   |   |   |   |   |   |--- class: 1.0
|   |   |   |   |   |   |   |--- feature_1 >  50.50
|   |   |   |   |   |   |   |   |--- class: 0.0
|   |   |   |   |   |   |--- feature_9 >  35.00
|   |   |   |   |   |   |   |--- feature_11 <= 67.50
|   |   |   |   |   |   |   |   |--- feature_17 <= 4.50
|   |   |   |   |   |   |   |   |   |--- feature_3 <= 63.50
|   |   |   |   |   |   |   |   |   |   |--- feature_8 <= 68.50
|   |   |   |   |   |   |   |   |   |   |   |--- truncated branch of depth 6
|   |   |   |   |   |   |   |   |   |   |--- feature_8 >  68.50
|   |   |   |   |   |   |   |   |   |   |   |--- class: 1.0
|   |   |   |   |   |   |   |   |   |--- feature_3 >  63.50
|   |   |   |   |   |   |   |   |   |   |--- feature_23 <= 0.50
|   |   |   |   |   |   |   |   |   |   |   |--- class: 1.0
|   |   |   |   |   |   |   |   |   |   |--- feature_23 >  0.50
|   |   |   |   |   |   |   |   |   |   |   |--- class: 0.0
|   |   |   |   |   |   |   |   |--- feature_17 >  4.50
|   |   |   |   |   |   |   |   |   |--- feature_13 <= 53.50
|   |   |   |   |   |   |   |   |   |   |--- feature_7 <= 50.50
|   |   |   |   |   |   |   |   |   |   |   |--- truncated branch of depth 2
|   |   |   |   |   |   |   |   |   |   |--- feature_7 >  50.50
|   |   |   |   |   |   |   |   |   |   |   |--- truncated branch of depth 3
|   |   |   |   |   |   |   |   |   |--- feature_13 >  53.50
|   |   |   |   |   |   |   |   |   |   |--- feature_25 <= 4.50
|   |   |   |   |   |   |   |   |   |   |   |--- truncated branch of depth 3
|   |   |   |   |   |   |   |   |   |   |--- feature_25 >  4.50
|   |   |   |   |   |   |   |   |   |   |   |--- class: 0.0
|   |   |   |   |   |   |   |--- feature_11 >  67.50
|   |   |   |   |   |   |   |   |--- feature_10 <= 59.00
|   |   |   |   |   |   |   |   |   |--- class: 1.0
|   |   |   |   |   |   |   |   |--- feature_10 >  59.00
|   |   |   |   |   |   |   |   |   |--- feature_16 <= 55.50
|   |   |   |   |   |   |   |   |   |   |--- feature_25 <= 3.50
|   |   |   |   |   |   |   |   |   |   |   |--- class: 1.0
|   |   |   |   |   |   |   |   |   |   |--- feature_25 >  3.50
|   |   |   |   |   |   |   |   |   |   |   |--- class: 0.0
|   |   |   |   |   |   |   |   |   |--- feature_16 >  55.50
|   |   |   |   |   |   |   |   |   |   |--- class: 0.0
|   |   |   |   |   |--- feature_7 >  59.00
|   |   |   |   |   |   |--- feature_24 <= 3.83
|   |   |   |   |   |   |   |--- feature_4 <= 67.50
|   |   |   |   |   |   |   |   |--- class: 1.0
|   |   |   |   |   |   |   |--- feature_4 >  67.50
|   |   |   |   |   |   |   |   |--- feature_15 <= 67.00
|   |   |   |   |   |   |   |   |   |--- class: 0.0
|   |   |   |   |   |   |   |   |--- feature_15 >  67.00
|   |   |   |   |   |   |   |   |   |--- class: 1.0
|   |   |   |   |   |   |--- feature_24 >  3.83
|   |   |   |   |   |   |   |--- feature_24 <= 4.83
|   |   |   |   |   |   |   |   |--- class: 0.0
|   |   |   |   |   |   |   |--- feature_24 >  4.83
|   |   |   |   |   |   |   |   |--- class: 1.0
|   |   |   |--- feature_2 >  81.00
|   |   |   |   |--- class: 1.0
|   |--- feature_20 >  0.50
|   |   |--- feature_9 <= 31.00
|   |   |   |--- class: 1.0
|   |   |--- feature_9 >  31.00
|   |   |   |--- feature_12 <= 53.00
|   |   |   |   |--- feature_15 <= 57.00
|   |   |   |   |   |--- feature_11 <= 62.50
|   |   |   |   |   |   |--- feature_8 <= 35.00
|   |   |   |   |   |   |   |--- feature_17 <= 4.30
|   |   |   |   |   |   |   |   |--- class: 1.0
|   |   |   |   |   |   |   |--- feature_17 >  4.30
|   |   |   |   |   |   |   |   |--- class: 0.0
|   |   |   |   |   |   |--- feature_8 >  35.00
|   |   |   |   |   |   |   |--- class: 0.0
|   |   |   |   |   |--- feature_11 >  62.50
|   |   |   |   |   |   |--- feature_10 <= 51.00
|   |   |   |   |   |   |   |--- class: 1.0
|   |   |   |   |   |   |--- feature_10 >  51.00
|   |   |   |   |   |   |   |--- class: 0.0
|   |   |   |   |--- feature_15 >  57.00
|   |   |   |   |   |--- feature_2 <= 51.50
|   |   |   |   |   |   |--- feature_24 <= 4.83
|   |   |   |   |   |   |   |--- class: 1.0
|   |   |   |   |   |   |--- feature_24 >  4.83
|   |   |   |   |   |   |   |--- class: 0.0
|   |   |   |   |   |--- feature_2 >  51.50
|   |   |   |   |   |   |--- feature_5 <= 51.00
|   |   |   |   |   |   |   |--- class: 1.0
|   |   |   |   |   |   |--- feature_5 >  51.00
|   |   |   |   |   |   |   |--- class: 0.0
|   |   |   |--- feature_12 >  53.00
|   |   |   |   |--- feature_4 <= 55.50
|   |   |   |   |   |--- feature_4 <= 53.50
|   |   |   |   |   |   |--- feature_11 <= 62.00
|   |   |   |   |   |   |   |--- feature_16 <= 65.00
|   |   |   |   |   |   |   |   |--- feature_9 <= 33.00
|   |   |   |   |   |   |   |   |   |--- feature_12 <= 56.50
|   |   |   |   |   |   |   |   |   |   |--- class: 0.0
|   |   |   |   |   |   |   |   |   |--- feature_12 >  56.50
|   |   |   |   |   |   |   |   |   |   |--- class: 1.0
|   |   |   |   |   |   |   |   |--- feature_9 >  33.00
|   |   |   |   |   |   |   |   |   |--- feature_24 <= 4.83
|   |   |   |   |   |   |   |   |   |   |--- class: 0.0
|   |   |   |   |   |   |   |   |   |--- feature_24 >  4.83
|   |   |   |   |   |   |   |   |   |   |--- feature_22 <= 1.50
|   |   |   |   |   |   |   |   |   |   |   |--- class: 1.0
|   |   |   |   |   |   |   |   |   |   |--- feature_22 >  1.50
|   |   |   |   |   |   |   |   |   |   |   |--- class: 0.0
|   |   |   |   |   |   |   |--- feature_16 >  65.00
|   |   |   |   |   |   |   |   |--- class: 1.0
|   |   |   |   |   |   |--- feature_11 >  62.00
|   |   |   |   |   |   |   |--- feature_13 <= 59.50
|   |   |   |   |   |   |   |   |--- class: 1.0
|   |   |   |   |   |   |   |--- feature_13 >  59.50
|   |   |   |   |   |   |   |   |--- class: 0.0
|   |   |   |   |   |--- feature_4 >  53.50
|   |   |   |   |   |   |--- feature_10 <= 51.00
|   |   |   |   |   |   |   |--- class: 0.0
|   |   |   |   |   |   |--- feature_10 >  51.00
|   |   |   |   |   |   |   |--- class: 1.0
|   |   |   |   |--- feature_4 >  55.50
|   |   |   |   |   |--- feature_10 <= 48.00
|   |   |   |   |   |   |--- class: 1.0
|   |   |   |   |   |--- feature_10 >  48.00
|   |   |   |   |   |   |--- feature_24 <= 4.50
|   |   |   |   |   |   |   |--- feature_24 <= 3.17
|   |   |   |   |   |   |   |   |--- feature_23 <= 0.50
|   |   |   |   |   |   |   |   |   |--- feature_12 <= 61.50
|   |   |   |   |   |   |   |   |   |   |--- feature_0 <= 65.50
|   |   |   |   |   |   |   |   |   |   |   |--- class: 0.0
|   |   |   |   |   |   |   |   |   |   |--- feature_0 >  65.50
|   |   |   |   |   |   |   |   |   |   |   |--- class: 1.0
|   |   |   |   |   |   |   |   |   |--- feature_12 >  61.50
|   |   |   |   |   |   |   |   |   |   |--- class: 1.0
|   |   |   |   |   |   |   |   |--- feature_23 >  0.50
|   |   |   |   |   |   |   |   |   |--- class: 0.0
|   |   |   |   |   |   |   |--- feature_24 >  3.17
|   |   |   |   |   |   |   |   |--- class: 0.0
|   |   |   |   |   |   |--- feature_24 >  4.50
|   |   |   |   |   |   |   |--- feature_9 <= 49.00
|   |   |   |   |   |   |   |   |--- class: 1.0
|   |   |   |   |   |   |   |--- feature_9 >  49.00
|   |   |   |   |   |   |   |   |--- feature_17 <= 4.90
|   |   |   |   |   |   |   |   |   |--- feature_21 <= 3.50
|   |   |   |   |   |   |   |   |   |   |--- class: 0.0
|   |   |   |   |   |   |   |   |   |--- feature_21 >  3.50
|   |   |   |   |   |   |   |   |   |   |--- feature_11 <= 76.50
|   |   |   |   |   |   |   |   |   |   |   |--- class: 1.0
|   |   |   |   |   |   |   |   |   |   |--- feature_11 >  76.50
|   |   |   |   |   |   |   |   |   |   |   |--- class: 0.0
|   |   |   |   |   |   |   |   |--- feature_17 >  4.90
|   |   |   |   |   |   |   |   |   |--- class: 1.0
