|--- feature_17 <= 4.50
|   |--- feature_21 <= 3.50
|   |   |--- feature_17 <= 3.90
|   |   |   |--- feature_4 <= 57.50
|   |   |   |   |--- feature_15 <= 54.50
|   |   |   |   |   |--- feature_8 <= 38.50
|   |   |   |   |   |   |--- feature_17 <= 3.50
|   |   |   |   |   |   |   |--- feature_8 <= 36.50
|   |   |   |   |   |   |   |   |--- feature_10 <= 33.00
|   |   |   |   |   |   |   |   |   |--- class: 0.0
|   |   |   |   |   |   |   |   |--- feature_10 >  33.00
|   |   |   |   |   |   |   |   |   |--- class: 1.0
|   |   |   |   |   |   |   |--- feature_8 >  36.50
|   |   |   |   |   |   |   |   |--- feature_25 <= 3.50
|   |   |   |   |   |   |   |   |   |--- class: 0.0
|   |   |   |   |   |   |   |   |--- feature_25 >  3.50
|   |   |   |   |   |   |   |   |   |--- feature_21 <= 2.50
|   |   |   |   |   |   |   |   |   |   |--- class: 1.0
|   |   |   |   |   |   |   |   |   |--- feature_21 >  2.50
|   |   |   |   |   |   |   |   |   |   |--- class: 0.0
|   |   |   |   |   |   |--- feature_17 >  3.50
|   |   |   |   |   |   |   |--- feature_17 <= 3.70
|   |   |   |   |   |   |   |   |--- feature_3 <= 50.50
|   |   |   |   |   |   |   |   |   |--- class: 1.0
|   |   |   |   |   |   |   |   |--- feature_3 >  50.50
|   |   |   |   |   |   |   |   |   |--- feature_10 <= 31.50
|   |   |   |   |   |   |   |   |   |   |--- class: 0.0
|   |   |   |   |   |   |   |   |   |--- feature_10 >  31.50
|   |   |   |   |   |   |   |   |   |   |--- class: 1.0
|   |   |   |   |   |   |   |--- feature_17 >  3.70
|   |   |   |   |   |   |   |   |--- feature_15 <= 50.50
|   |   |   |   |   |   |   |   |   |--- feature_25 <= 4.50
|   |   |   |   |   |   |   |   |   |   |--- feature_23 <= 0.50
|   |   |   |   |   |   |   |   |   |   |   |--- class: 0.0
|   |   |   |   |   |   |   |   |   |   |--- feature_23 >  0.50
|   |   |   |   |   |   |   |   |   |   |   |--- class: 1.0
|   |   |   |   |   |   |   |   |   |--- feature_25 >  4.50
|   |   |   |   |   |   |   |   |   |   |--- feature_8 <= 32.00
|   |   |   |   |   |   |   |   |   |   |   |--- class: 1.0
|   |   |   |   |   |   |   |   |   |   |--- feature_8 >  32.00
|   |   |   |   |   |   |   |   |   |   |   |--- class: 0.0
|   |   |   |   |   |   |   |   |--- feature_15 >  50.50
|   |   |   |   |   |   |   |   |   |--- feature_8 <= 32.00
|   |   |   |   |   |   |   |   |   |   |--- class: 0.0
|   |   |   |   |   |   |   |   |   |--- feature_8 >  32.00
|   |   |   |   |   |   |   |   |   |   |--- class: 1.0
|   |   |   |   |   |--- feature_8 >  38.50
|   |   |   |   |   |   |--- feature_1 <= 60.50
|   |   |   |   |   |   |   |--- feature_13 <= 51.50
|   |   |   |   |   |   |   |   |--- feature_0 <= 50.50
|   |   |   |   |   |   |   |   |   |--- feature_1 <= 54.50
|   |   |   |   |   |   |   |   |   |   |--- feature_11 <= 50.50
|   |   |   |   |   |   |   |   |   |   |   |--- truncated branch of depth 5
|   |   |   |   |   |   |   |   |   |   |--- feature_11 >  50.50
|   |   |   |   |   |   |   |   |   |   |   |--- truncated branch of depth 7
|   |   |   |   |   |   |   |   |   |--- feature_1 >  54.50
|   |   |   |   |   |   |   |   |   |   |--- class: 1.0
|   |   |   |   |   |   |   |   |--- feature_0 >  50.50
|   |   |   |   |   |   |   |   |   |--- feature_8 <= 50.00
|   |   |   |   |   |   |   |   |   |   |--- feature_5 <= 55.00
|   |   |   |   |   |   |   |   |   |   |   |--- truncated branch of depth 5
|   |   |   |   |   |   |   |   |   |   |--- feature_5 >  55.00
|   |   |   |   |   |   |   |   |   |   |   |--- class: 0.0
|   |   |   |   |   |   |   |   |   |--- feature_8 >  50.00
|   |   |   |   |   |   |   |   |   |   |--- feature_12 <= 55.00
|   |   |   |   |   |   |   |   |   |   |   |--- class: 0.0
|   |   |   |   |   |   |   |   |   |   |--- feature_12 >  55.00
|   |   |   |   |   |   |   |   |   |   |   |--- truncated branch of depth 3
|   |   |   |   |   |   |   |--- feature_13 >  51.50
|   |   |   |   |   |   |   |   |--- feature_22 <= 5.50
|   |   |   |   |   |   |   |   |   |--- feature_23 <= 0.50
|   |   |   |   |   |   |   |   |   |   |--- class: 0.0
|   |   |   |   |   |   |   |   |   |--- feature_23 >  0.50
|   |   |   |   |   |   |   |   |   |   |--- feature_25 <= 3.50
|   |   |   |   |   |   |   |   |   |   |   |--- class: 1.0
|   |   |   |   |   |   |   |   |   |   |--- feature_25 >  3.50
|   |   |   |   |   |   |   |   |   |   |   |--- truncated branch of depth 2
|   |   |   |   |   |   |   |   |--- feature_22 >  5.50
|   |   |   |   |   |   |   |   |   |--- class: 1.0
|   |   |   |   |   |   |--- feature_1 >  60.50
|   |   |   |   |   |   |   |--- feature_12 <= 61.50
|   |   |   |   |   |   |   |   |--- class: 1.0
|   |   |   |   |   |   |   |--- feature_12 >  61.50
|   |   |   |   |   |   |   |   |--- feature_17 <= 3.70
|   |   |   |   |   |   |   |   |   |--- class: 0.0
|   |   |   |   |   |   |   |   |--- feature_17 >  3.70
|   |   |   |   |   |   |   |   |   |--- class: 1.0
|   |   |   |   |--- feature_15 >  54.50
|   |   |   |   |   |--- feature_15 <= 55.50
|   |   |   |   |   |   |--- feature_4 <= 50.50
|   |   |   |   |   |   |   |--- feature_2 <= 53.00
|   |   |   |   |   |   |   |   |--- class: 0.0
|   |   |   |   |   |   |   |--- feature_2 >  53.00
|   |   |   |   |   |   |   |   |--- class: 1.0
|   |   |   |   |   |   |--- feature_4 >  50.50
|   |   |   |   |   |   |   |--- class: 1.0
|   |   |   |   |   |--- feature_15 >  55.50
|   |   |   |   |   |   |--- feature_12 <= 51.50
|   |   |   |   |   |   |   |--- class: 0.0
|   |   |   |   |   |   |--- feature_12 >  51.50
|   |   |   |   |   |   |   |--- feature_22 <= 2.50
|   |   |   |   |   |   |   |   |--- class: 1.0
|   |   |   |   |   |   |   |--- feature_22 >  2.50
|   |   |   |   |   |   |   |   |--- feature_7 <= 53.50
|   |   |   |   |   |   |   |   |   |--- class: 0.0
|   |   |   |   |   |   |   |   |--- feature_7 >  53.50
|   |   |   |   |   |   |   |   |   |--- feature_16 <= 50.50
|   |   |   |   |   |   |   |   |   |   |--- class: 0.0
|   |   |   |   |   |   |   |   |   |--- feature_16 >  50.50
|   |   |   |   |   |   |   |   |   |   |--- class: 1.0
|   |   |   |--- feature_4 >  57.50
|   |   |   |   |--- feature_11 <= 60.50
|   |   |   |   |   |--- feature_14 <= 61.50
|   |   |   |   |   |   |--- class: 0.0
|   |   |   |   |   |--- feature_14 >  61.50
|   |   |   |   |   |   |--- feature_14 <= 63.00
|   |   |   |   |   |   |   |--- class: 1.0
|   |   |   |   |   |   |--- feature_14 >  63.00
|   |   |   |   |   |   |   |--- feature_24 <= 1.83
|   |   |   |   |   |   |   |   |--- class: 1.0
|   |   |   |   |   |   |   |--- feature_24 >  1.83
|   |   |   |   |   |   |   |   |--- class: 0.0
|   |   |   |   |--- feature_11 >  60.50
|   |   |   |   |   |--- feature_9 <= 62.50
|   |   |   |   |   |   |--- feature_2 <= 62.00
|   |   |   |   |   |   |   |--- feature_22 <= 4.50
|   |   |   |   |   |   |   |   |--- feature_4 <= 59.50
|   |   |   |   |   |   |   |   |   |--- class: 0.0
|   |   |   |   |   |   |   |   |--- feature_4 >  59.50
|   |   |   |   |   |   |   |   |   |--- feature_13 <= 51.50
|   |   |   |   |   |   |   |   |   |   |--- class: 0.0
|   |   |   |   |   |   |   |   |   |--- feature_13 >  51.50
|   |   |   |   |   |   |   |   |   |   |--- class: 1.0
|   |   |   |   |   |   |   |--- feature_22 >  4.50
|   |   |   |   |   |   |   |   |--- class: 0.0
|   |   |   |   |   |   |--- feature_2 >  62.00
|   |   |   |   |   |   |   |--- class: 0.0
|   |   |   |   |   |--- feature_9 >  62.50
|   |   |   |   |   |   |--- class: 1.0
|   |   |--- feature_17 >  3.90
|   |   |   |--- feature_25 <= 4.50
|   |   |   |   |--- feature_1 <= 54.50
|   |   |   |   |   |--- feature_25 <= 3.50
|   |   |   |   |   |   |--- feature_7 <= 50.50
|   |   |   |   |   |   |   |--- feature_12 <= 54.50
|   |   |   |   |   |   |   |   |--- feature_9 <= 31.00
|   |   |   |   |   |   |   |   |   |--- feature_24 <= 2.50
|   |   |   |   |   |   |   |   |   |   |--- class: 1.0
|   |   |   |   |   |   |   |   |   |--- feature_24 >  2.50
|   |   |   |   |   |   |   |   |   |   |--- feature_22 <= 5.00
|   |   |   |   |   |   |   |   |   |   |   |--- class: 0.0
|   |   |   |   |   |   |   |   |   |   |--- feature_22 >  5.00
|   |   |   |   |   |   |   |   |   |   |   |--- truncated branch of depth 2
|   |   |   |   |   |   |   |   |--- feature_9 >  31.00
|   |   |   |   |   |   |   |   |   |--- feature_22 <= 4.50
|   |   |   |   |   |   |   |   |   |   |--- feature_3 <= 56.50
|   |   |   |   |   |   |   |   |   |   |   |--- truncated branch of depth 10
|   |   |   |   |   |   |   |   |   |   |--- feature_3 >  56.50
|   |   |   |   |   |   |   |   |   |   |   |--- class: 0.0
|   |   |   |   |   |   |   |   |   |--- feature_22 >  4.50
|   |   |   |   |   |   |   |   |   |   |--- feature_4 <= 57.50
|   |   |   |   |   |   |   |   |   |   |   |--- truncated branch of depth 3
|   |   |   |   |   |   |   |   |   |   |--- feature_4 >  57.50
|   |   |   |   |   |   |   |   |   |   |   |--- class: 1.0
|   |   |   |   |   |   |   |--- feature_12 >  54.50
|   |   |   |   |   |   |   |   |--- class: 0.0
|   |   |   |   |   |   |--- feature_7 >  50.50
|   |   |   |   |   |   |   |--- feature_0 <= 60.00
|   |   |   |   |   |   |   |   |--- feature_3 <= 50.50
|   |   |   |   |   |   |   |   |   |--- feature_15 <= 51.50
|   |   |   |   |   |   |   |   |   |   |--- feature_22 <= 0.50
|   |   |   |   |   |   |   |   |   |   |   |--- truncated branch of depth 2
|   |   |   |   |   |   |   |   |   |   |--- feature_22 >  0.50
|   |   |   |   |   |   |   |   |   |   |   |--- class: 0.0
|   |   |   |   |   |   |   |   |   |--- feature_15 >  51.50
|   |   |   |   |   |   |   |   |   |   |--- feature_17 <= 4.10
|   |   |   |   |   |   |   |   |   |   |   |--- class: 0.0
|   |   |   |   |   |   |   |   |   |   |--- feature_17 >  4.10
|   |   |   |   |   |   |   |   |   |   |   |--- class: 1.0
|   |   |   |   |   |   |   |   |--- feature_3 >  50.50
|   |   |   |   |   |   |   |   |   |--- feature_9 <= 40.00
|   |   |   |   |   |   |   |   |   |   |--- feature_17 <= 4.30
|   |   |   |   |   |   |   |   |   |   |   |--- class: 1.0
|   |   |   |   |   |   |   |   |   |   |--- feature_17 >  4.30
|   |   |   |   |   |   |   |   |   |   |   |--- class: 0.0
|   |   |   |   |   |   |   |   |   |--- feature_9 >  40.00
|   |   |   |   |   |   |   |   |   |   |--- class: 0.0
|   |   |   |   |   |   |   |--- feature_0 >  60.00
|   |   |   |   |   |   |   |   |--- feature_13 <= 56.00
|   |   |   |   |   |   |   |   |   |--- class: 1.0
|   |   |   |   |   |   |   |   |--- feature_13 >  56.00
|   |   |   |   |   |   |   |   |   |--- class: 0.0
|   |   |   |   |   |--- feature_25 >  3.50
|   |   |   |   |   |   |--- feature_3 <= 56.00
|   |   |   |   |   |   |   |--- feature_11 <= 59.50
|   |   |   |   |   |   |   |   |--- feature_6 <= 50.50
|   |   |   |   |   |   |   |   |   |--- feature_21 <= 0.50
|   |   |   |   |   |   |   |   |   |   |--- feature_4 <= 51.50
|   |   |   |   |   |   |   |   |   |   |   |--- truncated branch of depth 4
|   |   |   |   |   |   |   |   |   |   |--- feature_4 >  51.50
|   |   |   |   |   |   |   |   |   |   |   |--- class: 0.0
|   |   |   |   |   |   |   |   |   |--- feature_21 >  0.50
|   |   |   |   |   |   |   |   |   |   |--- feature_14 <= 52.50
|   |   |   |   |   |   |   |   |   |   |   |--- truncated branch of depth 6
|   |   |   |   |   |   |   |   |   |   |--- feature_14 >  52.50
|   |   |   |   |   |   |   |   |   |   |   |--- truncated branch of depth 2
|   |   |   |   |   |   |   |   |--- feature_6 >  50.50
|   |   |   |   |   |   |   |   |   |--- feature_20 <= 0.50
|   |   |   |   |   |   |   |   |   |   |--- feature_19 <= 0.50
|   |   |   |   |   |   |   |   |   |   |   |--- truncated branch of depth 3
|   |   |   |   |   |   |   |   |   |   |--- feature_19 >  0.50
|   |   |   |   |   |   |   |   |   |   |   |--- truncated branch of depth 2
|   |   |   |   |   |   |   |   |   |--- feature_20 >  0.50
|   |   |   |   |   |   |   |   |   |   |--- feature_10 <= 52.50
|   |   |   |   |   |   |   |   |   |   |   |--- class: 0.0
|   |   |   |   |   |   |   |   |   |   |--- feature_10 >  52.50
|   |   |   |   |   |   |   |   |   |   |   |--- class: 1.0
|   |   |   |   |   |   |   |--- feature_11 >  59.50
|   |   |   |   |   |   |   |   |--- feature_6 <= 50.50
|   |   |   |   |   |   |   |   |   |--- class: 1.0
|   |   |   |   |   |   |   |   |--- feature_6 >  50.50
|   |   |   |   |   |   |   |   |   |--- class: 0.0
|   |   |   |   |   |   |--- feature_3 >  56.00
|   |   |   |   |   |   |   |--- feature_9 <= 39.50
|   |   |   |   |   |   |   |   |--- class: 0.0
|   |   |   |   |   |   |   |--- feature_9 >  39.50
|   |   |   |   |   |   |   |   |--- class: 1.0
|   |   |   |   |--- feature_1 >  54.50
|   |   |   |   |   |--- feature_25 <= 2.50
|   |   |   |   |   |   |--- feature_21 <= 1.50
|   |   |   |   |   |   |   |--- feature_1 <= 59.00
|   |   |   |   |   |   |   |   |--- class: 0.0
|   |   |   |   |   |   |   |--- feature_1 >  59.00
|   |   |   |   |   |   |   |   |--- class: 1.0
|   |   |   |   |   |   |--- feature_21 >  1.50
|   |   |   |   |   |   |   |--- class: 1.0
|   |   |   |   |   |--- feature_25 >  2.50
|   |   |   |   |   |   |--- feature_11 <= 52.50
|   |   |   |   |   |   |   |--- feature_24 <= 3.50
|   |   |   |   |   |   |   |   |--- class: 1.0
|   |   |   |   |   |   |   |--- feature_24 >  3.50
|   |   |   |   |   |   |   |   |--- feature_7 <= 50.50
|   |   |   |   |   |   |   |   |   |--- class: 0.0
|   |   |   |   |   |   |   |   |--- feature_7 >  50.50
|   |   |   |   |   |   |   |   |   |--- feature_10 <= 48.50
|   |   |   |   |   |   |   |   |   |   |--- class: 1.0
|   |   |   |   |   |   |   |   |   |--- feature_10 >  48.50
|   |   |   |   |   |   |   |   |   |   |--- class: 0.0
|   |   |   |   |   |   |--- feature_11 >  52.50
|   |   |   |   |   |   |   |--- feature_24 <= 2.67
|   |   |   |   |   |   |   |   |--- feature_7 <= 67.50
|   |   |   |   |   |   |   |   |   |--- class: 0.0
|   |   |   |   |   |   |   |   |--- feature_7 >  67.50
|   |   |   |   |   |   |   |   |   |--- class: 1.0
|   |   |   |   |   |   |   |--- feature_24 >  2.67
|   |   |   |   |   |   |   |   |--- feature_9 <= 60.50
|   |   |   |   |   |   |   |   |   |--- feature_9 <= 52.50
|   |   |   |   |   |   |   |   |   |   |--- feature_19 <= 0.50
|   |   |   |   |   |   |   |   |   |   |   |--- truncated branch of depth 2
|   |   |   |   |   |   |   |   |   |   |--- feature_19 >  0.50
|   |   |   |   |   |   |   |   |   |   |   |--- class: 1.0
|   |   |   |   |   |   |   |   |   |--- feature_9 >  52.50
|   |   |   |   |   |   |   |   |   |   |--- class: 1.0
|   |   |   |   |   |   |   |   |--- feature_9 >  60.50
|   |   |   |   |   |   |   |   |   |--- feature_5 <= 66.00
|   |   |   |   |   |   |   |   |   |   |--- feature_6 <= 56.50
|   |   |   |   |   |   |   |   |   |   |   |--- class: 1.0
|   |   |   |   |   |   |   |   |   |   |--- feature_6 >  56.50
|   |   |   |   |   |   |   |   |   |   |   |--- class: 0.0
|   |   |   |   |   |   |   |   |   |--- feature_5 >  66.00
|   |   |   |   |   |   |   |   |   |   |--- class: 1.0
|   |   |   |--- feature_25 >  4.50
|   |   |   |   |--- feature_20 <= 0.50
|   |   |   |   |   |--- feature_21 <= 1.50
|   |   |   |   |   |   |--- feature_15 <= 53.00
|   |   |   |   |   |   |   |--- feature_15 <= 51.50
|   |   |   |   |   |   |   |   |--- feature_4 <= 62.00
|   |   |   |   |   |   |   |   |   |--- feature_8 <= 39.50
|   |   |   |   |   |   |   |   |   |   |--- feature_10 <= 30.50
|   |   |   |   |   |   |   |   |   |   |   |--- truncated branch of depth 6
|   |   |   |   |   |   |   |   |   |   |--- feature_10 >  30.50
|   |   |   |   |   |   |   |   |   |   |   |--- class: 0.0
|   |   |   |   |   |   |   |   |   |--- feature_8 >  39.50
|   |   |   |   |   |   |   |   |   |   |--- feature_10 <= 42.50
|   |   |   |   |   |   |   |   |   |   |   |--- truncated branch of depth 3
|   |   |   |   |   |   |   |   |   |   |--- feature_10 >  42.50
|   |   |   |   |   |   |   |   |   |   |   |--- truncated branch of depth 4
|   |   |   |   |   |   |   |   |--- feature_4 >  62.00
|   |   |   |   |   |   |   |   |   |--- class: 0.0
|   |   |   |   |   |   |   |--- feature_15 >  51.50
|   |   |   |   |   |   |   |   |--- feature_24 <= 4.50
|   |   |   |   |   |   |   |   |   |--- feature_22 <= 2.50
|   |   |   |   |   |   |   |   |   |   |--- class: 1.0
|   |   |   |   |   |   |   |   |   |--- feature_22 >  2.50
|   |   |   |   |   |   |   |   |   |   |--- feature_5 <= 58.00
|   |   |   |   |   |   |   |   |   |   |   |--- class: 0.0
|   |   |   |   |   |   |   |   |   |   |--- feature_5 >  58.00
|   |   |   |   |   |   |   |   |   |   |   |--- class: 1.0
|   |   |   |   |   |   |   |   |--- feature_24 >  4.50
|   |   |   |   |   |   |   |   |   |--- class: 0.0
|   |   |   |   |   |   |--- feature_15 >  53.00
|   |   |   |   |   |   |   |--- feature_14 <= 60.50
|   |   |   |   |   |   |   |   |--- feature_15 <= 67.00
|   |   |   |   |   |   |   |   |   |--- feature_6 <= 50.50
|   |   |   |   |   |   |   |   |   |   |--- feature_8 <= 56.50
|   |   |   |   |   |   |   |   |   |   |   |--- class: 1.0
|   |   |   |   |   |   |   |   |   |   |--- feature_8 >  56.50
|   |   |   |   |   |   |   |   |   |   |   |--- class: 0.0
|   |   |   |   |   |   |   |   |   |--- feature_6 >  50.50
|   |   |   |   |   |   |   |   |   |   |--- class: 1.0
|   |   |   |   |   |   |   |   |--- feature_15 >  67.00
|   |   |   |   |   |   |   |   |   |--- class: 0.0
|   |   |   |   |   |   |   |--- feature_14 >  60.50
|   |   |   |   |   |   |   |   |--- feature_9 <= 63.00
|   |   |   |   |   |   |   |   |   |--- class: 0.0
|   |   |   |   |   |   |   |   |--- feature_9 >  63.00
|   |   |   |   |   |   |   |   |   |--- class: 1.0
|   |   |   |   |   |--- feature_21 >  1.50
|   |   |   |   |   |   |--- feature_2 <= 51.50
|   |   |   |   |   |   |   |--- feature_17 <= 4.10
|   |   |   |   |   |   |   |   |--- class: 0.0
|   |   |   |   |   |   |   |--- feature_17 >  4.10
|   |   |   |   |   |   |   |   |--- feature_10 <= 41.00
|   |   |   |   |   |   |   |   |   |--- feature_24 <= 4.83
|   |   |   |   |   |   |   |   |   |   |--- feature_21 <= 2.50
|   |   |   |   |   |   |   |   |   |   |   |--- truncated branch of depth 4
|   |   |   |   |   |   |   |   |   |   |--- feature_21 >  2.50
|   |   |   |   |   |   |   |   |   |   |   |--- class: 1.0
|   |   |   |   |   |   |   |   |   |--- feature_24 >  4.83
|   |   |   |   |   |   |   |   |   |   |--- feature_7 <= 50.50
|   |   |   |   |   |   |   |   |   |   |   |--- class: 0.0
|   |   |   |   |   |   |   |   |   |   |--- feature_7 >  50.50
|   |   |   |   |   |   |   |   |   |   |   |--- class: 1.0
|   |   |   |   |   |   |   |   |--- feature_10 >  41.00
|   |   |   |   |   |   |   |   |   |--- class: 0.0
|   |   |   |   |   |   |--- feature_2 >  51.50
|   |   |   |   |   |   |   |--- feature_18 <= 1.50
|   |   |   |   |   |   |   |   |--- feature_4 <= 61.50
|   |   |   |   |   |   |   |   |   |--- feature_4 <= 50.50
|   |   |   |   |   |   |   |   |   |   |--- feature_12 <= 52.50
|   |   |   |   |   |   |   |   |   |   |   |--- truncated branch of depth 4
|   |   |   |   |   |   |   |   |   |   |--- feature_12 >  52.50
|   |   |   |   |   |   |   |   |   |   |   |--- class: 0.0
|   |   |   |   |   |   |   |   |   |--- feature_4 >  50.50
|   |   |   |   |   |   |   |   |   |   |--- feature_22 <= 5.50
|   |   |   |   |   |   |   |   |   |   |   |--- class: 1.0
|   |   |   |   |   |   |   |   |   |   |--- feature_22 >  5.50
|   |   |   |   |   |   |   |   |   |   |   |--- truncated branch of depth 2
|   |   |   |   |   |   |   |   |--- feature_4 >  61.50
|   |   |   |   |   |   |   |   |   |--- feature_17 <= 4.30
|   |   |   |   |   |   |   |   |   |   |--- class: 0.0
|   |   |   |   |   |   |   |   |   |--- feature_17 >  4.30
|   |   |   |   |   |   |   |   |   |   |--- class: 1.0
|   |   |   |   |   |   |   |--- feature_18 >  1.50
|   |   |   |   |   |   |   |   |--- feature_1 <= 62.00
|   |   |   |   |   |   |   |   |   |--- class: 0.0
|   |   |   |   |   |   |   |   |--- feature_1 >  62.00
|   |   |   |   |   |   |   |   |   |--- class: 1.0
|   |   |   |   |--- feature_20 >  0.50
|   |   |   |   |   |--- feature_3 <= 60.50
|   |   |   |   |   |   |--- feature_24 <= 4.17
|   |   |   |   |   |   |   |--- feature_0 <= 51.50
|   |   |   |   |   |   |   |   |--- feature_2 <= 51.50
|   |   |   |   |   |   |   |   |   |--- feature_21 <= 1.50
|   |   |   |   |   |   |   |   |   |   |--- feature_21 <= 0.50
|   |   |   |   |   |   |   |   |   |   |   |--- truncated branch of depth 2
|   |   |   |   |   |   |   |   |   |   |--- feature_21 >  0.50
|   |   |   |   |   |   |   |   |   |   |   |--- class: 1.0
|   |   |   |   |   |   |   |   |   |--- feature_21 >  1.50
|   |   |   |   |   |   |   |   |   |   |--- class: 0.0
|   |   |   |   |   |   |   |   |--- feature_2 >  51.50
|   |   |   |   |   |   |   |   |   |--- class: 0.0
|   |   |   |   |   |   |   |--- feature_0 >  51.50
|   |   |   |   |   |   |   |   |--- feature_6 <= 55.50
|   |   |   |   |   |   |   |   |   |--- class: 1.0
|   |   |   |   |   |   |   |   |--- feature_6 >  55.50
|   |   |   |   |   |   |   |   |   |--- class: 0.0
|   |   |   |   |   |   |--- feature_24 >  4.17
|   |   |   |   |   |   |   |--- feature_8 <= 31.00
|   |   |   |   |   |   |   |   |--- class: 1.0
|   |   |   |   |   |   |   |--- feature_8 >  31.00
|   |   |   |   |   |   |   |   |--- feature_9 <= 39.50
|   |   |   |   |   |   |   |   |   |--- feature_4 <= 51.50
|   |   |   |   |   |   |   |   |   |   |--- class: 0.0
|   |   |   |   |   |   |   |   |   |--- feature_4 >  51.50
|   |   |   |   |   |   |   |   |   |   |--- class: 1.0
|   |   |   |   |   |   |   |   |--- feature_9 >  39.50
|   |   |   |   |   |   |   |   |   |--- class: 0.0
|   |   |   |   |   |--- feature_3 >  60.50
|   |   |   |   |   |   |--- feature_8 <= 65.50
|   |   |   |   |   |   |   |--- class: 1.0
|   |   |   |   |   |   |--- feature_8 >  65.50
|   |   |   |   |   |   |   |--- class: 0.0
|   |--- feature_21 >  3.50
|   |   |--- feature_4 <= 71.00
|   |   |   |--- feature_8 <= 60.50
|   |   |   |   |--- feature_15 <= 58.50
|   |   |   |   |   |--- feature_22 <= 1.50
|   |   |   |   |   |   |--- feature_19 <= 0.50
|   |   |   |   |   |   |   |--- feature_24 <= 3.83
|   |   |   |   |   |   |   |   |--- feature_15 <= 54.50
|   |   |   |   |   |   |   |   |   |--- class: 0.0
|   |   |   |   |   |   |   |   |--- feature_15 >  54.50
|   |   |   |   |   |   |   |   |   |--- feature_10 <= 46.50
|   |   |   |   |   |   |   |   |   |   |--- class: 1.0
|   |   |   |   |   |   |   |   |   |--- feature_10 >  46.50
|   |   |   |   |   |   |   |   |   |   |--- class: 0.0
|   |   |   |   |   |   |   |--- feature_24 >  3.83
|   |   |   |   |   |   |   |   |--- feature_11 <= 50.50
|   |   |   |   |   |   |   |   |   |--- feature_20 <= 0.50
|   |   |   |   |   |   |   |   |   |   |--- feature_8 <= 38.50
|   |   |   |   |   |   |   |   |   |   |   |--- truncated branch of depth 3
|   |   |   |   |   |   |   |   |   |   |--- feature_8 >  38.50
|   |   |   |   |   |   |   |   |   |   |   |--- truncated branch of depth 4
|   |   |   |   |   |   |   |   |   |--- feature_20 >  0.50
|   |   |   |   |   |   |   |   |   |   |--- class: 1.0
|   |   |   |   |   |   |   |   |--- feature_11 >  50.50
|   |   |   |   |   |   |   |   |   |--- feature_2 <= 51.50
|   |   |   |   |   |   |   |   |   |   |--- feature_12 <= 52.00
|   |   |   |   |   |   |   |   |   |   |   |--- class: 0.0
|   |   |   |   |   |   |   |   |   |   |--- feature_12 >  52.00
|   |   |   |   |   |   |   |   |   |   |   |--- class: 1.0
|   |   |   |   |   |   |   |   |   |--- feature_2 >  51.50
|   |   |   |   |   |   |   |   |   |   |--- class: 0.0
|   |   |   |   |   |   |--- feature_19 >  0.50
|   |   |   |   |   |   |   |--- feature_24 <= 2.67
|   |   |   |   |   |   |   |   |--- class: 1.0
|   |   |   |   |   |   |   |--- feature_24 >  2.67
|   |   |   |   |   |   |   |   |--- feature_21 <= 5.50
|   |   |   |   |   |   |   |   |   |--- feature_12 <= 53.50
|   |   |   |   |   |   |   |   |   |   |--- class: 1.0
|   |   |   |   |   |   |   |   |   |--- feature_12 >  53.50
|   |   |   |   |   |   |   |   |   |   |--- class: 0.0
|   |   |   |   |   |   |   |   |--- feature_21 >  5.50
|   |   |   |   |   |   |   |   |   |--- class: 0.0
|   |   |   |   |   |--- feature_22 >  1.50
|   |   |   |   |   |   |--- feature_6 <= 61.50
|   |   |   |   |   |   |   |--- feature_14 <= 65.00
|   |   |   |   |   |   |   |   |--- feature_24 <= 3.50
|   |   |   |   |   |   |   |   |   |--- feature_1 <= 55.50
|   |   |   |   |   |   |   |   |   |   |--- feature_18 <= 1.50
|   |   |   |   |   |   |   |   |   |   |   |--- truncated branch of depth 10
|   |   |   |   |   |   |   |   |   |   |--- feature_18 >  1.50
|   |   |   |   |   |   |   |   |   |   |   |--- truncated branch of depth 2
|   |   |   |   |   |   |   |   |   |--- feature_1 >  55.50
|   |   |   |   |   |   |   |   |   |   |--- class: 1.0
|   |   |   |   |   |   |   |   |--- feature_24 >  3.50
|   |   |   |   |   |   |   |   |   |--- feature_0 <= 57.00
|   |   |   |   |   |   |   |   |   |   |--- feature_13 <= 62.50
|   |   |   |   |   |   |   |   |   |   |   |--- truncated branch of depth 11
|   |   |   |   |   |   |   |   |   |   |--- feature_13 >  62.50
|   |   |   |   |   |   |   |   |   |   |   |--- class: 1.0
|   |   |   |   |   |   |   |   |   |--- feature_0 >  57.00
|   |   |   |   |   |   |   |   |   |   |--- class: 0.0
|   |   |   |   |   |   |   |--- feature_14 >  65.00
|   |   |   |   |   |   |   |   |--- feature_7 <= 54.50
|   |   |   |   |   |   |   |   |   |--- class: 1.0
|   |   |   |   |   |   |   |   |--- feature_7 >  54.50
|   |   |   |   |   |   |   |   |   |--- class: 0.0
|   |   |   |   |   |   |--- feature_6 >  61.50
|   |   |   |   |   |   |   |--- class: 1.0
|   |   |   |   |--- feature_15 >  58.50
|   |   |   |   |   |--- feature_13 <= 65.00
|   |   |   |   |   |   |--- class: 0.0
|   |   |   |   |   |--- feature_13 >  65.00
|   |   |   |   |   |   |--- class: 1.0
|   |   |   |--- feature_8 >  60.50
|   |   |   |   |--- feature_4 <= 65.50
|   |   |   |   |   |--- class: 0.0
|   |   |   |   |--- feature_4 >  65.50
|   |   |   |   |   |--- feature_11 <= 67.50
|   |   |   |   |   |   |--- feature_16 <= 58.00
|   |   |   |   |   |   |   |--- class: 1.0
|   |   |   |   |   |   |--- feature_16 >  58.00
|   |   |   |   |   |   |   |--- feature_6 <= 59.00
|   |   |   |   |   |   |   |   |--- class: 1.0
|   |   |   |   |   |   |   |--- feature_6 >  59.00
|   |   |   |   |   |   |   |   |--- class: 0.0
|   |   |   |   |   |--- feature_11 >  67.50
|   |   |   |   |   |   |--- class: 0.0
|   |   |--- feature_4 >  71.00
|   |   |   |--- feature_25 <= 1.50
|   |   |   |   |--- class: 0.0
|   |   |   |--- feature_25 >  1.50
|   |   |   |   |--- class: 1.0
|--- feature_17 >  4.50
|   |--- feature_21 <= 0.50
|   |   |--- feature_17 <= 4.70
|   |   |   |--- feature_13 <= 53.50
|   |   |   |   |--- feature_8 <= 48.50
|   |   |   |   |   |--- feature_9 <= 51.00
|   |   |   |   |   |   |--- feature_18 <= 1.50
|   |   |   |   |   |   |   |--- feature_10 <= 40.50
|   |   |   |   |   |   |   |   |--- feature_7 <= 50.50
|   |   |   |   |   |   |   |   |   |--- feature_1 <= 52.00
|   |   |   |   |   |   |   |   |   |   |--- feature_15 <= 50.50
|   |   |   |   |   |   |   |   |   |   |   |--- truncated branch of depth 7
|   |   |   |   |   |   |   |   |   |   |--- feature_15 >  50.50
|   |   |   |   |   |   |   |   |   |   |   |--- class: 1.0
|   |   |   |   |   |   |   |   |   |--- feature_1 >  52.00
|   |   |   |   |   |   |   |   |   |   |--- class: 0.0
|   |   |   |   |   |   |   |   |--- feature_7 >  50.50
|   |   |   |   |   |   |   |   |   |--- class: 1.0
|   |   |   |   |   |   |   |--- feature_10 >  40.50
|   |   |   |   |   |   |   |   |--- feature_6 <= 50.50
|   |   |   |   |   |   |   |   |   |--- feature_16 <= 54.50
|   |   |   |   |   |   |   |   |   |   |--- class: 1.0
|   |   |   |   |   |   |   |   |   |--- feature_16 >  54.50
|   |   |   |   |   |   |   |   |   |   |--- feature_9 <= 47.50
|   |   |   |   |   |   |   |   |   |   |   |--- class: 0.0
|   |   |   |   |   |   |   |   |   |   |--- feature_9 >  47.50
|   |   |   |   |   |   |   |   |   |   |   |--- class: 1.0
|   |   |   |   |   |   |   |   |--- feature_6 >  50.50
|   |   |   |   |   |   |   |   |   |--- feature_7 <= 52.00
|   |   |   |   |   |   |   |   |   |   |--- class: 0.0
|   |   |   |   |   |   |   |   |   |--- feature_7 >  52.00
|   |   |   |   |   |   |   |   |   |   |--- class: 1.0
|   |   |   |   |   |   |--- feature_18 >  1.50
|   |   |   |   |   |   |   |--- feature_8 <= 32.00
|   |   |   |   |   |   |   |   |--- class: 0.0
|   |   |   |   |   |   |   |--- feature_8 >  32.00
|   |   |   |   |   |   |   |   |--- class: 1.0
|   |   |   |   |   |--- feature_9 >  51.00
|   |   |   |   |   |   |--- class: 0.0
|   |   |   |   |--- feature_8 >  48.50
|   |   |   |   |   |--- class: 1.0
|   |   |   |--- feature_13 >  53.50
|   |   |   |   |--- feature_13 <= 58.50
|   |   |   |   |   |--- feature_25 <= 4.50
|   |   |   |   |   |   |--- feature_11 <= 55.50
|   |   |   |   |   |   |   |--- feature_7 <= 50.50
|   |   |   |   |   |   |   |   |--- class: 0.0
|   |   |   |   |   |   |   |--- feature_7 >  50.50
|   |   |   |   |   |   |   |   |--- class: 1.0
|   |   |   |   |   |   |--- feature_11 >  55.50
|   |   |   |   |   |   |   |--- class: 1.0
|   |   |   |   |   |--- feature_25 >  4.50
|   |   |   |   |   |   |--- class: 0.0
|   |   |   |   |--- feature_13 >  58.50
|   |   |   |   |   |--- feature_22 <= 5.50
|   |   |   |   |   |   |--- class: 1.0
|   |   |   |   |   |--- feature_22 >  5.50
|   |   |   |   |   |   |--- class: 0.0
|   |   |--- feature_17 >  4.70
|   |   |   |--- feature_19 <= 0.50
|   |   |   |   |--- feature_3 <= 53.00
|   |   |   |   |   |--- feature_25 <= 3.50
|   |   |   |   |   |   |--- feature_0 <= 50.50
|   |   |   |   |   |   |   |--- feature_20 <= 0.50
|   |   |   |   |   |   |   |   |--- feature_10 <= 29.00
|   |   |   |   |   |   |   |   |   |--- feature_8 <= 34.00
|   |   |   |   |   |   |   |   |   |   |--- class: 1.0
|   |   |   |   |   |   |   |   |   |--- feature_8 >  34.00
|   |   |   |   |   |   |   |   |   |   |--- class: 0.0
|   |   |   |   |   |   |   |   |--- feature_10 >  29.00
|   |   |   |   |   |   |   |   |   |--- class: 1.0
|   |   |   |   |   |   |   |--- feature_20 >  0.50
|   |   |   |   |   |   |   |   |--- class: 0.0
|   |   |   |   |   |   |--- feature_0 >  50.50
|   |   |   |   |   |   |   |--- feature_12 <= 53.00
|   |   |   |   |   |   |   |   |--- class: 0.0
|   |   |   |   |   |   |   |--- feature_12 >  53.00
|   |   |   |   |   |   |   |   |--- class: 1.0
|   |   |   |   |   |--- feature_25 >  3.50
|   |   |   |   |   |   |--- feature_3 <= 51.50
|   |   |   |   |   |   |   |--- feature_14 <= 65.00
|   |   |   |   |   |   |   |   |--- feature_18 <= 2.50
|   |   |   |   |   |   |   |   |   |--- feature_11 <= 64.00
|   |   |   |   |   |   |   |   |   |   |--- feature_25 <= 4.50
|   |   |   |   |   |   |   |   |   |   |   |--- truncated branch of depth 6
|   |   |   |   |   |   |   |   |   |   |--- feature_25 >  4.50
|   |   |   |   |   |   |   |   |   |   |   |--- truncated branch of depth 7
|   |   |   |   |   |   |   |   |   |--- feature_11 >  64.00
|   |   |   |   |   |   |   |   |   |   |--- feature_6 <= 53.00
|   |   |   |   |   |   |   |   |   |   |   |--- class: 0.0
|   |   |   |   |   |   |   |   |   |   |--- feature_6 >  53.00
|   |   |   |   |   |   |   |   |   |   |   |--- class: 1.0
|   |   |   |   |   |   |   |   |--- feature_18 >  2.50
|   |   |   |   |   |   |   |   |   |--- class: 0.0
|   |   |   |   |   |   |   |--- feature_14 >  65.00
|   |   |   |   |   |   |   |   |--- class: 0.0
|   |   |   |   |   |   |--- feature_3 >  51.50
|   |   |   |   |   |   |   |--- class: 0.0
|   |   |   |   |--- feature_3 >  53.00
|   |   |   |   |   |--- feature_22 <= 6.50
|   |   |   |   |   |   |--- class: 1.0
|   |   |   |   |   |--- feature_22 >  6.50
|   |   |   |   |   |   |--- feature_24 <= 4.17
|   |   |   |   |   |   |   |--- class: 0.0
|   |   |   |   |   |   |--- feature_24 >  4.17
|   |   |   |   |   |   |   |--- class: 1.0
|   |   |   |--- feature_19 >  0.50
|   |   |   |   |--- feature_11 <= 59.50
|   |   |   |   |   |--- feature_12 <= 59.50
|   |   |   |   |   |   |--- feature_8 <= 47.00
|   |   |   |   |   |   |   |--- feature_6 <= 50.50
|   |   |   |   |   |   |   |   |--- class: 1.0
|   |   |   |   |   |   |   |--- feature_6 >  50.50
|   |   |   |   |   |   |   |   |--- class: 0.0
|   |   |   |   |   |   |--- feature_8 >  47.00
|   |   |   |   |   |   |   |--- class: 1.0
|   |   |   |   |   |--- feature_12 >  59.50
|   |   |   |   |   |   |--- class: 0.0
|   |   |   |   |--- feature_11 >  59.50
|   |   |   |   |   |--- class: 1.0
|   |--- feature_21 >  0.50
|   |   |--- feature_17 <= 4.70
|   |   |   |--- feature_2 <= 59.50
|   |   |   |   |--- feature_23 <= 0.50
|   |   |   |   |   |--- feature_4 <= 51.50
|   |   |   |   |   |   |--- feature_25 <= 2.50
|   |   |   |   |   |   |   |--- feature_1 <= 54.00
|   |   |   |   |   |   |   |   |--- feature_24 <= 4.67
|   |   |   |   |   |   |   |   |   |--- class: 0.0
|   |   |   |   |   |   |   |   |--- feature_24 >  4.67
|   |   |   |   |   |   |   |   |   |--- feature_22 <= 2.50
|   |   |   |   |   |   |   |   |   |   |--- class: 1.0
|   |   |   |   |   |   |   |   |   |--- feature_22 >  2.50
|   |   |   |   |   |   |   |   |   |   |--- class: 0.0
|   |   |   |   |   |   |   |--- feature_1 >  54.00
|   |   |   |   |   |   |   |   |--- class: 1.0
|   |   |   |   |   |   |--- feature_25 >  2.50
|   |   |   |   |   |   |   |--- feature_22 <= 0.50
|   |   |   |   |   |   |   |   |--- feature_8 <= 44.00
|   |   |   |   |   |   |   |   |   |--- feature_3 <= 60.00
|   |   |   |   |   |   |   |   |   |   |--- feature_8 <= 31.00
|   |   |   |   |   |   |   |   |   |   |   |--- class: 1.0
|   |   |   |   |   |   |   |   |   |   |--- feature_8 >  31.00
|   |   |   |   |   |   |   |   |   |   |   |--- truncated branch of depth 2
|   |   |   |   |   |   |   |   |   |--- feature_3 >  60.00
|   |   |   |   |   |   |   |   |   |   |--- class: 1.0
|   |   |   |   |   |   |   |   |--- feature_8 >  44.00
|   |   |   |   |   |   |   |   |   |--- class: 1.0
|   |   |   |   |   |   |   |--- feature_22 >  0.50
|   |   |   |   |   |   |   |   |--- feature_5 <= 61.00
|   |   |   |   |   |   |   |   |   |--- feature_15 <= 53.50
|   |   |   |   |   |   |   |   |   |   |--- feature_24 <= 3.50
|   |   |   |   |   |   |   |   |   |   |   |--- truncated branch of depth 3
|   |   |   |   |   |   |   |   |   |   |--- feature_24 >  3.50
|   |   |   |   |   |   |   |   |   |   |   |--- truncated branch of depth 7
|   |   |   |   |   |   |   |   |   |--- feature_15 >  53.50
|   |   |   |   |   |   |   |   |   |   |--- class: 1.0
|   |   |   |   |   |   |   |   |--- feature_5 >  61.00
|   |   |   |   |   |   |   |   |   |--- class: 0.0
|   |   |   |   |   |--- feature_4 >  51.50
|   |   |   |   |   |   |--- feature_18 <= 1.50
|   |   |   |   |   |   |   |--- feature_8 <= 47.00
|   |   |   |   |   |   |   |   |--- feature_8 <= 44.00
|   |   |   |   |   |   |   |   |   |--- feature_9 <= 40.00
|   |   |   |   |   |   |   |   |   |   |--- class: 0.0
|   |   |   |   |   |   |   |   |   |--- feature_9 >  40.00
|   |   |   |   |   |   |   |   |   |   |--- feature_14 <= 55.50
|   |   |   |   |   |   |   |   |   |   |   |--- class: 1.0
|   |   |   |   |   |   |   |   |   |   |--- feature_14 >  55.50
|   |   |   |   |   |   |   |   |   |   |   |--- class: 0.0
|   |   |   |   |   |   |   |   |--- feature_8 >  44.00
|   |   |   |   |   |   |   |   |   |--- class: 0.0
|   |   |   |   |   |   |   |--- feature_8 >  47.00
|   |   |   |   |   |   |   |   |--- feature_13 <= 54.50
|   |   |   |   |   |   |   |   |   |--- feature_3 <= 56.00
|   |   |   |   |   |   |   |   |   |   |--- feature_1 <= 56.00
|   |   |   |   |   |   |   |   |   |   |   |--- truncated branch of depth 3
|   |   |   |   |   |   |   |   |   |   |--- feature_1 >  56.00
|   |   |   |   |   |   |   |   |   |   |   |--- class: 0.0
|   |   |   |   |   |   |   |   |   |--- feature_3 >  56.00
|   |   |   |   |   |   |   |   |   |   |--- class: 0.0
|   |   |   |   |   |   |   |   |--- feature_13 >  54.50
|   |   |   |   |   |   |   |   |   |--- feature_0 <= 55.50
|   |   |   |   |   |   |   |   |   |   |--- feature_9 <= 49.00
|   |   |   |   |   |   |   |   |   |   |   |--- truncated branch of depth 2
|   |   |   |   |   |   |   |   |   |   |--- feature_9 >  49.00
|   |   |   |   |   |   |   |   |   |   |   |--- class: 1.0
|   |   |   |   |   |   |   |   |   |--- feature_0 >  55.50
|   |   |   |   |   |   |   |   |   |   |--- class: 0.0
|   |   |   |   |   |   |--- feature_18 >  1.50
|   |   |   |   |   |   |   |--- class: 0.0
|   |   |   |   |--- feature_23 >  0.50
|   |   |   |   |   |--- feature_15 <= 50.50
|   |   |   |   |   |   |--- class: 1.0
|   |   |   |   |   |--- feature_15 >  50.50
|   |   |   |   |   |   |--- feature_8 <= 49.50
|   |   |   |   |   |   |   |--- feature_24 <= 3.83
|   |   |   |   |   |   |   |   |--- feature_22 <= 2.50
|   |   |   |   |   |   |   |   |   |--- class: 1.0
|   |   |   |   |   |   |   |   |--- feature_22 >  2.50
|   |   |   |   |   |   |   |   |   |--- feature_22 <= 4.50
|   |   |   |   |   |   |   |   |   |   |--- class: 0.0
|   |   |   |   |   |   |   |   |   |--- feature_22 >  4.50
|   |   |   |   |   |   |   |   |   |   |--- feature_10 <= 40.50
|   |   |   |   |   |   |   |   |   |   |   |--- class: 0.0
|   |   |   |   |   |   |   |   |   |   |--- feature_10 >  40.50
|   |   |   |   |   |   |   |   |   |   |   |--- class: 1.0
|   |   |   |   |   |   |   |--- feature_24 >  3.83
|   |   |   |   |   |   |   |   |--- class: 0.0
|   |   |   |   |   |   |--- feature_8 >  49.50
|   |   |   |   |   |   |   |--- feature_2 <= 57.50
|   |   |   |   |   |   |   |   |--- feature_10 <= 45.50
|   |   |   |   |   |   |   |   |   |--- class: 0.0
|   |   |   |   |   |   |   |   |--- feature_10 >  45.50
|   |   |   |   |   |   |   |   |   |--- class: 1.0
|   |   |   |   |   |   |   |--- feature_2 >  57.50
|   |   |   |   |   |   |   |   |--- feature_9 <= 51.00
|   |   |   |   |   |   |   |   |   |--- class: 1.0
|   |   |   |   |   |   |   |   |--- feature_9 >  51.00
|   |   |   |   |   |   |   |   |   |--- class: 0.0
|   |   |   |--- feature_2 >  59.50
|   |   |   |   |--- feature_23 <= 0.50
|   |   |   |   |   |--- feature_7 <= 54.50
|   |   |   |   |   |   |--- class: 1.0
|   |   |   |   |   |--- feature_7 >  54.50
|   |   |   |   |   |   |--- feature_22 <= 2.50
|   |   |   |   |   |   |   |--- class: 0.0
|   |   |   |   |   |   |--- feature_22 >  2.50
|   |   |   |   |   |   |   |--- class: 1.0
|   |   |   |   |--- feature_23 >  0.50
|   |   |   |   |   |--- feature_24 <= 3.50
|   |   |   |   |   |   |--- class: 0.0
|   |   |   |   |   |--- feature_24 >  3.50
|   |   |   |   |   |   |--- feature_12 <= 51.50
|   |   |   |   |   |   |   |--- class: 0.0
|   |   |   |   |   |   |--- feature_12 >  51.50
|   |   |   |   |   |   |   |--- class: 1.0
|   |   |--- feature_17 >  4.70
|   |   |   |--- feature_21 <= 3.50
|   |   |   |   |--- feature_17 <= 4.90
|   |   |   |   |   |--- feature_1 <= 53.50
|   |   |   |   |   |   |--- feature_4 <= 62.00
|   |   |   |   |   |   |   |--- feature_6 <= 57.00
|   |   |   |   |   |   |   |   |--- feature_10 <= 25.50
|   |   |   |   |   |   |   |   |   |--- feature_25 <= 4.50
|   |   |   |   |   |   |   |   |   |   |--- feature_25 <= 1.50
|   |   |   |   |   |   |   |   |   |   |   |--- truncated branch of depth 2
|   |   |   |   |   |   |   |   |   |   |--- feature_25 >  1.50
|   |   |   |   |   |   |   |   |   |   |   |--- class: 0.0
|   |   |   |   |   |   |   |   |   |--- feature_25 >  4.50
|   |   |   |   |   |   |   |   |   |   |--- feature_15 <= 50.50
|   |   |   |   |   |   |   |   |   |   |   |--- class: 1.0
|   |   |   |   |   |   |   |   |   |   |--- feature_15 >  50.50
|   |   |   |   |   |   |   |   |   |   |   |--- class: 0.0
|   |   |   |   |   |   |   |   |--- feature_10 >  25.50
|   |   |   |   |   |   |   |   |   |--- feature_8 <= 37.00
|   |   |   |   |   |   |   |   |   |   |--- feature_15 <= 53.50
|   |   |   |   |   |   |   |   |   |   |   |--- truncated branch of depth 3
|   |   |   |   |   |   |   |   |   |   |--- feature_15 >  53.50
|   |   |   |   |   |   |   |   |   |   |   |--- class: 0.0
|   |   |   |   |   |   |   |   |   |--- feature_8 >  37.00
|   |   |   |   |   |   |   |   |   |   |--- feature_14 <= 51.50
|   |   |   |   |   |   |   |   |   |   |   |--- truncated branch of depth 15
|   |   |   |   |   |   |   |   |   |   |--- feature_14 >  51.50
|   |   |   |   |   |   |   |   |   |   |   |--- truncated branch of depth 4
|   |   |   |   |   |   |   |--- feature_6 >  57.00
|   |   |   |   |   |   |   |   |--- feature_24 <= 3.83
|   |   |   |   |   |   |   |   |   |--- class: 1.0
|   |   |   |   |   |   |   |   |--- feature_24 >  3.83
|   |   |   |   |   |   |   |   |   |--- feature_13 <= 52.00
|   |   |   |   |   |   |   |   |   |   |--- class: 0.0
|   |   |   |   |   |   |   |   |   |--- feature_13 >  52.00
|   |   |   |   |   |   |   |   |   |   |--- class: 1.0
|   |   |   |   |   |   |--- feature_4 >  62.00
|   |   |   |   |   |   |   |--- feature_9 <= 41.50
|   |   |   |   |   |   |   |   |--- class: 1.0
|   |   |   |   |   |   |   |--- feature_9 >  41.50
|   |   |   |   |   |   |   |   |--- class: 0.0
|   |   |   |   |   |--- feature_1 >  53.50
|   |   |   |   |   |   |--- feature_3 <= 66.50
|   |   |   |   |   |   |   |--- class: 1.0
|   |   |   |   |   |   |--- feature_3 >  66.50
|   |   |   |   |   |   |   |--- feature_14 <= 63.00
|   |   |   |   |   |   |   |   |--- feature_11 <= 64.50
|   |   |   |   |   |   |   |   |   |--- class: 1.0
|   |   |   |   |   |   |   |   |--- feature_11 >  64.50
|   |   |   |   |   |   |   |   |   |--- class: 0.0
|   |   |   |   |   |   |   |--- feature_14 >  63.00
|   |   |   |   |   |   |   |   |--- class: 1.0
|   |   |   |   |--- feature_17 >  4.90
|   |   |   |   |   |--- feature_15 <= 51.50
|   |   |   |   |   |   |--- feature_18 <= 2.50
|   |   |   |   |   |   |   |--- feature_6 <= 57.50
|   |   |   |   |   |   |   |   |--- feature_0 <= 51.50
|   |   |   |   |   |   |   |   |   |--- feature_5 <= 52.50
|   |   |   |   |   |   |   |   |   |   |--- feature_24 <= 3.50
|   |   |   |   |   |   |   |   |   |   |   |--- truncated branch of depth 5
|   |   |   |   |   |   |   |   |   |   |--- feature_24 >  3.50
|   |   |   |   |   |   |   |   |   |   |   |--- truncated branch of depth 5
|   |   |   |   |   |   |   |   |   |--- feature_5 >  52.50
|   |   |   |   |   |   |   |   |   |   |--- feature_13 <= 50.50
|   |   |   |   |   |   |   |   |   |   |   |--- truncated branch of depth 2
|   |   |   |   |   |   |   |   |   |   |--- feature_13 >  50.50
|   |   |   |   |   |   |   |   |   |   |   |--- class: 1.0
|   |   |   |   |   |   |   |   |--- feature_0 >  51.50
|   |   |   |   |   |   |   |   |   |--- class: 1.0
|   |   |   |   |   |   |   |--- feature_6 >  57.50
|   |   |   |   |   |   |   |   |--- feature_24 <= 3.17
|   |   |   |   |   |   |   |   |   |--- class: 1.0
|   |   |   |   |   |   |   |   |--- feature_24 >  3.17
|   |   |   |   |   |   |   |   |   |--- class: 0.0
|   |   |   |   |   |   |--- feature_18 >  2.50
|   |   |   |   |   |   |   |--- class: 0.0
|   |   |   |   |   |--- feature_15 >  51.50
|   |   |   |   |   |   |--- feature_22 <= 3.50
|   |   |   |   |   |   |   |--- feature_10 <= 44.00
|   |   |   |   |   |   |   |   |--- feature_22 <= 1.50
|   |   |   |   |   |   |   |   |   |--- class: 0.0
|   |   |   |   |   |   |   |   |--- feature_22 >  1.50
|   |   |   |   |   |   |   |   |   |--- feature_16 <= 52.00
|   |   |   |   |   |   |   |   |   |   |--- feature_15 <= 53.50
|   |   |   |   |   |   |   |   |   |   |   |--- class: 0.0
|   |   |   |   |   |   |   |   |   |   |--- feature_15 >  53.50
|   |   |   |   |   |   |   |   |   |   |   |--- class: 1.0
|   |   |   |   |   |   |   |   |   |--- feature_16 >  52.00
|   |   |   |   |   |   |   |   |   |   |--- class: 1.0
|   |   |   |   |   |   |   |--- feature_10 >  44.00
|   |   |   |   |   |   |   |   |--- feature_8 <= 63.00
|   |   |   |   |   |   |   |   |   |--- feature_24 <= 2.50
|   |   |   |   |   |   |   |   |   |   |--- class: 0.0
|   |   |   |   |   |   |   |   |   |--- feature_24 >  2.50
|   |   |   |   |   |   |   |   |   |   |--- feature_6 <= 55.50
|   |   |   |   |   |   |   |   |   |   |   |--- class: 1.0
|   |   |   |   |   |   |   |   |   |   |--- feature_6 >  55.50
|   |   |   |   |   |   |   |   |   |   |   |--- truncated branch of depth 3
|   |   |   |   |   |   |   |   |--- feature_8 >  63.00
|   |   |   |   |   |   |   |   |   |--- class: 0.0
|   |   |   |   |   |   |--- feature_22 >  3.50
|   |   |   |   |   |   |   |--- feature_9 <= 66.50
|   |   |   |   |   |   |   |   |--- feature_12 <= 50.50
|   |   |   |   |   |   |   |   |   |--- feature_1 <= 52.50
|   |   |   |   |   |   |   |   |   |   |--- class: 1.0
|   |   |   |   |   |   |   |   |   |--- feature_1 >  52.50
|   |   |   |   |   |   |   |   |   |   |--- class: 0.0
|   |   |   |   |   |   |   |   |--- feature_12 >  50.50
|   |   |   |   |   |   |   |   |   |--- class: 1.0
|   |   |   |   |   |   |   |--- feature_9 >  66.50
|   |   |   |   |   |   |   |   |--- feature_15 <= 69.50
|   |   |   |   |   |   |   |   |   |--- class: 0.0
|   |   |   |   |   |   |   |   |--- feature_15 >  69.50
|   |   |   |   |   |   |   |   |   |--- class: 1.0
|   |   |   |--- feature_21 >  3.50
|   |   |   |   |--- feature_7 <= 57.00
|   |   |   |   |   |--- feature_12 <= 50.50
|   |   |   |   |   |   |--- feature_22 <= 0.50
|   |   |   |   |   |   |   |--- feature_10 <= 27.00
|   |   |   |   |   |   |   |   |--- class: 0.0
|   |   |   |   |   |   |   |--- feature_10 >  27.00
|   |   |   |   |   |   |   |   |--- class: 1.0
|   |   |   |   |   |   |--- feature_22 >  0.50
|   |   |   |   |   |   |   |--- feature_22 <= 3.50
|   |   |   |   |   |   |   |   |--- class: 1.0
|   |   |   |   |   |   |   |--- feature_22 >  3.50
|   |   |   |   |   |   |   |   |--- feature_8 <= 31.00
|   |   |   |   |   |   |   |   |   |--- class: 0.0
|   |   |   |   |   |   |   |   |--- feature_8 >  31.00
|   |   |   |   |   |   |   |   |   |--- feature_9 <= 31.00
|   |   |   |   |   |   |   |   |   |   |--- feature_22 <= 5.50
|   |   |   |   |   |   |   |   |   |   |   |--- class: 0.0
|   |   |   |   |   |   |   |   |   |   |--- feature_22 >  5.50
|   |   |   |   |   |   |   |   |   |   |   |--- class: 1.0
|   |   |   |   |   |   |   |   |   |--- feature_9 >  31.00
|   |   |   |   |   |   |   |   |   |   |--- class: 1.0
|   |   |   |   |   |--- feature_12 >  50.50
|   |   |   |   |   |   |--- feature_14 <= 51.50
|   |   |   |   |   |   |   |--- feature_1 <= 57.50
|   |   |   |   |   |   |   |   |--- feature_10 <= 35.50
|   |   |   |   |   |   |   |   |   |--- feature_2 <= 50.50
|   |   |   |   |   |   |   |   |   |   |--- feature_25 <= 4.50
|   |   |   |   |   |   |   |   |   |   |   |--- class: 0.0
|   |   |   |   |   |   |   |   |   |   |--- feature_25 >  4.50
|   |   |   |   |   |   |   |   |   |   |   |--- truncated branch of depth 2
|   |   |   |   |   |   |   |   |   |--- feature_2 >  50.50
|   |   |   |   |   |   |   |   |   |   |--- class: 1.0
|   |   |   |   |   |   |   |   |--- feature_10 >  35.50
|   |   |   |   |   |   |   |   |   |--- feature_16 <= 54.00
|   |   |   |   |   |   |   |   |   |   |--- feature_25 <= 2.50
|   |   |   |   |   |   |   |   |   |   |   |--- truncated branch of depth 2
|   |   |   |   |   |   |   |   |   |   |--- feature_25 >  2.50
|   |   |   |   |   |   |   |   |   |   |   |--- class: 0.0
|   |   |   |   |   |   |   |   |   |--- feature_16 >  54.00
|   |   |   |   |   |   |   |   |   |   |--- class: 1.0
|   |   |   |   |   |   |   |--- feature_1 >  57.50
|   |   |   |   |   |   |   |   |--- class: 1.0
|   |   |   |   |   |   |--- feature_14 >  51.50
|   |   |   |   |   |   |   |--- feature_9 <= 56.00
|   |   |   |   |   |   |   |   |--- feature_18 <= 1.50
|   |   |   |   |   |   |   |   |   |--- feature_22 <= 0.50
|   |   |   |   |   |   |   |   |   |   |--- feature_5 <= 51.50
|   |   |   |   |   |   |   |   |   |   |   |--- class: 0.0
|   |   |   |   |   |   |   |   |   |   |--- feature_5 >  51.50
|   |   |   |   |   |   |   |   |   |   |   |--- class: 1.0
|   |   |   |   |   |   |   |   |   |--- feature_22 >  0.50
|   |   |   |   |   |   |   |   |   |   |--- class: 1.0
|   |   |   |   |   |   |   |   |--- feature_18 >  1.50
|   |   |   |   |   |   |   |   |   |--- class: 0.0
|   |   |   |   |   |   |   |--- feature_9 >  56.00
|   |   |   |   |   |   |   |   |--- feature_10 <= 62.00
|   |   |   |   |   |   |   |   |   |--- feature_21 <= 4.50
|   |   |   |   |   |   |   |   |   |   |--- feature_0 <= 65.00
|   |   |   |   |   |   |   |   |   |   |   |--- class: 1.0
|   |   |   |   |   |   |   |   |   |   |--- feature_0 >  65.00
|   |   |   |   |   |   |   |   |   |   |   |--- class: 0.0
|   |   |   |   |   |   |   |   |   |--- feature_21 >  4.50
|   |   |   |   |   |   |   |   |   |   |--- class: 0.0
|   |   |   |   |   |   |   |   |--- feature_10 >  62.00
|   |   |   |   |   |   |   |   |   |--- class: 1.0
|   |   |   |   |--- feature_7 >  57.00
|   |   |   |   |   |--- class: 0.0
